CRITICAL - 2022-03-03 01:16:25 --> syntax error, unexpected double-quoted string "", expecting "function" or "const"
#0 C:\Users\YKM Bilişim Agent 5\Desktop\alışveriş\vendor\codeigniter4\framework\system\Autoloader\Autoloader.php(241): CodeIgniter\Autoloader\Autoloader->includeFile('C:\\Users\\YKM Bi...')
#1 C:\Users\YKM Bilişim Agent 5\Desktop\alışveriş\vendor\codeigniter4\framework\system\Autoloader\Autoloader.php(219): CodeIgniter\Autoloader\Autoloader->loadInNamespace('App\\Controllers...')
#2 [internal function]: CodeIgniter\Autoloader\Autoloader->loadClass('App\\Controllers...')
#3 C:\Users\YKM Bilişim Agent 5\Desktop\alışveriş\vendor\codeigniter4\framework\system\CodeIgniter.php(790): class_exists('\\App\\Controller...', true)
#4 C:\Users\YKM Bilişim Agent 5\Desktop\alışveriş\vendor\codeigniter4\framework\system\CodeIgniter.php(399): CodeIgniter\CodeIgniter->startController()
#5 C:\Users\YKM Bilişim Agent 5\Desktop\alışveriş\vendor\codeigniter4\framework\system\CodeIgniter.php(320): CodeIgniter\CodeIgniter->handleRequest(NULL, Object(Config\Cache), false)
#6 C:\Users\YKM Bilişim Agent 5\Desktop\alışveriş\public\index.php(37): CodeIgniter\CodeIgniter->run()
#7 C:\Users\YKM Bilişim Agent 5\Desktop\alışveriş\vendor\codeigniter4\framework\system\Commands\Server\rewrite.php(43): require_once('C:\\Users\\YKM Bi...')
#8 {main}
CRITICAL - 2022-03-03 01:39:47 --> Cannot access offset of type string on string
#0 C:\Users\YKM Bilişim Agent 5\Desktop\alışveriş\vendor\codeigniter4\framework\system\CodeIgniter.php(825): App\Controllers\Home->cart()
#1 C:\Users\YKM Bilişim Agent 5\Desktop\alışveriş\vendor\codeigniter4\framework\system\CodeIgniter.php(412): CodeIgniter\CodeIgniter->runController(Object(App\Controllers\Home))
#2 C:\Users\YKM Bilişim Agent 5\Desktop\alışveriş\vendor\codeigniter4\framework\system\CodeIgniter.php(320): CodeIgniter\CodeIgniter->handleRequest(NULL, Object(Config\Cache), false)
#3 C:\Users\YKM Bilişim Agent 5\Desktop\alışveriş\public\index.php(37): CodeIgniter\CodeIgniter->run()
#4 C:\Users\YKM Bilişim Agent 5\Desktop\alışveriş\vendor\codeigniter4\framework\system\Commands\Server\rewrite.php(43): require_once('C:\\Users\\YKM Bi...')
#5 {main}
CRITICAL - 2022-03-03 01:39:59 --> Cannot access offset of type string on string
#0 C:\Users\YKM Bilişim Agent 5\Desktop\alışveriş\vendor\codeigniter4\framework\system\CodeIgniter.php(825): App\Controllers\Home->cart()
#1 C:\Users\YKM Bilişim Agent 5\Desktop\alışveriş\vendor\codeigniter4\framework\system\CodeIgniter.php(412): CodeIgniter\CodeIgniter->runController(Object(App\Controllers\Home))
#2 C:\Users\YKM Bilişim Agent 5\Desktop\alışveriş\vendor\codeigniter4\framework\system\CodeIgniter.php(320): CodeIgniter\CodeIgniter->handleRequest(NULL, Object(Config\Cache), false)
#3 C:\Users\YKM Bilişim Agent 5\Desktop\alışveriş\public\index.php(37): CodeIgniter\CodeIgniter->run()
#4 C:\Users\YKM Bilişim Agent 5\Desktop\alışveriş\vendor\codeigniter4\framework\system\Commands\Server\rewrite.php(43): require_once('C:\\Users\\YKM Bi...')
#5 {main}
CRITICAL - 2022-03-03 01:40:01 --> Cannot access offset of type string on string
#0 C:\Users\YKM Bilişim Agent 5\Desktop\alışveriş\vendor\codeigniter4\framework\system\CodeIgniter.php(825): App\Controllers\Home->cart()
#1 C:\Users\YKM Bilişim Agent 5\Desktop\alışveriş\vendor\codeigniter4\framework\system\CodeIgniter.php(412): CodeIgniter\CodeIgniter->runController(Object(App\Controllers\Home))
#2 C:\Users\YKM Bilişim Agent 5\Desktop\alışveriş\vendor\codeigniter4\framework\system\CodeIgniter.php(320): CodeIgniter\CodeIgniter->handleRequest(NULL, Object(Config\Cache), false)
#3 C:\Users\YKM Bilişim Agent 5\Desktop\alışveriş\public\index.php(37): CodeIgniter\CodeIgniter->run()
#4 C:\Users\YKM Bilişim Agent 5\Desktop\alışveriş\vendor\codeigniter4\framework\system\Commands\Server\rewrite.php(43): require_once('C:\\Users\\YKM Bi...')
#5 {main}
CRITICAL - 2022-03-03 01:40:02 --> Cannot access offset of type string on string
#0 C:\Users\YKM Bilişim Agent 5\Desktop\alışveriş\vendor\codeigniter4\framework\system\CodeIgniter.php(825): App\Controllers\Home->cart()
#1 C:\Users\YKM Bilişim Agent 5\Desktop\alışveriş\vendor\codeigniter4\framework\system\CodeIgniter.php(412): CodeIgniter\CodeIgniter->runController(Object(App\Controllers\Home))
#2 C:\Users\YKM Bilişim Agent 5\Desktop\alışveriş\vendor\codeigniter4\framework\system\CodeIgniter.php(320): CodeIgniter\CodeIgniter->handleRequest(NULL, Object(Config\Cache), false)
#3 C:\Users\YKM Bilişim Agent 5\Desktop\alışveriş\public\index.php(37): CodeIgniter\CodeIgniter->run()
#4 C:\Users\YKM Bilişim Agent 5\Desktop\alışveriş\vendor\codeigniter4\framework\system\Commands\Server\rewrite.php(43): require_once('C:\\Users\\YKM Bi...')
#5 {main}
CRITICAL - 2022-03-03 01:40:16 --> Cannot access offset of type string on string
#0 C:\Users\YKM Bilişim Agent 5\Desktop\alışveriş\vendor\codeigniter4\framework\system\CodeIgniter.php(825): App\Controllers\Home->cart()
#1 C:\Users\YKM Bilişim Agent 5\Desktop\alışveriş\vendor\codeigniter4\framework\system\CodeIgniter.php(412): CodeIgniter\CodeIgniter->runController(Object(App\Controllers\Home))
#2 C:\Users\YKM Bilişim Agent 5\Desktop\alışveriş\vendor\codeigniter4\framework\system\CodeIgniter.php(320): CodeIgniter\CodeIgniter->handleRequest(NULL, Object(Config\Cache), false)
#3 C:\Users\YKM Bilişim Agent 5\Desktop\alışveriş\public\index.php(37): CodeIgniter\CodeIgniter->run()
#4 C:\Users\YKM Bilişim Agent 5\Desktop\alışveriş\vendor\codeigniter4\framework\system\Commands\Server\rewrite.php(43): require_once('C:\\Users\\YKM Bi...')
#5 {main}
CRITICAL - 2022-03-03 01:54:35 --> Undefined array key "total"
#0 C:\Users\YKM Bilişim Agent 5\Desktop\alışveriş\app\Controllers\Home.php(140): CodeIgniter\Debug\Exceptions->errorHandler(2, 'Undefined array...', 'C:\\Users\\YKM Bi...', 140)
#1 C:\Users\YKM Bilişim Agent 5\Desktop\alışveriş\vendor\codeigniter4\framework\system\CodeIgniter.php(825): App\Controllers\Home->cart()
#2 C:\Users\YKM Bilişim Agent 5\Desktop\alışveriş\vendor\codeigniter4\framework\system\CodeIgniter.php(412): CodeIgniter\CodeIgniter->runController(Object(App\Controllers\Home))
#3 C:\Users\YKM Bilişim Agent 5\Desktop\alışveriş\vendor\codeigniter4\framework\system\CodeIgniter.php(320): CodeIgniter\CodeIgniter->handleRequest(NULL, Object(Config\Cache), false)
#4 C:\Users\YKM Bilişim Agent 5\Desktop\alışveriş\public\index.php(37): CodeIgniter\CodeIgniter->run()
#5 C:\Users\YKM Bilişim Agent 5\Desktop\alışveriş\vendor\codeigniter4\framework\system\Commands\Server\rewrite.php(43): require_once('C:\\Users\\YKM Bi...')
#6 {main}
CRITICAL - 2022-03-03 01:54:48 --> Undefined array key "total"
#0 C:\Users\YKM Bilişim Agent 5\Desktop\alışveriş\app\Controllers\Home.php(140): CodeIgniter\Debug\Exceptions->errorHandler(2, 'Undefined array...', 'C:\\Users\\YKM Bi...', 140)
#1 C:\Users\YKM Bilişim Agent 5\Desktop\alışveriş\vendor\codeigniter4\framework\system\CodeIgniter.php(825): App\Controllers\Home->cart()
#2 C:\Users\YKM Bilişim Agent 5\Desktop\alışveriş\vendor\codeigniter4\framework\system\CodeIgniter.php(412): CodeIgniter\CodeIgniter->runController(Object(App\Controllers\Home))
#3 C:\Users\YKM Bilişim Agent 5\Desktop\alışveriş\vendor\codeigniter4\framework\system\CodeIgniter.php(320): CodeIgniter\CodeIgniter->handleRequest(NULL, Object(Config\Cache), false)
#4 C:\Users\YKM Bilişim Agent 5\Desktop\alışveriş\public\index.php(37): CodeIgniter\CodeIgniter->run()
#5 C:\Users\YKM Bilişim Agent 5\Desktop\alışveriş\vendor\codeigniter4\framework\system\Commands\Server\rewrite.php(43): require_once('C:\\Users\\YKM Bi...')
#6 {main}
CRITICAL - 2022-03-03 01:54:49 --> Undefined array key "total"
#0 C:\Users\YKM Bilişim Agent 5\Desktop\alışveriş\app\Controllers\Home.php(140): CodeIgniter\Debug\Exceptions->errorHandler(2, 'Undefined array...', 'C:\\Users\\YKM Bi...', 140)
#1 C:\Users\YKM Bilişim Agent 5\Desktop\alışveriş\vendor\codeigniter4\framework\system\CodeIgniter.php(825): App\Controllers\Home->cart()
#2 C:\Users\YKM Bilişim Agent 5\Desktop\alışveriş\vendor\codeigniter4\framework\system\CodeIgniter.php(412): CodeIgniter\CodeIgniter->runController(Object(App\Controllers\Home))
#3 C:\Users\YKM Bilişim Agent 5\Desktop\alışveriş\vendor\codeigniter4\framework\system\CodeIgniter.php(320): CodeIgniter\CodeIgniter->handleRequest(NULL, Object(Config\Cache), false)
#4 C:\Users\YKM Bilişim Agent 5\Desktop\alışveriş\public\index.php(37): CodeIgniter\CodeIgniter->run()
#5 C:\Users\YKM Bilişim Agent 5\Desktop\alışveriş\vendor\codeigniter4\framework\system\Commands\Server\rewrite.php(43): require_once('C:\\Users\\YKM Bi...')
#6 {main}
CRITICAL - 2022-03-03 01:55:21 --> Undefined array key "total"
#0 C:\Users\YKM Bilişim Agent 5\Desktop\alışveriş\app\Controllers\Home.php(140): CodeIgniter\Debug\Exceptions->errorHandler(2, 'Undefined array...', 'C:\\Users\\YKM Bi...', 140)
#1 C:\Users\YKM Bilişim Agent 5\Desktop\alışveriş\vendor\codeigniter4\framework\system\CodeIgniter.php(825): App\Controllers\Home->cart()
#2 C:\Users\YKM Bilişim Agent 5\Desktop\alışveriş\vendor\codeigniter4\framework\system\CodeIgniter.php(412): CodeIgniter\CodeIgniter->runController(Object(App\Controllers\Home))
#3 C:\Users\YKM Bilişim Agent 5\Desktop\alışveriş\vendor\codeigniter4\framework\system\CodeIgniter.php(320): CodeIgniter\CodeIgniter->handleRequest(NULL, Object(Config\Cache), false)
#4 C:\Users\YKM Bilişim Agent 5\Desktop\alışveriş\public\index.php(37): CodeIgniter\CodeIgniter->run()
#5 C:\Users\YKM Bilişim Agent 5\Desktop\alışveriş\vendor\codeigniter4\framework\system\Commands\Server\rewrite.php(43): require_once('C:\\Users\\YKM Bi...')
#6 {main}
CRITICAL - 2022-03-03 01:55:22 --> Undefined array key "total"
#0 C:\Users\YKM Bilişim Agent 5\Desktop\alışveriş\app\Controllers\Home.php(140): CodeIgniter\Debug\Exceptions->errorHandler(2, 'Undefined array...', 'C:\\Users\\YKM Bi...', 140)
#1 C:\Users\YKM Bilişim Agent 5\Desktop\alışveriş\vendor\codeigniter4\framework\system\CodeIgniter.php(825): App\Controllers\Home->cart()
#2 C:\Users\YKM Bilişim Agent 5\Desktop\alışveriş\vendor\codeigniter4\framework\system\CodeIgniter.php(412): CodeIgniter\CodeIgniter->runController(Object(App\Controllers\Home))
#3 C:\Users\YKM Bilişim Agent 5\Desktop\alışveriş\vendor\codeigniter4\framework\system\CodeIgniter.php(320): CodeIgniter\CodeIgniter->handleRequest(NULL, Object(Config\Cache), false)
#4 C:\Users\YKM Bilişim Agent 5\Desktop\alışveriş\public\index.php(37): CodeIgniter\CodeIgniter->run()
#5 C:\Users\YKM Bilişim Agent 5\Desktop\alışveriş\vendor\codeigniter4\framework\system\Commands\Server\rewrite.php(43): require_once('C:\\Users\\YKM Bi...')
#6 {main}
CRITICAL - 2022-03-03 01:57:09 --> Undefined variable $cart_count
#0 C:\Users\YKM Bilişim Agent 5\Desktop\alışveriş\app\Views\includes\header.php(110): CodeIgniter\Debug\Exceptions->errorHandler(2, 'Undefined varia...', 'C:\\Users\\YKM Bi...', 110)
#1 C:\Users\YKM Bilişim Agent 5\Desktop\alışveriş\vendor\codeigniter4\framework\system\View\View.php(210): include('C:\\Users\\YKM Bi...')
#2 C:\Users\YKM Bilişim Agent 5\Desktop\alışveriş\vendor\codeigniter4\framework\system\View\View.php(213): CodeIgniter\View\View->CodeIgniter\View\{closure}()
#3 C:\Users\YKM Bilişim Agent 5\Desktop\alışveriş\vendor\codeigniter4\framework\system\Common.php(1089): CodeIgniter\View\View->render('includes/header', Array, true)
#4 C:\Users\YKM Bilişim Agent 5\Desktop\alışveriş\app\Views\shop\checkout.php(10): view('includes/header')
#5 C:\Users\YKM Bilişim Agent 5\Desktop\alışveriş\vendor\codeigniter4\framework\system\View\View.php(210): include('C:\\Users\\YKM Bi...')
#6 C:\Users\YKM Bilişim Agent 5\Desktop\alışveriş\vendor\codeigniter4\framework\system\View\View.php(213): CodeIgniter\View\View->CodeIgniter\View\{closure}()
#7 C:\Users\YKM Bilişim Agent 5\Desktop\alışveriş\vendor\codeigniter4\framework\system\Common.php(1089): CodeIgniter\View\View->render('shop/checkout', Array, true)
#8 C:\Users\YKM Bilişim Agent 5\Desktop\alışveriş\app\Controllers\Home.php(111): view('shop/checkout')
#9 C:\Users\YKM Bilişim Agent 5\Desktop\alışveriş\vendor\codeigniter4\framework\system\CodeIgniter.php(825): App\Controllers\Home->checkout()
#10 C:\Users\YKM Bilişim Agent 5\Desktop\alışveriş\vendor\codeigniter4\framework\system\CodeIgniter.php(412): CodeIgniter\CodeIgniter->runController(Object(App\Controllers\Home))
#11 C:\Users\YKM Bilişim Agent 5\Desktop\alışveriş\vendor\codeigniter4\framework\system\CodeIgniter.php(320): CodeIgniter\CodeIgniter->handleRequest(NULL, Object(Config\Cache), false)
#12 C:\Users\YKM Bilişim Agent 5\Desktop\alışveriş\public\index.php(37): CodeIgniter\CodeIgniter->run()
#13 C:\Users\YKM Bilişim Agent 5\Desktop\alışveriş\vendor\codeigniter4\framework\system\Commands\Server\rewrite.php(43): require_once('C:\\Users\\YKM Bi...')
#14 {main}
CRITICAL - 2022-03-03 02:27:28 --> Undefined array key "toplam"
#0 C:\Users\YKM Bilişim Agent 5\Desktop\alışveriş\app\Controllers\Home.php(169): CodeIgniter\Debug\Exceptions->errorHandler(2, 'Undefined array...', 'C:\\Users\\YKM Bi...', 169)
#1 C:\Users\YKM Bilişim Agent 5\Desktop\alışveriş\vendor\codeigniter4\framework\system\CodeIgniter.php(825): App\Controllers\Home->cart()
#2 C:\Users\YKM Bilişim Agent 5\Desktop\alışveriş\vendor\codeigniter4\framework\system\CodeIgniter.php(412): CodeIgniter\CodeIgniter->runController(Object(App\Controllers\Home))
#3 C:\Users\YKM Bilişim Agent 5\Desktop\alışveriş\vendor\codeigniter4\framework\system\CodeIgniter.php(320): CodeIgniter\CodeIgniter->handleRequest(NULL, Object(Config\Cache), false)
#4 C:\Users\YKM Bilişim Agent 5\Desktop\alışveriş\public\index.php(37): CodeIgniter\CodeIgniter->run()
#5 C:\Users\YKM Bilişim Agent 5\Desktop\alışveriş\vendor\codeigniter4\framework\system\Commands\Server\rewrite.php(43): require_once('C:\\Users\\YKM Bi...')
#6 {main}
CRITICAL - 2022-03-03 02:28:19 --> Array to string conversion
#0 C:\Users\YKM Bilişim Agent 5\Desktop\alışveriş\app\Controllers\Home.php(169): CodeIgniter\Debug\Exceptions->errorHandler(2, 'Array to string...', 'C:\\Users\\YKM Bi...', 169)
#1 C:\Users\YKM Bilişim Agent 5\Desktop\alışveriş\vendor\codeigniter4\framework\system\CodeIgniter.php(825): App\Controllers\Home->cart()
#2 C:\Users\YKM Bilişim Agent 5\Desktop\alışveriş\vendor\codeigniter4\framework\system\CodeIgniter.php(412): CodeIgniter\CodeIgniter->runController(Object(App\Controllers\Home))
#3 C:\Users\YKM Bilişim Agent 5\Desktop\alışveriş\vendor\codeigniter4\framework\system\CodeIgniter.php(320): CodeIgniter\CodeIgniter->handleRequest(NULL, Object(Config\Cache), false)
#4 C:\Users\YKM Bilişim Agent 5\Desktop\alışveriş\public\index.php(37): CodeIgniter\CodeIgniter->run()
#5 C:\Users\YKM Bilişim Agent 5\Desktop\alışveriş\vendor\codeigniter4\framework\system\Commands\Server\rewrite.php(43): require_once('C:\\Users\\YKM Bi...')
#6 {main}
CRITICAL - 2022-03-03 02:28:20 --> Array to string conversion
#0 C:\Users\YKM Bilişim Agent 5\Desktop\alışveriş\app\Controllers\Home.php(169): CodeIgniter\Debug\Exceptions->errorHandler(2, 'Array to string...', 'C:\\Users\\YKM Bi...', 169)
#1 C:\Users\YKM Bilişim Agent 5\Desktop\alışveriş\vendor\codeigniter4\framework\system\CodeIgniter.php(825): App\Controllers\Home->cart()
#2 C:\Users\YKM Bilişim Agent 5\Desktop\alışveriş\vendor\codeigniter4\framework\system\CodeIgniter.php(412): CodeIgniter\CodeIgniter->runController(Object(App\Controllers\Home))
#3 C:\Users\YKM Bilişim Agent 5\Desktop\alışveriş\vendor\codeigniter4\framework\system\CodeIgniter.php(320): CodeIgniter\CodeIgniter->handleRequest(NULL, Object(Config\Cache), false)
#4 C:\Users\YKM Bilişim Agent 5\Desktop\alışveriş\public\index.php(37): CodeIgniter\CodeIgniter->run()
#5 C:\Users\YKM Bilişim Agent 5\Desktop\alışveriş\vendor\codeigniter4\framework\system\Commands\Server\rewrite.php(43): require_once('C:\\Users\\YKM Bi...')
#6 {main}
CRITICAL - 2022-03-03 03:22:37 --> Undefined array key "ID"
#0 C:\Users\YKM Bilişim Agent 5\Desktop\alışveriş\app\Controllers\Home.php(153): CodeIgniter\Debug\Exceptions->errorHandler(2, 'Undefined array...', 'C:\\Users\\YKM Bi...', 153)
#1 C:\Users\YKM Bilişim Agent 5\Desktop\alışveriş\vendor\codeigniter4\framework\system\CodeIgniter.php(825): App\Controllers\Home->cart()
#2 C:\Users\YKM Bilişim Agent 5\Desktop\alışveriş\vendor\codeigniter4\framework\system\CodeIgniter.php(412): CodeIgniter\CodeIgniter->runController(Object(App\Controllers\Home))
#3 C:\Users\YKM Bilişim Agent 5\Desktop\alışveriş\vendor\codeigniter4\framework\system\CodeIgniter.php(320): CodeIgniter\CodeIgniter->handleRequest(NULL, Object(Config\Cache), false)
#4 C:\Users\YKM Bilişim Agent 5\Desktop\alışveriş\public\index.php(37): CodeIgniter\CodeIgniter->run()
#5 C:\Users\YKM Bilişim Agent 5\Desktop\alışveriş\vendor\codeigniter4\framework\system\Commands\Server\rewrite.php(43): require_once('C:\\Users\\YKM Bi...')
#6 {main}
CRITICAL - 2022-03-03 03:26:14 --> Undefined variable $cart_count
#0 C:\Users\YKM Bilişim Agent 5\Desktop\alışveriş\app\Views\shop\cart.php(53): CodeIgniter\Debug\Exceptions->errorHandler(2, 'Undefined varia...', 'C:\\Users\\YKM Bi...', 53)
#1 C:\Users\YKM Bilişim Agent 5\Desktop\alışveriş\vendor\codeigniter4\framework\system\View\View.php(210): include('C:\\Users\\YKM Bi...')
#2 C:\Users\YKM Bilişim Agent 5\Desktop\alışveriş\vendor\codeigniter4\framework\system\View\View.php(213): CodeIgniter\View\View->CodeIgniter\View\{closure}()
#3 C:\Users\YKM Bilişim Agent 5\Desktop\alışveriş\vendor\codeigniter4\framework\system\Common.php(1089): CodeIgniter\View\View->render('shop/cart', Array, true)
#4 C:\Users\YKM Bilişim Agent 5\Desktop\alışveriş\app\Controllers\Home.php(170): view('shop/cart', Array)
#5 C:\Users\YKM Bilişim Agent 5\Desktop\alışveriş\vendor\codeigniter4\framework\system\CodeIgniter.php(825): App\Controllers\Home->cart()
#6 C:\Users\YKM Bilişim Agent 5\Desktop\alışveriş\vendor\codeigniter4\framework\system\CodeIgniter.php(412): CodeIgniter\CodeIgniter->runController(Object(App\Controllers\Home))
#7 C:\Users\YKM Bilişim Agent 5\Desktop\alışveriş\vendor\codeigniter4\framework\system\CodeIgniter.php(320): CodeIgniter\CodeIgniter->handleRequest(NULL, Object(Config\Cache), false)
#8 C:\Users\YKM Bilişim Agent 5\Desktop\alışveriş\public\index.php(37): CodeIgniter\CodeIgniter->run()
#9 C:\Users\YKM Bilişim Agent 5\Desktop\alışveriş\vendor\codeigniter4\framework\system\Commands\Server\rewrite.php(43): require_once('C:\\Users\\YKM Bi...')
#10 {main}
CRITICAL - 2022-03-03 03:30:03 --> Unsupported operand types: array + int
#0 C:\Users\YKM Bilişim Agent 5\Desktop\alışveriş\vendor\codeigniter4\framework\system\CodeIgniter.php(825): App\Controllers\Home->cart()
#1 C:\Users\YKM Bilişim Agent 5\Desktop\alışveriş\vendor\codeigniter4\framework\system\CodeIgniter.php(412): CodeIgniter\CodeIgniter->runController(Object(App\Controllers\Home))
#2 C:\Users\YKM Bilişim Agent 5\Desktop\alışveriş\vendor\codeigniter4\framework\system\CodeIgniter.php(320): CodeIgniter\CodeIgniter->handleRequest(NULL, Object(Config\Cache), false)
#3 C:\Users\YKM Bilişim Agent 5\Desktop\alışveriş\public\index.php(37): CodeIgniter\CodeIgniter->run()
#4 C:\Users\YKM Bilişim Agent 5\Desktop\alışveriş\vendor\codeigniter4\framework\system\Commands\Server\rewrite.php(43): require_once('C:\\Users\\YKM Bi...')
#5 {main}
CRITICAL - 2022-03-03 03:30:40 --> Unsupported operand types: array + int
#0 C:\Users\YKM Bilişim Agent 5\Desktop\alışveriş\vendor\codeigniter4\framework\system\CodeIgniter.php(825): App\Controllers\Home->cart()
#1 C:\Users\YKM Bilişim Agent 5\Desktop\alışveriş\vendor\codeigniter4\framework\system\CodeIgniter.php(412): CodeIgniter\CodeIgniter->runController(Object(App\Controllers\Home))
#2 C:\Users\YKM Bilişim Agent 5\Desktop\alışveriş\vendor\codeigniter4\framework\system\CodeIgniter.php(320): CodeIgniter\CodeIgniter->handleRequest(NULL, Object(Config\Cache), false)
#3 C:\Users\YKM Bilişim Agent 5\Desktop\alışveriş\public\index.php(37): CodeIgniter\CodeIgniter->run()
#4 C:\Users\YKM Bilişim Agent 5\Desktop\alışveriş\vendor\codeigniter4\framework\system\Commands\Server\rewrite.php(43): require_once('C:\\Users\\YKM Bi...')
#5 {main}
CRITICAL - 2022-03-03 04:37:13 --> Undefined array key "value"
#0 C:\Users\YKM Bilişim Agent 5\Desktop\alışveriş\app\Controllers\cart.php(13): CodeIgniter\Debug\Exceptions->errorHandler(2, 'Undefined array...', 'C:\\Users\\YKM Bi...', 13)
#1 C:\Users\YKM Bilişim Agent 5\Desktop\alışveriş\vendor\codeigniter4\framework\system\CodeIgniter.php(825): App\Controllers\cart->increase_quantity('2')
#2 C:\Users\YKM Bilişim Agent 5\Desktop\alışveriş\vendor\codeigniter4\framework\system\CodeIgniter.php(412): CodeIgniter\CodeIgniter->runController(Object(App\Controllers\cart))
#3 C:\Users\YKM Bilişim Agent 5\Desktop\alışveriş\vendor\codeigniter4\framework\system\CodeIgniter.php(320): CodeIgniter\CodeIgniter->handleRequest(NULL, Object(Config\Cache), false)
#4 C:\Users\YKM Bilişim Agent 5\Desktop\alışveriş\public\index.php(37): CodeIgniter\CodeIgniter->run()
#5 C:\Users\YKM Bilişim Agent 5\Desktop\alışveriş\vendor\codeigniter4\framework\system\Commands\Server\rewrite.php(43): require_once('C:\\Users\\YKM Bi...')
#6 {main}
CRITICAL - 2022-03-03 04:45:01 --> Undefined array key "value"
#0 C:\Users\YKM Bilişim Agent 5\Desktop\alışveriş\app\Controllers\cart.php(13): CodeIgniter\Debug\Exceptions->errorHandler(2, 'Undefined array...', 'C:\\Users\\YKM Bi...', 13)
#1 C:\Users\YKM Bilişim Agent 5\Desktop\alışveriş\vendor\codeigniter4\framework\system\CodeIgniter.php(825): App\Controllers\cart->increase_quantity('2')
#2 C:\Users\YKM Bilişim Agent 5\Desktop\alışveriş\vendor\codeigniter4\framework\system\CodeIgniter.php(412): CodeIgniter\CodeIgniter->runController(Object(App\Controllers\cart))
#3 C:\Users\YKM Bilişim Agent 5\Desktop\alışveriş\vendor\codeigniter4\framework\system\CodeIgniter.php(320): CodeIgniter\CodeIgniter->handleRequest(NULL, Object(Config\Cache), false)
#4 C:\Users\YKM Bilişim Agent 5\Desktop\alışveriş\public\index.php(37): CodeIgniter\CodeIgniter->run()
#5 C:\Users\YKM Bilişim Agent 5\Desktop\alışveriş\vendor\codeigniter4\framework\system\Commands\Server\rewrite.php(43): require_once('C:\\Users\\YKM Bi...')
#6 {main}
CRITICAL - 2022-03-03 04:45:29 --> Undefined array key "value"
#0 C:\Users\YKM Bilişim Agent 5\Desktop\alışveriş\app\Controllers\cart.php(13): CodeIgniter\Debug\Exceptions->errorHandler(2, 'Undefined array...', 'C:\\Users\\YKM Bi...', 13)
#1 C:\Users\YKM Bilişim Agent 5\Desktop\alışveriş\vendor\codeigniter4\framework\system\CodeIgniter.php(825): App\Controllers\cart->increase_quantity('2')
#2 C:\Users\YKM Bilişim Agent 5\Desktop\alışveriş\vendor\codeigniter4\framework\system\CodeIgniter.php(412): CodeIgniter\CodeIgniter->runController(Object(App\Controllers\cart))
#3 C:\Users\YKM Bilişim Agent 5\Desktop\alışveriş\vendor\codeigniter4\framework\system\CodeIgniter.php(320): CodeIgniter\CodeIgniter->handleRequest(NULL, Object(Config\Cache), false)
#4 C:\Users\YKM Bilişim Agent 5\Desktop\alışveriş\public\index.php(37): CodeIgniter\CodeIgniter->run()
#5 C:\Users\YKM Bilişim Agent 5\Desktop\alışveriş\vendor\codeigniter4\framework\system\Commands\Server\rewrite.php(43): require_once('C:\\Users\\YKM Bi...')
#6 {main}
CRITICAL - 2022-03-03 04:46:23 --> Undefined array key "value"
#0 C:\Users\YKM Bilişim Agent 5\Desktop\alışveriş\app\Controllers\cart.php(13): CodeIgniter\Debug\Exceptions->errorHandler(2, 'Undefined array...', 'C:\\Users\\YKM Bi...', 13)
#1 C:\Users\YKM Bilişim Agent 5\Desktop\alışveriş\vendor\codeigniter4\framework\system\CodeIgniter.php(825): App\Controllers\cart->increase_quantity('2')
#2 C:\Users\YKM Bilişim Agent 5\Desktop\alışveriş\vendor\codeigniter4\framework\system\CodeIgniter.php(412): CodeIgniter\CodeIgniter->runController(Object(App\Controllers\cart))
#3 C:\Users\YKM Bilişim Agent 5\Desktop\alışveriş\vendor\codeigniter4\framework\system\CodeIgniter.php(320): CodeIgniter\CodeIgniter->handleRequest(NULL, Object(Config\Cache), false)
#4 C:\Users\YKM Bilişim Agent 5\Desktop\alışveriş\public\index.php(37): CodeIgniter\CodeIgniter->run()
#5 C:\Users\YKM Bilişim Agent 5\Desktop\alışveriş\vendor\codeigniter4\framework\system\Commands\Server\rewrite.php(43): require_once('C:\\Users\\YKM Bi...')
#6 {main}
CRITICAL - 2022-03-03 04:47:15 --> Undefined array key "ID"
#0 C:\Users\YKM Bilişim Agent 5\Desktop\alışveriş\app\Controllers\Home.php(155): CodeIgniter\Debug\Exceptions->errorHandler(2, 'Undefined array...', 'C:\\Users\\YKM Bi...', 155)
#1 C:\Users\YKM Bilişim Agent 5\Desktop\alışveriş\vendor\codeigniter4\framework\system\CodeIgniter.php(825): App\Controllers\Home->cart()
#2 C:\Users\YKM Bilişim Agent 5\Desktop\alışveriş\vendor\codeigniter4\framework\system\CodeIgniter.php(412): CodeIgniter\CodeIgniter->runController(Object(App\Controllers\Home))
#3 C:\Users\YKM Bilişim Agent 5\Desktop\alışveriş\vendor\codeigniter4\framework\system\CodeIgniter.php(320): CodeIgniter\CodeIgniter->handleRequest(NULL, Object(Config\Cache), false)
#4 C:\Users\YKM Bilişim Agent 5\Desktop\alışveriş\public\index.php(37): CodeIgniter\CodeIgniter->run()
#5 C:\Users\YKM Bilişim Agent 5\Desktop\alışveriş\vendor\codeigniter4\framework\system\Commands\Server\rewrite.php(43): require_once('C:\\Users\\YKM Bi...')
#6 {main}
CRITICAL - 2022-03-03 04:47:42 --> Undefined array key "value"
#0 C:\Users\YKM Bilişim Agent 5\Desktop\alışveriş\app\Controllers\cart.php(13): CodeIgniter\Debug\Exceptions->errorHandler(2, 'Undefined array...', 'C:\\Users\\YKM Bi...', 13)
#1 C:\Users\YKM Bilişim Agent 5\Desktop\alışveriş\vendor\codeigniter4\framework\system\CodeIgniter.php(825): App\Controllers\cart->increase_quantity('2')
#2 C:\Users\YKM Bilişim Agent 5\Desktop\alışveriş\vendor\codeigniter4\framework\system\CodeIgniter.php(412): CodeIgniter\CodeIgniter->runController(Object(App\Controllers\cart))
#3 C:\Users\YKM Bilişim Agent 5\Desktop\alışveriş\vendor\codeigniter4\framework\system\CodeIgniter.php(320): CodeIgniter\CodeIgniter->handleRequest(NULL, Object(Config\Cache), false)
#4 C:\Users\YKM Bilişim Agent 5\Desktop\alışveriş\public\index.php(37): CodeIgniter\CodeIgniter->run()
#5 C:\Users\YKM Bilişim Agent 5\Desktop\alışveriş\vendor\codeigniter4\framework\system\Commands\Server\rewrite.php(43): require_once('C:\\Users\\YKM Bi...')
#6 {main}
CRITICAL - 2022-03-03 04:48:04 --> Undefined array key "value"
#0 C:\Users\YKM Bilişim Agent 5\Desktop\alışveriş\app\Controllers\cart.php(13): CodeIgniter\Debug\Exceptions->errorHandler(2, 'Undefined array...', 'C:\\Users\\YKM Bi...', 13)
#1 C:\Users\YKM Bilişim Agent 5\Desktop\alışveriş\vendor\codeigniter4\framework\system\CodeIgniter.php(825): App\Controllers\cart->increase_quantity('2')
#2 C:\Users\YKM Bilişim Agent 5\Desktop\alışveriş\vendor\codeigniter4\framework\system\CodeIgniter.php(412): CodeIgniter\CodeIgniter->runController(Object(App\Controllers\cart))
#3 C:\Users\YKM Bilişim Agent 5\Desktop\alışveriş\vendor\codeigniter4\framework\system\CodeIgniter.php(320): CodeIgniter\CodeIgniter->handleRequest(NULL, Object(Config\Cache), false)
#4 C:\Users\YKM Bilişim Agent 5\Desktop\alışveriş\public\index.php(37): CodeIgniter\CodeIgniter->run()
#5 C:\Users\YKM Bilişim Agent 5\Desktop\alışveriş\vendor\codeigniter4\framework\system\Commands\Server\rewrite.php(43): require_once('C:\\Users\\YKM Bi...')
#6 {main}
CRITICAL - 2022-03-03 04:48:52 --> Undefined array key "value"
#0 C:\Users\YKM Bilişim Agent 5\Desktop\alışveriş\app\Controllers\cart.php(13): CodeIgniter\Debug\Exceptions->errorHandler(2, 'Undefined array...', 'C:\\Users\\YKM Bi...', 13)
#1 C:\Users\YKM Bilişim Agent 5\Desktop\alışveriş\vendor\codeigniter4\framework\system\CodeIgniter.php(825): App\Controllers\cart->increase_quantity('2')
#2 C:\Users\YKM Bilişim Agent 5\Desktop\alışveriş\vendor\codeigniter4\framework\system\CodeIgniter.php(412): CodeIgniter\CodeIgniter->runController(Object(App\Controllers\cart))
#3 C:\Users\YKM Bilişim Agent 5\Desktop\alışveriş\vendor\codeigniter4\framework\system\CodeIgniter.php(320): CodeIgniter\CodeIgniter->handleRequest(NULL, Object(Config\Cache), false)
#4 C:\Users\YKM Bilişim Agent 5\Desktop\alışveriş\public\index.php(37): CodeIgniter\CodeIgniter->run()
#5 C:\Users\YKM Bilişim Agent 5\Desktop\alışveriş\vendor\codeigniter4\framework\system\Commands\Server\rewrite.php(43): require_once('C:\\Users\\YKM Bi...')
#6 {main}
CRITICAL - 2022-03-03 04:49:28 --> Undefined array key "value"
#0 C:\Users\YKM Bilişim Agent 5\Desktop\alışveriş\app\Controllers\cart.php(13): CodeIgniter\Debug\Exceptions->errorHandler(2, 'Undefined array...', 'C:\\Users\\YKM Bi...', 13)
#1 C:\Users\YKM Bilişim Agent 5\Desktop\alışveriş\vendor\codeigniter4\framework\system\CodeIgniter.php(825): App\Controllers\cart->increase_quantity('2')
#2 C:\Users\YKM Bilişim Agent 5\Desktop\alışveriş\vendor\codeigniter4\framework\system\CodeIgniter.php(412): CodeIgniter\CodeIgniter->runController(Object(App\Controllers\cart))
#3 C:\Users\YKM Bilişim Agent 5\Desktop\alışveriş\vendor\codeigniter4\framework\system\CodeIgniter.php(320): CodeIgniter\CodeIgniter->handleRequest(NULL, Object(Config\Cache), false)
#4 C:\Users\YKM Bilişim Agent 5\Desktop\alışveriş\public\index.php(37): CodeIgniter\CodeIgniter->run()
#5 C:\Users\YKM Bilişim Agent 5\Desktop\alışveriş\vendor\codeigniter4\framework\system\Commands\Server\rewrite.php(43): require_once('C:\\Users\\YKM Bi...')
#6 {main}
CRITICAL - 2022-03-03 04:49:46 --> Undefined array key "value"
#0 C:\Users\YKM Bilişim Agent 5\Desktop\alışveriş\app\Controllers\cart.php(13): CodeIgniter\Debug\Exceptions->errorHandler(2, 'Undefined array...', 'C:\\Users\\YKM Bi...', 13)
#1 C:\Users\YKM Bilişim Agent 5\Desktop\alışveriş\vendor\codeigniter4\framework\system\CodeIgniter.php(825): App\Controllers\cart->increase_quantity('2')
#2 C:\Users\YKM Bilişim Agent 5\Desktop\alışveriş\vendor\codeigniter4\framework\system\CodeIgniter.php(412): CodeIgniter\CodeIgniter->runController(Object(App\Controllers\cart))
#3 C:\Users\YKM Bilişim Agent 5\Desktop\alışveriş\vendor\codeigniter4\framework\system\CodeIgniter.php(320): CodeIgniter\CodeIgniter->handleRequest(NULL, Object(Config\Cache), false)
#4 C:\Users\YKM Bilişim Agent 5\Desktop\alışveriş\public\index.php(37): CodeIgniter\CodeIgniter->run()
#5 C:\Users\YKM Bilişim Agent 5\Desktop\alışveriş\vendor\codeigniter4\framework\system\Commands\Server\rewrite.php(43): require_once('C:\\Users\\YKM Bi...')
#6 {main}
CRITICAL - 2022-03-03 04:49:50 --> Undefined array key "value"
#0 C:\Users\YKM Bilişim Agent 5\Desktop\alışveriş\app\Controllers\cart.php(13): CodeIgniter\Debug\Exceptions->errorHandler(2, 'Undefined array...', 'C:\\Users\\YKM Bi...', 13)
#1 C:\Users\YKM Bilişim Agent 5\Desktop\alışveriş\vendor\codeigniter4\framework\system\CodeIgniter.php(825): App\Controllers\cart->increase_quantity('2')
#2 C:\Users\YKM Bilişim Agent 5\Desktop\alışveriş\vendor\codeigniter4\framework\system\CodeIgniter.php(412): CodeIgniter\CodeIgniter->runController(Object(App\Controllers\cart))
#3 C:\Users\YKM Bilişim Agent 5\Desktop\alışveriş\vendor\codeigniter4\framework\system\CodeIgniter.php(320): CodeIgniter\CodeIgniter->handleRequest(NULL, Object(Config\Cache), false)
#4 C:\Users\YKM Bilişim Agent 5\Desktop\alışveriş\public\index.php(37): CodeIgniter\CodeIgniter->run()
#5 C:\Users\YKM Bilişim Agent 5\Desktop\alışveriş\vendor\codeigniter4\framework\system\Commands\Server\rewrite.php(43): require_once('C:\\Users\\YKM Bi...')
#6 {main}
CRITICAL - 2022-03-03 04:51:53 --> Undefined variable $_SESSION
#0 C:\Users\YKM Bilişim Agent 5\Desktop\alışveriş\app\Controllers\cart.php(14): CodeIgniter\Debug\Exceptions->errorHandler(2, 'Undefined varia...', 'C:\\Users\\YKM Bi...', 14)
#1 C:\Users\YKM Bilişim Agent 5\Desktop\alışveriş\vendor\codeigniter4\framework\system\CodeIgniter.php(825): App\Controllers\cart->increase_quantity('2')
#2 C:\Users\YKM Bilişim Agent 5\Desktop\alışveriş\vendor\codeigniter4\framework\system\CodeIgniter.php(412): CodeIgniter\CodeIgniter->runController(Object(App\Controllers\cart))
#3 C:\Users\YKM Bilişim Agent 5\Desktop\alışveriş\vendor\codeigniter4\framework\system\CodeIgniter.php(320): CodeIgniter\CodeIgniter->handleRequest(NULL, Object(Config\Cache), false)
#4 C:\Users\YKM Bilişim Agent 5\Desktop\alışveriş\public\index.php(37): CodeIgniter\CodeIgniter->run()
#5 C:\Users\YKM Bilişim Agent 5\Desktop\alışveriş\vendor\codeigniter4\framework\system\Commands\Server\rewrite.php(43): require_once('C:\\Users\\YKM Bi...')
#6 {main}
CRITICAL - 2022-03-03 04:52:06 --> Undefined variable $_SESSION
#0 C:\Users\YKM Bilişim Agent 5\Desktop\alışveriş\app\Controllers\cart.php(14): CodeIgniter\Debug\Exceptions->errorHandler(2, 'Undefined varia...', 'C:\\Users\\YKM Bi...', 14)
#1 C:\Users\YKM Bilişim Agent 5\Desktop\alışveriş\vendor\codeigniter4\framework\system\CodeIgniter.php(825): App\Controllers\cart->increase_quantity('1')
#2 C:\Users\YKM Bilişim Agent 5\Desktop\alışveriş\vendor\codeigniter4\framework\system\CodeIgniter.php(412): CodeIgniter\CodeIgniter->runController(Object(App\Controllers\cart))
#3 C:\Users\YKM Bilişim Agent 5\Desktop\alışveriş\vendor\codeigniter4\framework\system\CodeIgniter.php(320): CodeIgniter\CodeIgniter->handleRequest(NULL, Object(Config\Cache), false)
#4 C:\Users\YKM Bilişim Agent 5\Desktop\alışveriş\public\index.php(37): CodeIgniter\CodeIgniter->run()
#5 C:\Users\YKM Bilişim Agent 5\Desktop\alışveriş\vendor\codeigniter4\framework\system\Commands\Server\rewrite.php(43): require_once('C:\\Users\\YKM Bi...')
#6 {main}
CRITICAL - 2022-03-03 04:52:08 --> Undefined variable $_SESSION
#0 C:\Users\YKM Bilişim Agent 5\Desktop\alışveriş\app\Controllers\cart.php(14): CodeIgniter\Debug\Exceptions->errorHandler(2, 'Undefined varia...', 'C:\\Users\\YKM Bi...', 14)
#1 C:\Users\YKM Bilişim Agent 5\Desktop\alışveriş\vendor\codeigniter4\framework\system\CodeIgniter.php(825): App\Controllers\cart->increase_quantity('2')
#2 C:\Users\YKM Bilişim Agent 5\Desktop\alışveriş\vendor\codeigniter4\framework\system\CodeIgniter.php(412): CodeIgniter\CodeIgniter->runController(Object(App\Controllers\cart))
#3 C:\Users\YKM Bilişim Agent 5\Desktop\alışveriş\vendor\codeigniter4\framework\system\CodeIgniter.php(320): CodeIgniter\CodeIgniter->handleRequest(NULL, Object(Config\Cache), false)
#4 C:\Users\YKM Bilişim Agent 5\Desktop\alışveriş\public\index.php(37): CodeIgniter\CodeIgniter->run()
#5 C:\Users\YKM Bilişim Agent 5\Desktop\alışveriş\vendor\codeigniter4\framework\system\Commands\Server\rewrite.php(43): require_once('C:\\Users\\YKM Bi...')
#6 {main}
CRITICAL - 2022-03-03 04:52:56 --> Too few arguments to function App\Controllers\cart::increase_quantity(), 0 passed in C:\Users\YKM Bilişim Agent 5\Desktop\alışveriş\vendor\codeigniter4\framework\system\CodeIgniter.php on line 825 and exactly 1 expected
#0 C:\Users\YKM Bilişim Agent 5\Desktop\alışveriş\vendor\codeigniter4\framework\system\CodeIgniter.php(825): App\Controllers\cart->increase_quantity()
#1 C:\Users\YKM Bilişim Agent 5\Desktop\alışveriş\vendor\codeigniter4\framework\system\CodeIgniter.php(412): CodeIgniter\CodeIgniter->runController(Object(App\Controllers\cart))
#2 C:\Users\YKM Bilişim Agent 5\Desktop\alışveriş\vendor\codeigniter4\framework\system\CodeIgniter.php(320): CodeIgniter\CodeIgniter->handleRequest(NULL, Object(Config\Cache), false)
#3 C:\Users\YKM Bilişim Agent 5\Desktop\alışveriş\public\index.php(37): CodeIgniter\CodeIgniter->run()
#4 C:\Users\YKM Bilişim Agent 5\Desktop\alışveriş\vendor\codeigniter4\framework\system\Commands\Server\rewrite.php(43): require_once('C:\\Users\\YKM Bi...')
#5 {main}
CRITICAL - 2022-03-03 04:53:05 --> Too few arguments to function App\Controllers\cart::increase_quantity(), 0 passed in C:\Users\YKM Bilişim Agent 5\Desktop\alışveriş\vendor\codeigniter4\framework\system\CodeIgniter.php on line 825 and exactly 1 expected
#0 C:\Users\YKM Bilişim Agent 5\Desktop\alışveriş\vendor\codeigniter4\framework\system\CodeIgniter.php(825): App\Controllers\cart->increase_quantity()
#1 C:\Users\YKM Bilişim Agent 5\Desktop\alışveriş\vendor\codeigniter4\framework\system\CodeIgniter.php(412): CodeIgniter\CodeIgniter->runController(Object(App\Controllers\cart))
#2 C:\Users\YKM Bilişim Agent 5\Desktop\alışveriş\vendor\codeigniter4\framework\system\CodeIgniter.php(320): CodeIgniter\CodeIgniter->handleRequest(NULL, Object(Config\Cache), false)
#3 C:\Users\YKM Bilişim Agent 5\Desktop\alışveriş\public\index.php(37): CodeIgniter\CodeIgniter->run()
#4 C:\Users\YKM Bilişim Agent 5\Desktop\alışveriş\vendor\codeigniter4\framework\system\Commands\Server\rewrite.php(43): require_once('C:\\Users\\YKM Bi...')
#5 {main}
CRITICAL - 2022-03-03 04:53:17 --> Undefined variable $_SESSION
#0 C:\Users\YKM Bilişim Agent 5\Desktop\alışveriş\app\Controllers\cart.php(14): CodeIgniter\Debug\Exceptions->errorHandler(2, 'Undefined varia...', 'C:\\Users\\YKM Bi...', 14)
#1 C:\Users\YKM Bilişim Agent 5\Desktop\alışveriş\vendor\codeigniter4\framework\system\CodeIgniter.php(825): App\Controllers\cart->increase_quantity('2')
#2 C:\Users\YKM Bilişim Agent 5\Desktop\alışveriş\vendor\codeigniter4\framework\system\CodeIgniter.php(412): CodeIgniter\CodeIgniter->runController(Object(App\Controllers\cart))
#3 C:\Users\YKM Bilişim Agent 5\Desktop\alışveriş\vendor\codeigniter4\framework\system\CodeIgniter.php(320): CodeIgniter\CodeIgniter->handleRequest(NULL, Object(Config\Cache), false)
#4 C:\Users\YKM Bilişim Agent 5\Desktop\alışveriş\public\index.php(37): CodeIgniter\CodeIgniter->run()
#5 C:\Users\YKM Bilişim Agent 5\Desktop\alışveriş\vendor\codeigniter4\framework\system\Commands\Server\rewrite.php(43): require_once('C:\\Users\\YKM Bi...')
#6 {main}
CRITICAL - 2022-03-03 04:53:19 --> Undefined variable $_SESSION
#0 C:\Users\YKM Bilişim Agent 5\Desktop\alışveriş\app\Controllers\cart.php(14): CodeIgniter\Debug\Exceptions->errorHandler(2, 'Undefined varia...', 'C:\\Users\\YKM Bi...', 14)
#1 C:\Users\YKM Bilişim Agent 5\Desktop\alışveriş\vendor\codeigniter4\framework\system\CodeIgniter.php(825): App\Controllers\cart->increase_quantity('2')
#2 C:\Users\YKM Bilişim Agent 5\Desktop\alışveriş\vendor\codeigniter4\framework\system\CodeIgniter.php(412): CodeIgniter\CodeIgniter->runController(Object(App\Controllers\cart))
#3 C:\Users\YKM Bilişim Agent 5\Desktop\alışveriş\vendor\codeigniter4\framework\system\CodeIgniter.php(320): CodeIgniter\CodeIgniter->handleRequest(NULL, Object(Config\Cache), false)
#4 C:\Users\YKM Bilişim Agent 5\Desktop\alışveriş\public\index.php(37): CodeIgniter\CodeIgniter->run()
#5 C:\Users\YKM Bilişim Agent 5\Desktop\alışveriş\vendor\codeigniter4\framework\system\Commands\Server\rewrite.php(43): require_once('C:\\Users\\YKM Bi...')
#6 {main}
CRITICAL - 2022-03-03 04:53:58 --> Undefined variable $_SESSION
#0 C:\Users\YKM Bilişim Agent 5\Desktop\alışveriş\app\Controllers\cart.php(14): CodeIgniter\Debug\Exceptions->errorHandler(2, 'Undefined varia...', 'C:\\Users\\YKM Bi...', 14)
#1 C:\Users\YKM Bilişim Agent 5\Desktop\alışveriş\vendor\codeigniter4\framework\system\CodeIgniter.php(825): App\Controllers\cart->increase_quantity('2')
#2 C:\Users\YKM Bilişim Agent 5\Desktop\alışveriş\vendor\codeigniter4\framework\system\CodeIgniter.php(412): CodeIgniter\CodeIgniter->runController(Object(App\Controllers\cart))
#3 C:\Users\YKM Bilişim Agent 5\Desktop\alışveriş\vendor\codeigniter4\framework\system\CodeIgniter.php(320): CodeIgniter\CodeIgniter->handleRequest(NULL, Object(Config\Cache), false)
#4 C:\Users\YKM Bilişim Agent 5\Desktop\alışveriş\public\index.php(37): CodeIgniter\CodeIgniter->run()
#5 C:\Users\YKM Bilişim Agent 5\Desktop\alışveriş\vendor\codeigniter4\framework\system\Commands\Server\rewrite.php(43): require_once('C:\\Users\\YKM Bi...')
#6 {main}
CRITICAL - 2022-03-03 04:53:59 --> Undefined variable $_SESSION
#0 C:\Users\YKM Bilişim Agent 5\Desktop\alışveriş\app\Controllers\cart.php(14): CodeIgniter\Debug\Exceptions->errorHandler(2, 'Undefined varia...', 'C:\\Users\\YKM Bi...', 14)
#1 C:\Users\YKM Bilişim Agent 5\Desktop\alışveriş\vendor\codeigniter4\framework\system\CodeIgniter.php(825): App\Controllers\cart->increase_quantity('2')
#2 C:\Users\YKM Bilişim Agent 5\Desktop\alışveriş\vendor\codeigniter4\framework\system\CodeIgniter.php(412): CodeIgniter\CodeIgniter->runController(Object(App\Controllers\cart))
#3 C:\Users\YKM Bilişim Agent 5\Desktop\alışveriş\vendor\codeigniter4\framework\system\CodeIgniter.php(320): CodeIgniter\CodeIgniter->handleRequest(NULL, Object(Config\Cache), false)
#4 C:\Users\YKM Bilişim Agent 5\Desktop\alışveriş\public\index.php(37): CodeIgniter\CodeIgniter->run()
#5 C:\Users\YKM Bilişim Agent 5\Desktop\alışveriş\vendor\codeigniter4\framework\system\Commands\Server\rewrite.php(43): require_once('C:\\Users\\YKM Bi...')
#6 {main}
CRITICAL - 2022-03-03 04:54:03 --> Undefined variable $_SESSION
#0 C:\Users\YKM Bilişim Agent 5\Desktop\alışveriş\app\Controllers\cart.php(14): CodeIgniter\Debug\Exceptions->errorHandler(2, 'Undefined varia...', 'C:\\Users\\YKM Bi...', 14)
#1 C:\Users\YKM Bilişim Agent 5\Desktop\alışveriş\vendor\codeigniter4\framework\system\CodeIgniter.php(825): App\Controllers\cart->increase_quantity('2')
#2 C:\Users\YKM Bilişim Agent 5\Desktop\alışveriş\vendor\codeigniter4\framework\system\CodeIgniter.php(412): CodeIgniter\CodeIgniter->runController(Object(App\Controllers\cart))
#3 C:\Users\YKM Bilişim Agent 5\Desktop\alışveriş\vendor\codeigniter4\framework\system\CodeIgniter.php(320): CodeIgniter\CodeIgniter->handleRequest(NULL, Object(Config\Cache), false)
#4 C:\Users\YKM Bilişim Agent 5\Desktop\alışveriş\public\index.php(37): CodeIgniter\CodeIgniter->run()
#5 C:\Users\YKM Bilişim Agent 5\Desktop\alışveriş\vendor\codeigniter4\framework\system\Commands\Server\rewrite.php(43): require_once('C:\\Users\\YKM Bi...')
#6 {main}
CRITICAL - 2022-03-03 05:19:18 --> Undefined array key "value"
#0 C:\Users\YKM Bilişim Agent 5\Desktop\alışveriş\app\Controllers\cart.php(13): CodeIgniter\Debug\Exceptions->errorHandler(2, 'Undefined array...', 'C:\\Users\\YKM Bi...', 13)
#1 C:\Users\YKM Bilişim Agent 5\Desktop\alışveriş\vendor\codeigniter4\framework\system\CodeIgniter.php(825): App\Controllers\cart->increase_quantity('2')
#2 C:\Users\YKM Bilişim Agent 5\Desktop\alışveriş\vendor\codeigniter4\framework\system\CodeIgniter.php(412): CodeIgniter\CodeIgniter->runController(Object(App\Controllers\cart))
#3 C:\Users\YKM Bilişim Agent 5\Desktop\alışveriş\vendor\codeigniter4\framework\system\CodeIgniter.php(320): CodeIgniter\CodeIgniter->handleRequest(NULL, Object(Config\Cache), false)
#4 C:\Users\YKM Bilişim Agent 5\Desktop\alışveriş\public\index.php(37): CodeIgniter\CodeIgniter->run()
#5 C:\Users\YKM Bilişim Agent 5\Desktop\alışveriş\vendor\codeigniter4\framework\system\Commands\Server\rewrite.php(43): require_once('C:\\Users\\YKM Bi...')
#6 {main}
CRITICAL - 2022-03-03 05:43:26 --> Undefined variable $_SESSION
#0 C:\Users\YKM Bilişim Agent 5\Desktop\alışveriş\app\Controllers\cart.php(17): CodeIgniter\Debug\Exceptions->errorHandler(2, 'Undefined varia...', 'C:\\Users\\YKM Bi...', 17)
#1 C:\Users\YKM Bilişim Agent 5\Desktop\alışveriş\vendor\codeigniter4\framework\system\CodeIgniter.php(825): App\Controllers\cart->increase_quantity('2', '1')
#2 C:\Users\YKM Bilişim Agent 5\Desktop\alışveriş\vendor\codeigniter4\framework\system\CodeIgniter.php(412): CodeIgniter\CodeIgniter->runController(Object(App\Controllers\cart))
#3 C:\Users\YKM Bilişim Agent 5\Desktop\alışveriş\vendor\codeigniter4\framework\system\CodeIgniter.php(320): CodeIgniter\CodeIgniter->handleRequest(NULL, Object(Config\Cache), false)
#4 C:\Users\YKM Bilişim Agent 5\Desktop\alışveriş\public\index.php(37): CodeIgniter\CodeIgniter->run()
#5 C:\Users\YKM Bilişim Agent 5\Desktop\alışveriş\vendor\codeigniter4\framework\system\Commands\Server\rewrite.php(43): require_once('C:\\Users\\YKM Bi...')
#6 {main}
CRITICAL - 2022-03-03 05:43:43 --> Undefined variable $_SESSION
#0 C:\Users\YKM Bilişim Agent 5\Desktop\alışveriş\app\Controllers\cart.php(17): CodeIgniter\Debug\Exceptions->errorHandler(2, 'Undefined varia...', 'C:\\Users\\YKM Bi...', 17)
#1 C:\Users\YKM Bilişim Agent 5\Desktop\alışveriş\vendor\codeigniter4\framework\system\CodeIgniter.php(825): App\Controllers\cart->increase_quantity('2', '2')
#2 C:\Users\YKM Bilişim Agent 5\Desktop\alışveriş\vendor\codeigniter4\framework\system\CodeIgniter.php(412): CodeIgniter\CodeIgniter->runController(Object(App\Controllers\cart))
#3 C:\Users\YKM Bilişim Agent 5\Desktop\alışveriş\vendor\codeigniter4\framework\system\CodeIgniter.php(320): CodeIgniter\CodeIgniter->handleRequest(NULL, Object(Config\Cache), false)
#4 C:\Users\YKM Bilişim Agent 5\Desktop\alışveriş\public\index.php(37): CodeIgniter\CodeIgniter->run()
#5 C:\Users\YKM Bilişim Agent 5\Desktop\alışveriş\vendor\codeigniter4\framework\system\Commands\Server\rewrite.php(43): require_once('C:\\Users\\YKM Bi...')
#6 {main}
CRITICAL - 2022-03-03 05:44:24 --> Undefined variable $_SESSION
#0 C:\Users\YKM Bilişim Agent 5\Desktop\alışveriş\app\Controllers\cart.php(15): CodeIgniter\Debug\Exceptions->errorHandler(2, 'Undefined varia...', 'C:\\Users\\YKM Bi...', 15)
#1 C:\Users\YKM Bilişim Agent 5\Desktop\alışveriş\vendor\codeigniter4\framework\system\CodeIgniter.php(825): App\Controllers\cart->increase_quantity('2', '2')
#2 C:\Users\YKM Bilişim Agent 5\Desktop\alışveriş\vendor\codeigniter4\framework\system\CodeIgniter.php(412): CodeIgniter\CodeIgniter->runController(Object(App\Controllers\cart))
#3 C:\Users\YKM Bilişim Agent 5\Desktop\alışveriş\vendor\codeigniter4\framework\system\CodeIgniter.php(320): CodeIgniter\CodeIgniter->handleRequest(NULL, Object(Config\Cache), false)
#4 C:\Users\YKM Bilişim Agent 5\Desktop\alışveriş\public\index.php(37): CodeIgniter\CodeIgniter->run()
#5 C:\Users\YKM Bilişim Agent 5\Desktop\alışveriş\vendor\codeigniter4\framework\system\Commands\Server\rewrite.php(43): require_once('C:\\Users\\YKM Bi...')
#6 {main}
CRITICAL - 2022-03-03 05:44:25 --> Undefined variable $_SESSION
#0 C:\Users\YKM Bilişim Agent 5\Desktop\alışveriş\app\Controllers\cart.php(15): CodeIgniter\Debug\Exceptions->errorHandler(2, 'Undefined varia...', 'C:\\Users\\YKM Bi...', 15)
#1 C:\Users\YKM Bilişim Agent 5\Desktop\alışveriş\vendor\codeigniter4\framework\system\CodeIgniter.php(825): App\Controllers\cart->increase_quantity('2', '2')
#2 C:\Users\YKM Bilişim Agent 5\Desktop\alışveriş\vendor\codeigniter4\framework\system\CodeIgniter.php(412): CodeIgniter\CodeIgniter->runController(Object(App\Controllers\cart))
#3 C:\Users\YKM Bilişim Agent 5\Desktop\alışveriş\vendor\codeigniter4\framework\system\CodeIgniter.php(320): CodeIgniter\CodeIgniter->handleRequest(NULL, Object(Config\Cache), false)
#4 C:\Users\YKM Bilişim Agent 5\Desktop\alışveriş\public\index.php(37): CodeIgniter\CodeIgniter->run()
#5 C:\Users\YKM Bilişim Agent 5\Desktop\alışveriş\vendor\codeigniter4\framework\system\Commands\Server\rewrite.php(43): require_once('C:\\Users\\YKM Bi...')
#6 {main}
CRITICAL - 2022-03-03 05:44:33 --> Undefined variable $_SESSION
#0 C:\Users\YKM Bilişim Agent 5\Desktop\alışveriş\app\Controllers\cart.php(15): CodeIgniter\Debug\Exceptions->errorHandler(2, 'Undefined varia...', 'C:\\Users\\YKM Bi...', 15)
#1 C:\Users\YKM Bilişim Agent 5\Desktop\alışveriş\vendor\codeigniter4\framework\system\CodeIgniter.php(825): App\Controllers\cart->increase_quantity('2', '2')
#2 C:\Users\YKM Bilişim Agent 5\Desktop\alışveriş\vendor\codeigniter4\framework\system\CodeIgniter.php(412): CodeIgniter\CodeIgniter->runController(Object(App\Controllers\cart))
#3 C:\Users\YKM Bilişim Agent 5\Desktop\alışveriş\vendor\codeigniter4\framework\system\CodeIgniter.php(320): CodeIgniter\CodeIgniter->handleRequest(NULL, Object(Config\Cache), false)
#4 C:\Users\YKM Bilişim Agent 5\Desktop\alışveriş\public\index.php(37): CodeIgniter\CodeIgniter->run()
#5 C:\Users\YKM Bilişim Agent 5\Desktop\alışveriş\vendor\codeigniter4\framework\system\Commands\Server\rewrite.php(43): require_once('C:\\Users\\YKM Bi...')
#6 {main}
CRITICAL - 2022-03-03 05:44:34 --> Undefined variable $_SESSION
#0 C:\Users\YKM Bilişim Agent 5\Desktop\alışveriş\app\Controllers\cart.php(15): CodeIgniter\Debug\Exceptions->errorHandler(2, 'Undefined varia...', 'C:\\Users\\YKM Bi...', 15)
#1 C:\Users\YKM Bilişim Agent 5\Desktop\alışveriş\vendor\codeigniter4\framework\system\CodeIgniter.php(825): App\Controllers\cart->increase_quantity('2', '2')
#2 C:\Users\YKM Bilişim Agent 5\Desktop\alışveriş\vendor\codeigniter4\framework\system\CodeIgniter.php(412): CodeIgniter\CodeIgniter->runController(Object(App\Controllers\cart))
#3 C:\Users\YKM Bilişim Agent 5\Desktop\alışveriş\vendor\codeigniter4\framework\system\CodeIgniter.php(320): CodeIgniter\CodeIgniter->handleRequest(NULL, Object(Config\Cache), false)
#4 C:\Users\YKM Bilişim Agent 5\Desktop\alışveriş\public\index.php(37): CodeIgniter\CodeIgniter->run()
#5 C:\Users\YKM Bilişim Agent 5\Desktop\alışveriş\vendor\codeigniter4\framework\system\Commands\Server\rewrite.php(43): require_once('C:\\Users\\YKM Bi...')
#6 {main}
CRITICAL - 2022-03-03 05:44:34 --> Undefined variable $_SESSION
#0 C:\Users\YKM Bilişim Agent 5\Desktop\alışveriş\app\Controllers\cart.php(15): CodeIgniter\Debug\Exceptions->errorHandler(2, 'Undefined varia...', 'C:\\Users\\YKM Bi...', 15)
#1 C:\Users\YKM Bilişim Agent 5\Desktop\alışveriş\vendor\codeigniter4\framework\system\CodeIgniter.php(825): App\Controllers\cart->increase_quantity('2', '2')
#2 C:\Users\YKM Bilişim Agent 5\Desktop\alışveriş\vendor\codeigniter4\framework\system\CodeIgniter.php(412): CodeIgniter\CodeIgniter->runController(Object(App\Controllers\cart))
#3 C:\Users\YKM Bilişim Agent 5\Desktop\alışveriş\vendor\codeigniter4\framework\system\CodeIgniter.php(320): CodeIgniter\CodeIgniter->handleRequest(NULL, Object(Config\Cache), false)
#4 C:\Users\YKM Bilişim Agent 5\Desktop\alışveriş\public\index.php(37): CodeIgniter\CodeIgniter->run()
#5 C:\Users\YKM Bilişim Agent 5\Desktop\alışveriş\vendor\codeigniter4\framework\system\Commands\Server\rewrite.php(43): require_once('C:\\Users\\YKM Bi...')
#6 {main}
CRITICAL - 2022-03-03 05:45:04 --> Undefined variable $_SESSION
#0 C:\Users\YKM Bilişim Agent 5\Desktop\alışveriş\app\Controllers\cart.php(15): CodeIgniter\Debug\Exceptions->errorHandler(2, 'Undefined varia...', 'C:\\Users\\YKM Bi...', 15)
#1 C:\Users\YKM Bilişim Agent 5\Desktop\alışveriş\vendor\codeigniter4\framework\system\CodeIgniter.php(825): App\Controllers\cart->increase_quantity('2', '2')
#2 C:\Users\YKM Bilişim Agent 5\Desktop\alışveriş\vendor\codeigniter4\framework\system\CodeIgniter.php(412): CodeIgniter\CodeIgniter->runController(Object(App\Controllers\cart))
#3 C:\Users\YKM Bilişim Agent 5\Desktop\alışveriş\vendor\codeigniter4\framework\system\CodeIgniter.php(320): CodeIgniter\CodeIgniter->handleRequest(NULL, Object(Config\Cache), false)
#4 C:\Users\YKM Bilişim Agent 5\Desktop\alışveriş\public\index.php(37): CodeIgniter\CodeIgniter->run()
#5 C:\Users\YKM Bilişim Agent 5\Desktop\alışveriş\vendor\codeigniter4\framework\system\Commands\Server\rewrite.php(43): require_once('C:\\Users\\YKM Bi...')
#6 {main}
CRITICAL - 2022-03-03 05:45:15 --> Undefined variable $_SESSION
#0 C:\Users\YKM Bilişim Agent 5\Desktop\alışveriş\app\Controllers\cart.php(15): CodeIgniter\Debug\Exceptions->errorHandler(2, 'Undefined varia...', 'C:\\Users\\YKM Bi...', 15)
#1 C:\Users\YKM Bilişim Agent 5\Desktop\alışveriş\vendor\codeigniter4\framework\system\CodeIgniter.php(825): App\Controllers\cart->increase_quantity('2', '2')
#2 C:\Users\YKM Bilişim Agent 5\Desktop\alışveriş\vendor\codeigniter4\framework\system\CodeIgniter.php(412): CodeIgniter\CodeIgniter->runController(Object(App\Controllers\cart))
#3 C:\Users\YKM Bilişim Agent 5\Desktop\alışveriş\vendor\codeigniter4\framework\system\CodeIgniter.php(320): CodeIgniter\CodeIgniter->handleRequest(NULL, Object(Config\Cache), false)
#4 C:\Users\YKM Bilişim Agent 5\Desktop\alışveriş\public\index.php(37): CodeIgniter\CodeIgniter->run()
#5 C:\Users\YKM Bilişim Agent 5\Desktop\alışveriş\vendor\codeigniter4\framework\system\Commands\Server\rewrite.php(43): require_once('C:\\Users\\YKM Bi...')
#6 {main}
CRITICAL - 2022-03-03 05:45:36 --> Undefined variable $_SESSION
#0 C:\Users\YKM Bilişim Agent 5\Desktop\alışveriş\app\Controllers\cart.php(15): CodeIgniter\Debug\Exceptions->errorHandler(2, 'Undefined varia...', 'C:\\Users\\YKM Bi...', 15)
#1 C:\Users\YKM Bilişim Agent 5\Desktop\alışveriş\vendor\codeigniter4\framework\system\CodeIgniter.php(825): App\Controllers\cart->increase_quantity('2', '2')
#2 C:\Users\YKM Bilişim Agent 5\Desktop\alışveriş\vendor\codeigniter4\framework\system\CodeIgniter.php(412): CodeIgniter\CodeIgniter->runController(Object(App\Controllers\cart))
#3 C:\Users\YKM Bilişim Agent 5\Desktop\alışveriş\vendor\codeigniter4\framework\system\CodeIgniter.php(320): CodeIgniter\CodeIgniter->handleRequest(NULL, Object(Config\Cache), false)
#4 C:\Users\YKM Bilişim Agent 5\Desktop\alışveriş\public\index.php(37): CodeIgniter\CodeIgniter->run()
#5 C:\Users\YKM Bilişim Agent 5\Desktop\alışveriş\vendor\codeigniter4\framework\system\Commands\Server\rewrite.php(43): require_once('C:\\Users\\YKM Bi...')
#6 {main}
CRITICAL - 2022-03-03 05:45:43 --> Undefined variable $_SESSION
#0 C:\Users\YKM Bilişim Agent 5\Desktop\alışveriş\app\Controllers\cart.php(15): CodeIgniter\Debug\Exceptions->errorHandler(2, 'Undefined varia...', 'C:\\Users\\YKM Bi...', 15)
#1 C:\Users\YKM Bilişim Agent 5\Desktop\alışveriş\vendor\codeigniter4\framework\system\CodeIgniter.php(825): App\Controllers\cart->increase_quantity('2', '2')
#2 C:\Users\YKM Bilişim Agent 5\Desktop\alışveriş\vendor\codeigniter4\framework\system\CodeIgniter.php(412): CodeIgniter\CodeIgniter->runController(Object(App\Controllers\cart))
#3 C:\Users\YKM Bilişim Agent 5\Desktop\alışveriş\vendor\codeigniter4\framework\system\CodeIgniter.php(320): CodeIgniter\CodeIgniter->handleRequest(NULL, Object(Config\Cache), false)
#4 C:\Users\YKM Bilişim Agent 5\Desktop\alışveriş\public\index.php(37): CodeIgniter\CodeIgniter->run()
#5 C:\Users\YKM Bilişim Agent 5\Desktop\alışveriş\vendor\codeigniter4\framework\system\Commands\Server\rewrite.php(43): require_once('C:\\Users\\YKM Bi...')
#6 {main}
CRITICAL - 2022-03-03 05:46:02 --> Undefined variable $customer_id
#0 C:\Users\YKM Bilişim Agent 5\Desktop\alışveriş\app\Controllers\cart.php(17): CodeIgniter\Debug\Exceptions->errorHandler(2, 'Undefined varia...', 'C:\\Users\\YKM Bi...', 17)
#1 C:\Users\YKM Bilişim Agent 5\Desktop\alışveriş\vendor\codeigniter4\framework\system\CodeIgniter.php(825): App\Controllers\cart->increase_quantity('2', '2')
#2 C:\Users\YKM Bilişim Agent 5\Desktop\alışveriş\vendor\codeigniter4\framework\system\CodeIgniter.php(412): CodeIgniter\CodeIgniter->runController(Object(App\Controllers\cart))
#3 C:\Users\YKM Bilişim Agent 5\Desktop\alışveriş\vendor\codeigniter4\framework\system\CodeIgniter.php(320): CodeIgniter\CodeIgniter->handleRequest(NULL, Object(Config\Cache), false)
#4 C:\Users\YKM Bilişim Agent 5\Desktop\alışveriş\public\index.php(37): CodeIgniter\CodeIgniter->run()
#5 C:\Users\YKM Bilişim Agent 5\Desktop\alışveriş\vendor\codeigniter4\framework\system\Commands\Server\rewrite.php(43): require_once('C:\\Users\\YKM Bi...')
#6 {main}
CRITICAL - 2022-03-03 05:46:04 --> Undefined variable $customer_id
#0 C:\Users\YKM Bilişim Agent 5\Desktop\alışveriş\app\Controllers\cart.php(17): CodeIgniter\Debug\Exceptions->errorHandler(2, 'Undefined varia...', 'C:\\Users\\YKM Bi...', 17)
#1 C:\Users\YKM Bilişim Agent 5\Desktop\alışveriş\vendor\codeigniter4\framework\system\CodeIgniter.php(825): App\Controllers\cart->increase_quantity('2', '2')
#2 C:\Users\YKM Bilişim Agent 5\Desktop\alışveriş\vendor\codeigniter4\framework\system\CodeIgniter.php(412): CodeIgniter\CodeIgniter->runController(Object(App\Controllers\cart))
#3 C:\Users\YKM Bilişim Agent 5\Desktop\alışveriş\vendor\codeigniter4\framework\system\CodeIgniter.php(320): CodeIgniter\CodeIgniter->handleRequest(NULL, Object(Config\Cache), false)
#4 C:\Users\YKM Bilişim Agent 5\Desktop\alışveriş\public\index.php(37): CodeIgniter\CodeIgniter->run()
#5 C:\Users\YKM Bilişim Agent 5\Desktop\alışveriş\vendor\codeigniter4\framework\system\Commands\Server\rewrite.php(43): require_once('C:\\Users\\YKM Bi...')
#6 {main}
