CRITICAL - 2022-02-28 11:18:23 --> Undefined array key 0
#0 C:\Users\efe20\Desktop\alışveriş\app\Views\shop\wishlist.php(62): CodeIgniter\Debug\Exceptions->errorHandler(2, 'Undefined array...', 'C:\\Users\\efe20\\...', 62)
#1 C:\Users\efe20\Desktop\alışveriş\vendor\codeigniter4\framework\system\View\View.php(210): include('C:\\Users\\efe20\\...')
#2 C:\Users\efe20\Desktop\alışveriş\vendor\codeigniter4\framework\system\View\View.php(213): CodeIgniter\View\View->CodeIgniter\View\{closure}()
#3 C:\Users\efe20\Desktop\alışveriş\vendor\codeigniter4\framework\system\Common.php(1089): CodeIgniter\View\View->render('shop/wishlist', Array, true)
#4 C:\Users\efe20\Desktop\alışveriş\app\Controllers\Home.php(120): view('shop/wishlist', Array)
#5 C:\Users\efe20\Desktop\alışveriş\vendor\codeigniter4\framework\system\CodeIgniter.php(825): App\Controllers\Home->wishlist()
#6 C:\Users\efe20\Desktop\alışveriş\vendor\codeigniter4\framework\system\CodeIgniter.php(412): CodeIgniter\CodeIgniter->runController(Object(App\Controllers\Home))
#7 C:\Users\efe20\Desktop\alışveriş\vendor\codeigniter4\framework\system\CodeIgniter.php(320): CodeIgniter\CodeIgniter->handleRequest(NULL, Object(Config\Cache), false)
#8 C:\Users\efe20\Desktop\alışveriş\public\index.php(37): CodeIgniter\CodeIgniter->run()
#9 C:\Users\efe20\Desktop\alışveriş\vendor\codeigniter4\framework\system\Commands\Server\rewrite.php(43): require_once('C:\\Users\\efe20\\...')
#10 {main}
ERROR - 2022-02-28 11:22:00 --> Table 'ecommerce2.product_color' doesn't exist
CRITICAL - 2022-02-28 11:22:00 --> Table 'ecommerce2.product_color' doesn't exist
#0 C:\Users\efe20\Desktop\alışveriş\vendor\codeigniter4\framework\system\Database\MySQLi\Connection.php(292): mysqli->query('SELECT color FR...', 0)
#1 C:\Users\efe20\Desktop\alışveriş\vendor\codeigniter4\framework\system\Database\BaseConnection.php(670): CodeIgniter\Database\MySQLi\Connection->execute('SELECT color FR...')
#2 C:\Users\efe20\Desktop\alışveriş\vendor\codeigniter4\framework\system\Database\BaseConnection.php(598): CodeIgniter\Database\BaseConnection->simpleQuery('SELECT color FR...')
#3 C:\Users\efe20\Desktop\alışveriş\app\Controllers\Home.php(118): CodeIgniter\Database\BaseConnection->query('SELECT color FR...')
#4 C:\Users\efe20\Desktop\alışveriş\vendor\codeigniter4\framework\system\CodeIgniter.php(825): App\Controllers\Home->wishlist()
#5 C:\Users\efe20\Desktop\alışveriş\vendor\codeigniter4\framework\system\CodeIgniter.php(412): CodeIgniter\CodeIgniter->runController(Object(App\Controllers\Home))
#6 C:\Users\efe20\Desktop\alışveriş\vendor\codeigniter4\framework\system\CodeIgniter.php(320): CodeIgniter\CodeIgniter->handleRequest(NULL, Object(Config\Cache), false)
#7 C:\Users\efe20\Desktop\alışveriş\public\index.php(37): CodeIgniter\CodeIgniter->run()
#8 C:\Users\efe20\Desktop\alışveriş\vendor\codeigniter4\framework\system\Commands\Server\rewrite.php(43): require_once('C:\\Users\\efe20\\...')
#9 {main}
ERROR - 2022-02-28 11:22:17 --> Table 'ecommerce2.product_color' doesn't exist
CRITICAL - 2022-02-28 11:22:17 --> Table 'ecommerce2.product_color' doesn't exist
#0 C:\Users\efe20\Desktop\alışveriş\vendor\codeigniter4\framework\system\Database\MySQLi\Connection.php(292): mysqli->query('SELECT color FR...', 0)
#1 C:\Users\efe20\Desktop\alışveriş\vendor\codeigniter4\framework\system\Database\BaseConnection.php(670): CodeIgniter\Database\MySQLi\Connection->execute('SELECT color FR...')
#2 C:\Users\efe20\Desktop\alışveriş\vendor\codeigniter4\framework\system\Database\BaseConnection.php(598): CodeIgniter\Database\BaseConnection->simpleQuery('SELECT color FR...')
#3 C:\Users\efe20\Desktop\alışveriş\app\Controllers\Home.php(118): CodeIgniter\Database\BaseConnection->query('SELECT color FR...')
#4 C:\Users\efe20\Desktop\alışveriş\vendor\codeigniter4\framework\system\CodeIgniter.php(825): App\Controllers\Home->wishlist()
#5 C:\Users\efe20\Desktop\alışveriş\vendor\codeigniter4\framework\system\CodeIgniter.php(412): CodeIgniter\CodeIgniter->runController(Object(App\Controllers\Home))
#6 C:\Users\efe20\Desktop\alışveriş\vendor\codeigniter4\framework\system\CodeIgniter.php(320): CodeIgniter\CodeIgniter->handleRequest(NULL, Object(Config\Cache), false)
#7 C:\Users\efe20\Desktop\alışveriş\public\index.php(37): CodeIgniter\CodeIgniter->run()
#8 C:\Users\efe20\Desktop\alışveriş\vendor\codeigniter4\framework\system\Commands\Server\rewrite.php(43): require_once('C:\\Users\\efe20\\...')
#9 {main}
CRITICAL - 2022-02-28 11:22:29 --> Object of class CodeIgniter\Database\MySQLi\Result could not be converted to string
#0 C:\Users\efe20\Desktop\alışveriş\vendor\codeigniter4\framework\system\View\View.php(210): include()
#1 C:\Users\efe20\Desktop\alışveriş\vendor\codeigniter4\framework\system\View\View.php(213): CodeIgniter\View\View->CodeIgniter\View\{closure}()
#2 C:\Users\efe20\Desktop\alışveriş\vendor\codeigniter4\framework\system\Common.php(1089): CodeIgniter\View\View->render('shop/wishlist', Array, true)
#3 C:\Users\efe20\Desktop\alışveriş\app\Controllers\Home.php(123): view('shop/wishlist', Array)
#4 C:\Users\efe20\Desktop\alışveriş\vendor\codeigniter4\framework\system\CodeIgniter.php(825): App\Controllers\Home->wishlist()
#5 C:\Users\efe20\Desktop\alışveriş\vendor\codeigniter4\framework\system\CodeIgniter.php(412): CodeIgniter\CodeIgniter->runController(Object(App\Controllers\Home))
#6 C:\Users\efe20\Desktop\alışveriş\vendor\codeigniter4\framework\system\CodeIgniter.php(320): CodeIgniter\CodeIgniter->handleRequest(NULL, Object(Config\Cache), false)
#7 C:\Users\efe20\Desktop\alışveriş\public\index.php(37): CodeIgniter\CodeIgniter->run()
#8 C:\Users\efe20\Desktop\alışveriş\vendor\codeigniter4\framework\system\Commands\Server\rewrite.php(43): require_once('C:\\Users\\efe20\\...')
#9 {main}
CRITICAL - 2022-02-28 11:22:38 --> Cannot use object of type CodeIgniter\Database\MySQLi\Result as array
#0 C:\Users\efe20\Desktop\alışveriş\vendor\codeigniter4\framework\system\CodeIgniter.php(825): App\Controllers\Home->wishlist()
#1 C:\Users\efe20\Desktop\alışveriş\vendor\codeigniter4\framework\system\CodeIgniter.php(412): CodeIgniter\CodeIgniter->runController(Object(App\Controllers\Home))
#2 C:\Users\efe20\Desktop\alışveriş\vendor\codeigniter4\framework\system\CodeIgniter.php(320): CodeIgniter\CodeIgniter->handleRequest(NULL, Object(Config\Cache), false)
#3 C:\Users\efe20\Desktop\alışveriş\public\index.php(37): CodeIgniter\CodeIgniter->run()
#4 C:\Users\efe20\Desktop\alışveriş\vendor\codeigniter4\framework\system\Commands\Server\rewrite.php(43): require_once('C:\\Users\\efe20\\...')
#5 {main}
CRITICAL - 2022-02-28 11:23:32 --> Array to string conversion
#0 C:\Users\efe20\Desktop\alışveriş\app\Views\shop\wishlist.php(62): CodeIgniter\Debug\Exceptions->errorHandler(2, 'Array to string...', 'C:\\Users\\efe20\\...', 62)
#1 C:\Users\efe20\Desktop\alışveriş\vendor\codeigniter4\framework\system\View\View.php(210): include('C:\\Users\\efe20\\...')
#2 C:\Users\efe20\Desktop\alışveriş\vendor\codeigniter4\framework\system\View\View.php(213): CodeIgniter\View\View->CodeIgniter\View\{closure}()
#3 C:\Users\efe20\Desktop\alışveriş\vendor\codeigniter4\framework\system\Common.php(1089): CodeIgniter\View\View->render('shop/wishlist', Array, true)
#4 C:\Users\efe20\Desktop\alışveriş\app\Controllers\Home.php(123): view('shop/wishlist', Array)
#5 C:\Users\efe20\Desktop\alışveriş\vendor\codeigniter4\framework\system\CodeIgniter.php(825): App\Controllers\Home->wishlist()
#6 C:\Users\efe20\Desktop\alışveriş\vendor\codeigniter4\framework\system\CodeIgniter.php(412): CodeIgniter\CodeIgniter->runController(Object(App\Controllers\Home))
#7 C:\Users\efe20\Desktop\alışveriş\vendor\codeigniter4\framework\system\CodeIgniter.php(320): CodeIgniter\CodeIgniter->handleRequest(NULL, Object(Config\Cache), false)
#8 C:\Users\efe20\Desktop\alışveriş\public\index.php(37): CodeIgniter\CodeIgniter->run()
#9 C:\Users\efe20\Desktop\alışveriş\vendor\codeigniter4\framework\system\Commands\Server\rewrite.php(43): require_once('C:\\Users\\efe20\\...')
#10 {main}
CRITICAL - 2022-02-28 11:24:48 --> Undefined array key "color"
#0 C:\Users\efe20\Desktop\alışveriş\app\Controllers\Home.php(119): CodeIgniter\Debug\Exceptions->errorHandler(2, 'Undefined array...', 'C:\\Users\\efe20\\...', 119)
#1 C:\Users\efe20\Desktop\alışveriş\vendor\codeigniter4\framework\system\CodeIgniter.php(825): App\Controllers\Home->wishlist()
#2 C:\Users\efe20\Desktop\alışveriş\vendor\codeigniter4\framework\system\CodeIgniter.php(412): CodeIgniter\CodeIgniter->runController(Object(App\Controllers\Home))
#3 C:\Users\efe20\Desktop\alışveriş\vendor\codeigniter4\framework\system\CodeIgniter.php(320): CodeIgniter\CodeIgniter->handleRequest(NULL, Object(Config\Cache), false)
#4 C:\Users\efe20\Desktop\alışveriş\public\index.php(37): CodeIgniter\CodeIgniter->run()
#5 C:\Users\efe20\Desktop\alışveriş\vendor\codeigniter4\framework\system\Commands\Server\rewrite.php(43): require_once('C:\\Users\\efe20\\...')
#6 {main}
CRITICAL - 2022-02-28 11:24:50 --> Undefined array key "color"
#0 C:\Users\efe20\Desktop\alışveriş\app\Controllers\Home.php(119): CodeIgniter\Debug\Exceptions->errorHandler(2, 'Undefined array...', 'C:\\Users\\efe20\\...', 119)
#1 C:\Users\efe20\Desktop\alışveriş\vendor\codeigniter4\framework\system\CodeIgniter.php(825): App\Controllers\Home->wishlist()
#2 C:\Users\efe20\Desktop\alışveriş\vendor\codeigniter4\framework\system\CodeIgniter.php(412): CodeIgniter\CodeIgniter->runController(Object(App\Controllers\Home))
#3 C:\Users\efe20\Desktop\alışveriş\vendor\codeigniter4\framework\system\CodeIgniter.php(320): CodeIgniter\CodeIgniter->handleRequest(NULL, Object(Config\Cache), false)
#4 C:\Users\efe20\Desktop\alışveriş\public\index.php(37): CodeIgniter\CodeIgniter->run()
#5 C:\Users\efe20\Desktop\alışveriş\vendor\codeigniter4\framework\system\Commands\Server\rewrite.php(43): require_once('C:\\Users\\efe20\\...')
#6 {main}
