CRITICAL - 2022-05-06 02:50:25 --> Call to a member function move() on null
#0 C:\Users\YKM Bilişim Agent 5\Desktop\alışveriş\vendor\codeigniter4\framework\system\CodeIgniter.php(832): App\Controllers\Admin\Products->product_images('1')
#1 C:\Users\YKM Bilişim Agent 5\Desktop\alışveriş\vendor\codeigniter4\framework\system\CodeIgniter.php(419): CodeIgniter\CodeIgniter->runController(Object(App\Controllers\Admin\Products))
#2 C:\Users\YKM Bilişim Agent 5\Desktop\alışveriş\vendor\codeigniter4\framework\system\CodeIgniter.php(326): CodeIgniter\CodeIgniter->handleRequest(NULL, Object(Config\Cache), false)
#3 C:\Users\YKM Bilişim Agent 5\Desktop\alışveriş\public\index.php(37): CodeIgniter\CodeIgniter->run()
#4 C:\Users\YKM Bilişim Agent 5\Desktop\alışveriş\vendor\codeigniter4\framework\system\Commands\Server\rewrite.php(43): require_once('C:\\Users\\YKM Bi...')
#5 {main}
CRITICAL - 2022-05-06 05:13:05 --> Cannot access offset of type string on string
#0 C:\Users\YKM Bilişim Agent 5\Desktop\alışveriş\vendor\codeigniter4\framework\system\CodeIgniter.php(832): App\Controllers\Admin\Products->product_images('1')
#1 C:\Users\YKM Bilişim Agent 5\Desktop\alışveriş\vendor\codeigniter4\framework\system\CodeIgniter.php(419): CodeIgniter\CodeIgniter->runController(Object(App\Controllers\Admin\Products))
#2 C:\Users\YKM Bilişim Agent 5\Desktop\alışveriş\vendor\codeigniter4\framework\system\CodeIgniter.php(326): CodeIgniter\CodeIgniter->handleRequest(NULL, Object(Config\Cache), false)
#3 C:\Users\YKM Bilişim Agent 5\Desktop\alışveriş\public\index.php(37): CodeIgniter\CodeIgniter->run()
#4 C:\Users\YKM Bilişim Agent 5\Desktop\alışveriş\vendor\codeigniter4\framework\system\Commands\Server\rewrite.php(43): require_once('C:\\Users\\YKM Bi...')
#5 {main}
CRITICAL - 2022-05-06 05:13:48 --> Cannot access offset of type string on string
#0 C:\Users\YKM Bilişim Agent 5\Desktop\alışveriş\vendor\codeigniter4\framework\system\CodeIgniter.php(832): App\Controllers\Admin\Products->product_images('1')
#1 C:\Users\YKM Bilişim Agent 5\Desktop\alışveriş\vendor\codeigniter4\framework\system\CodeIgniter.php(419): CodeIgniter\CodeIgniter->runController(Object(App\Controllers\Admin\Products))
#2 C:\Users\YKM Bilişim Agent 5\Desktop\alışveriş\vendor\codeigniter4\framework\system\CodeIgniter.php(326): CodeIgniter\CodeIgniter->handleRequest(NULL, Object(Config\Cache), false)
#3 C:\Users\YKM Bilişim Agent 5\Desktop\alışveriş\public\index.php(37): CodeIgniter\CodeIgniter->run()
#4 C:\Users\YKM Bilişim Agent 5\Desktop\alışveriş\vendor\codeigniter4\framework\system\Commands\Server\rewrite.php(43): require_once('C:\\Users\\YKM Bi...')
#5 {main}
CRITICAL - 2022-05-06 05:14:31 --> Cannot access offset of type string on string
#0 C:\Users\YKM Bilişim Agent 5\Desktop\alışveriş\vendor\codeigniter4\framework\system\CodeIgniter.php(832): App\Controllers\Admin\Products->product_images('1')
#1 C:\Users\YKM Bilişim Agent 5\Desktop\alışveriş\vendor\codeigniter4\framework\system\CodeIgniter.php(419): CodeIgniter\CodeIgniter->runController(Object(App\Controllers\Admin\Products))
#2 C:\Users\YKM Bilişim Agent 5\Desktop\alışveriş\vendor\codeigniter4\framework\system\CodeIgniter.php(326): CodeIgniter\CodeIgniter->handleRequest(NULL, Object(Config\Cache), false)
#3 C:\Users\YKM Bilişim Agent 5\Desktop\alışveriş\public\index.php(37): CodeIgniter\CodeIgniter->run()
#4 C:\Users\YKM Bilişim Agent 5\Desktop\alışveriş\vendor\codeigniter4\framework\system\Commands\Server\rewrite.php(43): require_once('C:\\Users\\YKM Bi...')
#5 {main}
CRITICAL - 2022-05-06 05:16:39 --> Cannot access offset of type string on string
#0 C:\Users\YKM Bilişim Agent 5\Desktop\alışveriş\vendor\codeigniter4\framework\system\CodeIgniter.php(832): App\Controllers\Admin\Products->product_images('1')
#1 C:\Users\YKM Bilişim Agent 5\Desktop\alışveriş\vendor\codeigniter4\framework\system\CodeIgniter.php(419): CodeIgniter\CodeIgniter->runController(Object(App\Controllers\Admin\Products))
#2 C:\Users\YKM Bilişim Agent 5\Desktop\alışveriş\vendor\codeigniter4\framework\system\CodeIgniter.php(326): CodeIgniter\CodeIgniter->handleRequest(NULL, Object(Config\Cache), false)
#3 C:\Users\YKM Bilişim Agent 5\Desktop\alışveriş\public\index.php(37): CodeIgniter\CodeIgniter->run()
#4 C:\Users\YKM Bilişim Agent 5\Desktop\alışveriş\vendor\codeigniter4\framework\system\Commands\Server\rewrite.php(43): require_once('C:\\Users\\YKM Bi...')
#5 {main}
CRITICAL - 2022-05-06 05:19:20 --> mkdir(): Permission denied
#0 [internal function]: CodeIgniter\Debug\Exceptions->errorHandler(2, 'mkdir(): Permis...', 'C:\\Users\\YKM Bi...', 176)
#1 C:\Users\YKM Bilişim Agent 5\Desktop\alışveriş\vendor\codeigniter4\framework\system\HTTP\Files\UploadedFile.php(176): mkdir('C:\\Users\\YKM Bi...', 511, true)
#2 C:\Users\YKM Bilişim Agent 5\Desktop\alışveriş\vendor\codeigniter4\framework\system\HTTP\Files\UploadedFile.php(130): CodeIgniter\HTTP\Files\UploadedFile->setPath('C:\\Users\\YKM Bi...')
#3 C:\Users\YKM Bilişim Agent 5\Desktop\alışveriş\app\Controllers\Admin\Products.php(92): CodeIgniter\HTTP\Files\UploadedFile->move('C:\\Users\\YKM Bi...')
#4 C:\Users\YKM Bilişim Agent 5\Desktop\alışveriş\vendor\codeigniter4\framework\system\CodeIgniter.php(832): App\Controllers\Admin\Products->product_images('3')
#5 C:\Users\YKM Bilişim Agent 5\Desktop\alışveriş\vendor\codeigniter4\framework\system\CodeIgniter.php(419): CodeIgniter\CodeIgniter->runController(Object(App\Controllers\Admin\Products))
#6 C:\Users\YKM Bilişim Agent 5\Desktop\alışveriş\vendor\codeigniter4\framework\system\CodeIgniter.php(326): CodeIgniter\CodeIgniter->handleRequest(NULL, Object(Config\Cache), false)
#7 C:\Users\YKM Bilişim Agent 5\Desktop\alışveriş\public\index.php(37): CodeIgniter\CodeIgniter->run()
#8 C:\Users\YKM Bilişim Agent 5\Desktop\alışveriş\vendor\codeigniter4\framework\system\Commands\Server\rewrite.php(43): require_once('C:\\Users\\YKM Bi...')
#9 {main}
CRITICAL - 2022-05-06 05:19:49 --> mkdir(): Permission denied
#0 [internal function]: CodeIgniter\Debug\Exceptions->errorHandler(2, 'mkdir(): Permis...', 'C:\\Users\\YKM Bi...', 176)
#1 C:\Users\YKM Bilişim Agent 5\Desktop\alışveriş\vendor\codeigniter4\framework\system\HTTP\Files\UploadedFile.php(176): mkdir('C:\\Users\\YKM Bi...', 511, true)
#2 C:\Users\YKM Bilişim Agent 5\Desktop\alışveriş\vendor\codeigniter4\framework\system\HTTP\Files\UploadedFile.php(130): CodeIgniter\HTTP\Files\UploadedFile->setPath('C:\\Users\\YKM Bi...')
#3 C:\Users\YKM Bilişim Agent 5\Desktop\alışveriş\app\Controllers\Admin\Products.php(92): CodeIgniter\HTTP\Files\UploadedFile->move('C:\\Users\\YKM Bi...')
#4 C:\Users\YKM Bilişim Agent 5\Desktop\alışveriş\vendor\codeigniter4\framework\system\CodeIgniter.php(832): App\Controllers\Admin\Products->product_images('3')
#5 C:\Users\YKM Bilişim Agent 5\Desktop\alışveriş\vendor\codeigniter4\framework\system\CodeIgniter.php(419): CodeIgniter\CodeIgniter->runController(Object(App\Controllers\Admin\Products))
#6 C:\Users\YKM Bilişim Agent 5\Desktop\alışveriş\vendor\codeigniter4\framework\system\CodeIgniter.php(326): CodeIgniter\CodeIgniter->handleRequest(NULL, Object(Config\Cache), false)
#7 C:\Users\YKM Bilişim Agent 5\Desktop\alışveriş\public\index.php(37): CodeIgniter\CodeIgniter->run()
#8 C:\Users\YKM Bilişim Agent 5\Desktop\alışveriş\vendor\codeigniter4\framework\system\Commands\Server\rewrite.php(43): require_once('C:\\Users\\YKM Bi...')
#9 {main}
CRITICAL - 2022-05-06 05:19:58 --> mkdir(): Permission denied
#0 [internal function]: CodeIgniter\Debug\Exceptions->errorHandler(2, 'mkdir(): Permis...', 'C:\\Users\\YKM Bi...', 176)
#1 C:\Users\YKM Bilişim Agent 5\Desktop\alışveriş\vendor\codeigniter4\framework\system\HTTP\Files\UploadedFile.php(176): mkdir('C:\\Users\\YKM Bi...', 511, true)
#2 C:\Users\YKM Bilişim Agent 5\Desktop\alışveriş\vendor\codeigniter4\framework\system\HTTP\Files\UploadedFile.php(130): CodeIgniter\HTTP\Files\UploadedFile->setPath('C:\\Users\\YKM Bi...')
#3 C:\Users\YKM Bilişim Agent 5\Desktop\alışveriş\app\Controllers\Admin\Products.php(92): CodeIgniter\HTTP\Files\UploadedFile->move('C:\\Users\\YKM Bi...')
#4 C:\Users\YKM Bilişim Agent 5\Desktop\alışveriş\vendor\codeigniter4\framework\system\CodeIgniter.php(832): App\Controllers\Admin\Products->product_images('3')
#5 C:\Users\YKM Bilişim Agent 5\Desktop\alışveriş\vendor\codeigniter4\framework\system\CodeIgniter.php(419): CodeIgniter\CodeIgniter->runController(Object(App\Controllers\Admin\Products))
#6 C:\Users\YKM Bilişim Agent 5\Desktop\alışveriş\vendor\codeigniter4\framework\system\CodeIgniter.php(326): CodeIgniter\CodeIgniter->handleRequest(NULL, Object(Config\Cache), false)
#7 C:\Users\YKM Bilişim Agent 5\Desktop\alışveriş\public\index.php(37): CodeIgniter\CodeIgniter->run()
#8 C:\Users\YKM Bilişim Agent 5\Desktop\alışveriş\vendor\codeigniter4\framework\system\Commands\Server\rewrite.php(43): require_once('C:\\Users\\YKM Bi...')
#9 {main}
CRITICAL - 2022-05-06 05:20:44 --> mkdir(): Permission denied
#0 [internal function]: CodeIgniter\Debug\Exceptions->errorHandler(2, 'mkdir(): Permis...', 'C:\\Users\\YKM Bi...', 176)
#1 C:\Users\YKM Bilişim Agent 5\Desktop\alışveriş\vendor\codeigniter4\framework\system\HTTP\Files\UploadedFile.php(176): mkdir('C:\\Users\\YKM Bi...', 511, true)
#2 C:\Users\YKM Bilişim Agent 5\Desktop\alışveriş\vendor\codeigniter4\framework\system\HTTP\Files\UploadedFile.php(130): CodeIgniter\HTTP\Files\UploadedFile->setPath('C:\\Users\\YKM Bi...')
#3 C:\Users\YKM Bilişim Agent 5\Desktop\alışveriş\app\Controllers\Admin\Products.php(92): CodeIgniter\HTTP\Files\UploadedFile->move('C:\\Users\\YKM Bi...')
#4 C:\Users\YKM Bilişim Agent 5\Desktop\alışveriş\vendor\codeigniter4\framework\system\CodeIgniter.php(832): App\Controllers\Admin\Products->product_images('3')
#5 C:\Users\YKM Bilişim Agent 5\Desktop\alışveriş\vendor\codeigniter4\framework\system\CodeIgniter.php(419): CodeIgniter\CodeIgniter->runController(Object(App\Controllers\Admin\Products))
#6 C:\Users\YKM Bilişim Agent 5\Desktop\alışveriş\vendor\codeigniter4\framework\system\CodeIgniter.php(326): CodeIgniter\CodeIgniter->handleRequest(NULL, Object(Config\Cache), false)
#7 C:\Users\YKM Bilişim Agent 5\Desktop\alışveriş\public\index.php(37): CodeIgniter\CodeIgniter->run()
#8 C:\Users\YKM Bilişim Agent 5\Desktop\alışveriş\vendor\codeigniter4\framework\system\Commands\Server\rewrite.php(43): require_once('C:\\Users\\YKM Bi...')
#9 {main}
CRITICAL - 2022-05-06 05:23:14 --> mkdir(): Permission denied
#0 [internal function]: CodeIgniter\Debug\Exceptions->errorHandler(2, 'mkdir(): Permis...', 'C:\\Users\\YKM Bi...', 176)
#1 C:\Users\YKM Bilişim Agent 5\Desktop\alışveriş\vendor\codeigniter4\framework\system\HTTP\Files\UploadedFile.php(176): mkdir('C:\\Users\\YKM Bi...', 511, true)
#2 C:\Users\YKM Bilişim Agent 5\Desktop\alışveriş\vendor\codeigniter4\framework\system\HTTP\Files\UploadedFile.php(130): CodeIgniter\HTTP\Files\UploadedFile->setPath('C:\\Users\\YKM Bi...')
#3 C:\Users\YKM Bilişim Agent 5\Desktop\alışveriş\app\Controllers\Admin\Products.php(92): CodeIgniter\HTTP\Files\UploadedFile->move('C:\\Users\\YKM Bi...')
#4 C:\Users\YKM Bilişim Agent 5\Desktop\alışveriş\vendor\codeigniter4\framework\system\CodeIgniter.php(832): App\Controllers\Admin\Products->product_images('3')
#5 C:\Users\YKM Bilişim Agent 5\Desktop\alışveriş\vendor\codeigniter4\framework\system\CodeIgniter.php(419): CodeIgniter\CodeIgniter->runController(Object(App\Controllers\Admin\Products))
#6 C:\Users\YKM Bilişim Agent 5\Desktop\alışveriş\vendor\codeigniter4\framework\system\CodeIgniter.php(326): CodeIgniter\CodeIgniter->handleRequest(NULL, Object(Config\Cache), false)
#7 C:\Users\YKM Bilişim Agent 5\Desktop\alışveriş\public\index.php(37): CodeIgniter\CodeIgniter->run()
#8 C:\Users\YKM Bilişim Agent 5\Desktop\alışveriş\vendor\codeigniter4\framework\system\Commands\Server\rewrite.php(43): require_once('C:\\Users\\YKM Bi...')
#9 {main}
CRITICAL - 2022-05-06 05:23:55 --> mkdir(): Permission denied
#0 [internal function]: CodeIgniter\Debug\Exceptions->errorHandler(2, 'mkdir(): Permis...', 'C:\\Users\\YKM Bi...', 176)
#1 C:\Users\YKM Bilişim Agent 5\Desktop\alışveriş\vendor\codeigniter4\framework\system\HTTP\Files\UploadedFile.php(176): mkdir('C:\\Users\\YKM Bi...', 511, true)
#2 C:\Users\YKM Bilişim Agent 5\Desktop\alışveriş\vendor\codeigniter4\framework\system\HTTP\Files\UploadedFile.php(130): CodeIgniter\HTTP\Files\UploadedFile->setPath('C:\\Users\\YKM Bi...')
#3 C:\Users\YKM Bilişim Agent 5\Desktop\alışveriş\app\Controllers\Admin\Products.php(92): CodeIgniter\HTTP\Files\UploadedFile->move('C:\\Users\\YKM Bi...')
#4 C:\Users\YKM Bilişim Agent 5\Desktop\alışveriş\vendor\codeigniter4\framework\system\CodeIgniter.php(832): App\Controllers\Admin\Products->product_images('3')
#5 C:\Users\YKM Bilişim Agent 5\Desktop\alışveriş\vendor\codeigniter4\framework\system\CodeIgniter.php(419): CodeIgniter\CodeIgniter->runController(Object(App\Controllers\Admin\Products))
#6 C:\Users\YKM Bilişim Agent 5\Desktop\alışveriş\vendor\codeigniter4\framework\system\CodeIgniter.php(326): CodeIgniter\CodeIgniter->handleRequest(NULL, Object(Config\Cache), false)
#7 C:\Users\YKM Bilişim Agent 5\Desktop\alışveriş\public\index.php(37): CodeIgniter\CodeIgniter->run()
#8 C:\Users\YKM Bilişim Agent 5\Desktop\alışveriş\vendor\codeigniter4\framework\system\Commands\Server\rewrite.php(43): require_once('C:\\Users\\YKM Bi...')
#9 {main}
CRITICAL - 2022-05-06 05:24:00 --> mkdir(): Permission denied
#0 [internal function]: CodeIgniter\Debug\Exceptions->errorHandler(2, 'mkdir(): Permis...', 'C:\\Users\\YKM Bi...', 176)
#1 C:\Users\YKM Bilişim Agent 5\Desktop\alışveriş\vendor\codeigniter4\framework\system\HTTP\Files\UploadedFile.php(176): mkdir('C:\\Users\\YKM Bi...', 511, true)
#2 C:\Users\YKM Bilişim Agent 5\Desktop\alışveriş\vendor\codeigniter4\framework\system\HTTP\Files\UploadedFile.php(130): CodeIgniter\HTTP\Files\UploadedFile->setPath('C:\\Users\\YKM Bi...')
#3 C:\Users\YKM Bilişim Agent 5\Desktop\alışveriş\app\Controllers\Admin\Products.php(92): CodeIgniter\HTTP\Files\UploadedFile->move('C:\\Users\\YKM Bi...')
#4 C:\Users\YKM Bilişim Agent 5\Desktop\alışveriş\vendor\codeigniter4\framework\system\CodeIgniter.php(832): App\Controllers\Admin\Products->product_images('3')
#5 C:\Users\YKM Bilişim Agent 5\Desktop\alışveriş\vendor\codeigniter4\framework\system\CodeIgniter.php(419): CodeIgniter\CodeIgniter->runController(Object(App\Controllers\Admin\Products))
#6 C:\Users\YKM Bilişim Agent 5\Desktop\alışveriş\vendor\codeigniter4\framework\system\CodeIgniter.php(326): CodeIgniter\CodeIgniter->handleRequest(NULL, Object(Config\Cache), false)
#7 C:\Users\YKM Bilişim Agent 5\Desktop\alışveriş\public\index.php(37): CodeIgniter\CodeIgniter->run()
#8 C:\Users\YKM Bilişim Agent 5\Desktop\alışveriş\vendor\codeigniter4\framework\system\Commands\Server\rewrite.php(43): require_once('C:\\Users\\YKM Bi...')
#9 {main}
CRITICAL - 2022-05-06 05:24:02 --> mkdir(): Permission denied
#0 [internal function]: CodeIgniter\Debug\Exceptions->errorHandler(2, 'mkdir(): Permis...', 'C:\\Users\\YKM Bi...', 176)
#1 C:\Users\YKM Bilişim Agent 5\Desktop\alışveriş\vendor\codeigniter4\framework\system\HTTP\Files\UploadedFile.php(176): mkdir('C:\\Users\\YKM Bi...', 511, true)
#2 C:\Users\YKM Bilişim Agent 5\Desktop\alışveriş\vendor\codeigniter4\framework\system\HTTP\Files\UploadedFile.php(130): CodeIgniter\HTTP\Files\UploadedFile->setPath('C:\\Users\\YKM Bi...')
#3 C:\Users\YKM Bilişim Agent 5\Desktop\alışveriş\app\Controllers\Admin\Products.php(92): CodeIgniter\HTTP\Files\UploadedFile->move('C:\\Users\\YKM Bi...')
#4 C:\Users\YKM Bilişim Agent 5\Desktop\alışveriş\vendor\codeigniter4\framework\system\CodeIgniter.php(832): App\Controllers\Admin\Products->product_images('3')
#5 C:\Users\YKM Bilişim Agent 5\Desktop\alışveriş\vendor\codeigniter4\framework\system\CodeIgniter.php(419): CodeIgniter\CodeIgniter->runController(Object(App\Controllers\Admin\Products))
#6 C:\Users\YKM Bilişim Agent 5\Desktop\alışveriş\vendor\codeigniter4\framework\system\CodeIgniter.php(326): CodeIgniter\CodeIgniter->handleRequest(NULL, Object(Config\Cache), false)
#7 C:\Users\YKM Bilişim Agent 5\Desktop\alışveriş\public\index.php(37): CodeIgniter\CodeIgniter->run()
#8 C:\Users\YKM Bilişim Agent 5\Desktop\alışveriş\vendor\codeigniter4\framework\system\Commands\Server\rewrite.php(43): require_once('C:\\Users\\YKM Bi...')
#9 {main}
CRITICAL - 2022-05-06 05:24:04 --> mkdir(): Permission denied
#0 [internal function]: CodeIgniter\Debug\Exceptions->errorHandler(2, 'mkdir(): Permis...', 'C:\\Users\\YKM Bi...', 176)
#1 C:\Users\YKM Bilişim Agent 5\Desktop\alışveriş\vendor\codeigniter4\framework\system\HTTP\Files\UploadedFile.php(176): mkdir('C:\\Users\\YKM Bi...', 511, true)
#2 C:\Users\YKM Bilişim Agent 5\Desktop\alışveriş\vendor\codeigniter4\framework\system\HTTP\Files\UploadedFile.php(130): CodeIgniter\HTTP\Files\UploadedFile->setPath('C:\\Users\\YKM Bi...')
#3 C:\Users\YKM Bilişim Agent 5\Desktop\alışveriş\app\Controllers\Admin\Products.php(92): CodeIgniter\HTTP\Files\UploadedFile->move('C:\\Users\\YKM Bi...')
#4 C:\Users\YKM Bilişim Agent 5\Desktop\alışveriş\vendor\codeigniter4\framework\system\CodeIgniter.php(832): App\Controllers\Admin\Products->product_images('3')
#5 C:\Users\YKM Bilişim Agent 5\Desktop\alışveriş\vendor\codeigniter4\framework\system\CodeIgniter.php(419): CodeIgniter\CodeIgniter->runController(Object(App\Controllers\Admin\Products))
#6 C:\Users\YKM Bilişim Agent 5\Desktop\alışveriş\vendor\codeigniter4\framework\system\CodeIgniter.php(326): CodeIgniter\CodeIgniter->handleRequest(NULL, Object(Config\Cache), false)
#7 C:\Users\YKM Bilişim Agent 5\Desktop\alışveriş\public\index.php(37): CodeIgniter\CodeIgniter->run()
#8 C:\Users\YKM Bilişim Agent 5\Desktop\alışveriş\vendor\codeigniter4\framework\system\Commands\Server\rewrite.php(43): require_once('C:\\Users\\YKM Bi...')
#9 {main}
CRITICAL - 2022-05-06 05:24:43 --> mkdir(): File exists
#0 [internal function]: CodeIgniter\Debug\Exceptions->errorHandler(2, 'mkdir(): File e...', 'C:\\Users\\YKM Bi...', 92)
#1 C:\Users\YKM Bilişim Agent 5\Desktop\alışveriş\app\Controllers\Admin\Products.php(92): mkdir('C:\\Users\\YKM Bi...')
#2 C:\Users\YKM Bilişim Agent 5\Desktop\alışveriş\vendor\codeigniter4\framework\system\CodeIgniter.php(832): App\Controllers\Admin\Products->product_images('1')
#3 C:\Users\YKM Bilişim Agent 5\Desktop\alışveriş\vendor\codeigniter4\framework\system\CodeIgniter.php(419): CodeIgniter\CodeIgniter->runController(Object(App\Controllers\Admin\Products))
#4 C:\Users\YKM Bilişim Agent 5\Desktop\alışveriş\vendor\codeigniter4\framework\system\CodeIgniter.php(326): CodeIgniter\CodeIgniter->handleRequest(NULL, Object(Config\Cache), false)
#5 C:\Users\YKM Bilişim Agent 5\Desktop\alışveriş\public\index.php(37): CodeIgniter\CodeIgniter->run()
#6 C:\Users\YKM Bilişim Agent 5\Desktop\alışveriş\vendor\codeigniter4\framework\system\Commands\Server\rewrite.php(43): require_once('C:\\Users\\YKM Bi...')
#7 {main}
CRITICAL - 2022-05-06 05:25:03 --> mkdir(): Permission denied
#0 [internal function]: CodeIgniter\Debug\Exceptions->errorHandler(2, 'mkdir(): Permis...', 'C:\\Users\\YKM Bi...', 92)
#1 C:\Users\YKM Bilişim Agent 5\Desktop\alışveriş\app\Controllers\Admin\Products.php(92): mkdir('C:\\Users\\YKM Bi...')
#2 C:\Users\YKM Bilişim Agent 5\Desktop\alışveriş\vendor\codeigniter4\framework\system\CodeIgniter.php(832): App\Controllers\Admin\Products->product_images('3')
#3 C:\Users\YKM Bilişim Agent 5\Desktop\alışveriş\vendor\codeigniter4\framework\system\CodeIgniter.php(419): CodeIgniter\CodeIgniter->runController(Object(App\Controllers\Admin\Products))
#4 C:\Users\YKM Bilişim Agent 5\Desktop\alışveriş\vendor\codeigniter4\framework\system\CodeIgniter.php(326): CodeIgniter\CodeIgniter->handleRequest(NULL, Object(Config\Cache), false)
#5 C:\Users\YKM Bilişim Agent 5\Desktop\alışveriş\public\index.php(37): CodeIgniter\CodeIgniter->run()
#6 C:\Users\YKM Bilişim Agent 5\Desktop\alışveriş\vendor\codeigniter4\framework\system\Commands\Server\rewrite.php(43): require_once('C:\\Users\\YKM Bi...')
#7 {main}
CRITICAL - 2022-05-06 05:26:47 --> mkdir(): Permission denied
#0 [internal function]: CodeIgniter\Debug\Exceptions->errorHandler(2, 'mkdir(): Permis...', 'C:\\Users\\YKM Bi...', 93)
#1 C:\Users\YKM Bilişim Agent 5\Desktop\alışveriş\app\Controllers\Admin\Products.php(93): mkdir('C:\\Users\\YKM Bi...')
#2 C:\Users\YKM Bilişim Agent 5\Desktop\alışveriş\vendor\codeigniter4\framework\system\CodeIgniter.php(832): App\Controllers\Admin\Products->product_images('3')
#3 C:\Users\YKM Bilişim Agent 5\Desktop\alışveriş\vendor\codeigniter4\framework\system\CodeIgniter.php(419): CodeIgniter\CodeIgniter->runController(Object(App\Controllers\Admin\Products))
#4 C:\Users\YKM Bilişim Agent 5\Desktop\alışveriş\vendor\codeigniter4\framework\system\CodeIgniter.php(326): CodeIgniter\CodeIgniter->handleRequest(NULL, Object(Config\Cache), false)
#5 C:\Users\YKM Bilişim Agent 5\Desktop\alışveriş\public\index.php(37): CodeIgniter\CodeIgniter->run()
#6 C:\Users\YKM Bilişim Agent 5\Desktop\alışveriş\vendor\codeigniter4\framework\system\Commands\Server\rewrite.php(43): require_once('C:\\Users\\YKM Bi...')
#7 {main}
CRITICAL - 2022-05-06 05:35:52 --> mkdir(): File exists
#0 [internal function]: CodeIgniter\Debug\Exceptions->errorHandler(2, 'mkdir(): File e...', 'C:\\Users\\YKM Bi...', 95)
#1 C:\Users\YKM Bilişim Agent 5\Desktop\alışveriş\app\Controllers\Admin\Products.php(95): mkdir('C:\\Users\\YKM Bi...')
#2 C:\Users\YKM Bilişim Agent 5\Desktop\alışveriş\vendor\codeigniter4\framework\system\CodeIgniter.php(832): App\Controllers\Admin\Products->product_images('3')
#3 C:\Users\YKM Bilişim Agent 5\Desktop\alışveriş\vendor\codeigniter4\framework\system\CodeIgniter.php(419): CodeIgniter\CodeIgniter->runController(Object(App\Controllers\Admin\Products))
#4 C:\Users\YKM Bilişim Agent 5\Desktop\alışveriş\vendor\codeigniter4\framework\system\CodeIgniter.php(326): CodeIgniter\CodeIgniter->handleRequest(NULL, Object(Config\Cache), false)
#5 C:\Users\YKM Bilişim Agent 5\Desktop\alışveriş\public\index.php(37): CodeIgniter\CodeIgniter->run()
#6 C:\Users\YKM Bilişim Agent 5\Desktop\alışveriş\vendor\codeigniter4\framework\system\Commands\Server\rewrite.php(43): require_once('C:\\Users\\YKM Bi...')
#7 {main}
CRITICAL - 2022-05-06 05:38:27 --> mkdir(): File exists
#0 [internal function]: CodeIgniter\Debug\Exceptions->errorHandler(2, 'mkdir(): File e...', 'C:\\Users\\YKM Bi...', 93)
#1 C:\Users\YKM Bilişim Agent 5\Desktop\alışveriş\app\Controllers\Admin\Products.php(93): mkdir('C:\\Users\\YKM Bi...')
#2 C:\Users\YKM Bilişim Agent 5\Desktop\alışveriş\vendor\codeigniter4\framework\system\CodeIgniter.php(832): App\Controllers\Admin\Products->product_images('3')
#3 C:\Users\YKM Bilişim Agent 5\Desktop\alışveriş\vendor\codeigniter4\framework\system\CodeIgniter.php(419): CodeIgniter\CodeIgniter->runController(Object(App\Controllers\Admin\Products))
#4 C:\Users\YKM Bilişim Agent 5\Desktop\alışveriş\vendor\codeigniter4\framework\system\CodeIgniter.php(326): CodeIgniter\CodeIgniter->handleRequest(NULL, Object(Config\Cache), false)
#5 C:\Users\YKM Bilişim Agent 5\Desktop\alışveriş\public\index.php(37): CodeIgniter\CodeIgniter->run()
#6 C:\Users\YKM Bilişim Agent 5\Desktop\alışveriş\vendor\codeigniter4\framework\system\Commands\Server\rewrite.php(43): require_once('C:\\Users\\YKM Bi...')
#7 {main}
ERROR - 2022-05-06 06:04:13 --> Cannot add or update a child row: a foreign key constraint fails (`ecommerce2`.`product_images`, CONSTRAINT `product_images_ibfk_1` FOREIGN KEY (`product`) REFERENCES `products` (`ID`) ON DELETE CASCADE)
CRITICAL - 2022-05-06 06:04:13 --> Cannot add or update a child row: a foreign key constraint fails (`ecommerce2`.`product_images`, CONSTRAINT `product_images_ibfk_1` FOREIGN KEY (`product`) REFERENCES `products` (`ID`) ON DELETE CASCADE)
#0 C:\Users\YKM Bilişim Agent 5\Desktop\alışveriş\vendor\codeigniter4\framework\system\Database\MySQLi\Connection.php(292): mysqli->query('INSERT INTO `pr...', 0)
#1 C:\Users\YKM Bilişim Agent 5\Desktop\alışveriş\vendor\codeigniter4\framework\system\Database\BaseConnection.php(670): CodeIgniter\Database\MySQLi\Connection->execute('INSERT INTO `pr...')
#2 C:\Users\YKM Bilişim Agent 5\Desktop\alışveriş\vendor\codeigniter4\framework\system\Database\BaseConnection.php(598): CodeIgniter\Database\BaseConnection->simpleQuery('INSERT INTO `pr...')
#3 C:\Users\YKM Bilişim Agent 5\Desktop\alışveriş\vendor\codeigniter4\framework\system\Database\BaseBuilder.php(1771): CodeIgniter\Database\BaseConnection->query('INSERT INTO `pr...', Array, false)
#4 C:\Users\YKM Bilişim Agent 5\Desktop\alışveriş\vendor\codeigniter4\framework\system\Model.php(239): CodeIgniter\Database\BaseBuilder->insert()
#5 C:\Users\YKM Bilişim Agent 5\Desktop\alışveriş\vendor\codeigniter4\framework\system\BaseModel.php(738): CodeIgniter\Model->doInsert(Array)
#6 C:\Users\YKM Bilişim Agent 5\Desktop\alışveriş\vendor\codeigniter4\framework\system\Model.php(625): CodeIgniter\BaseModel->insert(Array, true)
#7 C:\Users\YKM Bilişim Agent 5\Desktop\alışveriş\app\Controllers\Admin\Products.php(106): CodeIgniter\Model->insert(Array)
#8 C:\Users\YKM Bilişim Agent 5\Desktop\alışveriş\vendor\codeigniter4\framework\system\CodeIgniter.php(832): App\Controllers\Admin\Products->product_images('3')
#9 C:\Users\YKM Bilişim Agent 5\Desktop\alışveriş\vendor\codeigniter4\framework\system\CodeIgniter.php(419): CodeIgniter\CodeIgniter->runController(Object(App\Controllers\Admin\Products))
#10 C:\Users\YKM Bilişim Agent 5\Desktop\alışveriş\vendor\codeigniter4\framework\system\CodeIgniter.php(326): CodeIgniter\CodeIgniter->handleRequest(NULL, Object(Config\Cache), false)
#11 C:\Users\YKM Bilişim Agent 5\Desktop\alışveriş\public\index.php(37): CodeIgniter\CodeIgniter->run()
#12 C:\Users\YKM Bilişim Agent 5\Desktop\alışveriş\vendor\codeigniter4\framework\system\Commands\Server\rewrite.php(43): require_once('C:\\Users\\YKM Bi...')
#13 {main}
ERROR - 2022-05-06 06:04:53 --> Cannot add or update a child row: a foreign key constraint fails (`ecommerce2`.`product_images`, CONSTRAINT `product_images_ibfk_1` FOREIGN KEY (`product`) REFERENCES `products` (`ID`) ON DELETE CASCADE)
CRITICAL - 2022-05-06 06:04:53 --> Cannot add or update a child row: a foreign key constraint fails (`ecommerce2`.`product_images`, CONSTRAINT `product_images_ibfk_1` FOREIGN KEY (`product`) REFERENCES `products` (`ID`) ON DELETE CASCADE)
#0 C:\Users\YKM Bilişim Agent 5\Desktop\alışveriş\vendor\codeigniter4\framework\system\Database\MySQLi\Connection.php(292): mysqli->query('INSERT INTO `pr...', 0)
#1 C:\Users\YKM Bilişim Agent 5\Desktop\alışveriş\vendor\codeigniter4\framework\system\Database\BaseConnection.php(670): CodeIgniter\Database\MySQLi\Connection->execute('INSERT INTO `pr...')
#2 C:\Users\YKM Bilişim Agent 5\Desktop\alışveriş\vendor\codeigniter4\framework\system\Database\BaseConnection.php(598): CodeIgniter\Database\BaseConnection->simpleQuery('INSERT INTO `pr...')
#3 C:\Users\YKM Bilişim Agent 5\Desktop\alışveriş\vendor\codeigniter4\framework\system\Database\BaseBuilder.php(1771): CodeIgniter\Database\BaseConnection->query('INSERT INTO `pr...', Array, false)
#4 C:\Users\YKM Bilişim Agent 5\Desktop\alışveriş\vendor\codeigniter4\framework\system\Model.php(239): CodeIgniter\Database\BaseBuilder->insert()
#5 C:\Users\YKM Bilişim Agent 5\Desktop\alışveriş\vendor\codeigniter4\framework\system\BaseModel.php(738): CodeIgniter\Model->doInsert(Array)
#6 C:\Users\YKM Bilişim Agent 5\Desktop\alışveriş\vendor\codeigniter4\framework\system\Model.php(625): CodeIgniter\BaseModel->insert(Array, true)
#7 C:\Users\YKM Bilişim Agent 5\Desktop\alışveriş\app\Controllers\Admin\Products.php(106): CodeIgniter\Model->insert(Array)
#8 C:\Users\YKM Bilişim Agent 5\Desktop\alışveriş\vendor\codeigniter4\framework\system\CodeIgniter.php(832): App\Controllers\Admin\Products->product_images('3')
#9 C:\Users\YKM Bilişim Agent 5\Desktop\alışveriş\vendor\codeigniter4\framework\system\CodeIgniter.php(419): CodeIgniter\CodeIgniter->runController(Object(App\Controllers\Admin\Products))
#10 C:\Users\YKM Bilişim Agent 5\Desktop\alışveriş\vendor\codeigniter4\framework\system\CodeIgniter.php(326): CodeIgniter\CodeIgniter->handleRequest(NULL, Object(Config\Cache), false)
#11 C:\Users\YKM Bilişim Agent 5\Desktop\alışveriş\public\index.php(37): CodeIgniter\CodeIgniter->run()
#12 C:\Users\YKM Bilişim Agent 5\Desktop\alışveriş\vendor\codeigniter4\framework\system\Commands\Server\rewrite.php(43): require_once('C:\\Users\\YKM Bi...')
#13 {main}
ERROR - 2022-05-06 06:05:19 --> Cannot add or update a child row: a foreign key constraint fails (`ecommerce2`.`product_images`, CONSTRAINT `product_images_ibfk_1` FOREIGN KEY (`product`) REFERENCES `products` (`ID`) ON DELETE CASCADE)
CRITICAL - 2022-05-06 06:05:19 --> Cannot add or update a child row: a foreign key constraint fails (`ecommerce2`.`product_images`, CONSTRAINT `product_images_ibfk_1` FOREIGN KEY (`product`) REFERENCES `products` (`ID`) ON DELETE CASCADE)
#0 C:\Users\YKM Bilişim Agent 5\Desktop\alışveriş\vendor\codeigniter4\framework\system\Database\MySQLi\Connection.php(292): mysqli->query('INSERT INTO `pr...', 0)
#1 C:\Users\YKM Bilişim Agent 5\Desktop\alışveriş\vendor\codeigniter4\framework\system\Database\BaseConnection.php(670): CodeIgniter\Database\MySQLi\Connection->execute('INSERT INTO `pr...')
#2 C:\Users\YKM Bilişim Agent 5\Desktop\alışveriş\vendor\codeigniter4\framework\system\Database\BaseConnection.php(598): CodeIgniter\Database\BaseConnection->simpleQuery('INSERT INTO `pr...')
#3 C:\Users\YKM Bilişim Agent 5\Desktop\alışveriş\vendor\codeigniter4\framework\system\Database\BaseBuilder.php(1771): CodeIgniter\Database\BaseConnection->query('INSERT INTO `pr...', Array, false)
#4 C:\Users\YKM Bilişim Agent 5\Desktop\alışveriş\vendor\codeigniter4\framework\system\Model.php(239): CodeIgniter\Database\BaseBuilder->insert()
#5 C:\Users\YKM Bilişim Agent 5\Desktop\alışveriş\vendor\codeigniter4\framework\system\BaseModel.php(738): CodeIgniter\Model->doInsert(Array)
#6 C:\Users\YKM Bilişim Agent 5\Desktop\alışveriş\vendor\codeigniter4\framework\system\Model.php(625): CodeIgniter\BaseModel->insert(Array, true)
#7 C:\Users\YKM Bilişim Agent 5\Desktop\alışveriş\app\Controllers\Admin\Products.php(107): CodeIgniter\Model->insert(Array)
#8 C:\Users\YKM Bilişim Agent 5\Desktop\alışveriş\vendor\codeigniter4\framework\system\CodeIgniter.php(832): App\Controllers\Admin\Products->product_images('3')
#9 C:\Users\YKM Bilişim Agent 5\Desktop\alışveriş\vendor\codeigniter4\framework\system\CodeIgniter.php(419): CodeIgniter\CodeIgniter->runController(Object(App\Controllers\Admin\Products))
#10 C:\Users\YKM Bilişim Agent 5\Desktop\alışveriş\vendor\codeigniter4\framework\system\CodeIgniter.php(326): CodeIgniter\CodeIgniter->handleRequest(NULL, Object(Config\Cache), false)
#11 C:\Users\YKM Bilişim Agent 5\Desktop\alışveriş\public\index.php(37): CodeIgniter\CodeIgniter->run()
#12 C:\Users\YKM Bilişim Agent 5\Desktop\alışveriş\vendor\codeigniter4\framework\system\Commands\Server\rewrite.php(43): require_once('C:\\Users\\YKM Bi...')
#13 {main}
CRITICAL - 2022-05-06 07:02:05 --> syntax error, unexpected token "}"
#0 C:\Users\YKM Bilişim Agent 5\Desktop\alışveriş\vendor\codeigniter4\framework\system\Autoloader\Autoloader.php(241): CodeIgniter\Autoloader\Autoloader->includeFile('C:\\Users\\YKM Bi...')
#1 C:\Users\YKM Bilişim Agent 5\Desktop\alışveriş\vendor\codeigniter4\framework\system\Autoloader\Autoloader.php(219): CodeIgniter\Autoloader\Autoloader->loadInNamespace('App\\Controllers...')
#2 [internal function]: CodeIgniter\Autoloader\Autoloader->loadClass('App\\Controllers...')
#3 C:\Users\YKM Bilişim Agent 5\Desktop\alışveriş\vendor\codeigniter4\framework\system\CodeIgniter.php(797): class_exists('\\App\\Controller...', true)
#4 C:\Users\YKM Bilişim Agent 5\Desktop\alışveriş\vendor\codeigniter4\framework\system\CodeIgniter.php(406): CodeIgniter\CodeIgniter->startController()
#5 C:\Users\YKM Bilişim Agent 5\Desktop\alışveriş\vendor\codeigniter4\framework\system\CodeIgniter.php(326): CodeIgniter\CodeIgniter->handleRequest(NULL, Object(Config\Cache), false)
#6 C:\Users\YKM Bilişim Agent 5\Desktop\alışveriş\public\index.php(37): CodeIgniter\CodeIgniter->run()
#7 C:\Users\YKM Bilişim Agent 5\Desktop\alışveriş\vendor\codeigniter4\framework\system\Commands\Server\rewrite.php(43): require_once('C:\\Users\\YKM Bi...')
#8 {main}
