CRITICAL - 2023-05-11 08:45:39 --> number_format(): Argument #1 ($num) must be of type float, string given
#0 C:\xampp\htdocs\alışveriş\app\Views\shop\shop.php(367): number_format('3499,99', 2, ',', '.')
#1 C:\xampp\htdocs\alışveriş\vendor\codeigniter4\framework\system\View\View.php(210): include('C:\\xampp\\htdocs...')
#2 C:\xampp\htdocs\alışveriş\vendor\codeigniter4\framework\system\View\View.php(213): CodeIgniter\View\View->CodeIgniter\View\{closure}()
#3 C:\xampp\htdocs\alışveriş\vendor\codeigniter4\framework\system\Common.php(1089): CodeIgniter\View\View->render('shop/shop', Array, true)
#4 C:\xampp\htdocs\alışveriş\app\Controllers\Shop.php(161): view('shop/shop', Array)
#5 C:\xampp\htdocs\alışveriş\vendor\codeigniter4\framework\system\CodeIgniter.php(832): App\Controllers\Shop->index()
#6 C:\xampp\htdocs\alışveriş\vendor\codeigniter4\framework\system\CodeIgniter.php(419): CodeIgniter\CodeIgniter->runController(Object(App\Controllers\Shop))
#7 C:\xampp\htdocs\alışveriş\vendor\codeigniter4\framework\system\CodeIgniter.php(326): CodeIgniter\CodeIgniter->handleRequest(NULL, Object(Config\Cache), false)
#8 C:\xampp\htdocs\alışveriş\public\index.php(37): CodeIgniter\CodeIgniter->run()
#9 {main}
CRITICAL - 2023-05-11 08:53:23 --> Undefined variable $p
#0 C:\xampp\htdocs\alışveriş\app\Views\index.php(66): CodeIgniter\Debug\Exceptions->errorHandler(2, 'Undefined varia...', 'C:\\xampp\\htdocs...', 66)
#1 C:\xampp\htdocs\alışveriş\vendor\codeigniter4\framework\system\View\View.php(210): include('C:\\xampp\\htdocs...')
#2 C:\xampp\htdocs\alışveriş\vendor\codeigniter4\framework\system\View\View.php(213): CodeIgniter\View\View->CodeIgniter\View\{closure}()
#3 C:\xampp\htdocs\alışveriş\vendor\codeigniter4\framework\system\Common.php(1089): CodeIgniter\View\View->render('index', Array, true)
#4 C:\xampp\htdocs\alışveriş\app\Controllers\Home.php(175): view('index', Array)
#5 C:\xampp\htdocs\alışveriş\vendor\codeigniter4\framework\system\CodeIgniter.php(832): App\Controllers\Home->index()
#6 C:\xampp\htdocs\alışveriş\vendor\codeigniter4\framework\system\CodeIgniter.php(419): CodeIgniter\CodeIgniter->runController(Object(App\Controllers\Home))
#7 C:\xampp\htdocs\alışveriş\vendor\codeigniter4\framework\system\CodeIgniter.php(326): CodeIgniter\CodeIgniter->handleRequest(NULL, Object(Config\Cache), false)
#8 C:\xampp\htdocs\alışveriş\public\index.php(37): CodeIgniter\CodeIgniter->run()
#9 {main}
CRITICAL - 2023-05-11 08:59:44 --> htmlspecialchars(): Argument #1 ($string) must be of type string, array given
#0 C:\xampp\htdocs\alışveriş\app\Controllers\Home.php(160): htmlspecialchars(Array)
#1 C:\xampp\htdocs\alışveriş\vendor\codeigniter4\framework\system\CodeIgniter.php(832): App\Controllers\Home->index()
#2 C:\xampp\htdocs\alışveriş\vendor\codeigniter4\framework\system\CodeIgniter.php(419): CodeIgniter\CodeIgniter->runController(Object(App\Controllers\Home))
#3 C:\xampp\htdocs\alışveriş\vendor\codeigniter4\framework\system\CodeIgniter.php(326): CodeIgniter\CodeIgniter->handleRequest(NULL, Object(Config\Cache), false)
#4 C:\xampp\htdocs\alışveriş\public\index.php(37): CodeIgniter\CodeIgniter->run()
#5 {main}
CRITICAL - 2023-05-11 08:59:46 --> htmlspecialchars(): Argument #1 ($string) must be of type string, array given
#0 C:\xampp\htdocs\alışveriş\app\Controllers\Home.php(160): htmlspecialchars(Array)
#1 C:\xampp\htdocs\alışveriş\vendor\codeigniter4\framework\system\CodeIgniter.php(832): App\Controllers\Home->index()
#2 C:\xampp\htdocs\alışveriş\vendor\codeigniter4\framework\system\CodeIgniter.php(419): CodeIgniter\CodeIgniter->runController(Object(App\Controllers\Home))
#3 C:\xampp\htdocs\alışveriş\vendor\codeigniter4\framework\system\CodeIgniter.php(326): CodeIgniter\CodeIgniter->handleRequest(NULL, Object(Config\Cache), false)
#4 C:\xampp\htdocs\alışveriş\public\index.php(37): CodeIgniter\CodeIgniter->run()
#5 {main}
CRITICAL - 2023-05-11 08:59:48 --> htmlspecialchars(): Argument #1 ($string) must be of type string, array given
#0 C:\xampp\htdocs\alışveriş\app\Controllers\Home.php(160): htmlspecialchars(Array)
#1 C:\xampp\htdocs\alışveriş\vendor\codeigniter4\framework\system\CodeIgniter.php(832): App\Controllers\Home->index()
#2 C:\xampp\htdocs\alışveriş\vendor\codeigniter4\framework\system\CodeIgniter.php(419): CodeIgniter\CodeIgniter->runController(Object(App\Controllers\Home))
#3 C:\xampp\htdocs\alışveriş\vendor\codeigniter4\framework\system\CodeIgniter.php(326): CodeIgniter\CodeIgniter->handleRequest(NULL, Object(Config\Cache), false)
#4 C:\xampp\htdocs\alışveriş\public\index.php(37): CodeIgniter\CodeIgniter->run()
#5 {main}
CRITICAL - 2023-05-11 09:04:20 --> Undefined array key "image"
#0 C:\xampp\htdocs\alışveriş\app\Views\index.php(22): CodeIgniter\Debug\Exceptions->errorHandler(2, 'Undefined array...', 'C:\\xampp\\htdocs...', 22)
#1 C:\xampp\htdocs\alışveriş\vendor\codeigniter4\framework\system\View\View.php(210): include('C:\\xampp\\htdocs...')
#2 C:\xampp\htdocs\alışveriş\vendor\codeigniter4\framework\system\View\View.php(213): CodeIgniter\View\View->CodeIgniter\View\{closure}()
#3 C:\xampp\htdocs\alışveriş\vendor\codeigniter4\framework\system\Common.php(1089): CodeIgniter\View\View->render('index', Array, true)
#4 C:\xampp\htdocs\alışveriş\app\Controllers\Home.php(159): view('index', Array)
#5 C:\xampp\htdocs\alışveriş\vendor\codeigniter4\framework\system\CodeIgniter.php(832): App\Controllers\Home->index()
#6 C:\xampp\htdocs\alışveriş\vendor\codeigniter4\framework\system\CodeIgniter.php(419): CodeIgniter\CodeIgniter->runController(Object(App\Controllers\Home))
#7 C:\xampp\htdocs\alışveriş\vendor\codeigniter4\framework\system\CodeIgniter.php(326): CodeIgniter\CodeIgniter->handleRequest(NULL, Object(Config\Cache), false)
#8 C:\xampp\htdocs\alışveriş\public\index.php(37): CodeIgniter\CodeIgniter->run()
#9 {main}
CRITICAL - 2023-05-11 09:04:46 --> Undefined variable $p
#0 C:\xampp\htdocs\alışveriş\app\Views\index.php(66): CodeIgniter\Debug\Exceptions->errorHandler(2, 'Undefined varia...', 'C:\\xampp\\htdocs...', 66)
#1 C:\xampp\htdocs\alışveriş\vendor\codeigniter4\framework\system\View\View.php(210): include('C:\\xampp\\htdocs...')
#2 C:\xampp\htdocs\alışveriş\vendor\codeigniter4\framework\system\View\View.php(213): CodeIgniter\View\View->CodeIgniter\View\{closure}()
#3 C:\xampp\htdocs\alışveriş\vendor\codeigniter4\framework\system\Common.php(1089): CodeIgniter\View\View->render('index', Array, true)
#4 C:\xampp\htdocs\alışveriş\app\Controllers\Home.php(159): view('index', Array)
#5 C:\xampp\htdocs\alışveriş\vendor\codeigniter4\framework\system\CodeIgniter.php(832): App\Controllers\Home->index()
#6 C:\xampp\htdocs\alışveriş\vendor\codeigniter4\framework\system\CodeIgniter.php(419): CodeIgniter\CodeIgniter->runController(Object(App\Controllers\Home))
#7 C:\xampp\htdocs\alışveriş\vendor\codeigniter4\framework\system\CodeIgniter.php(326): CodeIgniter\CodeIgniter->handleRequest(NULL, Object(Config\Cache), false)
#8 C:\xampp\htdocs\alışveriş\public\index.php(37): CodeIgniter\CodeIgniter->run()
#9 {main}
CRITICAL - 2023-05-11 09:04:47 --> Undefined variable $p
#0 C:\xampp\htdocs\alışveriş\app\Views\index.php(66): CodeIgniter\Debug\Exceptions->errorHandler(2, 'Undefined varia...', 'C:\\xampp\\htdocs...', 66)
#1 C:\xampp\htdocs\alışveriş\vendor\codeigniter4\framework\system\View\View.php(210): include('C:\\xampp\\htdocs...')
#2 C:\xampp\htdocs\alışveriş\vendor\codeigniter4\framework\system\View\View.php(213): CodeIgniter\View\View->CodeIgniter\View\{closure}()
#3 C:\xampp\htdocs\alışveriş\vendor\codeigniter4\framework\system\Common.php(1089): CodeIgniter\View\View->render('index', Array, true)
#4 C:\xampp\htdocs\alışveriş\app\Controllers\Home.php(159): view('index', Array)
#5 C:\xampp\htdocs\alışveriş\vendor\codeigniter4\framework\system\CodeIgniter.php(832): App\Controllers\Home->index()
#6 C:\xampp\htdocs\alışveriş\vendor\codeigniter4\framework\system\CodeIgniter.php(419): CodeIgniter\CodeIgniter->runController(Object(App\Controllers\Home))
#7 C:\xampp\htdocs\alışveriş\vendor\codeigniter4\framework\system\CodeIgniter.php(326): CodeIgniter\CodeIgniter->handleRequest(NULL, Object(Config\Cache), false)
#8 C:\xampp\htdocs\alışveriş\public\index.php(37): CodeIgniter\CodeIgniter->run()
#9 {main}
CRITICAL - 2023-05-11 09:05:08 --> Undefined variable $pp
#0 C:\xampp\htdocs\alışveriş\app\Views\index.php(66): CodeIgniter\Debug\Exceptions->errorHandler(2, 'Undefined varia...', 'C:\\xampp\\htdocs...', 66)
#1 C:\xampp\htdocs\alışveriş\vendor\codeigniter4\framework\system\View\View.php(210): include('C:\\xampp\\htdocs...')
#2 C:\xampp\htdocs\alışveriş\vendor\codeigniter4\framework\system\View\View.php(213): CodeIgniter\View\View->CodeIgniter\View\{closure}()
#3 C:\xampp\htdocs\alışveriş\vendor\codeigniter4\framework\system\Common.php(1089): CodeIgniter\View\View->render('index', Array, true)
#4 C:\xampp\htdocs\alışveriş\app\Controllers\Home.php(159): view('index', Array)
#5 C:\xampp\htdocs\alışveriş\vendor\codeigniter4\framework\system\CodeIgniter.php(832): App\Controllers\Home->index()
#6 C:\xampp\htdocs\alışveriş\vendor\codeigniter4\framework\system\CodeIgniter.php(419): CodeIgniter\CodeIgniter->runController(Object(App\Controllers\Home))
#7 C:\xampp\htdocs\alışveriş\vendor\codeigniter4\framework\system\CodeIgniter.php(326): CodeIgniter\CodeIgniter->handleRequest(NULL, Object(Config\Cache), false)
#8 C:\xampp\htdocs\alışveriş\public\index.php(37): CodeIgniter\CodeIgniter->run()
#9 {main}
