CRITICAL - 2022-04-08 02:10:40 --> syntax error, unexpected double-quote mark, expecting "-" or identifier or variable or number
#0 C:\Users\YKM Bilişim Agent 5\Desktop\alışveriş\vendor\codeigniter4\framework\system\Autoloader\Autoloader.php(241): CodeIgniter\Autoloader\Autoloader->includeFile('C:\\Users\\YKM Bi...')
#1 C:\Users\YKM Bilişim Agent 5\Desktop\alışveriş\vendor\codeigniter4\framework\system\Autoloader\Autoloader.php(219): CodeIgniter\Autoloader\Autoloader->loadInNamespace('App\\Controllers...')
#2 [internal function]: CodeIgniter\Autoloader\Autoloader->loadClass('App\\Controllers...')
#3 C:\Users\YKM Bilişim Agent 5\Desktop\alışveriş\vendor\codeigniter4\framework\system\CodeIgniter.php(797): class_exists('\\App\\Controller...', true)
#4 C:\Users\YKM Bilişim Agent 5\Desktop\alışveriş\vendor\codeigniter4\framework\system\CodeIgniter.php(406): CodeIgniter\CodeIgniter->startController()
#5 C:\Users\YKM Bilişim Agent 5\Desktop\alışveriş\vendor\codeigniter4\framework\system\CodeIgniter.php(326): CodeIgniter\CodeIgniter->handleRequest(NULL, Object(Config\Cache), false)
#6 C:\Users\YKM Bilişim Agent 5\Desktop\alışveriş\public\index.php(37): CodeIgniter\CodeIgniter->run()
#7 C:\Users\YKM Bilişim Agent 5\Desktop\alışveriş\vendor\codeigniter4\framework\system\Commands\Server\rewrite.php(43): require_once('C:\\Users\\YKM Bi...')
#8 {main}
CRITICAL - 2022-04-08 02:16:39 --> syntax error, unexpected double-quote mark, expecting "-" or identifier or variable or number
#0 C:\Users\YKM Bilişim Agent 5\Desktop\alışveriş\vendor\codeigniter4\framework\system\Autoloader\Autoloader.php(241): CodeIgniter\Autoloader\Autoloader->includeFile('C:\\Users\\YKM Bi...')
#1 C:\Users\YKM Bilişim Agent 5\Desktop\alışveriş\vendor\codeigniter4\framework\system\Autoloader\Autoloader.php(219): CodeIgniter\Autoloader\Autoloader->loadInNamespace('App\\Controllers...')
#2 [internal function]: CodeIgniter\Autoloader\Autoloader->loadClass('App\\Controllers...')
#3 C:\Users\YKM Bilişim Agent 5\Desktop\alışveriş\vendor\codeigniter4\framework\system\CodeIgniter.php(797): class_exists('\\App\\Controller...', true)
#4 C:\Users\YKM Bilişim Agent 5\Desktop\alışveriş\vendor\codeigniter4\framework\system\CodeIgniter.php(406): CodeIgniter\CodeIgniter->startController()
#5 C:\Users\YKM Bilişim Agent 5\Desktop\alışveriş\vendor\codeigniter4\framework\system\CodeIgniter.php(326): CodeIgniter\CodeIgniter->handleRequest(NULL, Object(Config\Cache), false)
#6 C:\Users\YKM Bilişim Agent 5\Desktop\alışveriş\public\index.php(37): CodeIgniter\CodeIgniter->run()
#7 C:\Users\YKM Bilişim Agent 5\Desktop\alışveriş\vendor\codeigniter4\framework\system\Commands\Server\rewrite.php(43): require_once('C:\\Users\\YKM Bi...')
#8 {main}
CRITICAL - 2022-04-08 02:17:34 --> Undefined array key "brand"
#0 C:\Users\YKM Bilişim Agent 5\Desktop\alışveriş\app\Controllers\Shop.php(121): CodeIgniter\Debug\Exceptions->errorHandler(2, 'Undefined array...', 'C:\\Users\\YKM Bi...', 121)
#1 C:\Users\YKM Bilişim Agent 5\Desktop\alışveriş\vendor\codeigniter4\framework\system\CodeIgniter.php(832): App\Controllers\Shop->index()
#2 C:\Users\YKM Bilişim Agent 5\Desktop\alışveriş\vendor\codeigniter4\framework\system\CodeIgniter.php(419): CodeIgniter\CodeIgniter->runController(Object(App\Controllers\Shop))
#3 C:\Users\YKM Bilişim Agent 5\Desktop\alışveriş\vendor\codeigniter4\framework\system\CodeIgniter.php(326): CodeIgniter\CodeIgniter->handleRequest(NULL, Object(Config\Cache), false)
#4 C:\Users\YKM Bilişim Agent 5\Desktop\alışveriş\public\index.php(37): CodeIgniter\CodeIgniter->run()
#5 C:\Users\YKM Bilişim Agent 5\Desktop\alışveriş\vendor\codeigniter4\framework\system\Commands\Server\rewrite.php(43): require_once('C:\\Users\\YKM Bi...')
#6 {main}
ERROR - 2022-04-08 02:27:47 --> You have an error in your SQL syntax; check the manual that corresponds to your MariaDB server version for the right syntax to use near '))' at line 3
CRITICAL - 2022-04-08 02:27:47 --> You have an error in your SQL syntax; check the manual that corresponds to your MariaDB server version for the right syntax to use near '))' at line 3
#0 C:\Users\YKM Bilişim Agent 5\Desktop\alışveriş\vendor\codeigniter4\framework\system\Database\MySQLi\Connection.php(292): mysqli->query('SELECT *\nFROM `...', 0)
#1 C:\Users\YKM Bilişim Agent 5\Desktop\alışveriş\vendor\codeigniter4\framework\system\Database\BaseConnection.php(670): CodeIgniter\Database\MySQLi\Connection->execute('SELECT *\nFROM `...')
#2 C:\Users\YKM Bilişim Agent 5\Desktop\alışveriş\vendor\codeigniter4\framework\system\Database\BaseConnection.php(598): CodeIgniter\Database\BaseConnection->simpleQuery('SELECT *\nFROM `...')
#3 C:\Users\YKM Bilişim Agent 5\Desktop\alışveriş\vendor\codeigniter4\framework\system\Database\BaseBuilder.php(1455): CodeIgniter\Database\BaseConnection->query('SELECT *\nFROM `...', Array, false)
#4 C:\Users\YKM Bilişim Agent 5\Desktop\alışveriş\vendor\codeigniter4\framework\system\Model.php(183): CodeIgniter\Database\BaseBuilder->get()
#5 C:\Users\YKM Bilişim Agent 5\Desktop\alışveriş\vendor\codeigniter4\framework\system\BaseModel.php(584): CodeIgniter\Model->doFindAll(0, 0)
#6 C:\Users\YKM Bilişim Agent 5\Desktop\alışveriş\app\Controllers\Shop.php(126): CodeIgniter\BaseModel->findAll()
#7 C:\Users\YKM Bilişim Agent 5\Desktop\alışveriş\vendor\codeigniter4\framework\system\CodeIgniter.php(832): App\Controllers\Shop->index()
#8 C:\Users\YKM Bilişim Agent 5\Desktop\alışveriş\vendor\codeigniter4\framework\system\CodeIgniter.php(419): CodeIgniter\CodeIgniter->runController(Object(App\Controllers\Shop))
#9 C:\Users\YKM Bilişim Agent 5\Desktop\alışveriş\vendor\codeigniter4\framework\system\CodeIgniter.php(326): CodeIgniter\CodeIgniter->handleRequest(NULL, Object(Config\Cache), false)
#10 C:\Users\YKM Bilişim Agent 5\Desktop\alışveriş\public\index.php(37): CodeIgniter\CodeIgniter->run()
#11 C:\Users\YKM Bilişim Agent 5\Desktop\alışveriş\vendor\codeigniter4\framework\system\Commands\Server\rewrite.php(43): require_once('C:\\Users\\YKM Bi...')
#12 {main}
ERROR - 2022-04-08 04:47:22 --> You have an error in your SQL syntax; check the manual that corresponds to your MariaDB server version for the right syntax to use near '))' at line 3
CRITICAL - 2022-04-08 04:47:22 --> You have an error in your SQL syntax; check the manual that corresponds to your MariaDB server version for the right syntax to use near '))' at line 3
#0 C:\Users\YKM Bilişim Agent 5\Desktop\alışveriş\vendor\codeigniter4\framework\system\Database\MySQLi\Connection.php(292): mysqli->query('SELECT *\nFROM `...', 0)
#1 C:\Users\YKM Bilişim Agent 5\Desktop\alışveriş\vendor\codeigniter4\framework\system\Database\BaseConnection.php(670): CodeIgniter\Database\MySQLi\Connection->execute('SELECT *\nFROM `...')
#2 C:\Users\YKM Bilişim Agent 5\Desktop\alışveriş\vendor\codeigniter4\framework\system\Database\BaseConnection.php(598): CodeIgniter\Database\BaseConnection->simpleQuery('SELECT *\nFROM `...')
#3 C:\Users\YKM Bilişim Agent 5\Desktop\alışveriş\vendor\codeigniter4\framework\system\Database\BaseBuilder.php(1455): CodeIgniter\Database\BaseConnection->query('SELECT *\nFROM `...', Array, false)
#4 C:\Users\YKM Bilişim Agent 5\Desktop\alışveriş\vendor\codeigniter4\framework\system\Model.php(183): CodeIgniter\Database\BaseBuilder->get()
#5 C:\Users\YKM Bilişim Agent 5\Desktop\alışveriş\vendor\codeigniter4\framework\system\BaseModel.php(584): CodeIgniter\Model->doFindAll(0, 0)
#6 C:\Users\YKM Bilişim Agent 5\Desktop\alışveriş\app\Controllers\Shop.php(132): CodeIgniter\BaseModel->findAll()
#7 C:\Users\YKM Bilişim Agent 5\Desktop\alışveriş\vendor\codeigniter4\framework\system\CodeIgniter.php(832): App\Controllers\Shop->index()
#8 C:\Users\YKM Bilişim Agent 5\Desktop\alışveriş\vendor\codeigniter4\framework\system\CodeIgniter.php(419): CodeIgniter\CodeIgniter->runController(Object(App\Controllers\Shop))
#9 C:\Users\YKM Bilişim Agent 5\Desktop\alışveriş\vendor\codeigniter4\framework\system\CodeIgniter.php(326): CodeIgniter\CodeIgniter->handleRequest(NULL, Object(Config\Cache), false)
#10 C:\Users\YKM Bilişim Agent 5\Desktop\alışveriş\public\index.php(37): CodeIgniter\CodeIgniter->run()
#11 C:\Users\YKM Bilişim Agent 5\Desktop\alışveriş\vendor\codeigniter4\framework\system\Commands\Server\rewrite.php(43): require_once('C:\\Users\\YKM Bi...')
#12 {main}
ERROR - 2022-04-08 04:49:50 --> You have an error in your SQL syntax; check the manual that corresponds to your MariaDB server version for the right syntax to use near ''Oyun Konsolu'))' at line 3
CRITICAL - 2022-04-08 04:49:50 --> You have an error in your SQL syntax; check the manual that corresponds to your MariaDB server version for the right syntax to use near ''Oyun Konsolu'))' at line 3
#0 C:\Users\YKM Bilişim Agent 5\Desktop\alışveriş\vendor\codeigniter4\framework\system\Database\MySQLi\Connection.php(292): mysqli->query('SELECT *\nFROM `...', 0)
#1 C:\Users\YKM Bilişim Agent 5\Desktop\alışveriş\vendor\codeigniter4\framework\system\Database\BaseConnection.php(670): CodeIgniter\Database\MySQLi\Connection->execute('SELECT *\nFROM `...')
#2 C:\Users\YKM Bilişim Agent 5\Desktop\alışveriş\vendor\codeigniter4\framework\system\Database\BaseConnection.php(598): CodeIgniter\Database\BaseConnection->simpleQuery('SELECT *\nFROM `...')
#3 C:\Users\YKM Bilişim Agent 5\Desktop\alışveriş\vendor\codeigniter4\framework\system\Database\BaseBuilder.php(1455): CodeIgniter\Database\BaseConnection->query('SELECT *\nFROM `...', Array, false)
#4 C:\Users\YKM Bilişim Agent 5\Desktop\alışveriş\vendor\codeigniter4\framework\system\Model.php(183): CodeIgniter\Database\BaseBuilder->get()
#5 C:\Users\YKM Bilişim Agent 5\Desktop\alışveriş\vendor\codeigniter4\framework\system\BaseModel.php(584): CodeIgniter\Model->doFindAll(0, 0)
#6 C:\Users\YKM Bilişim Agent 5\Desktop\alışveriş\app\Controllers\Shop.php(132): CodeIgniter\BaseModel->findAll()
#7 C:\Users\YKM Bilişim Agent 5\Desktop\alışveriş\vendor\codeigniter4\framework\system\CodeIgniter.php(832): App\Controllers\Shop->index()
#8 C:\Users\YKM Bilişim Agent 5\Desktop\alışveriş\vendor\codeigniter4\framework\system\CodeIgniter.php(419): CodeIgniter\CodeIgniter->runController(Object(App\Controllers\Shop))
#9 C:\Users\YKM Bilişim Agent 5\Desktop\alışveriş\vendor\codeigniter4\framework\system\CodeIgniter.php(326): CodeIgniter\CodeIgniter->handleRequest(NULL, Object(Config\Cache), false)
#10 C:\Users\YKM Bilişim Agent 5\Desktop\alışveriş\public\index.php(37): CodeIgniter\CodeIgniter->run()
#11 C:\Users\YKM Bilişim Agent 5\Desktop\alışveriş\vendor\codeigniter4\framework\system\Commands\Server\rewrite.php(43): require_once('C:\\Users\\YKM Bi...')
#12 {main}
CRITICAL - 2022-04-08 07:48:49 --> Array to string conversion
#0 C:\Users\YKM Bilişim Agent 5\Desktop\alışveriş\app\Views\includes\header.php(190): CodeIgniter\Debug\Exceptions->errorHandler(2, 'Array to string...', 'C:\\Users\\YKM Bi...', 190)
#1 C:\Users\YKM Bilişim Agent 5\Desktop\alışveriş\vendor\codeigniter4\framework\system\View\View.php(210): include('C:\\Users\\YKM Bi...')
#2 C:\Users\YKM Bilişim Agent 5\Desktop\alışveriş\vendor\codeigniter4\framework\system\View\View.php(213): CodeIgniter\View\View->CodeIgniter\View\{closure}()
#3 C:\Users\YKM Bilişim Agent 5\Desktop\alışveriş\vendor\codeigniter4\framework\system\Common.php(1089): CodeIgniter\View\View->render('includes/header', Array, true)
#4 C:\Users\YKM Bilişim Agent 5\Desktop\alışveriş\app\Views\index.php(9): view('includes/header')
#5 C:\Users\YKM Bilişim Agent 5\Desktop\alışveriş\vendor\codeigniter4\framework\system\View\View.php(210): include('C:\\Users\\YKM Bi...')
#6 C:\Users\YKM Bilişim Agent 5\Desktop\alışveriş\vendor\codeigniter4\framework\system\View\View.php(213): CodeIgniter\View\View->CodeIgniter\View\{closure}()
#7 C:\Users\YKM Bilişim Agent 5\Desktop\alışveriş\vendor\codeigniter4\framework\system\Common.php(1089): CodeIgniter\View\View->render('index', Array, true)
#8 C:\Users\YKM Bilişim Agent 5\Desktop\alışveriş\app\Controllers\Home.php(56): view('index', Array)
#9 C:\Users\YKM Bilişim Agent 5\Desktop\alışveriş\vendor\codeigniter4\framework\system\CodeIgniter.php(832): App\Controllers\Home->index()
#10 C:\Users\YKM Bilişim Agent 5\Desktop\alışveriş\vendor\codeigniter4\framework\system\CodeIgniter.php(419): CodeIgniter\CodeIgniter->runController(Object(App\Controllers\Home))
#11 C:\Users\YKM Bilişim Agent 5\Desktop\alışveriş\vendor\codeigniter4\framework\system\CodeIgniter.php(326): CodeIgniter\CodeIgniter->handleRequest(NULL, Object(Config\Cache), false)
#12 C:\Users\YKM Bilişim Agent 5\Desktop\alışveriş\public\index.php(37): CodeIgniter\CodeIgniter->run()
#13 C:\Users\YKM Bilişim Agent 5\Desktop\alışveriş\vendor\codeigniter4\framework\system\Commands\Server\rewrite.php(43): require_once('C:\\Users\\YKM Bi...')
#14 {main}
CRITICAL - 2022-04-08 07:54:05 --> Undefined array key "product"
#0 C:\Users\YKM Bilişim Agent 5\Desktop\alışveriş\app\Controllers\Shop.php(315): CodeIgniter\Debug\Exceptions->errorHandler(2, 'Undefined array...', 'C:\\Users\\YKM Bi...', 315)
#1 C:\Users\YKM Bilişim Agent 5\Desktop\alışveriş\vendor\codeigniter4\framework\system\CodeIgniter.php(832): App\Controllers\Shop->addTocart()
#2 C:\Users\YKM Bilişim Agent 5\Desktop\alışveriş\vendor\codeigniter4\framework\system\CodeIgniter.php(419): CodeIgniter\CodeIgniter->runController(Object(App\Controllers\Shop))
#3 C:\Users\YKM Bilişim Agent 5\Desktop\alışveriş\vendor\codeigniter4\framework\system\CodeIgniter.php(326): CodeIgniter\CodeIgniter->handleRequest(NULL, Object(Config\Cache), false)
#4 C:\Users\YKM Bilişim Agent 5\Desktop\alışveriş\public\index.php(37): CodeIgniter\CodeIgniter->run()
#5 C:\Users\YKM Bilişim Agent 5\Desktop\alışveriş\vendor\codeigniter4\framework\system\Commands\Server\rewrite.php(43): require_once('C:\\Users\\YKM Bi...')
#6 {main}
CRITICAL - 2022-04-08 07:57:44 --> Undefined array key "product"
#0 C:\Users\YKM Bilişim Agent 5\Desktop\alışveriş\app\Controllers\Shop.php(315): CodeIgniter\Debug\Exceptions->errorHandler(2, 'Undefined array...', 'C:\\Users\\YKM Bi...', 315)
#1 C:\Users\YKM Bilişim Agent 5\Desktop\alışveriş\vendor\codeigniter4\framework\system\CodeIgniter.php(832): App\Controllers\Shop->addTocart()
#2 C:\Users\YKM Bilişim Agent 5\Desktop\alışveriş\vendor\codeigniter4\framework\system\CodeIgniter.php(419): CodeIgniter\CodeIgniter->runController(Object(App\Controllers\Shop))
#3 C:\Users\YKM Bilişim Agent 5\Desktop\alışveriş\vendor\codeigniter4\framework\system\CodeIgniter.php(326): CodeIgniter\CodeIgniter->handleRequest(NULL, Object(Config\Cache), false)
#4 C:\Users\YKM Bilişim Agent 5\Desktop\alışveriş\public\index.php(37): CodeIgniter\CodeIgniter->run()
#5 C:\Users\YKM Bilişim Agent 5\Desktop\alışveriş\vendor\codeigniter4\framework\system\Commands\Server\rewrite.php(43): require_once('C:\\Users\\YKM Bi...')
#6 {main}
