CRITICAL - 2022-05-05 03:03:25 --> Array to string conversion
#0 C:\Users\YKM Bilişim Agent 5\Desktop\alışveriş\app\Views\Admin\Admin\products\index.php(48): CodeIgniter\Debug\Exceptions->errorHandler(2, 'Array to string...', 'C:\\Users\\YKM Bi...', 48)
#1 C:\Users\YKM Bilişim Agent 5\Desktop\alışveriş\vendor\codeigniter4\framework\system\View\View.php(210): include('C:\\Users\\YKM Bi...')
#2 C:\Users\YKM Bilişim Agent 5\Desktop\alışveriş\vendor\codeigniter4\framework\system\View\View.php(213): CodeIgniter\View\View->CodeIgniter\View\{closure}()
#3 C:\Users\YKM Bilişim Agent 5\Desktop\alışveriş\vendor\codeigniter4\framework\system\Common.php(1089): CodeIgniter\View\View->render('admin/Admin/pro...', Array, true)
#4 C:\Users\YKM Bilişim Agent 5\Desktop\alışveriş\app\Controllers\Admin\Admin.php(87): view('admin/Admin/pro...', Array)
#5 C:\Users\YKM Bilişim Agent 5\Desktop\alışveriş\vendor\codeigniter4\framework\system\CodeIgniter.php(832): App\Controllers\Admin\Admin->products_v()
#6 C:\Users\YKM Bilişim Agent 5\Desktop\alışveriş\vendor\codeigniter4\framework\system\CodeIgniter.php(419): CodeIgniter\CodeIgniter->runController(Object(App\Controllers\Admin\Admin))
#7 C:\Users\YKM Bilişim Agent 5\Desktop\alışveriş\vendor\codeigniter4\framework\system\CodeIgniter.php(326): CodeIgniter\CodeIgniter->handleRequest(NULL, Object(Config\Cache), false)
#8 C:\Users\YKM Bilişim Agent 5\Desktop\alışveriş\public\index.php(37): CodeIgniter\CodeIgniter->run()
#9 C:\Users\YKM Bilişim Agent 5\Desktop\alışveriş\vendor\codeigniter4\framework\system\Commands\Server\rewrite.php(43): require_once('C:\\Users\\YKM Bi...')
#10 {main}
CRITICAL - 2022-05-05 03:07:43 --> Undefined array key 7
#0 C:\Users\YKM Bilişim Agent 5\Desktop\alışveriş\app\Views\Admin\Admin\products\index.php(51): CodeIgniter\Debug\Exceptions->errorHandler(2, 'Undefined array...', 'C:\\Users\\YKM Bi...', 51)
#1 C:\Users\YKM Bilişim Agent 5\Desktop\alışveriş\vendor\codeigniter4\framework\system\View\View.php(210): include('C:\\Users\\YKM Bi...')
#2 C:\Users\YKM Bilişim Agent 5\Desktop\alışveriş\vendor\codeigniter4\framework\system\View\View.php(213): CodeIgniter\View\View->CodeIgniter\View\{closure}()
#3 C:\Users\YKM Bilişim Agent 5\Desktop\alışveriş\vendor\codeigniter4\framework\system\Common.php(1089): CodeIgniter\View\View->render('admin/Admin/pro...', Array, true)
#4 C:\Users\YKM Bilişim Agent 5\Desktop\alışveriş\app\Controllers\Admin\Admin.php(87): view('admin/Admin/pro...', Array)
#5 C:\Users\YKM Bilişim Agent 5\Desktop\alışveriş\vendor\codeigniter4\framework\system\CodeIgniter.php(832): App\Controllers\Admin\Admin->products_v()
#6 C:\Users\YKM Bilişim Agent 5\Desktop\alışveriş\vendor\codeigniter4\framework\system\CodeIgniter.php(419): CodeIgniter\CodeIgniter->runController(Object(App\Controllers\Admin\Admin))
#7 C:\Users\YKM Bilişim Agent 5\Desktop\alışveriş\vendor\codeigniter4\framework\system\CodeIgniter.php(326): CodeIgniter\CodeIgniter->handleRequest(NULL, Object(Config\Cache), false)
#8 C:\Users\YKM Bilişim Agent 5\Desktop\alışveriş\public\index.php(37): CodeIgniter\CodeIgniter->run()
#9 C:\Users\YKM Bilişim Agent 5\Desktop\alışveriş\vendor\codeigniter4\framework\system\Commands\Server\rewrite.php(43): require_once('C:\\Users\\YKM Bi...')
#10 {main}
CRITICAL - 2022-05-05 05:53:53 --> array_push(): Argument #1 ($array) must be of type array, string given
#0 C:\Users\YKM Bilişim Agent 5\Desktop\alışveriş\app\Controllers\Admin\Admin.php(105): array_push('', 'Siyah \xC3\x87anta')
#1 C:\Users\YKM Bilişim Agent 5\Desktop\alışveriş\vendor\codeigniter4\framework\system\CodeIgniter.php(832): App\Controllers\Admin\Admin->product_edit('1')
#2 C:\Users\YKM Bilişim Agent 5\Desktop\alışveriş\vendor\codeigniter4\framework\system\CodeIgniter.php(419): CodeIgniter\CodeIgniter->runController(Object(App\Controllers\Admin\Admin))
#3 C:\Users\YKM Bilişim Agent 5\Desktop\alışveriş\vendor\codeigniter4\framework\system\CodeIgniter.php(326): CodeIgniter\CodeIgniter->handleRequest(NULL, Object(Config\Cache), false)
#4 C:\Users\YKM Bilişim Agent 5\Desktop\alışveriş\public\index.php(37): CodeIgniter\CodeIgniter->run()
#5 C:\Users\YKM Bilişim Agent 5\Desktop\alışveriş\vendor\codeigniter4\framework\system\Commands\Server\rewrite.php(43): require_once('C:\\Users\\YKM Bi...')
#6 {main}
CRITICAL - 2022-05-05 05:54:21 --> array_push(): Argument #1 ($array) must be of type array, string given
#0 C:\Users\YKM Bilişim Agent 5\Desktop\alışveriş\app\Controllers\Admin\Admin.php(105): array_push('', 'Siyah \xC3\x87anta')
#1 C:\Users\YKM Bilişim Agent 5\Desktop\alışveriş\vendor\codeigniter4\framework\system\CodeIgniter.php(832): App\Controllers\Admin\Admin->product_edit('1')
#2 C:\Users\YKM Bilişim Agent 5\Desktop\alışveriş\vendor\codeigniter4\framework\system\CodeIgniter.php(419): CodeIgniter\CodeIgniter->runController(Object(App\Controllers\Admin\Admin))
#3 C:\Users\YKM Bilişim Agent 5\Desktop\alışveriş\vendor\codeigniter4\framework\system\CodeIgniter.php(326): CodeIgniter\CodeIgniter->handleRequest(NULL, Object(Config\Cache), false)
#4 C:\Users\YKM Bilişim Agent 5\Desktop\alışveriş\public\index.php(37): CodeIgniter\CodeIgniter->run()
#5 C:\Users\YKM Bilişim Agent 5\Desktop\alışveriş\vendor\codeigniter4\framework\system\Commands\Server\rewrite.php(43): require_once('C:\\Users\\YKM Bi...')
#6 {main}
CRITICAL - 2022-05-05 05:54:22 --> array_push(): Argument #1 ($array) must be of type array, string given
#0 C:\Users\YKM Bilişim Agent 5\Desktop\alışveriş\app\Controllers\Admin\Admin.php(105): array_push('', 'Siyah \xC3\x87anta')
#1 C:\Users\YKM Bilişim Agent 5\Desktop\alışveriş\vendor\codeigniter4\framework\system\CodeIgniter.php(832): App\Controllers\Admin\Admin->product_edit('1')
#2 C:\Users\YKM Bilişim Agent 5\Desktop\alışveriş\vendor\codeigniter4\framework\system\CodeIgniter.php(419): CodeIgniter\CodeIgniter->runController(Object(App\Controllers\Admin\Admin))
#3 C:\Users\YKM Bilişim Agent 5\Desktop\alışveriş\vendor\codeigniter4\framework\system\CodeIgniter.php(326): CodeIgniter\CodeIgniter->handleRequest(NULL, Object(Config\Cache), false)
#4 C:\Users\YKM Bilişim Agent 5\Desktop\alışveriş\public\index.php(37): CodeIgniter\CodeIgniter->run()
#5 C:\Users\YKM Bilişim Agent 5\Desktop\alışveriş\vendor\codeigniter4\framework\system\Commands\Server\rewrite.php(43): require_once('C:\\Users\\YKM Bi...')
#6 {main}
CRITICAL - 2022-05-05 05:56:19 --> Undefined array key "product_cateogry"
#0 C:\Users\YKM Bilişim Agent 5\Desktop\alışveriş\app\Controllers\Admin\Admin.php(109): CodeIgniter\Debug\Exceptions->errorHandler(2, 'Undefined array...', 'C:\\Users\\YKM Bi...', 109)
#1 C:\Users\YKM Bilişim Agent 5\Desktop\alışveriş\vendor\codeigniter4\framework\system\CodeIgniter.php(832): App\Controllers\Admin\Admin->product_edit('1')
#2 C:\Users\YKM Bilişim Agent 5\Desktop\alışveriş\vendor\codeigniter4\framework\system\CodeIgniter.php(419): CodeIgniter\CodeIgniter->runController(Object(App\Controllers\Admin\Admin))
#3 C:\Users\YKM Bilişim Agent 5\Desktop\alışveriş\vendor\codeigniter4\framework\system\CodeIgniter.php(326): CodeIgniter\CodeIgniter->handleRequest(NULL, Object(Config\Cache), false)
#4 C:\Users\YKM Bilişim Agent 5\Desktop\alışveriş\public\index.php(37): CodeIgniter\CodeIgniter->run()
#5 C:\Users\YKM Bilişim Agent 5\Desktop\alışveriş\vendor\codeigniter4\framework\system\Commands\Server\rewrite.php(43): require_once('C:\\Users\\YKM Bi...')
#6 {main}
CRITICAL - 2022-05-05 05:56:21 --> Undefined array key "product_cateogry"
#0 C:\Users\YKM Bilişim Agent 5\Desktop\alışveriş\app\Controllers\Admin\Admin.php(109): CodeIgniter\Debug\Exceptions->errorHandler(2, 'Undefined array...', 'C:\\Users\\YKM Bi...', 109)
#1 C:\Users\YKM Bilişim Agent 5\Desktop\alışveriş\vendor\codeigniter4\framework\system\CodeIgniter.php(832): App\Controllers\Admin\Admin->product_edit('1')
#2 C:\Users\YKM Bilişim Agent 5\Desktop\alışveriş\vendor\codeigniter4\framework\system\CodeIgniter.php(419): CodeIgniter\CodeIgniter->runController(Object(App\Controllers\Admin\Admin))
#3 C:\Users\YKM Bilişim Agent 5\Desktop\alışveriş\vendor\codeigniter4\framework\system\CodeIgniter.php(326): CodeIgniter\CodeIgniter->handleRequest(NULL, Object(Config\Cache), false)
#4 C:\Users\YKM Bilişim Agent 5\Desktop\alışveriş\public\index.php(37): CodeIgniter\CodeIgniter->run()
#5 C:\Users\YKM Bilişim Agent 5\Desktop\alışveriş\vendor\codeigniter4\framework\system\Commands\Server\rewrite.php(43): require_once('C:\\Users\\YKM Bi...')
#6 {main}
CRITICAL - 2022-05-05 05:56:44 --> Undefined array key "product_cateogry"
#0 C:\Users\YKM Bilişim Agent 5\Desktop\alışveriş\app\Controllers\Admin\Admin.php(109): CodeIgniter\Debug\Exceptions->errorHandler(2, 'Undefined array...', 'C:\\Users\\YKM Bi...', 109)
#1 C:\Users\YKM Bilişim Agent 5\Desktop\alışveriş\vendor\codeigniter4\framework\system\CodeIgniter.php(832): App\Controllers\Admin\Admin->product_edit('1')
#2 C:\Users\YKM Bilişim Agent 5\Desktop\alışveriş\vendor\codeigniter4\framework\system\CodeIgniter.php(419): CodeIgniter\CodeIgniter->runController(Object(App\Controllers\Admin\Admin))
#3 C:\Users\YKM Bilişim Agent 5\Desktop\alışveriş\vendor\codeigniter4\framework\system\CodeIgniter.php(326): CodeIgniter\CodeIgniter->handleRequest(NULL, Object(Config\Cache), false)
#4 C:\Users\YKM Bilişim Agent 5\Desktop\alışveriş\public\index.php(37): CodeIgniter\CodeIgniter->run()
#5 C:\Users\YKM Bilişim Agent 5\Desktop\alışveriş\vendor\codeigniter4\framework\system\Commands\Server\rewrite.php(43): require_once('C:\\Users\\YKM Bi...')
#6 {main}
CRITICAL - 2022-05-05 05:56:45 --> Undefined array key "product_cateogry"
#0 C:\Users\YKM Bilişim Agent 5\Desktop\alışveriş\app\Controllers\Admin\Admin.php(109): CodeIgniter\Debug\Exceptions->errorHandler(2, 'Undefined array...', 'C:\\Users\\YKM Bi...', 109)
#1 C:\Users\YKM Bilişim Agent 5\Desktop\alışveriş\vendor\codeigniter4\framework\system\CodeIgniter.php(832): App\Controllers\Admin\Admin->product_edit('1')
#2 C:\Users\YKM Bilişim Agent 5\Desktop\alışveriş\vendor\codeigniter4\framework\system\CodeIgniter.php(419): CodeIgniter\CodeIgniter->runController(Object(App\Controllers\Admin\Admin))
#3 C:\Users\YKM Bilişim Agent 5\Desktop\alışveriş\vendor\codeigniter4\framework\system\CodeIgniter.php(326): CodeIgniter\CodeIgniter->handleRequest(NULL, Object(Config\Cache), false)
#4 C:\Users\YKM Bilişim Agent 5\Desktop\alışveriş\public\index.php(37): CodeIgniter\CodeIgniter->run()
#5 C:\Users\YKM Bilişim Agent 5\Desktop\alışveriş\vendor\codeigniter4\framework\system\Commands\Server\rewrite.php(43): require_once('C:\\Users\\YKM Bi...')
#6 {main}
CRITICAL - 2022-05-05 05:56:58 --> Undefined array key 0
#0 C:\Users\YKM Bilişim Agent 5\Desktop\alışveriş\app\Controllers\Admin\Admin.php(109): CodeIgniter\Debug\Exceptions->errorHandler(2, 'Undefined array...', 'C:\\Users\\YKM Bi...', 109)
#1 C:\Users\YKM Bilişim Agent 5\Desktop\alışveriş\vendor\codeigniter4\framework\system\CodeIgniter.php(832): App\Controllers\Admin\Admin->product_edit('1')
#2 C:\Users\YKM Bilişim Agent 5\Desktop\alışveriş\vendor\codeigniter4\framework\system\CodeIgniter.php(419): CodeIgniter\CodeIgniter->runController(Object(App\Controllers\Admin\Admin))
#3 C:\Users\YKM Bilişim Agent 5\Desktop\alışveriş\vendor\codeigniter4\framework\system\CodeIgniter.php(326): CodeIgniter\CodeIgniter->handleRequest(NULL, Object(Config\Cache), false)
#4 C:\Users\YKM Bilişim Agent 5\Desktop\alışveriş\public\index.php(37): CodeIgniter\CodeIgniter->run()
#5 C:\Users\YKM Bilişim Agent 5\Desktop\alışveriş\vendor\codeigniter4\framework\system\Commands\Server\rewrite.php(43): require_once('C:\\Users\\YKM Bi...')
#6 {main}
CRITICAL - 2022-05-05 05:56:59 --> Undefined array key 0
#0 C:\Users\YKM Bilişim Agent 5\Desktop\alışveriş\app\Controllers\Admin\Admin.php(109): CodeIgniter\Debug\Exceptions->errorHandler(2, 'Undefined array...', 'C:\\Users\\YKM Bi...', 109)
#1 C:\Users\YKM Bilişim Agent 5\Desktop\alışveriş\vendor\codeigniter4\framework\system\CodeIgniter.php(832): App\Controllers\Admin\Admin->product_edit('1')
#2 C:\Users\YKM Bilişim Agent 5\Desktop\alışveriş\vendor\codeigniter4\framework\system\CodeIgniter.php(419): CodeIgniter\CodeIgniter->runController(Object(App\Controllers\Admin\Admin))
#3 C:\Users\YKM Bilişim Agent 5\Desktop\alışveriş\vendor\codeigniter4\framework\system\CodeIgniter.php(326): CodeIgniter\CodeIgniter->handleRequest(NULL, Object(Config\Cache), false)
#4 C:\Users\YKM Bilişim Agent 5\Desktop\alışveriş\public\index.php(37): CodeIgniter\CodeIgniter->run()
#5 C:\Users\YKM Bilişim Agent 5\Desktop\alışveriş\vendor\codeigniter4\framework\system\Commands\Server\rewrite.php(43): require_once('C:\\Users\\YKM Bi...')
#6 {main}
CRITICAL - 2022-05-05 05:57:19 --> Undefined array key "brand"
#0 C:\Users\YKM Bilişim Agent 5\Desktop\alışveriş\app\Controllers\Admin\Admin.php(107): CodeIgniter\Debug\Exceptions->errorHandler(2, 'Undefined array...', 'C:\\Users\\YKM Bi...', 107)
#1 C:\Users\YKM Bilişim Agent 5\Desktop\alışveriş\vendor\codeigniter4\framework\system\CodeIgniter.php(832): App\Controllers\Admin\Admin->product_edit('1')
#2 C:\Users\YKM Bilişim Agent 5\Desktop\alışveriş\vendor\codeigniter4\framework\system\CodeIgniter.php(419): CodeIgniter\CodeIgniter->runController(Object(App\Controllers\Admin\Admin))
#3 C:\Users\YKM Bilişim Agent 5\Desktop\alışveriş\vendor\codeigniter4\framework\system\CodeIgniter.php(326): CodeIgniter\CodeIgniter->handleRequest(NULL, Object(Config\Cache), false)
#4 C:\Users\YKM Bilişim Agent 5\Desktop\alışveriş\public\index.php(37): CodeIgniter\CodeIgniter->run()
#5 C:\Users\YKM Bilişim Agent 5\Desktop\alışveriş\vendor\codeigniter4\framework\system\Commands\Server\rewrite.php(43): require_once('C:\\Users\\YKM Bi...')
#6 {main}
CRITICAL - 2022-05-05 05:57:21 --> Undefined array key "brand"
#0 C:\Users\YKM Bilişim Agent 5\Desktop\alışveriş\app\Controllers\Admin\Admin.php(107): CodeIgniter\Debug\Exceptions->errorHandler(2, 'Undefined array...', 'C:\\Users\\YKM Bi...', 107)
#1 C:\Users\YKM Bilişim Agent 5\Desktop\alışveriş\vendor\codeigniter4\framework\system\CodeIgniter.php(832): App\Controllers\Admin\Admin->product_edit('1')
#2 C:\Users\YKM Bilişim Agent 5\Desktop\alışveriş\vendor\codeigniter4\framework\system\CodeIgniter.php(419): CodeIgniter\CodeIgniter->runController(Object(App\Controllers\Admin\Admin))
#3 C:\Users\YKM Bilişim Agent 5\Desktop\alışveriş\vendor\codeigniter4\framework\system\CodeIgniter.php(326): CodeIgniter\CodeIgniter->handleRequest(NULL, Object(Config\Cache), false)
#4 C:\Users\YKM Bilişim Agent 5\Desktop\alışveriş\public\index.php(37): CodeIgniter\CodeIgniter->run()
#5 C:\Users\YKM Bilişim Agent 5\Desktop\alışveriş\vendor\codeigniter4\framework\system\Commands\Server\rewrite.php(43): require_once('C:\\Users\\YKM Bi...')
#6 {main}
CRITICAL - 2022-05-05 05:57:22 --> Undefined array key "brand"
#0 C:\Users\YKM Bilişim Agent 5\Desktop\alışveriş\app\Controllers\Admin\Admin.php(107): CodeIgniter\Debug\Exceptions->errorHandler(2, 'Undefined array...', 'C:\\Users\\YKM Bi...', 107)
#1 C:\Users\YKM Bilişim Agent 5\Desktop\alışveriş\vendor\codeigniter4\framework\system\CodeIgniter.php(832): App\Controllers\Admin\Admin->product_edit('1')
#2 C:\Users\YKM Bilişim Agent 5\Desktop\alışveriş\vendor\codeigniter4\framework\system\CodeIgniter.php(419): CodeIgniter\CodeIgniter->runController(Object(App\Controllers\Admin\Admin))
#3 C:\Users\YKM Bilişim Agent 5\Desktop\alışveriş\vendor\codeigniter4\framework\system\CodeIgniter.php(326): CodeIgniter\CodeIgniter->handleRequest(NULL, Object(Config\Cache), false)
#4 C:\Users\YKM Bilişim Agent 5\Desktop\alışveriş\public\index.php(37): CodeIgniter\CodeIgniter->run()
#5 C:\Users\YKM Bilişim Agent 5\Desktop\alışveriş\vendor\codeigniter4\framework\system\Commands\Server\rewrite.php(43): require_once('C:\\Users\\YKM Bi...')
#6 {main}
CRITICAL - 2022-05-05 05:57:23 --> Undefined array key "brand"
#0 C:\Users\YKM Bilişim Agent 5\Desktop\alışveriş\app\Controllers\Admin\Admin.php(107): CodeIgniter\Debug\Exceptions->errorHandler(2, 'Undefined array...', 'C:\\Users\\YKM Bi...', 107)
#1 C:\Users\YKM Bilişim Agent 5\Desktop\alışveriş\vendor\codeigniter4\framework\system\CodeIgniter.php(832): App\Controllers\Admin\Admin->product_edit('1')
#2 C:\Users\YKM Bilişim Agent 5\Desktop\alışveriş\vendor\codeigniter4\framework\system\CodeIgniter.php(419): CodeIgniter\CodeIgniter->runController(Object(App\Controllers\Admin\Admin))
#3 C:\Users\YKM Bilişim Agent 5\Desktop\alışveriş\vendor\codeigniter4\framework\system\CodeIgniter.php(326): CodeIgniter\CodeIgniter->handleRequest(NULL, Object(Config\Cache), false)
#4 C:\Users\YKM Bilişim Agent 5\Desktop\alışveriş\public\index.php(37): CodeIgniter\CodeIgniter->run()
#5 C:\Users\YKM Bilişim Agent 5\Desktop\alışveriş\vendor\codeigniter4\framework\system\Commands\Server\rewrite.php(43): require_once('C:\\Users\\YKM Bi...')
#6 {main}
CRITICAL - 2022-05-05 05:57:38 --> Undefined array key 0
#0 C:\Users\YKM Bilişim Agent 5\Desktop\alışveriş\app\Controllers\Admin\Admin.php(109): CodeIgniter\Debug\Exceptions->errorHandler(2, 'Undefined array...', 'C:\\Users\\YKM Bi...', 109)
#1 C:\Users\YKM Bilişim Agent 5\Desktop\alışveriş\vendor\codeigniter4\framework\system\CodeIgniter.php(832): App\Controllers\Admin\Admin->product_edit('1')
#2 C:\Users\YKM Bilişim Agent 5\Desktop\alışveriş\vendor\codeigniter4\framework\system\CodeIgniter.php(419): CodeIgniter\CodeIgniter->runController(Object(App\Controllers\Admin\Admin))
#3 C:\Users\YKM Bilişim Agent 5\Desktop\alışveriş\vendor\codeigniter4\framework\system\CodeIgniter.php(326): CodeIgniter\CodeIgniter->handleRequest(NULL, Object(Config\Cache), false)
#4 C:\Users\YKM Bilişim Agent 5\Desktop\alışveriş\public\index.php(37): CodeIgniter\CodeIgniter->run()
#5 C:\Users\YKM Bilişim Agent 5\Desktop\alışveriş\vendor\codeigniter4\framework\system\Commands\Server\rewrite.php(43): require_once('C:\\Users\\YKM Bi...')
#6 {main}
CRITICAL - 2022-05-05 05:57:39 --> Undefined array key 0
#0 C:\Users\YKM Bilişim Agent 5\Desktop\alışveriş\app\Controllers\Admin\Admin.php(109): CodeIgniter\Debug\Exceptions->errorHandler(2, 'Undefined array...', 'C:\\Users\\YKM Bi...', 109)
#1 C:\Users\YKM Bilişim Agent 5\Desktop\alışveriş\vendor\codeigniter4\framework\system\CodeIgniter.php(832): App\Controllers\Admin\Admin->product_edit('1')
#2 C:\Users\YKM Bilişim Agent 5\Desktop\alışveriş\vendor\codeigniter4\framework\system\CodeIgniter.php(419): CodeIgniter\CodeIgniter->runController(Object(App\Controllers\Admin\Admin))
#3 C:\Users\YKM Bilişim Agent 5\Desktop\alışveriş\vendor\codeigniter4\framework\system\CodeIgniter.php(326): CodeIgniter\CodeIgniter->handleRequest(NULL, Object(Config\Cache), false)
#4 C:\Users\YKM Bilişim Agent 5\Desktop\alışveriş\public\index.php(37): CodeIgniter\CodeIgniter->run()
#5 C:\Users\YKM Bilişim Agent 5\Desktop\alışveriş\vendor\codeigniter4\framework\system\Commands\Server\rewrite.php(43): require_once('C:\\Users\\YKM Bi...')
#6 {main}
CRITICAL - 2022-05-05 05:57:53 --> Undefined array key 0
#0 C:\Users\YKM Bilişim Agent 5\Desktop\alışveriş\app\Controllers\Admin\Admin.php(109): CodeIgniter\Debug\Exceptions->errorHandler(2, 'Undefined array...', 'C:\\Users\\YKM Bi...', 109)
#1 C:\Users\YKM Bilişim Agent 5\Desktop\alışveriş\vendor\codeigniter4\framework\system\CodeIgniter.php(832): App\Controllers\Admin\Admin->product_edit('1')
#2 C:\Users\YKM Bilişim Agent 5\Desktop\alışveriş\vendor\codeigniter4\framework\system\CodeIgniter.php(419): CodeIgniter\CodeIgniter->runController(Object(App\Controllers\Admin\Admin))
#3 C:\Users\YKM Bilişim Agent 5\Desktop\alışveriş\vendor\codeigniter4\framework\system\CodeIgniter.php(326): CodeIgniter\CodeIgniter->handleRequest(NULL, Object(Config\Cache), false)
#4 C:\Users\YKM Bilişim Agent 5\Desktop\alışveriş\public\index.php(37): CodeIgniter\CodeIgniter->run()
#5 C:\Users\YKM Bilişim Agent 5\Desktop\alışveriş\vendor\codeigniter4\framework\system\Commands\Server\rewrite.php(43): require_once('C:\\Users\\YKM Bi...')
#6 {main}
CRITICAL - 2022-05-05 05:57:54 --> Undefined array key 0
#0 C:\Users\YKM Bilişim Agent 5\Desktop\alışveriş\app\Controllers\Admin\Admin.php(109): CodeIgniter\Debug\Exceptions->errorHandler(2, 'Undefined array...', 'C:\\Users\\YKM Bi...', 109)
#1 C:\Users\YKM Bilişim Agent 5\Desktop\alışveriş\vendor\codeigniter4\framework\system\CodeIgniter.php(832): App\Controllers\Admin\Admin->product_edit('1')
#2 C:\Users\YKM Bilişim Agent 5\Desktop\alışveriş\vendor\codeigniter4\framework\system\CodeIgniter.php(419): CodeIgniter\CodeIgniter->runController(Object(App\Controllers\Admin\Admin))
#3 C:\Users\YKM Bilişim Agent 5\Desktop\alışveriş\vendor\codeigniter4\framework\system\CodeIgniter.php(326): CodeIgniter\CodeIgniter->handleRequest(NULL, Object(Config\Cache), false)
#4 C:\Users\YKM Bilişim Agent 5\Desktop\alışveriş\public\index.php(37): CodeIgniter\CodeIgniter->run()
#5 C:\Users\YKM Bilişim Agent 5\Desktop\alışveriş\vendor\codeigniter4\framework\system\Commands\Server\rewrite.php(43): require_once('C:\\Users\\YKM Bi...')
#6 {main}
CRITICAL - 2022-05-05 05:57:55 --> Undefined array key 0
#0 C:\Users\YKM Bilişim Agent 5\Desktop\alışveriş\app\Controllers\Admin\Admin.php(109): CodeIgniter\Debug\Exceptions->errorHandler(2, 'Undefined array...', 'C:\\Users\\YKM Bi...', 109)
#1 C:\Users\YKM Bilişim Agent 5\Desktop\alışveriş\vendor\codeigniter4\framework\system\CodeIgniter.php(832): App\Controllers\Admin\Admin->product_edit('1')
#2 C:\Users\YKM Bilişim Agent 5\Desktop\alışveriş\vendor\codeigniter4\framework\system\CodeIgniter.php(419): CodeIgniter\CodeIgniter->runController(Object(App\Controllers\Admin\Admin))
#3 C:\Users\YKM Bilişim Agent 5\Desktop\alışveriş\vendor\codeigniter4\framework\system\CodeIgniter.php(326): CodeIgniter\CodeIgniter->handleRequest(NULL, Object(Config\Cache), false)
#4 C:\Users\YKM Bilişim Agent 5\Desktop\alışveriş\public\index.php(37): CodeIgniter\CodeIgniter->run()
#5 C:\Users\YKM Bilişim Agent 5\Desktop\alışveriş\vendor\codeigniter4\framework\system\Commands\Server\rewrite.php(43): require_once('C:\\Users\\YKM Bi...')
#6 {main}
CRITICAL - 2022-05-05 05:58:04 --> Undefined array key "category"
#0 C:\Users\YKM Bilişim Agent 5\Desktop\alışveriş\app\Controllers\Admin\Admin.php(109): CodeIgniter\Debug\Exceptions->errorHandler(2, 'Undefined array...', 'C:\\Users\\YKM Bi...', 109)
#1 C:\Users\YKM Bilişim Agent 5\Desktop\alışveriş\vendor\codeigniter4\framework\system\CodeIgniter.php(832): App\Controllers\Admin\Admin->product_edit('1')
#2 C:\Users\YKM Bilişim Agent 5\Desktop\alışveriş\vendor\codeigniter4\framework\system\CodeIgniter.php(419): CodeIgniter\CodeIgniter->runController(Object(App\Controllers\Admin\Admin))
#3 C:\Users\YKM Bilişim Agent 5\Desktop\alışveriş\vendor\codeigniter4\framework\system\CodeIgniter.php(326): CodeIgniter\CodeIgniter->handleRequest(NULL, Object(Config\Cache), false)
#4 C:\Users\YKM Bilişim Agent 5\Desktop\alışveriş\public\index.php(37): CodeIgniter\CodeIgniter->run()
#5 C:\Users\YKM Bilişim Agent 5\Desktop\alışveriş\vendor\codeigniter4\framework\system\Commands\Server\rewrite.php(43): require_once('C:\\Users\\YKM Bi...')
#6 {main}
CRITICAL - 2022-05-05 05:58:05 --> Undefined array key "category"
#0 C:\Users\YKM Bilişim Agent 5\Desktop\alışveriş\app\Controllers\Admin\Admin.php(109): CodeIgniter\Debug\Exceptions->errorHandler(2, 'Undefined array...', 'C:\\Users\\YKM Bi...', 109)
#1 C:\Users\YKM Bilişim Agent 5\Desktop\alışveriş\vendor\codeigniter4\framework\system\CodeIgniter.php(832): App\Controllers\Admin\Admin->product_edit('1')
#2 C:\Users\YKM Bilişim Agent 5\Desktop\alışveriş\vendor\codeigniter4\framework\system\CodeIgniter.php(419): CodeIgniter\CodeIgniter->runController(Object(App\Controllers\Admin\Admin))
#3 C:\Users\YKM Bilişim Agent 5\Desktop\alışveriş\vendor\codeigniter4\framework\system\CodeIgniter.php(326): CodeIgniter\CodeIgniter->handleRequest(NULL, Object(Config\Cache), false)
#4 C:\Users\YKM Bilişim Agent 5\Desktop\alışveriş\public\index.php(37): CodeIgniter\CodeIgniter->run()
#5 C:\Users\YKM Bilişim Agent 5\Desktop\alışveriş\vendor\codeigniter4\framework\system\Commands\Server\rewrite.php(43): require_once('C:\\Users\\YKM Bi...')
#6 {main}
CRITICAL - 2022-05-05 05:58:06 --> Undefined array key "category"
#0 C:\Users\YKM Bilişim Agent 5\Desktop\alışveriş\app\Controllers\Admin\Admin.php(109): CodeIgniter\Debug\Exceptions->errorHandler(2, 'Undefined array...', 'C:\\Users\\YKM Bi...', 109)
#1 C:\Users\YKM Bilişim Agent 5\Desktop\alışveriş\vendor\codeigniter4\framework\system\CodeIgniter.php(832): App\Controllers\Admin\Admin->product_edit('1')
#2 C:\Users\YKM Bilişim Agent 5\Desktop\alışveriş\vendor\codeigniter4\framework\system\CodeIgniter.php(419): CodeIgniter\CodeIgniter->runController(Object(App\Controllers\Admin\Admin))
#3 C:\Users\YKM Bilişim Agent 5\Desktop\alışveriş\vendor\codeigniter4\framework\system\CodeIgniter.php(326): CodeIgniter\CodeIgniter->handleRequest(NULL, Object(Config\Cache), false)
#4 C:\Users\YKM Bilişim Agent 5\Desktop\alışveriş\public\index.php(37): CodeIgniter\CodeIgniter->run()
#5 C:\Users\YKM Bilişim Agent 5\Desktop\alışveriş\vendor\codeigniter4\framework\system\Commands\Server\rewrite.php(43): require_once('C:\\Users\\YKM Bi...')
#6 {main}
CRITICAL - 2022-05-05 05:58:21 --> Undefined array key 0
#0 C:\Users\YKM Bilişim Agent 5\Desktop\alışveriş\app\Controllers\Admin\Admin.php(109): CodeIgniter\Debug\Exceptions->errorHandler(2, 'Undefined array...', 'C:\\Users\\YKM Bi...', 109)
#1 C:\Users\YKM Bilişim Agent 5\Desktop\alışveriş\vendor\codeigniter4\framework\system\CodeIgniter.php(832): App\Controllers\Admin\Admin->product_edit('1')
#2 C:\Users\YKM Bilişim Agent 5\Desktop\alışveriş\vendor\codeigniter4\framework\system\CodeIgniter.php(419): CodeIgniter\CodeIgniter->runController(Object(App\Controllers\Admin\Admin))
#3 C:\Users\YKM Bilişim Agent 5\Desktop\alışveriş\vendor\codeigniter4\framework\system\CodeIgniter.php(326): CodeIgniter\CodeIgniter->handleRequest(NULL, Object(Config\Cache), false)
#4 C:\Users\YKM Bilişim Agent 5\Desktop\alışveriş\public\index.php(37): CodeIgniter\CodeIgniter->run()
#5 C:\Users\YKM Bilişim Agent 5\Desktop\alışveriş\vendor\codeigniter4\framework\system\Commands\Server\rewrite.php(43): require_once('C:\\Users\\YKM Bi...')
#6 {main}
CRITICAL - 2022-05-05 06:29:37 --> Cannot use object of type mysqli as array
#0 C:\Users\YKM Bilişim Agent 5\Desktop\alışveriş\vendor\codeigniter4\framework\system\CodeIgniter.php(832): App\Controllers\Admin\Admin->product_edit('5')
#1 C:\Users\YKM Bilişim Agent 5\Desktop\alışveriş\vendor\codeigniter4\framework\system\CodeIgniter.php(419): CodeIgniter\CodeIgniter->runController(Object(App\Controllers\Admin\Admin))
#2 C:\Users\YKM Bilişim Agent 5\Desktop\alışveriş\vendor\codeigniter4\framework\system\CodeIgniter.php(326): CodeIgniter\CodeIgniter->handleRequest(NULL, Object(Config\Cache), false)
#3 C:\Users\YKM Bilişim Agent 5\Desktop\alışveriş\public\index.php(37): CodeIgniter\CodeIgniter->run()
#4 C:\Users\YKM Bilişim Agent 5\Desktop\alışveriş\vendor\codeigniter4\framework\system\Commands\Server\rewrite.php(43): require_once('C:\\Users\\YKM Bi...')
#5 {main}
CRITICAL - 2022-05-05 07:16:22 --> Undefined array key "is_discounted"
#0 C:\Users\YKM Bilişim Agent 5\Desktop\alışveriş\app\Controllers\Admin\Admin.php(143): CodeIgniter\Debug\Exceptions->errorHandler(2, 'Undefined array...', 'C:\\Users\\YKM Bi...', 143)
#1 C:\Users\YKM Bilişim Agent 5\Desktop\alışveriş\vendor\codeigniter4\framework\system\CodeIgniter.php(832): App\Controllers\Admin\Admin->product_edit()
#2 C:\Users\YKM Bilişim Agent 5\Desktop\alışveriş\vendor\codeigniter4\framework\system\CodeIgniter.php(419): CodeIgniter\CodeIgniter->runController(Object(App\Controllers\Admin\Admin))
#3 C:\Users\YKM Bilişim Agent 5\Desktop\alışveriş\vendor\codeigniter4\framework\system\CodeIgniter.php(326): CodeIgniter\CodeIgniter->handleRequest(NULL, Object(Config\Cache), false)
#4 C:\Users\YKM Bilişim Agent 5\Desktop\alışveriş\public\index.php(37): CodeIgniter\CodeIgniter->run()
#5 C:\Users\YKM Bilişim Agent 5\Desktop\alışveriş\vendor\codeigniter4\framework\system\Commands\Server\rewrite.php(43): require_once('C:\\Users\\YKM Bi...')
#6 {main}
CRITICAL - 2022-05-05 07:16:54 --> Undefined array key "is_discounted"
#0 C:\Users\YKM Bilişim Agent 5\Desktop\alışveriş\app\Controllers\Admin\Admin.php(143): CodeIgniter\Debug\Exceptions->errorHandler(2, 'Undefined array...', 'C:\\Users\\YKM Bi...', 143)
#1 C:\Users\YKM Bilişim Agent 5\Desktop\alışveriş\vendor\codeigniter4\framework\system\CodeIgniter.php(832): App\Controllers\Admin\Admin->product_edit()
#2 C:\Users\YKM Bilişim Agent 5\Desktop\alışveriş\vendor\codeigniter4\framework\system\CodeIgniter.php(419): CodeIgniter\CodeIgniter->runController(Object(App\Controllers\Admin\Admin))
#3 C:\Users\YKM Bilişim Agent 5\Desktop\alışveriş\vendor\codeigniter4\framework\system\CodeIgniter.php(326): CodeIgniter\CodeIgniter->handleRequest(NULL, Object(Config\Cache), false)
#4 C:\Users\YKM Bilişim Agent 5\Desktop\alışveriş\public\index.php(37): CodeIgniter\CodeIgniter->run()
#5 C:\Users\YKM Bilişim Agent 5\Desktop\alışveriş\vendor\codeigniter4\framework\system\Commands\Server\rewrite.php(43): require_once('C:\\Users\\YKM Bi...')
#6 {main}
CRITICAL - 2022-05-05 07:16:56 --> Undefined array key "is_discounted"
#0 C:\Users\YKM Bilişim Agent 5\Desktop\alışveriş\app\Controllers\Admin\Admin.php(143): CodeIgniter\Debug\Exceptions->errorHandler(2, 'Undefined array...', 'C:\\Users\\YKM Bi...', 143)
#1 C:\Users\YKM Bilişim Agent 5\Desktop\alışveriş\vendor\codeigniter4\framework\system\CodeIgniter.php(832): App\Controllers\Admin\Admin->product_edit()
#2 C:\Users\YKM Bilişim Agent 5\Desktop\alışveriş\vendor\codeigniter4\framework\system\CodeIgniter.php(419): CodeIgniter\CodeIgniter->runController(Object(App\Controllers\Admin\Admin))
#3 C:\Users\YKM Bilişim Agent 5\Desktop\alışveriş\vendor\codeigniter4\framework\system\CodeIgniter.php(326): CodeIgniter\CodeIgniter->handleRequest(NULL, Object(Config\Cache), false)
#4 C:\Users\YKM Bilişim Agent 5\Desktop\alışveriş\public\index.php(37): CodeIgniter\CodeIgniter->run()
#5 C:\Users\YKM Bilişim Agent 5\Desktop\alışveriş\vendor\codeigniter4\framework\system\Commands\Server\rewrite.php(43): require_once('C:\\Users\\YKM Bi...')
#6 {main}
CRITICAL - 2022-05-05 07:17:11 --> Undefined array key "is_discounted"
#0 C:\Users\YKM Bilişim Agent 5\Desktop\alışveriş\app\Controllers\Admin\Admin.php(143): CodeIgniter\Debug\Exceptions->errorHandler(2, 'Undefined array...', 'C:\\Users\\YKM Bi...', 143)
#1 C:\Users\YKM Bilişim Agent 5\Desktop\alışveriş\vendor\codeigniter4\framework\system\CodeIgniter.php(832): App\Controllers\Admin\Admin->product_edit()
#2 C:\Users\YKM Bilişim Agent 5\Desktop\alışveriş\vendor\codeigniter4\framework\system\CodeIgniter.php(419): CodeIgniter\CodeIgniter->runController(Object(App\Controllers\Admin\Admin))
#3 C:\Users\YKM Bilişim Agent 5\Desktop\alışveriş\vendor\codeigniter4\framework\system\CodeIgniter.php(326): CodeIgniter\CodeIgniter->handleRequest(NULL, Object(Config\Cache), false)
#4 C:\Users\YKM Bilişim Agent 5\Desktop\alışveriş\public\index.php(37): CodeIgniter\CodeIgniter->run()
#5 C:\Users\YKM Bilişim Agent 5\Desktop\alışveriş\vendor\codeigniter4\framework\system\Commands\Server\rewrite.php(43): require_once('C:\\Users\\YKM Bi...')
#6 {main}
CRITICAL - 2022-05-05 07:17:49 --> Undefined array key "is_discounted"
#0 C:\Users\YKM Bilişim Agent 5\Desktop\alışveriş\app\Controllers\Admin\Admin.php(143): CodeIgniter\Debug\Exceptions->errorHandler(2, 'Undefined array...', 'C:\\Users\\YKM Bi...', 143)
#1 C:\Users\YKM Bilişim Agent 5\Desktop\alışveriş\vendor\codeigniter4\framework\system\CodeIgniter.php(832): App\Controllers\Admin\Admin->product_edit()
#2 C:\Users\YKM Bilişim Agent 5\Desktop\alışveriş\vendor\codeigniter4\framework\system\CodeIgniter.php(419): CodeIgniter\CodeIgniter->runController(Object(App\Controllers\Admin\Admin))
#3 C:\Users\YKM Bilişim Agent 5\Desktop\alışveriş\vendor\codeigniter4\framework\system\CodeIgniter.php(326): CodeIgniter\CodeIgniter->handleRequest(NULL, Object(Config\Cache), false)
#4 C:\Users\YKM Bilişim Agent 5\Desktop\alışveriş\public\index.php(37): CodeIgniter\CodeIgniter->run()
#5 C:\Users\YKM Bilişim Agent 5\Desktop\alışveriş\vendor\codeigniter4\framework\system\Commands\Server\rewrite.php(43): require_once('C:\\Users\\YKM Bi...')
#6 {main}
CRITICAL - 2022-05-05 07:17:50 --> Undefined array key "is_discounted"
#0 C:\Users\YKM Bilişim Agent 5\Desktop\alışveriş\app\Controllers\Admin\Admin.php(143): CodeIgniter\Debug\Exceptions->errorHandler(2, 'Undefined array...', 'C:\\Users\\YKM Bi...', 143)
#1 C:\Users\YKM Bilişim Agent 5\Desktop\alışveriş\vendor\codeigniter4\framework\system\CodeIgniter.php(832): App\Controllers\Admin\Admin->product_edit()
#2 C:\Users\YKM Bilişim Agent 5\Desktop\alışveriş\vendor\codeigniter4\framework\system\CodeIgniter.php(419): CodeIgniter\CodeIgniter->runController(Object(App\Controllers\Admin\Admin))
#3 C:\Users\YKM Bilişim Agent 5\Desktop\alışveriş\vendor\codeigniter4\framework\system\CodeIgniter.php(326): CodeIgniter\CodeIgniter->handleRequest(NULL, Object(Config\Cache), false)
#4 C:\Users\YKM Bilişim Agent 5\Desktop\alışveriş\public\index.php(37): CodeIgniter\CodeIgniter->run()
#5 C:\Users\YKM Bilişim Agent 5\Desktop\alışveriş\vendor\codeigniter4\framework\system\Commands\Server\rewrite.php(43): require_once('C:\\Users\\YKM Bi...')
#6 {main}
CRITICAL - 2022-05-05 07:18:03 --> Undefined array key "is_discounted"
#0 C:\Users\YKM Bilişim Agent 5\Desktop\alışveriş\app\Controllers\Admin\Admin.php(143): CodeIgniter\Debug\Exceptions->errorHandler(2, 'Undefined array...', 'C:\\Users\\YKM Bi...', 143)
#1 C:\Users\YKM Bilişim Agent 5\Desktop\alışveriş\vendor\codeigniter4\framework\system\CodeIgniter.php(832): App\Controllers\Admin\Admin->product_edit()
#2 C:\Users\YKM Bilişim Agent 5\Desktop\alışveriş\vendor\codeigniter4\framework\system\CodeIgniter.php(419): CodeIgniter\CodeIgniter->runController(Object(App\Controllers\Admin\Admin))
#3 C:\Users\YKM Bilişim Agent 5\Desktop\alışveriş\vendor\codeigniter4\framework\system\CodeIgniter.php(326): CodeIgniter\CodeIgniter->handleRequest(NULL, Object(Config\Cache), false)
#4 C:\Users\YKM Bilişim Agent 5\Desktop\alışveriş\public\index.php(37): CodeIgniter\CodeIgniter->run()
#5 C:\Users\YKM Bilişim Agent 5\Desktop\alışveriş\vendor\codeigniter4\framework\system\Commands\Server\rewrite.php(43): require_once('C:\\Users\\YKM Bi...')
#6 {main}
CRITICAL - 2022-05-05 07:24:14 --> Undefined array key "stock"
#0 C:\Users\YKM Bilişim Agent 5\Desktop\alışveriş\app\Controllers\Admin\Admin.php(142): CodeIgniter\Debug\Exceptions->errorHandler(2, 'Undefined array...', 'C:\\Users\\YKM Bi...', 142)
#1 C:\Users\YKM Bilişim Agent 5\Desktop\alışveriş\vendor\codeigniter4\framework\system\CodeIgniter.php(832): App\Controllers\Admin\Admin->product_edit()
#2 C:\Users\YKM Bilişim Agent 5\Desktop\alışveriş\vendor\codeigniter4\framework\system\CodeIgniter.php(419): CodeIgniter\CodeIgniter->runController(Object(App\Controllers\Admin\Admin))
#3 C:\Users\YKM Bilişim Agent 5\Desktop\alışveriş\vendor\codeigniter4\framework\system\CodeIgniter.php(326): CodeIgniter\CodeIgniter->handleRequest(NULL, Object(Config\Cache), false)
#4 C:\Users\YKM Bilişim Agent 5\Desktop\alışveriş\public\index.php(37): CodeIgniter\CodeIgniter->run()
#5 C:\Users\YKM Bilişim Agent 5\Desktop\alışveriş\vendor\codeigniter4\framework\system\Commands\Server\rewrite.php(43): require_once('C:\\Users\\YKM Bi...')
#6 {main}
ERROR - 2022-05-05 07:43:46 --> Cannot delete or update a parent row: a foreign key constraint fails (`ecommerce2`.`product_images`, CONSTRAINT `product_images_ibfk_1` FOREIGN KEY (`product`) REFERENCES `products` (`ID`))
CRITICAL - 2022-05-05 07:43:46 --> Cannot delete or update a parent row: a foreign key constraint fails (`ecommerce2`.`product_images`, CONSTRAINT `product_images_ibfk_1` FOREIGN KEY (`product`) REFERENCES `products` (`ID`))
#0 C:\Users\YKM Bilişim Agent 5\Desktop\alışveriş\vendor\codeigniter4\framework\system\Database\MySQLi\Connection.php(292): mysqli->query('DELETE FROM `pr...', 0)
#1 C:\Users\YKM Bilişim Agent 5\Desktop\alışveriş\vendor\codeigniter4\framework\system\Database\BaseConnection.php(670): CodeIgniter\Database\MySQLi\Connection->execute('DELETE FROM `pr...')
#2 C:\Users\YKM Bilişim Agent 5\Desktop\alışveriş\vendor\codeigniter4\framework\system\Database\BaseConnection.php(598): CodeIgniter\Database\BaseConnection->simpleQuery('DELETE FROM `pr...')
#3 C:\Users\YKM Bilişim Agent 5\Desktop\alışveriş\vendor\codeigniter4\framework\system\Database\BaseBuilder.php(2225): CodeIgniter\Database\BaseConnection->query('DELETE FROM `pr...', Array, false)
#4 C:\Users\YKM Bilişim Agent 5\Desktop\alışveriş\vendor\codeigniter4\framework\system\Model.php(359): CodeIgniter\Database\BaseBuilder->delete()
#5 C:\Users\YKM Bilişim Agent 5\Desktop\alışveriş\vendor\codeigniter4\framework\system\BaseModel.php(963): CodeIgniter\Model->doDelete(Array, false)
#6 C:\Users\YKM Bilişim Agent 5\Desktop\alışveriş\app\Controllers\Admin\Admin.php(163): CodeIgniter\BaseModel->delete(Array)
#7 C:\Users\YKM Bilişim Agent 5\Desktop\alışveriş\vendor\codeigniter4\framework\system\CodeIgniter.php(832): App\Controllers\Admin\Admin->product_delete('13')
#8 C:\Users\YKM Bilişim Agent 5\Desktop\alışveriş\vendor\codeigniter4\framework\system\CodeIgniter.php(419): CodeIgniter\CodeIgniter->runController(Object(App\Controllers\Admin\Admin))
#9 C:\Users\YKM Bilişim Agent 5\Desktop\alışveriş\vendor\codeigniter4\framework\system\CodeIgniter.php(326): CodeIgniter\CodeIgniter->handleRequest(NULL, Object(Config\Cache), false)
#10 C:\Users\YKM Bilişim Agent 5\Desktop\alışveriş\public\index.php(37): CodeIgniter\CodeIgniter->run()
#11 C:\Users\YKM Bilişim Agent 5\Desktop\alışveriş\vendor\codeigniter4\framework\system\Commands\Server\rewrite.php(43): require_once('C:\\Users\\YKM Bi...')
#12 {main}
ERROR - 2022-05-05 07:44:13 --> Cannot delete or update a parent row: a foreign key constraint fails (`ecommerce2`.`product_images`, CONSTRAINT `product_images_ibfk_1` FOREIGN KEY (`product`) REFERENCES `products` (`ID`))
CRITICAL - 2022-05-05 07:44:13 --> Cannot delete or update a parent row: a foreign key constraint fails (`ecommerce2`.`product_images`, CONSTRAINT `product_images_ibfk_1` FOREIGN KEY (`product`) REFERENCES `products` (`ID`))
#0 C:\Users\YKM Bilişim Agent 5\Desktop\alışveriş\vendor\codeigniter4\framework\system\Database\MySQLi\Connection.php(292): mysqli->query('DELETE FROM `pr...', 0)
#1 C:\Users\YKM Bilişim Agent 5\Desktop\alışveriş\vendor\codeigniter4\framework\system\Database\BaseConnection.php(670): CodeIgniter\Database\MySQLi\Connection->execute('DELETE FROM `pr...')
#2 C:\Users\YKM Bilişim Agent 5\Desktop\alışveriş\vendor\codeigniter4\framework\system\Database\BaseConnection.php(598): CodeIgniter\Database\BaseConnection->simpleQuery('DELETE FROM `pr...')
#3 C:\Users\YKM Bilişim Agent 5\Desktop\alışveriş\vendor\codeigniter4\framework\system\Database\BaseBuilder.php(2225): CodeIgniter\Database\BaseConnection->query('DELETE FROM `pr...', Array, false)
#4 C:\Users\YKM Bilişim Agent 5\Desktop\alışveriş\vendor\codeigniter4\framework\system\Model.php(359): CodeIgniter\Database\BaseBuilder->delete()
#5 C:\Users\YKM Bilişim Agent 5\Desktop\alışveriş\vendor\codeigniter4\framework\system\BaseModel.php(963): CodeIgniter\Model->doDelete(Array, false)
#6 C:\Users\YKM Bilişim Agent 5\Desktop\alışveriş\app\Controllers\Admin\Admin.php(163): CodeIgniter\BaseModel->delete(Array)
#7 C:\Users\YKM Bilişim Agent 5\Desktop\alışveriş\vendor\codeigniter4\framework\system\CodeIgniter.php(832): App\Controllers\Admin\Admin->product_delete('13')
#8 C:\Users\YKM Bilişim Agent 5\Desktop\alışveriş\vendor\codeigniter4\framework\system\CodeIgniter.php(419): CodeIgniter\CodeIgniter->runController(Object(App\Controllers\Admin\Admin))
#9 C:\Users\YKM Bilişim Agent 5\Desktop\alışveriş\vendor\codeigniter4\framework\system\CodeIgniter.php(326): CodeIgniter\CodeIgniter->handleRequest(NULL, Object(Config\Cache), false)
#10 C:\Users\YKM Bilişim Agent 5\Desktop\alışveriş\public\index.php(37): CodeIgniter\CodeIgniter->run()
#11 C:\Users\YKM Bilişim Agent 5\Desktop\alışveriş\vendor\codeigniter4\framework\system\Commands\Server\rewrite.php(43): require_once('C:\\Users\\YKM Bi...')
#12 {main}
ERROR - 2022-05-05 07:44:14 --> Cannot delete or update a parent row: a foreign key constraint fails (`ecommerce2`.`product_images`, CONSTRAINT `product_images_ibfk_1` FOREIGN KEY (`product`) REFERENCES `products` (`ID`))
CRITICAL - 2022-05-05 07:44:14 --> Cannot delete or update a parent row: a foreign key constraint fails (`ecommerce2`.`product_images`, CONSTRAINT `product_images_ibfk_1` FOREIGN KEY (`product`) REFERENCES `products` (`ID`))
#0 C:\Users\YKM Bilişim Agent 5\Desktop\alışveriş\vendor\codeigniter4\framework\system\Database\MySQLi\Connection.php(292): mysqli->query('DELETE FROM `pr...', 0)
#1 C:\Users\YKM Bilişim Agent 5\Desktop\alışveriş\vendor\codeigniter4\framework\system\Database\BaseConnection.php(670): CodeIgniter\Database\MySQLi\Connection->execute('DELETE FROM `pr...')
#2 C:\Users\YKM Bilişim Agent 5\Desktop\alışveriş\vendor\codeigniter4\framework\system\Database\BaseConnection.php(598): CodeIgniter\Database\BaseConnection->simpleQuery('DELETE FROM `pr...')
#3 C:\Users\YKM Bilişim Agent 5\Desktop\alışveriş\vendor\codeigniter4\framework\system\Database\BaseBuilder.php(2225): CodeIgniter\Database\BaseConnection->query('DELETE FROM `pr...', Array, false)
#4 C:\Users\YKM Bilişim Agent 5\Desktop\alışveriş\vendor\codeigniter4\framework\system\Model.php(359): CodeIgniter\Database\BaseBuilder->delete()
#5 C:\Users\YKM Bilişim Agent 5\Desktop\alışveriş\vendor\codeigniter4\framework\system\BaseModel.php(963): CodeIgniter\Model->doDelete(Array, false)
#6 C:\Users\YKM Bilişim Agent 5\Desktop\alışveriş\app\Controllers\Admin\Admin.php(163): CodeIgniter\BaseModel->delete(Array)
#7 C:\Users\YKM Bilişim Agent 5\Desktop\alışveriş\vendor\codeigniter4\framework\system\CodeIgniter.php(832): App\Controllers\Admin\Admin->product_delete('13')
#8 C:\Users\YKM Bilişim Agent 5\Desktop\alışveriş\vendor\codeigniter4\framework\system\CodeIgniter.php(419): CodeIgniter\CodeIgniter->runController(Object(App\Controllers\Admin\Admin))
#9 C:\Users\YKM Bilişim Agent 5\Desktop\alışveriş\vendor\codeigniter4\framework\system\CodeIgniter.php(326): CodeIgniter\CodeIgniter->handleRequest(NULL, Object(Config\Cache), false)
#10 C:\Users\YKM Bilişim Agent 5\Desktop\alışveriş\public\index.php(37): CodeIgniter\CodeIgniter->run()
#11 C:\Users\YKM Bilişim Agent 5\Desktop\alışveriş\vendor\codeigniter4\framework\system\Commands\Server\rewrite.php(43): require_once('C:\\Users\\YKM Bi...')
#12 {main}
ERROR - 2022-05-05 07:44:15 --> Cannot delete or update a parent row: a foreign key constraint fails (`ecommerce2`.`product_images`, CONSTRAINT `product_images_ibfk_1` FOREIGN KEY (`product`) REFERENCES `products` (`ID`))
CRITICAL - 2022-05-05 07:44:15 --> Cannot delete or update a parent row: a foreign key constraint fails (`ecommerce2`.`product_images`, CONSTRAINT `product_images_ibfk_1` FOREIGN KEY (`product`) REFERENCES `products` (`ID`))
#0 C:\Users\YKM Bilişim Agent 5\Desktop\alışveriş\vendor\codeigniter4\framework\system\Database\MySQLi\Connection.php(292): mysqli->query('DELETE FROM `pr...', 0)
#1 C:\Users\YKM Bilişim Agent 5\Desktop\alışveriş\vendor\codeigniter4\framework\system\Database\BaseConnection.php(670): CodeIgniter\Database\MySQLi\Connection->execute('DELETE FROM `pr...')
#2 C:\Users\YKM Bilişim Agent 5\Desktop\alışveriş\vendor\codeigniter4\framework\system\Database\BaseConnection.php(598): CodeIgniter\Database\BaseConnection->simpleQuery('DELETE FROM `pr...')
#3 C:\Users\YKM Bilişim Agent 5\Desktop\alışveriş\vendor\codeigniter4\framework\system\Database\BaseBuilder.php(2225): CodeIgniter\Database\BaseConnection->query('DELETE FROM `pr...', Array, false)
#4 C:\Users\YKM Bilişim Agent 5\Desktop\alışveriş\vendor\codeigniter4\framework\system\Model.php(359): CodeIgniter\Database\BaseBuilder->delete()
#5 C:\Users\YKM Bilişim Agent 5\Desktop\alışveriş\vendor\codeigniter4\framework\system\BaseModel.php(963): CodeIgniter\Model->doDelete(Array, false)
#6 C:\Users\YKM Bilişim Agent 5\Desktop\alışveriş\app\Controllers\Admin\Admin.php(163): CodeIgniter\BaseModel->delete(Array)
#7 C:\Users\YKM Bilişim Agent 5\Desktop\alışveriş\vendor\codeigniter4\framework\system\CodeIgniter.php(832): App\Controllers\Admin\Admin->product_delete('13')
#8 C:\Users\YKM Bilişim Agent 5\Desktop\alışveriş\vendor\codeigniter4\framework\system\CodeIgniter.php(419): CodeIgniter\CodeIgniter->runController(Object(App\Controllers\Admin\Admin))
#9 C:\Users\YKM Bilişim Agent 5\Desktop\alışveriş\vendor\codeigniter4\framework\system\CodeIgniter.php(326): CodeIgniter\CodeIgniter->handleRequest(NULL, Object(Config\Cache), false)
#10 C:\Users\YKM Bilişim Agent 5\Desktop\alışveriş\public\index.php(37): CodeIgniter\CodeIgniter->run()
#11 C:\Users\YKM Bilişim Agent 5\Desktop\alışveriş\vendor\codeigniter4\framework\system\Commands\Server\rewrite.php(43): require_once('C:\\Users\\YKM Bi...')
#12 {main}
ERROR - 2022-05-05 07:44:16 --> Cannot delete or update a parent row: a foreign key constraint fails (`ecommerce2`.`product_images`, CONSTRAINT `product_images_ibfk_1` FOREIGN KEY (`product`) REFERENCES `products` (`ID`))
CRITICAL - 2022-05-05 07:44:16 --> Cannot delete or update a parent row: a foreign key constraint fails (`ecommerce2`.`product_images`, CONSTRAINT `product_images_ibfk_1` FOREIGN KEY (`product`) REFERENCES `products` (`ID`))
#0 C:\Users\YKM Bilişim Agent 5\Desktop\alışveriş\vendor\codeigniter4\framework\system\Database\MySQLi\Connection.php(292): mysqli->query('DELETE FROM `pr...', 0)
#1 C:\Users\YKM Bilişim Agent 5\Desktop\alışveriş\vendor\codeigniter4\framework\system\Database\BaseConnection.php(670): CodeIgniter\Database\MySQLi\Connection->execute('DELETE FROM `pr...')
#2 C:\Users\YKM Bilişim Agent 5\Desktop\alışveriş\vendor\codeigniter4\framework\system\Database\BaseConnection.php(598): CodeIgniter\Database\BaseConnection->simpleQuery('DELETE FROM `pr...')
#3 C:\Users\YKM Bilişim Agent 5\Desktop\alışveriş\vendor\codeigniter4\framework\system\Database\BaseBuilder.php(2225): CodeIgniter\Database\BaseConnection->query('DELETE FROM `pr...', Array, false)
#4 C:\Users\YKM Bilişim Agent 5\Desktop\alışveriş\vendor\codeigniter4\framework\system\Model.php(359): CodeIgniter\Database\BaseBuilder->delete()
#5 C:\Users\YKM Bilişim Agent 5\Desktop\alışveriş\vendor\codeigniter4\framework\system\BaseModel.php(963): CodeIgniter\Model->doDelete(Array, false)
#6 C:\Users\YKM Bilişim Agent 5\Desktop\alışveriş\app\Controllers\Admin\Admin.php(163): CodeIgniter\BaseModel->delete(Array)
#7 C:\Users\YKM Bilişim Agent 5\Desktop\alışveriş\vendor\codeigniter4\framework\system\CodeIgniter.php(832): App\Controllers\Admin\Admin->product_delete('13')
#8 C:\Users\YKM Bilişim Agent 5\Desktop\alışveriş\vendor\codeigniter4\framework\system\CodeIgniter.php(419): CodeIgniter\CodeIgniter->runController(Object(App\Controllers\Admin\Admin))
#9 C:\Users\YKM Bilişim Agent 5\Desktop\alışveriş\vendor\codeigniter4\framework\system\CodeIgniter.php(326): CodeIgniter\CodeIgniter->handleRequest(NULL, Object(Config\Cache), false)
#10 C:\Users\YKM Bilişim Agent 5\Desktop\alışveriş\public\index.php(37): CodeIgniter\CodeIgniter->run()
#11 C:\Users\YKM Bilişim Agent 5\Desktop\alışveriş\vendor\codeigniter4\framework\system\Commands\Server\rewrite.php(43): require_once('C:\\Users\\YKM Bi...')
#12 {main}
ERROR - 2022-05-05 07:45:08 --> Cannot delete or update a parent row: a foreign key constraint fails (`ecommerce2`.`product_images`, CONSTRAINT `product_images_ibfk_1` FOREIGN KEY (`product`) REFERENCES `products` (`ID`))
CRITICAL - 2022-05-05 07:45:08 --> Cannot delete or update a parent row: a foreign key constraint fails (`ecommerce2`.`product_images`, CONSTRAINT `product_images_ibfk_1` FOREIGN KEY (`product`) REFERENCES `products` (`ID`))
#0 C:\Users\YKM Bilişim Agent 5\Desktop\alışveriş\vendor\codeigniter4\framework\system\Database\MySQLi\Connection.php(292): mysqli->query('DELETE FROM `pr...', 0)
#1 C:\Users\YKM Bilişim Agent 5\Desktop\alışveriş\vendor\codeigniter4\framework\system\Database\BaseConnection.php(670): CodeIgniter\Database\MySQLi\Connection->execute('DELETE FROM `pr...')
#2 C:\Users\YKM Bilişim Agent 5\Desktop\alışveriş\vendor\codeigniter4\framework\system\Database\BaseConnection.php(598): CodeIgniter\Database\BaseConnection->simpleQuery('DELETE FROM `pr...')
#3 C:\Users\YKM Bilişim Agent 5\Desktop\alışveriş\vendor\codeigniter4\framework\system\Database\BaseBuilder.php(2225): CodeIgniter\Database\BaseConnection->query('DELETE FROM `pr...', Array, false)
#4 C:\Users\YKM Bilişim Agent 5\Desktop\alışveriş\vendor\codeigniter4\framework\system\Model.php(359): CodeIgniter\Database\BaseBuilder->delete()
#5 C:\Users\YKM Bilişim Agent 5\Desktop\alışveriş\vendor\codeigniter4\framework\system\BaseModel.php(963): CodeIgniter\Model->doDelete(Array, false)
#6 C:\Users\YKM Bilişim Agent 5\Desktop\alışveriş\app\Controllers\Admin\Admin.php(163): CodeIgniter\BaseModel->delete(Array)
#7 C:\Users\YKM Bilişim Agent 5\Desktop\alışveriş\vendor\codeigniter4\framework\system\CodeIgniter.php(832): App\Controllers\Admin\Admin->product_delete('13')
#8 C:\Users\YKM Bilişim Agent 5\Desktop\alışveriş\vendor\codeigniter4\framework\system\CodeIgniter.php(419): CodeIgniter\CodeIgniter->runController(Object(App\Controllers\Admin\Admin))
#9 C:\Users\YKM Bilişim Agent 5\Desktop\alışveriş\vendor\codeigniter4\framework\system\CodeIgniter.php(326): CodeIgniter\CodeIgniter->handleRequest(NULL, Object(Config\Cache), false)
#10 C:\Users\YKM Bilişim Agent 5\Desktop\alışveriş\public\index.php(37): CodeIgniter\CodeIgniter->run()
#11 C:\Users\YKM Bilişim Agent 5\Desktop\alışveriş\vendor\codeigniter4\framework\system\Commands\Server\rewrite.php(43): require_once('C:\\Users\\YKM Bi...')
#12 {main}
CRITICAL - 2022-05-05 07:49:01 --> Invalid file: Admin/products/add/index.php
#0 C:\Users\YKM Bilişim Agent 5\Desktop\alışveriş\vendor\codeigniter4\framework\system\View\View.php(198): CodeIgniter\Exceptions\FrameworkException::forInvalidFile('Admin/products/...')
#1 C:\Users\YKM Bilişim Agent 5\Desktop\alışveriş\vendor\codeigniter4\framework\system\Common.php(1089): CodeIgniter\View\View->render('Admin/products/...', Array, true)
#2 C:\Users\YKM Bilişim Agent 5\Desktop\alışveriş\app\Controllers\Admin\Admin.php(167): view('Admin/products/...')
#3 C:\Users\YKM Bilişim Agent 5\Desktop\alışveriş\vendor\codeigniter4\framework\system\CodeIgniter.php(832): App\Controllers\Admin\Admin->add_product_v()
#4 C:\Users\YKM Bilişim Agent 5\Desktop\alışveriş\vendor\codeigniter4\framework\system\CodeIgniter.php(419): CodeIgniter\CodeIgniter->runController(Object(App\Controllers\Admin\Admin))
#5 C:\Users\YKM Bilişim Agent 5\Desktop\alışveriş\vendor\codeigniter4\framework\system\CodeIgniter.php(326): CodeIgniter\CodeIgniter->handleRequest(NULL, Object(Config\Cache), false)
#6 C:\Users\YKM Bilişim Agent 5\Desktop\alışveriş\public\index.php(37): CodeIgniter\CodeIgniter->run()
#7 C:\Users\YKM Bilişim Agent 5\Desktop\alışveriş\vendor\codeigniter4\framework\system\Commands\Server\rewrite.php(43): require_once('C:\\Users\\YKM Bi...')
#8 {main}
CRITICAL - 2022-05-05 07:50:39 --> Undefined variable $categories
#0 C:\Users\YKM Bilişim Agent 5\Desktop\alışveriş\app\Views\Admin\Admin\products\add\index.php(45): CodeIgniter\Debug\Exceptions->errorHandler(2, 'Undefined varia...', 'C:\\Users\\YKM Bi...', 45)
#1 C:\Users\YKM Bilişim Agent 5\Desktop\alışveriş\vendor\codeigniter4\framework\system\View\View.php(210): include('C:\\Users\\YKM Bi...')
#2 C:\Users\YKM Bilişim Agent 5\Desktop\alışveriş\vendor\codeigniter4\framework\system\View\View.php(213): CodeIgniter\View\View->CodeIgniter\View\{closure}()
#3 C:\Users\YKM Bilişim Agent 5\Desktop\alışveriş\vendor\codeigniter4\framework\system\Common.php(1089): CodeIgniter\View\View->render('Admin/Admin/pro...', Array, true)
#4 C:\Users\YKM Bilişim Agent 5\Desktop\alışveriş\app\Controllers\Admin\Admin.php(167): view('Admin/Admin/pro...')
#5 C:\Users\YKM Bilişim Agent 5\Desktop\alışveriş\vendor\codeigniter4\framework\system\CodeIgniter.php(832): App\Controllers\Admin\Admin->add_product_v()
#6 C:\Users\YKM Bilişim Agent 5\Desktop\alışveriş\vendor\codeigniter4\framework\system\CodeIgniter.php(419): CodeIgniter\CodeIgniter->runController(Object(App\Controllers\Admin\Admin))
#7 C:\Users\YKM Bilişim Agent 5\Desktop\alışveriş\vendor\codeigniter4\framework\system\CodeIgniter.php(326): CodeIgniter\CodeIgniter->handleRequest(NULL, Object(Config\Cache), false)
#8 C:\Users\YKM Bilişim Agent 5\Desktop\alışveriş\public\index.php(37): CodeIgniter\CodeIgniter->run()
#9 C:\Users\YKM Bilişim Agent 5\Desktop\alışveriş\vendor\codeigniter4\framework\system\Commands\Server\rewrite.php(43): require_once('C:\\Users\\YKM Bi...')
#10 {main}
CRITICAL - 2022-05-05 07:51:12 --> Undefined variable $categories
#0 C:\Users\YKM Bilişim Agent 5\Desktop\alışveriş\app\Views\Admin\Admin\products\add\index.php(45): CodeIgniter\Debug\Exceptions->errorHandler(2, 'Undefined varia...', 'C:\\Users\\YKM Bi...', 45)
#1 C:\Users\YKM Bilişim Agent 5\Desktop\alışveriş\vendor\codeigniter4\framework\system\View\View.php(210): include('C:\\Users\\YKM Bi...')
#2 C:\Users\YKM Bilişim Agent 5\Desktop\alışveriş\vendor\codeigniter4\framework\system\View\View.php(213): CodeIgniter\View\View->CodeIgniter\View\{closure}()
#3 C:\Users\YKM Bilişim Agent 5\Desktop\alışveriş\vendor\codeigniter4\framework\system\Common.php(1089): CodeIgniter\View\View->render('Admin/Admin/pro...', Array, true)
#4 C:\Users\YKM Bilişim Agent 5\Desktop\alışveriş\app\Controllers\Admin\Admin.php(189): view('Admin/Admin/pro...')
#5 C:\Users\YKM Bilişim Agent 5\Desktop\alışveriş\vendor\codeigniter4\framework\system\CodeIgniter.php(832): App\Controllers\Admin\Admin->add_product_v()
#6 C:\Users\YKM Bilişim Agent 5\Desktop\alışveriş\vendor\codeigniter4\framework\system\CodeIgniter.php(419): CodeIgniter\CodeIgniter->runController(Object(App\Controllers\Admin\Admin))
#7 C:\Users\YKM Bilişim Agent 5\Desktop\alışveriş\vendor\codeigniter4\framework\system\CodeIgniter.php(326): CodeIgniter\CodeIgniter->handleRequest(NULL, Object(Config\Cache), false)
#8 C:\Users\YKM Bilişim Agent 5\Desktop\alışveriş\public\index.php(37): CodeIgniter\CodeIgniter->run()
#9 C:\Users\YKM Bilişim Agent 5\Desktop\alışveriş\vendor\codeigniter4\framework\system\Commands\Server\rewrite.php(43): require_once('C:\\Users\\YKM Bi...')
#10 {main}
CRITICAL - 2022-05-05 07:51:13 --> Undefined variable $categories
#0 C:\Users\YKM Bilişim Agent 5\Desktop\alışveriş\app\Views\Admin\Admin\products\add\index.php(45): CodeIgniter\Debug\Exceptions->errorHandler(2, 'Undefined varia...', 'C:\\Users\\YKM Bi...', 45)
#1 C:\Users\YKM Bilişim Agent 5\Desktop\alışveriş\vendor\codeigniter4\framework\system\View\View.php(210): include('C:\\Users\\YKM Bi...')
#2 C:\Users\YKM Bilişim Agent 5\Desktop\alışveriş\vendor\codeigniter4\framework\system\View\View.php(213): CodeIgniter\View\View->CodeIgniter\View\{closure}()
#3 C:\Users\YKM Bilişim Agent 5\Desktop\alışveriş\vendor\codeigniter4\framework\system\Common.php(1089): CodeIgniter\View\View->render('Admin/Admin/pro...', Array, true)
#4 C:\Users\YKM Bilişim Agent 5\Desktop\alışveriş\app\Controllers\Admin\Admin.php(189): view('Admin/Admin/pro...')
#5 C:\Users\YKM Bilişim Agent 5\Desktop\alışveriş\vendor\codeigniter4\framework\system\CodeIgniter.php(832): App\Controllers\Admin\Admin->add_product_v()
#6 C:\Users\YKM Bilişim Agent 5\Desktop\alışveriş\vendor\codeigniter4\framework\system\CodeIgniter.php(419): CodeIgniter\CodeIgniter->runController(Object(App\Controllers\Admin\Admin))
#7 C:\Users\YKM Bilişim Agent 5\Desktop\alışveriş\vendor\codeigniter4\framework\system\CodeIgniter.php(326): CodeIgniter\CodeIgniter->handleRequest(NULL, Object(Config\Cache), false)
#8 C:\Users\YKM Bilişim Agent 5\Desktop\alışveriş\public\index.php(37): CodeIgniter\CodeIgniter->run()
#9 C:\Users\YKM Bilişim Agent 5\Desktop\alışveriş\vendor\codeigniter4\framework\system\Commands\Server\rewrite.php(43): require_once('C:\\Users\\YKM Bi...')
#10 {main}
CRITICAL - 2022-05-05 07:51:15 --> Undefined variable $categories
#0 C:\Users\YKM Bilişim Agent 5\Desktop\alışveriş\app\Views\Admin\Admin\products\add\index.php(45): CodeIgniter\Debug\Exceptions->errorHandler(2, 'Undefined varia...', 'C:\\Users\\YKM Bi...', 45)
#1 C:\Users\YKM Bilişim Agent 5\Desktop\alışveriş\vendor\codeigniter4\framework\system\View\View.php(210): include('C:\\Users\\YKM Bi...')
#2 C:\Users\YKM Bilişim Agent 5\Desktop\alışveriş\vendor\codeigniter4\framework\system\View\View.php(213): CodeIgniter\View\View->CodeIgniter\View\{closure}()
#3 C:\Users\YKM Bilişim Agent 5\Desktop\alışveriş\vendor\codeigniter4\framework\system\Common.php(1089): CodeIgniter\View\View->render('Admin/Admin/pro...', Array, true)
#4 C:\Users\YKM Bilişim Agent 5\Desktop\alışveriş\app\Controllers\Admin\Admin.php(189): view('Admin/Admin/pro...')
#5 C:\Users\YKM Bilişim Agent 5\Desktop\alışveriş\vendor\codeigniter4\framework\system\CodeIgniter.php(832): App\Controllers\Admin\Admin->add_product_v()
#6 C:\Users\YKM Bilişim Agent 5\Desktop\alışveriş\vendor\codeigniter4\framework\system\CodeIgniter.php(419): CodeIgniter\CodeIgniter->runController(Object(App\Controllers\Admin\Admin))
#7 C:\Users\YKM Bilişim Agent 5\Desktop\alışveriş\vendor\codeigniter4\framework\system\CodeIgniter.php(326): CodeIgniter\CodeIgniter->handleRequest(NULL, Object(Config\Cache), false)
#8 C:\Users\YKM Bilişim Agent 5\Desktop\alışveriş\public\index.php(37): CodeIgniter\CodeIgniter->run()
#9 C:\Users\YKM Bilişim Agent 5\Desktop\alışveriş\vendor\codeigniter4\framework\system\Commands\Server\rewrite.php(43): require_once('C:\\Users\\YKM Bi...')
#10 {main}
CRITICAL - 2022-05-05 07:51:23 --> Undefined variable $product_brand
#0 C:\Users\YKM Bilişim Agent 5\Desktop\alışveriş\app\Views\Admin\Admin\products\add\index.php(57): CodeIgniter\Debug\Exceptions->errorHandler(2, 'Undefined varia...', 'C:\\Users\\YKM Bi...', 57)
#1 C:\Users\YKM Bilişim Agent 5\Desktop\alışveriş\vendor\codeigniter4\framework\system\View\View.php(210): include('C:\\Users\\YKM Bi...')
#2 C:\Users\YKM Bilişim Agent 5\Desktop\alışveriş\vendor\codeigniter4\framework\system\View\View.php(213): CodeIgniter\View\View->CodeIgniter\View\{closure}()
#3 C:\Users\YKM Bilişim Agent 5\Desktop\alışveriş\vendor\codeigniter4\framework\system\Common.php(1089): CodeIgniter\View\View->render('Admin/Admin/pro...', Array, true)
#4 C:\Users\YKM Bilişim Agent 5\Desktop\alışveriş\app\Controllers\Admin\Admin.php(189): view('Admin/Admin/pro...', Array)
#5 C:\Users\YKM Bilişim Agent 5\Desktop\alışveriş\vendor\codeigniter4\framework\system\CodeIgniter.php(832): App\Controllers\Admin\Admin->add_product_v()
#6 C:\Users\YKM Bilişim Agent 5\Desktop\alışveriş\vendor\codeigniter4\framework\system\CodeIgniter.php(419): CodeIgniter\CodeIgniter->runController(Object(App\Controllers\Admin\Admin))
#7 C:\Users\YKM Bilişim Agent 5\Desktop\alışveriş\vendor\codeigniter4\framework\system\CodeIgniter.php(326): CodeIgniter\CodeIgniter->handleRequest(NULL, Object(Config\Cache), false)
#8 C:\Users\YKM Bilişim Agent 5\Desktop\alışveriş\public\index.php(37): CodeIgniter\CodeIgniter->run()
#9 C:\Users\YKM Bilişim Agent 5\Desktop\alışveriş\vendor\codeigniter4\framework\system\Commands\Server\rewrite.php(43): require_once('C:\\Users\\YKM Bi...')
#10 {main}
ERROR - 2022-05-05 07:53:28 --> Cannot add or update a child row: a foreign key constraint fails (`ecommerce2`.`products`, CONSTRAINT `products_ibfk_1` FOREIGN KEY (`product_color`) REFERENCES `product_colors` (`ID`))
CRITICAL - 2022-05-05 07:53:28 --> Cannot add or update a child row: a foreign key constraint fails (`ecommerce2`.`products`, CONSTRAINT `products_ibfk_1` FOREIGN KEY (`product_color`) REFERENCES `product_colors` (`ID`))
#0 C:\Users\YKM Bilişim Agent 5\Desktop\alışveriş\vendor\codeigniter4\framework\system\Database\MySQLi\Connection.php(292): mysqli->query('INSERT INTO `pr...', 0)
#1 C:\Users\YKM Bilişim Agent 5\Desktop\alışveriş\vendor\codeigniter4\framework\system\Database\BaseConnection.php(670): CodeIgniter\Database\MySQLi\Connection->execute('INSERT INTO `pr...')
#2 C:\Users\YKM Bilişim Agent 5\Desktop\alışveriş\vendor\codeigniter4\framework\system\Database\BaseConnection.php(598): CodeIgniter\Database\BaseConnection->simpleQuery('INSERT INTO `pr...')
#3 C:\Users\YKM Bilişim Agent 5\Desktop\alışveriş\vendor\codeigniter4\framework\system\Database\BaseBuilder.php(1771): CodeIgniter\Database\BaseConnection->query('INSERT INTO `pr...', Array, false)
#4 C:\Users\YKM Bilişim Agent 5\Desktop\alışveriş\vendor\codeigniter4\framework\system\Model.php(239): CodeIgniter\Database\BaseBuilder->insert()
#5 C:\Users\YKM Bilişim Agent 5\Desktop\alışveriş\vendor\codeigniter4\framework\system\BaseModel.php(738): CodeIgniter\Model->doInsert(Array)
#6 C:\Users\YKM Bilişim Agent 5\Desktop\alışveriş\vendor\codeigniter4\framework\system\Model.php(625): CodeIgniter\BaseModel->insert(Array, true)
#7 C:\Users\YKM Bilişim Agent 5\Desktop\alışveriş\app\Controllers\Admin\Admin.php(214): CodeIgniter\Model->insert(Array)
#8 C:\Users\YKM Bilişim Agent 5\Desktop\alışveriş\vendor\codeigniter4\framework\system\CodeIgniter.php(832): App\Controllers\Admin\Admin->add_product()
#9 C:\Users\YKM Bilişim Agent 5\Desktop\alışveriş\vendor\codeigniter4\framework\system\CodeIgniter.php(419): CodeIgniter\CodeIgniter->runController(Object(App\Controllers\Admin\Admin))
#10 C:\Users\YKM Bilişim Agent 5\Desktop\alışveriş\vendor\codeigniter4\framework\system\CodeIgniter.php(326): CodeIgniter\CodeIgniter->handleRequest(NULL, Object(Config\Cache), false)
#11 C:\Users\YKM Bilişim Agent 5\Desktop\alışveriş\public\index.php(37): CodeIgniter\CodeIgniter->run()
#12 C:\Users\YKM Bilişim Agent 5\Desktop\alışveriş\vendor\codeigniter4\framework\system\Commands\Server\rewrite.php(43): require_once('C:\\Users\\YKM Bi...')
#13 {main}
ERROR - 2022-05-05 07:53:50 --> Cannot add or update a child row: a foreign key constraint fails (`ecommerce2`.`products`, CONSTRAINT `products_ibfk_2` FOREIGN KEY (`product_weight`) REFERENCES `product_weights` (`ID`))
CRITICAL - 2022-05-05 07:53:50 --> Cannot add or update a child row: a foreign key constraint fails (`ecommerce2`.`products`, CONSTRAINT `products_ibfk_2` FOREIGN KEY (`product_weight`) REFERENCES `product_weights` (`ID`))
#0 C:\Users\YKM Bilişim Agent 5\Desktop\alışveriş\vendor\codeigniter4\framework\system\Database\MySQLi\Connection.php(292): mysqli->query('INSERT INTO `pr...', 0)
#1 C:\Users\YKM Bilişim Agent 5\Desktop\alışveriş\vendor\codeigniter4\framework\system\Database\BaseConnection.php(670): CodeIgniter\Database\MySQLi\Connection->execute('INSERT INTO `pr...')
#2 C:\Users\YKM Bilişim Agent 5\Desktop\alışveriş\vendor\codeigniter4\framework\system\Database\BaseConnection.php(598): CodeIgniter\Database\BaseConnection->simpleQuery('INSERT INTO `pr...')
#3 C:\Users\YKM Bilişim Agent 5\Desktop\alışveriş\vendor\codeigniter4\framework\system\Database\BaseBuilder.php(1771): CodeIgniter\Database\BaseConnection->query('INSERT INTO `pr...', Array, false)
#4 C:\Users\YKM Bilişim Agent 5\Desktop\alışveriş\vendor\codeigniter4\framework\system\Model.php(239): CodeIgniter\Database\BaseBuilder->insert()
#5 C:\Users\YKM Bilişim Agent 5\Desktop\alışveriş\vendor\codeigniter4\framework\system\BaseModel.php(738): CodeIgniter\Model->doInsert(Array)
#6 C:\Users\YKM Bilişim Agent 5\Desktop\alışveriş\vendor\codeigniter4\framework\system\Model.php(625): CodeIgniter\BaseModel->insert(Array, true)
#7 C:\Users\YKM Bilişim Agent 5\Desktop\alışveriş\app\Controllers\Admin\Admin.php(215): CodeIgniter\Model->insert(Array)
#8 C:\Users\YKM Bilişim Agent 5\Desktop\alışveriş\vendor\codeigniter4\framework\system\CodeIgniter.php(832): App\Controllers\Admin\Admin->add_product()
#9 C:\Users\YKM Bilişim Agent 5\Desktop\alışveriş\vendor\codeigniter4\framework\system\CodeIgniter.php(419): CodeIgniter\CodeIgniter->runController(Object(App\Controllers\Admin\Admin))
#10 C:\Users\YKM Bilişim Agent 5\Desktop\alışveriş\vendor\codeigniter4\framework\system\CodeIgniter.php(326): CodeIgniter\CodeIgniter->handleRequest(NULL, Object(Config\Cache), false)
#11 C:\Users\YKM Bilişim Agent 5\Desktop\alışveriş\public\index.php(37): CodeIgniter\CodeIgniter->run()
#12 C:\Users\YKM Bilişim Agent 5\Desktop\alışveriş\vendor\codeigniter4\framework\system\Commands\Server\rewrite.php(43): require_once('C:\\Users\\YKM Bi...')
#13 {main}
ERROR - 2022-05-05 07:54:09 --> Cannot add or update a child row: a foreign key constraint fails (`ecommerce2`.`products`, CONSTRAINT `products_ibfk_2` FOREIGN KEY (`product_weight`) REFERENCES `product_weights` (`ID`))
CRITICAL - 2022-05-05 07:54:09 --> Cannot add or update a child row: a foreign key constraint fails (`ecommerce2`.`products`, CONSTRAINT `products_ibfk_2` FOREIGN KEY (`product_weight`) REFERENCES `product_weights` (`ID`))
#0 C:\Users\YKM Bilişim Agent 5\Desktop\alışveriş\vendor\codeigniter4\framework\system\Database\MySQLi\Connection.php(292): mysqli->query('INSERT INTO `pr...', 0)
#1 C:\Users\YKM Bilişim Agent 5\Desktop\alışveriş\vendor\codeigniter4\framework\system\Database\BaseConnection.php(670): CodeIgniter\Database\MySQLi\Connection->execute('INSERT INTO `pr...')
#2 C:\Users\YKM Bilişim Agent 5\Desktop\alışveriş\vendor\codeigniter4\framework\system\Database\BaseConnection.php(598): CodeIgniter\Database\BaseConnection->simpleQuery('INSERT INTO `pr...')
#3 C:\Users\YKM Bilişim Agent 5\Desktop\alışveriş\vendor\codeigniter4\framework\system\Database\BaseBuilder.php(1771): CodeIgniter\Database\BaseConnection->query('INSERT INTO `pr...', Array, false)
#4 C:\Users\YKM Bilişim Agent 5\Desktop\alışveriş\vendor\codeigniter4\framework\system\Model.php(239): CodeIgniter\Database\BaseBuilder->insert()
#5 C:\Users\YKM Bilişim Agent 5\Desktop\alışveriş\vendor\codeigniter4\framework\system\BaseModel.php(738): CodeIgniter\Model->doInsert(Array)
#6 C:\Users\YKM Bilişim Agent 5\Desktop\alışveriş\vendor\codeigniter4\framework\system\Model.php(625): CodeIgniter\BaseModel->insert(Array, true)
#7 C:\Users\YKM Bilişim Agent 5\Desktop\alışveriş\app\Controllers\Admin\Admin.php(215): CodeIgniter\Model->insert(Array)
#8 C:\Users\YKM Bilişim Agent 5\Desktop\alışveriş\vendor\codeigniter4\framework\system\CodeIgniter.php(832): App\Controllers\Admin\Admin->add_product()
#9 C:\Users\YKM Bilişim Agent 5\Desktop\alışveriş\vendor\codeigniter4\framework\system\CodeIgniter.php(419): CodeIgniter\CodeIgniter->runController(Object(App\Controllers\Admin\Admin))
#10 C:\Users\YKM Bilişim Agent 5\Desktop\alışveriş\vendor\codeigniter4\framework\system\CodeIgniter.php(326): CodeIgniter\CodeIgniter->handleRequest(NULL, Object(Config\Cache), false)
#11 C:\Users\YKM Bilişim Agent 5\Desktop\alışveriş\public\index.php(37): CodeIgniter\CodeIgniter->run()
#12 C:\Users\YKM Bilişim Agent 5\Desktop\alışveriş\vendor\codeigniter4\framework\system\Commands\Server\rewrite.php(43): require_once('C:\\Users\\YKM Bi...')
#13 {main}
