ERROR - 2022-06-01 15:21:21 --> Error connecting to the database: No such file or directory
CRITICAL - 2022-06-01 15:21:21 --> Unable to connect to the database.
Main connection [MySQLi]: No such file or directory
#0 /home/efe/Masaüstü/alışveriş/vendor/codeigniter4/framework/system/Database/BaseConnection.php(577): CodeIgniter\Database\BaseConnection->initialize()
#1 /home/efe/Masaüstü/alışveriş/app/Controllers/Home.php(52): CodeIgniter\Database\BaseConnection->query()
#2 /home/efe/Masaüstü/alışveriş/vendor/codeigniter4/framework/system/CodeIgniter.php(832): App\Controllers\Home->index()
#3 /home/efe/Masaüstü/alışveriş/vendor/codeigniter4/framework/system/CodeIgniter.php(419): CodeIgniter\CodeIgniter->runController()
#4 /home/efe/Masaüstü/alışveriş/vendor/codeigniter4/framework/system/CodeIgniter.php(326): CodeIgniter\CodeIgniter->handleRequest()
#5 /home/efe/Masaüstü/alışveriş/public/index.php(37): CodeIgniter\CodeIgniter->run()
#6 /home/efe/Masaüstü/alışveriş/vendor/codeigniter4/framework/system/Commands/Server/rewrite.php(43): require_once('...')
#7 {main}
ERROR - 2022-06-01 15:22:51 --> Error connecting to the database: php_network_getaddresses: getaddrinfo for mysql failed: Temporary failure in name resolution
CRITICAL - 2022-06-01 15:22:51 --> Unable to connect to the database.
Main connection [MySQLi]: php_network_getaddresses: getaddrinfo for mysql failed: Temporary failure in name resolution
#0 /home/efe/Masaüstü/alışveriş/vendor/codeigniter4/framework/system/Database/BaseConnection.php(577): CodeIgniter\Database\BaseConnection->initialize()
#1 /home/efe/Masaüstü/alışveriş/app/Controllers/Home.php(52): CodeIgniter\Database\BaseConnection->query()
#2 /home/efe/Masaüstü/alışveriş/vendor/codeigniter4/framework/system/CodeIgniter.php(832): App\Controllers\Home->index()
#3 /home/efe/Masaüstü/alışveriş/vendor/codeigniter4/framework/system/CodeIgniter.php(419): CodeIgniter\CodeIgniter->runController()
#4 /home/efe/Masaüstü/alışveriş/vendor/codeigniter4/framework/system/CodeIgniter.php(326): CodeIgniter\CodeIgniter->handleRequest()
#5 /home/efe/Masaüstü/alışveriş/public/index.php(37): CodeIgniter\CodeIgniter->run()
#6 /home/efe/Masaüstü/alışveriş/vendor/codeigniter4/framework/system/Commands/Server/rewrite.php(43): require_once('...')
#7 {main}
ERROR - 2022-06-01 15:22:51 --> Error connecting to the database: php_network_getaddresses: getaddrinfo for mysql failed: Temporary failure in name resolution
CRITICAL - 2022-06-01 15:22:51 --> Unable to connect to the database.
Main connection [MySQLi]: php_network_getaddresses: getaddrinfo for mysql failed: Temporary failure in name resolution
#0 /home/efe/Masaüstü/alışveriş/vendor/codeigniter4/framework/system/Database/BaseConnection.php(577): CodeIgniter\Database\BaseConnection->initialize()
#1 /home/efe/Masaüstü/alışveriş/app/Controllers/Home.php(52): CodeIgniter\Database\BaseConnection->query()
#2 /home/efe/Masaüstü/alışveriş/vendor/codeigniter4/framework/system/CodeIgniter.php(832): App\Controllers\Home->index()
#3 /home/efe/Masaüstü/alışveriş/vendor/codeigniter4/framework/system/CodeIgniter.php(419): CodeIgniter\CodeIgniter->runController()
#4 /home/efe/Masaüstü/alışveriş/vendor/codeigniter4/framework/system/CodeIgniter.php(326): CodeIgniter\CodeIgniter->handleRequest()
#5 /home/efe/Masaüstü/alışveriş/public/index.php(37): CodeIgniter\CodeIgniter->run()
#6 /home/efe/Masaüstü/alışveriş/vendor/codeigniter4/framework/system/Commands/Server/rewrite.php(43): require_once('...')
#7 {main}
ERROR - 2022-06-01 15:22:56 --> Error connecting to the database: php_network_getaddresses: getaddrinfo for mysql failed: Temporary failure in name resolution
CRITICAL - 2022-06-01 15:22:56 --> Unable to connect to the database.
Main connection [MySQLi]: php_network_getaddresses: getaddrinfo for mysql failed: Temporary failure in name resolution
#0 /home/efe/Masaüstü/alışveriş/vendor/codeigniter4/framework/system/Database/BaseConnection.php(577): CodeIgniter\Database\BaseConnection->initialize()
#1 /home/efe/Masaüstü/alışveriş/app/Controllers/Home.php(52): CodeIgniter\Database\BaseConnection->query()
#2 /home/efe/Masaüstü/alışveriş/vendor/codeigniter4/framework/system/CodeIgniter.php(832): App\Controllers\Home->index()
#3 /home/efe/Masaüstü/alışveriş/vendor/codeigniter4/framework/system/CodeIgniter.php(419): CodeIgniter\CodeIgniter->runController()
#4 /home/efe/Masaüstü/alışveriş/vendor/codeigniter4/framework/system/CodeIgniter.php(326): CodeIgniter\CodeIgniter->handleRequest()
#5 /home/efe/Masaüstü/alışveriş/public/index.php(37): CodeIgniter\CodeIgniter->run()
#6 /home/efe/Masaüstü/alışveriş/vendor/codeigniter4/framework/system/Commands/Server/rewrite.php(43): require_once('...')
#7 {main}
ERROR - 2022-06-01 15:28:07 --> Error connecting to the database: php_network_getaddresses: getaddrinfo for mysql failed: Temporary failure in name resolution
CRITICAL - 2022-06-01 15:28:07 --> Unable to connect to the database.
Main connection [MySQLi]: php_network_getaddresses: getaddrinfo for mysql failed: Temporary failure in name resolution
#0 /home/efe/Masaüstü/alışveriş/vendor/codeigniter4/framework/system/Database/BaseConnection.php(577): CodeIgniter\Database\BaseConnection->initialize()
#1 /home/efe/Masaüstü/alışveriş/app/Controllers/Home.php(52): CodeIgniter\Database\BaseConnection->query()
#2 /home/efe/Masaüstü/alışveriş/vendor/codeigniter4/framework/system/CodeIgniter.php(832): App\Controllers\Home->index()
#3 /home/efe/Masaüstü/alışveriş/vendor/codeigniter4/framework/system/CodeIgniter.php(419): CodeIgniter\CodeIgniter->runController()
#4 /home/efe/Masaüstü/alışveriş/vendor/codeigniter4/framework/system/CodeIgniter.php(326): CodeIgniter\CodeIgniter->handleRequest()
#5 /home/efe/Masaüstü/alışveriş/public/index.php(37): CodeIgniter\CodeIgniter->run()
#6 /home/efe/Masaüstü/alışveriş/vendor/codeigniter4/framework/system/Commands/Server/rewrite.php(43): require_once('...')
#7 {main}
ERROR - 2022-06-01 15:28:08 --> Error connecting to the database: php_network_getaddresses: getaddrinfo for mysql failed: Temporary failure in name resolution
CRITICAL - 2022-06-01 15:28:08 --> Unable to connect to the database.
Main connection [MySQLi]: php_network_getaddresses: getaddrinfo for mysql failed: Temporary failure in name resolution
#0 /home/efe/Masaüstü/alışveriş/vendor/codeigniter4/framework/system/Database/BaseConnection.php(577): CodeIgniter\Database\BaseConnection->initialize()
#1 /home/efe/Masaüstü/alışveriş/app/Controllers/Home.php(52): CodeIgniter\Database\BaseConnection->query()
#2 /home/efe/Masaüstü/alışveriş/vendor/codeigniter4/framework/system/CodeIgniter.php(832): App\Controllers\Home->index()
#3 /home/efe/Masaüstü/alışveriş/vendor/codeigniter4/framework/system/CodeIgniter.php(419): CodeIgniter\CodeIgniter->runController()
#4 /home/efe/Masaüstü/alışveriş/vendor/codeigniter4/framework/system/CodeIgniter.php(326): CodeIgniter\CodeIgniter->handleRequest()
#5 /home/efe/Masaüstü/alışveriş/public/index.php(37): CodeIgniter\CodeIgniter->run()
#6 /home/efe/Masaüstü/alışveriş/vendor/codeigniter4/framework/system/Commands/Server/rewrite.php(43): require_once('...')
#7 {main}
ERROR - 2022-06-01 15:28:25 --> Error connecting to the database: No such file or directory
CRITICAL - 2022-06-01 15:28:25 --> Unable to connect to the database.
Main connection [MySQLi]: No such file or directory
#0 /home/efe/Masaüstü/alışveriş/vendor/codeigniter4/framework/system/Database/BaseConnection.php(577): CodeIgniter\Database\BaseConnection->initialize()
#1 /home/efe/Masaüstü/alışveriş/app/Controllers/Home.php(52): CodeIgniter\Database\BaseConnection->query()
#2 /home/efe/Masaüstü/alışveriş/vendor/codeigniter4/framework/system/CodeIgniter.php(832): App\Controllers\Home->index()
#3 /home/efe/Masaüstü/alışveriş/vendor/codeigniter4/framework/system/CodeIgniter.php(419): CodeIgniter\CodeIgniter->runController()
#4 /home/efe/Masaüstü/alışveriş/vendor/codeigniter4/framework/system/CodeIgniter.php(326): CodeIgniter\CodeIgniter->handleRequest()
#5 /home/efe/Masaüstü/alışveriş/public/index.php(37): CodeIgniter\CodeIgniter->run()
#6 /home/efe/Masaüstü/alışveriş/vendor/codeigniter4/framework/system/Commands/Server/rewrite.php(43): require_once('...')
#7 {main}
ERROR - 2022-06-01 15:35:13 --> Error connecting to the database: No such file or directory
CRITICAL - 2022-06-01 15:35:13 --> Unable to connect to the database.
Main connection [MySQLi]: No such file or directory
#0 /home/efe/Masaüstü/alışveriş/vendor/codeigniter4/framework/system/Database/BaseConnection.php(577): CodeIgniter\Database\BaseConnection->initialize()
#1 /home/efe/Masaüstü/alışveriş/app/Controllers/Home.php(52): CodeIgniter\Database\BaseConnection->query()
#2 /home/efe/Masaüstü/alışveriş/vendor/codeigniter4/framework/system/CodeIgniter.php(832): App\Controllers\Home->index()
#3 /home/efe/Masaüstü/alışveriş/vendor/codeigniter4/framework/system/CodeIgniter.php(419): CodeIgniter\CodeIgniter->runController()
#4 /home/efe/Masaüstü/alışveriş/vendor/codeigniter4/framework/system/CodeIgniter.php(326): CodeIgniter\CodeIgniter->handleRequest()
#5 /home/efe/Masaüstü/alışveriş/public/index.php(37): CodeIgniter\CodeIgniter->run()
#6 /home/efe/Masaüstü/alışveriş/vendor/codeigniter4/framework/system/Commands/Server/rewrite.php(43): require_once('...')
#7 {main}
ERROR - 2022-06-01 15:35:14 --> Error connecting to the database: No such file or directory
CRITICAL - 2022-06-01 15:35:14 --> Unable to connect to the database.
Main connection [MySQLi]: No such file or directory
#0 /home/efe/Masaüstü/alışveriş/vendor/codeigniter4/framework/system/Database/BaseConnection.php(577): CodeIgniter\Database\BaseConnection->initialize()
#1 /home/efe/Masaüstü/alışveriş/app/Controllers/Home.php(52): CodeIgniter\Database\BaseConnection->query()
#2 /home/efe/Masaüstü/alışveriş/vendor/codeigniter4/framework/system/CodeIgniter.php(832): App\Controllers\Home->index()
#3 /home/efe/Masaüstü/alışveriş/vendor/codeigniter4/framework/system/CodeIgniter.php(419): CodeIgniter\CodeIgniter->runController()
#4 /home/efe/Masaüstü/alışveriş/vendor/codeigniter4/framework/system/CodeIgniter.php(326): CodeIgniter\CodeIgniter->handleRequest()
#5 /home/efe/Masaüstü/alışveriş/public/index.php(37): CodeIgniter\CodeIgniter->run()
#6 /home/efe/Masaüstü/alışveriş/vendor/codeigniter4/framework/system/Commands/Server/rewrite.php(43): require_once('...')
#7 {main}
ERROR - 2022-06-01 15:35:14 --> Error connecting to the database: No such file or directory
CRITICAL - 2022-06-01 15:35:14 --> Unable to connect to the database.
Main connection [MySQLi]: No such file or directory
#0 /home/efe/Masaüstü/alışveriş/vendor/codeigniter4/framework/system/Database/BaseConnection.php(577): CodeIgniter\Database\BaseConnection->initialize()
#1 /home/efe/Masaüstü/alışveriş/app/Controllers/Home.php(52): CodeIgniter\Database\BaseConnection->query()
#2 /home/efe/Masaüstü/alışveriş/vendor/codeigniter4/framework/system/CodeIgniter.php(832): App\Controllers\Home->index()
#3 /home/efe/Masaüstü/alışveriş/vendor/codeigniter4/framework/system/CodeIgniter.php(419): CodeIgniter\CodeIgniter->runController()
#4 /home/efe/Masaüstü/alışveriş/vendor/codeigniter4/framework/system/CodeIgniter.php(326): CodeIgniter\CodeIgniter->handleRequest()
#5 /home/efe/Masaüstü/alışveriş/public/index.php(37): CodeIgniter\CodeIgniter->run()
#6 /home/efe/Masaüstü/alışveriş/vendor/codeigniter4/framework/system/Commands/Server/rewrite.php(43): require_once('...')
#7 {main}
ERROR - 2022-06-01 15:35:14 --> Error connecting to the database: No such file or directory
CRITICAL - 2022-06-01 15:35:14 --> Unable to connect to the database.
Main connection [MySQLi]: No such file or directory
#0 /home/efe/Masaüstü/alışveriş/vendor/codeigniter4/framework/system/Database/BaseConnection.php(577): CodeIgniter\Database\BaseConnection->initialize()
#1 /home/efe/Masaüstü/alışveriş/app/Controllers/Home.php(52): CodeIgniter\Database\BaseConnection->query()
#2 /home/efe/Masaüstü/alışveriş/vendor/codeigniter4/framework/system/CodeIgniter.php(832): App\Controllers\Home->index()
#3 /home/efe/Masaüstü/alışveriş/vendor/codeigniter4/framework/system/CodeIgniter.php(419): CodeIgniter\CodeIgniter->runController()
#4 /home/efe/Masaüstü/alışveriş/vendor/codeigniter4/framework/system/CodeIgniter.php(326): CodeIgniter\CodeIgniter->handleRequest()
#5 /home/efe/Masaüstü/alışveriş/public/index.php(37): CodeIgniter\CodeIgniter->run()
#6 /home/efe/Masaüstü/alışveriş/vendor/codeigniter4/framework/system/Commands/Server/rewrite.php(43): require_once('...')
#7 {main}
ERROR - 2022-06-01 15:45:15 --> Error connecting to the database: No such file or directory
CRITICAL - 2022-06-01 15:45:15 --> Unable to connect to the database.
Main connection [MySQLi]: No such file or directory
#0 /home/efe/Masaüstü/alışveriş/vendor/codeigniter4/framework/system/Database/BaseConnection.php(577): CodeIgniter\Database\BaseConnection->initialize()
#1 /home/efe/Masaüstü/alışveriş/app/Controllers/Home.php(52): CodeIgniter\Database\BaseConnection->query()
#2 /home/efe/Masaüstü/alışveriş/vendor/codeigniter4/framework/system/CodeIgniter.php(832): App\Controllers\Home->index()
#3 /home/efe/Masaüstü/alışveriş/vendor/codeigniter4/framework/system/CodeIgniter.php(419): CodeIgniter\CodeIgniter->runController()
#4 /home/efe/Masaüstü/alışveriş/vendor/codeigniter4/framework/system/CodeIgniter.php(326): CodeIgniter\CodeIgniter->handleRequest()
#5 /home/efe/Masaüstü/alışveriş/public/index.php(37): CodeIgniter\CodeIgniter->run()
#6 /home/efe/Masaüstü/alışveriş/vendor/codeigniter4/framework/system/Commands/Server/rewrite.php(43): require_once('...')
#7 {main}
CRITICAL - 2022-06-01 15:49:50 --> Division by zero
#0 /home/efe/Masaüstü/alışveriş/vendor/codeigniter4/framework/system/CodeIgniter.php(832): App\Controllers\Admin\Admin->index()
#1 /home/efe/Masaüstü/alışveriş/vendor/codeigniter4/framework/system/CodeIgniter.php(419): CodeIgniter\CodeIgniter->runController()
#2 /home/efe/Masaüstü/alışveriş/vendor/codeigniter4/framework/system/CodeIgniter.php(326): CodeIgniter\CodeIgniter->handleRequest()
#3 /home/efe/Masaüstü/alışveriş/public/index.php(37): CodeIgniter\CodeIgniter->run()
#4 /home/efe/Masaüstü/alışveriş/vendor/codeigniter4/framework/system/Commands/Server/rewrite.php(43): require_once('...')
#5 {main}
CRITICAL - 2022-06-01 15:52:26 --> Division by zero
#0 /home/efe/Masaüstü/alışveriş/vendor/codeigniter4/framework/system/CodeIgniter.php(832): App\Controllers\Admin\Admin->index()
#1 /home/efe/Masaüstü/alışveriş/vendor/codeigniter4/framework/system/CodeIgniter.php(419): CodeIgniter\CodeIgniter->runController()
#2 /home/efe/Masaüstü/alışveriş/vendor/codeigniter4/framework/system/CodeIgniter.php(326): CodeIgniter\CodeIgniter->handleRequest()
#3 /home/efe/Masaüstü/alışveriş/public/index.php(37): CodeIgniter\CodeIgniter->run()
#4 /home/efe/Masaüstü/alışveriş/vendor/codeigniter4/framework/system/Commands/Server/rewrite.php(43): require_once('...')
#5 {main}
CRITICAL - 2022-06-01 15:52:27 --> Division by zero
#0 /home/efe/Masaüstü/alışveriş/vendor/codeigniter4/framework/system/CodeIgniter.php(832): App\Controllers\Admin\Admin->index()
#1 /home/efe/Masaüstü/alışveriş/vendor/codeigniter4/framework/system/CodeIgniter.php(419): CodeIgniter\CodeIgniter->runController()
#2 /home/efe/Masaüstü/alışveriş/vendor/codeigniter4/framework/system/CodeIgniter.php(326): CodeIgniter\CodeIgniter->handleRequest()
#3 /home/efe/Masaüstü/alışveriş/public/index.php(37): CodeIgniter\CodeIgniter->run()
#4 /home/efe/Masaüstü/alışveriş/vendor/codeigniter4/framework/system/Commands/Server/rewrite.php(43): require_once('...')
#5 {main}
CRITICAL - 2022-06-01 15:54:54 --> Division by zero
#0 /home/efe/Masaüstü/alışveriş/vendor/codeigniter4/framework/system/CodeIgniter.php(832): App\Controllers\Admin\Admin->index()
#1 /home/efe/Masaüstü/alışveriş/vendor/codeigniter4/framework/system/CodeIgniter.php(419): CodeIgniter\CodeIgniter->runController()
#2 /home/efe/Masaüstü/alışveriş/vendor/codeigniter4/framework/system/CodeIgniter.php(326): CodeIgniter\CodeIgniter->handleRequest()
#3 /home/efe/Masaüstü/alışveriş/public/index.php(37): CodeIgniter\CodeIgniter->run()
#4 /home/efe/Masaüstü/alışveriş/vendor/codeigniter4/framework/system/Commands/Server/rewrite.php(43): require_once('...')
#5 {main}
CRITICAL - 2022-06-01 15:54:55 --> Division by zero
#0 /home/efe/Masaüstü/alışveriş/vendor/codeigniter4/framework/system/CodeIgniter.php(832): App\Controllers\Admin\Admin->index()
#1 /home/efe/Masaüstü/alışveriş/vendor/codeigniter4/framework/system/CodeIgniter.php(419): CodeIgniter\CodeIgniter->runController()
#2 /home/efe/Masaüstü/alışveriş/vendor/codeigniter4/framework/system/CodeIgniter.php(326): CodeIgniter\CodeIgniter->handleRequest()
#3 /home/efe/Masaüstü/alışveriş/public/index.php(37): CodeIgniter\CodeIgniter->run()
#4 /home/efe/Masaüstü/alışveriş/vendor/codeigniter4/framework/system/Commands/Server/rewrite.php(43): require_once('...')
#5 {main}
CRITICAL - 2022-06-01 15:54:55 --> Division by zero
#0 /home/efe/Masaüstü/alışveriş/vendor/codeigniter4/framework/system/CodeIgniter.php(832): App\Controllers\Admin\Admin->index()
#1 /home/efe/Masaüstü/alışveriş/vendor/codeigniter4/framework/system/CodeIgniter.php(419): CodeIgniter\CodeIgniter->runController()
#2 /home/efe/Masaüstü/alışveriş/vendor/codeigniter4/framework/system/CodeIgniter.php(326): CodeIgniter\CodeIgniter->handleRequest()
#3 /home/efe/Masaüstü/alışveriş/public/index.php(37): CodeIgniter\CodeIgniter->run()
#4 /home/efe/Masaüstü/alışveriş/vendor/codeigniter4/framework/system/Commands/Server/rewrite.php(43): require_once('...')
#5 {main}
CRITICAL - 2022-06-01 15:54:55 --> Division by zero
#0 /home/efe/Masaüstü/alışveriş/vendor/codeigniter4/framework/system/CodeIgniter.php(832): App\Controllers\Admin\Admin->index()
#1 /home/efe/Masaüstü/alışveriş/vendor/codeigniter4/framework/system/CodeIgniter.php(419): CodeIgniter\CodeIgniter->runController()
#2 /home/efe/Masaüstü/alışveriş/vendor/codeigniter4/framework/system/CodeIgniter.php(326): CodeIgniter\CodeIgniter->handleRequest()
#3 /home/efe/Masaüstü/alışveriş/public/index.php(37): CodeIgniter\CodeIgniter->run()
#4 /home/efe/Masaüstü/alışveriş/vendor/codeigniter4/framework/system/Commands/Server/rewrite.php(43): require_once('...')
#5 {main}
CRITICAL - 2022-06-01 15:54:56 --> Division by zero
#0 /home/efe/Masaüstü/alışveriş/vendor/codeigniter4/framework/system/CodeIgniter.php(832): App\Controllers\Admin\Admin->index()
#1 /home/efe/Masaüstü/alışveriş/vendor/codeigniter4/framework/system/CodeIgniter.php(419): CodeIgniter\CodeIgniter->runController()
#2 /home/efe/Masaüstü/alışveriş/vendor/codeigniter4/framework/system/CodeIgniter.php(326): CodeIgniter\CodeIgniter->handleRequest()
#3 /home/efe/Masaüstü/alışveriş/public/index.php(37): CodeIgniter\CodeIgniter->run()
#4 /home/efe/Masaüstü/alışveriş/vendor/codeigniter4/framework/system/Commands/Server/rewrite.php(43): require_once('...')
#5 {main}
CRITICAL - 2022-06-01 15:56:19 --> Division by zero
#0 /home/efe/Masaüstü/alışveriş/vendor/codeigniter4/framework/system/CodeIgniter.php(832): App\Controllers\Admin\Admin->index()
#1 /home/efe/Masaüstü/alışveriş/vendor/codeigniter4/framework/system/CodeIgniter.php(419): CodeIgniter\CodeIgniter->runController()
#2 /home/efe/Masaüstü/alışveriş/vendor/codeigniter4/framework/system/CodeIgniter.php(326): CodeIgniter\CodeIgniter->handleRequest()
#3 /home/efe/Masaüstü/alışveriş/public/index.php(37): CodeIgniter\CodeIgniter->run()
#4 /home/efe/Masaüstü/alışveriş/vendor/codeigniter4/framework/system/Commands/Server/rewrite.php(43): require_once('...')
#5 {main}
CRITICAL - 2022-06-01 15:56:20 --> Division by zero
#0 /home/efe/Masaüstü/alışveriş/vendor/codeigniter4/framework/system/CodeIgniter.php(832): App\Controllers\Admin\Admin->index()
#1 /home/efe/Masaüstü/alışveriş/vendor/codeigniter4/framework/system/CodeIgniter.php(419): CodeIgniter\CodeIgniter->runController()
#2 /home/efe/Masaüstü/alışveriş/vendor/codeigniter4/framework/system/CodeIgniter.php(326): CodeIgniter\CodeIgniter->handleRequest()
#3 /home/efe/Masaüstü/alışveriş/public/index.php(37): CodeIgniter\CodeIgniter->run()
#4 /home/efe/Masaüstü/alışveriş/vendor/codeigniter4/framework/system/Commands/Server/rewrite.php(43): require_once('...')
#5 {main}
CRITICAL - 2022-06-01 15:56:20 --> Division by zero
#0 /home/efe/Masaüstü/alışveriş/vendor/codeigniter4/framework/system/CodeIgniter.php(832): App\Controllers\Admin\Admin->index()
#1 /home/efe/Masaüstü/alışveriş/vendor/codeigniter4/framework/system/CodeIgniter.php(419): CodeIgniter\CodeIgniter->runController()
#2 /home/efe/Masaüstü/alışveriş/vendor/codeigniter4/framework/system/CodeIgniter.php(326): CodeIgniter\CodeIgniter->handleRequest()
#3 /home/efe/Masaüstü/alışveriş/public/index.php(37): CodeIgniter\CodeIgniter->run()
#4 /home/efe/Masaüstü/alışveriş/vendor/codeigniter4/framework/system/Commands/Server/rewrite.php(43): require_once('...')
#5 {main}
CRITICAL - 2022-06-01 15:56:21 --> Division by zero
#0 /home/efe/Masaüstü/alışveriş/vendor/codeigniter4/framework/system/CodeIgniter.php(832): App\Controllers\Admin\Admin->index()
#1 /home/efe/Masaüstü/alışveriş/vendor/codeigniter4/framework/system/CodeIgniter.php(419): CodeIgniter\CodeIgniter->runController()
#2 /home/efe/Masaüstü/alışveriş/vendor/codeigniter4/framework/system/CodeIgniter.php(326): CodeIgniter\CodeIgniter->handleRequest()
#3 /home/efe/Masaüstü/alışveriş/public/index.php(37): CodeIgniter\CodeIgniter->run()
#4 /home/efe/Masaüstü/alışveriş/vendor/codeigniter4/framework/system/Commands/Server/rewrite.php(43): require_once('...')
#5 {main}
