CRITICAL - 2022-04-29 02:23:36 --> syntax error, unexpected double-quoted string "<br>", expecting "," or ";"
#0 C:\Users\YKM Bilişim Agent 5\Desktop\alışveriş\vendor\codeigniter4\framework\system\Autoloader\Autoloader.php(241): CodeIgniter\Autoloader\Autoloader->includeFile('C:\\Users\\YKM Bi...')
#1 C:\Users\YKM Bilişim Agent 5\Desktop\alışveriş\vendor\codeigniter4\framework\system\Autoloader\Autoloader.php(219): CodeIgniter\Autoloader\Autoloader->loadInNamespace('App\\Controllers...')
#2 [internal function]: CodeIgniter\Autoloader\Autoloader->loadClass('App\\Controllers...')
#3 C:\Users\YKM Bilişim Agent 5\Desktop\alışveriş\vendor\codeigniter4\framework\system\CodeIgniter.php(797): class_exists('\\App\\Controller...', true)
#4 C:\Users\YKM Bilişim Agent 5\Desktop\alışveriş\vendor\codeigniter4\framework\system\CodeIgniter.php(406): CodeIgniter\CodeIgniter->startController()
#5 C:\Users\YKM Bilişim Agent 5\Desktop\alışveriş\vendor\codeigniter4\framework\system\CodeIgniter.php(326): CodeIgniter\CodeIgniter->handleRequest(NULL, Object(Config\Cache), false)
#6 C:\Users\YKM Bilişim Agent 5\Desktop\alışveriş\public\index.php(37): CodeIgniter\CodeIgniter->run()
#7 C:\Users\YKM Bilişim Agent 5\Desktop\alışveriş\vendor\codeigniter4\framework\system\Commands\Server\rewrite.php(43): require_once('C:\\Users\\YKM Bi...')
#8 {main}
CRITICAL - 2022-04-29 02:23:47 --> Undefined variable $montly_earning
#0 C:\Users\YKM Bilişim Agent 5\Desktop\alışveriş\app\Views\Admin\index.php(59): CodeIgniter\Debug\Exceptions->errorHandler(2, 'Undefined varia...', 'C:\\Users\\YKM Bi...', 59)
#1 C:\Users\YKM Bilişim Agent 5\Desktop\alışveriş\vendor\codeigniter4\framework\system\View\View.php(210): include('C:\\Users\\YKM Bi...')
#2 C:\Users\YKM Bilişim Agent 5\Desktop\alışveriş\vendor\codeigniter4\framework\system\View\View.php(213): CodeIgniter\View\View->CodeIgniter\View\{closure}()
#3 C:\Users\YKM Bilişim Agent 5\Desktop\alışveriş\vendor\codeigniter4\framework\system\Common.php(1089): CodeIgniter\View\View->render('Admin/index', Array, true)
#4 C:\Users\YKM Bilişim Agent 5\Desktop\alışveriş\app\Controllers\Admin\Admin.php(64): view('Admin/index')
#5 C:\Users\YKM Bilişim Agent 5\Desktop\alışveriş\vendor\codeigniter4\framework\system\CodeIgniter.php(832): App\Controllers\Admin\Admin->login()
#6 C:\Users\YKM Bilişim Agent 5\Desktop\alışveriş\vendor\codeigniter4\framework\system\CodeIgniter.php(419): CodeIgniter\CodeIgniter->runController(Object(App\Controllers\Admin\Admin))
#7 C:\Users\YKM Bilişim Agent 5\Desktop\alışveriş\vendor\codeigniter4\framework\system\CodeIgniter.php(326): CodeIgniter\CodeIgniter->handleRequest(NULL, Object(Config\Cache), false)
#8 C:\Users\YKM Bilişim Agent 5\Desktop\alışveriş\public\index.php(37): CodeIgniter\CodeIgniter->run()
#9 C:\Users\YKM Bilişim Agent 5\Desktop\alışveriş\vendor\codeigniter4\framework\system\Commands\Server\rewrite.php(43): require_once('C:\\Users\\YKM Bi...')
#10 {main}
CRITICAL - 2022-04-29 02:23:49 --> Undefined variable $montly_earning
#0 C:\Users\YKM Bilişim Agent 5\Desktop\alışveriş\app\Views\Admin\index.php(59): CodeIgniter\Debug\Exceptions->errorHandler(2, 'Undefined varia...', 'C:\\Users\\YKM Bi...', 59)
#1 C:\Users\YKM Bilişim Agent 5\Desktop\alışveriş\vendor\codeigniter4\framework\system\View\View.php(210): include('C:\\Users\\YKM Bi...')
#2 C:\Users\YKM Bilişim Agent 5\Desktop\alışveriş\vendor\codeigniter4\framework\system\View\View.php(213): CodeIgniter\View\View->CodeIgniter\View\{closure}()
#3 C:\Users\YKM Bilişim Agent 5\Desktop\alışveriş\vendor\codeigniter4\framework\system\Common.php(1089): CodeIgniter\View\View->render('Admin/index', Array, true)
#4 C:\Users\YKM Bilişim Agent 5\Desktop\alışveriş\app\Controllers\Admin\Admin.php(64): view('Admin/index')
#5 C:\Users\YKM Bilişim Agent 5\Desktop\alışveriş\vendor\codeigniter4\framework\system\CodeIgniter.php(832): App\Controllers\Admin\Admin->login()
#6 C:\Users\YKM Bilişim Agent 5\Desktop\alışveriş\vendor\codeigniter4\framework\system\CodeIgniter.php(419): CodeIgniter\CodeIgniter->runController(Object(App\Controllers\Admin\Admin))
#7 C:\Users\YKM Bilişim Agent 5\Desktop\alışveriş\vendor\codeigniter4\framework\system\CodeIgniter.php(326): CodeIgniter\CodeIgniter->handleRequest(NULL, Object(Config\Cache), false)
#8 C:\Users\YKM Bilişim Agent 5\Desktop\alışveriş\public\index.php(37): CodeIgniter\CodeIgniter->run()
#9 C:\Users\YKM Bilişim Agent 5\Desktop\alışveriş\vendor\codeigniter4\framework\system\Commands\Server\rewrite.php(43): require_once('C:\\Users\\YKM Bi...')
#10 {main}
CRITICAL - 2022-04-29 02:24:48 --> syntax error, unexpected double-quoted string "<br>", expecting "," or ";"
#0 C:\Users\YKM Bilişim Agent 5\Desktop\alışveriş\vendor\codeigniter4\framework\system\Autoloader\Autoloader.php(241): CodeIgniter\Autoloader\Autoloader->includeFile('C:\\Users\\YKM Bi...')
#1 C:\Users\YKM Bilişim Agent 5\Desktop\alışveriş\vendor\codeigniter4\framework\system\Autoloader\Autoloader.php(219): CodeIgniter\Autoloader\Autoloader->loadInNamespace('App\\Controllers...')
#2 [internal function]: CodeIgniter\Autoloader\Autoloader->loadClass('App\\Controllers...')
#3 C:\Users\YKM Bilişim Agent 5\Desktop\alışveriş\vendor\codeigniter4\framework\system\CodeIgniter.php(797): class_exists('\\App\\Controller...', true)
#4 C:\Users\YKM Bilişim Agent 5\Desktop\alışveriş\vendor\codeigniter4\framework\system\CodeIgniter.php(406): CodeIgniter\CodeIgniter->startController()
#5 C:\Users\YKM Bilişim Agent 5\Desktop\alışveriş\vendor\codeigniter4\framework\system\CodeIgniter.php(326): CodeIgniter\CodeIgniter->handleRequest(NULL, Object(Config\Cache), false)
#6 C:\Users\YKM Bilişim Agent 5\Desktop\alışveriş\public\index.php(37): CodeIgniter\CodeIgniter->run()
#7 C:\Users\YKM Bilişim Agent 5\Desktop\alışveriş\vendor\codeigniter4\framework\system\Commands\Server\rewrite.php(43): require_once('C:\\Users\\YKM Bi...')
#8 {main}
CRITICAL - 2022-04-29 02:29:50 --> Undefined array key "last_month_earning"
#0 C:\Users\YKM Bilişim Agent 5\Desktop\alışveriş\app\Controllers\Admin\Admin.php(59): CodeIgniter\Debug\Exceptions->errorHandler(2, 'Undefined array...', 'C:\\Users\\YKM Bi...', 59)
#1 C:\Users\YKM Bilişim Agent 5\Desktop\alışveriş\vendor\codeigniter4\framework\system\CodeIgniter.php(832): App\Controllers\Admin\Admin->index()
#2 C:\Users\YKM Bilişim Agent 5\Desktop\alışveriş\vendor\codeigniter4\framework\system\CodeIgniter.php(419): CodeIgniter\CodeIgniter->runController(Object(App\Controllers\Admin\Admin))
#3 C:\Users\YKM Bilişim Agent 5\Desktop\alışveriş\vendor\codeigniter4\framework\system\CodeIgniter.php(326): CodeIgniter\CodeIgniter->handleRequest(NULL, Object(Config\Cache), false)
#4 C:\Users\YKM Bilişim Agent 5\Desktop\alışveriş\public\index.php(37): CodeIgniter\CodeIgniter->run()
#5 C:\Users\YKM Bilişim Agent 5\Desktop\alışveriş\vendor\codeigniter4\framework\system\Commands\Server\rewrite.php(43): require_once('C:\\Users\\YKM Bi...')
#6 {main}
CRITICAL - 2022-04-29 02:30:06 --> A non-numeric value encountered
#0 C:\Users\YKM Bilişim Agent 5\Desktop\alışveriş\app\Controllers\Admin\Admin.php(59): CodeIgniter\Debug\Exceptions->errorHandler(2, 'A non-numeric v...', 'C:\\Users\\YKM Bi...', 59)
#1 C:\Users\YKM Bilişim Agent 5\Desktop\alışveriş\vendor\codeigniter4\framework\system\CodeIgniter.php(832): App\Controllers\Admin\Admin->index()
#2 C:\Users\YKM Bilişim Agent 5\Desktop\alışveriş\vendor\codeigniter4\framework\system\CodeIgniter.php(419): CodeIgniter\CodeIgniter->runController(Object(App\Controllers\Admin\Admin))
#3 C:\Users\YKM Bilişim Agent 5\Desktop\alışveriş\vendor\codeigniter4\framework\system\CodeIgniter.php(326): CodeIgniter\CodeIgniter->handleRequest(NULL, Object(Config\Cache), false)
#4 C:\Users\YKM Bilişim Agent 5\Desktop\alışveriş\public\index.php(37): CodeIgniter\CodeIgniter->run()
#5 C:\Users\YKM Bilişim Agent 5\Desktop\alışveriş\vendor\codeigniter4\framework\system\Commands\Server\rewrite.php(43): require_once('C:\\Users\\YKM Bi...')
#6 {main}
CRITICAL - 2022-04-29 02:30:26 --> A non-numeric value encountered
#0 C:\Users\YKM Bilişim Agent 5\Desktop\alışveriş\app\Controllers\Admin\Admin.php(59): CodeIgniter\Debug\Exceptions->errorHandler(2, 'A non-numeric v...', 'C:\\Users\\YKM Bi...', 59)
#1 C:\Users\YKM Bilişim Agent 5\Desktop\alışveriş\vendor\codeigniter4\framework\system\CodeIgniter.php(832): App\Controllers\Admin\Admin->index()
#2 C:\Users\YKM Bilişim Agent 5\Desktop\alışveriş\vendor\codeigniter4\framework\system\CodeIgniter.php(419): CodeIgniter\CodeIgniter->runController(Object(App\Controllers\Admin\Admin))
#3 C:\Users\YKM Bilişim Agent 5\Desktop\alışveriş\vendor\codeigniter4\framework\system\CodeIgniter.php(326): CodeIgniter\CodeIgniter->handleRequest(NULL, Object(Config\Cache), false)
#4 C:\Users\YKM Bilişim Agent 5\Desktop\alışveriş\public\index.php(37): CodeIgniter\CodeIgniter->run()
#5 C:\Users\YKM Bilişim Agent 5\Desktop\alışveriş\vendor\codeigniter4\framework\system\Commands\Server\rewrite.php(43): require_once('C:\\Users\\YKM Bi...')
#6 {main}
CRITICAL - 2022-04-29 02:30:28 --> A non-numeric value encountered
#0 C:\Users\YKM Bilişim Agent 5\Desktop\alışveriş\app\Controllers\Admin\Admin.php(59): CodeIgniter\Debug\Exceptions->errorHandler(2, 'A non-numeric v...', 'C:\\Users\\YKM Bi...', 59)
#1 C:\Users\YKM Bilişim Agent 5\Desktop\alışveriş\vendor\codeigniter4\framework\system\CodeIgniter.php(832): App\Controllers\Admin\Admin->index()
#2 C:\Users\YKM Bilişim Agent 5\Desktop\alışveriş\vendor\codeigniter4\framework\system\CodeIgniter.php(419): CodeIgniter\CodeIgniter->runController(Object(App\Controllers\Admin\Admin))
#3 C:\Users\YKM Bilişim Agent 5\Desktop\alışveriş\vendor\codeigniter4\framework\system\CodeIgniter.php(326): CodeIgniter\CodeIgniter->handleRequest(NULL, Object(Config\Cache), false)
#4 C:\Users\YKM Bilişim Agent 5\Desktop\alışveriş\public\index.php(37): CodeIgniter\CodeIgniter->run()
#5 C:\Users\YKM Bilişim Agent 5\Desktop\alışveriş\vendor\codeigniter4\framework\system\Commands\Server\rewrite.php(43): require_once('C:\\Users\\YKM Bi...')
#6 {main}
CRITICAL - 2022-04-29 07:02:47 --> Array to string conversion
#0 C:\Users\YKM Bilişim Agent 5\Desktop\alışveriş\app\Views\Admin\index.php(31): CodeIgniter\Debug\Exceptions->errorHandler(2, 'Array to string...', 'C:\\Users\\YKM Bi...', 31)
#1 C:\Users\YKM Bilişim Agent 5\Desktop\alışveriş\vendor\codeigniter4\framework\system\View\View.php(210): include('C:\\Users\\YKM Bi...')
#2 C:\Users\YKM Bilişim Agent 5\Desktop\alışveriş\vendor\codeigniter4\framework\system\View\View.php(213): CodeIgniter\View\View->CodeIgniter\View\{closure}()
#3 C:\Users\YKM Bilişim Agent 5\Desktop\alışveriş\vendor\codeigniter4\framework\system\Common.php(1089): CodeIgniter\View\View->render('Admin/index', Array, true)
#4 C:\Users\YKM Bilişim Agent 5\Desktop\alışveriş\app\Controllers\Admin\Admin.php(61): view('Admin/index', Array)
#5 C:\Users\YKM Bilişim Agent 5\Desktop\alışveriş\vendor\codeigniter4\framework\system\CodeIgniter.php(832): App\Controllers\Admin\Admin->index()
#6 C:\Users\YKM Bilişim Agent 5\Desktop\alışveriş\vendor\codeigniter4\framework\system\CodeIgniter.php(419): CodeIgniter\CodeIgniter->runController(Object(App\Controllers\Admin\Admin))
#7 C:\Users\YKM Bilişim Agent 5\Desktop\alışveriş\vendor\codeigniter4\framework\system\CodeIgniter.php(326): CodeIgniter\CodeIgniter->handleRequest(NULL, Object(Config\Cache), false)
#8 C:\Users\YKM Bilişim Agent 5\Desktop\alışveriş\public\index.php(37): CodeIgniter\CodeIgniter->run()
#9 C:\Users\YKM Bilişim Agent 5\Desktop\alışveriş\vendor\codeigniter4\framework\system\Commands\Server\rewrite.php(43): require_once('C:\\Users\\YKM Bi...')
#10 {main}
