CRITICAL - 2022-05-01 14:15:27 --> Invalid file: Admin/products/index.php
#0 C:\Users\efe20\Desktop\alışveriş\vendor\codeigniter4\framework\system\View\View.php(198): CodeIgniter\Exceptions\FrameworkException::forInvalidFile('Admin/products/...')
#1 C:\Users\efe20\Desktop\alışveriş\vendor\codeigniter4\framework\system\Common.php(1089): CodeIgniter\View\View->render('Admin/products/...', Array, true)
#2 C:\Users\efe20\Desktop\alışveriş\app\Controllers\Admin\Admin.php(75): view('Admin/products/...', Array)
#3 C:\Users\efe20\Desktop\alışveriş\vendor\codeigniter4\framework\system\CodeIgniter.php(832): App\Controllers\Admin\Admin->products()
#4 C:\Users\efe20\Desktop\alışveriş\vendor\codeigniter4\framework\system\CodeIgniter.php(419): CodeIgniter\CodeIgniter->runController(Object(App\Controllers\Admin\Admin))
#5 C:\Users\efe20\Desktop\alışveriş\vendor\codeigniter4\framework\system\CodeIgniter.php(326): CodeIgniter\CodeIgniter->handleRequest(NULL, Object(Config\Cache), false)
#6 C:\Users\efe20\Desktop\alışveriş\public\index.php(37): CodeIgniter\CodeIgniter->run()
#7 C:\Users\efe20\Desktop\alışveriş\vendor\codeigniter4\framework\system\Commands\Server\rewrite.php(43): require_once('C:\\Users\\efe20\\...')
#8 {main}
CRITICAL - 2022-05-01 14:16:45 --> Invalid file: Admin/includes/head.php
#0 C:\Users\efe20\Desktop\alışveriş\vendor\codeigniter4\framework\system\View\View.php(198): CodeIgniter\Exceptions\FrameworkException::forInvalidFile('Admin/includes/...')
#1 C:\Users\efe20\Desktop\alışveriş\vendor\codeigniter4\framework\system\Common.php(1089): CodeIgniter\View\View->render('Admin/includes/...', Array, true)
#2 C:\Users\efe20\Desktop\alışveriş\app\Views\Admin\Admin\index.php(5): view('Admin/includes/...')
#3 C:\Users\efe20\Desktop\alışveriş\vendor\codeigniter4\framework\system\View\View.php(210): include('C:\\Users\\efe20\\...')
#4 C:\Users\efe20\Desktop\alışveriş\vendor\codeigniter4\framework\system\View\View.php(213): CodeIgniter\View\View->CodeIgniter\View\{closure}()
#5 C:\Users\efe20\Desktop\alışveriş\vendor\codeigniter4\framework\system\Common.php(1089): CodeIgniter\View\View->render('Admin/Admin/ind...', Array, true)
#6 C:\Users\efe20\Desktop\alışveriş\app\Controllers\Admin\Admin.php(61): view('Admin/Admin/ind...', Array)
#7 C:\Users\efe20\Desktop\alışveriş\vendor\codeigniter4\framework\system\CodeIgniter.php(832): App\Controllers\Admin\Admin->index()
#8 C:\Users\efe20\Desktop\alışveriş\vendor\codeigniter4\framework\system\CodeIgniter.php(419): CodeIgniter\CodeIgniter->runController(Object(App\Controllers\Admin\Admin))
#9 C:\Users\efe20\Desktop\alışveriş\vendor\codeigniter4\framework\system\CodeIgniter.php(326): CodeIgniter\CodeIgniter->handleRequest(NULL, Object(Config\Cache), false)
#10 C:\Users\efe20\Desktop\alışveriş\public\index.php(37): CodeIgniter\CodeIgniter->run()
#11 C:\Users\efe20\Desktop\alışveriş\vendor\codeigniter4\framework\system\Commands\Server\rewrite.php(43): require_once('C:\\Users\\efe20\\...')
#12 {main}
CRITICAL - 2022-05-01 14:45:54 --> Invalid file: Admin/products/index.php
#0 C:\Users\efe20\Desktop\alışveriş\vendor\codeigniter4\framework\system\View\View.php(198): CodeIgniter\Exceptions\FrameworkException::forInvalidFile('Admin/products/...')
#1 C:\Users\efe20\Desktop\alışveriş\vendor\codeigniter4\framework\system\Common.php(1089): CodeIgniter\View\View->render('Admin/products/...', Array, true)
#2 C:\Users\efe20\Desktop\alışveriş\app\Controllers\Admin\Admin.php(75): view('Admin/products/...', Array)
#3 C:\Users\efe20\Desktop\alışveriş\vendor\codeigniter4\framework\system\CodeIgniter.php(832): App\Controllers\Admin\Admin->products()
#4 C:\Users\efe20\Desktop\alışveriş\vendor\codeigniter4\framework\system\CodeIgniter.php(419): CodeIgniter\CodeIgniter->runController(Object(App\Controllers\Admin\Admin))
#5 C:\Users\efe20\Desktop\alışveriş\vendor\codeigniter4\framework\system\CodeIgniter.php(326): CodeIgniter\CodeIgniter->handleRequest(NULL, Object(Config\Cache), false)
#6 C:\Users\efe20\Desktop\alışveriş\public\index.php(37): CodeIgniter\CodeIgniter->run()
#7 C:\Users\efe20\Desktop\alışveriş\vendor\codeigniter4\framework\system\Commands\Server\rewrite.php(43): require_once('C:\\Users\\efe20\\...')
#8 {main}
