CRITICAL - 2022-06-11 08:06:19 --> Undefined array key 1
#0 /home/efe/Masaüstü/alışveriş/vendor/codeigniter4/framework/system/Router/Router.php(429): CodeIgniter\Debug\Exceptions->errorHandler()
#1 /home/efe/Masaüstü/alışveriş/vendor/codeigniter4/framework/system/Router/Router.php(154): CodeIgniter\Router\Router->checkRoutes()
#2 /home/efe/Masaüstü/alışveriş/vendor/codeigniter4/framework/system/CodeIgniter.php(726): CodeIgniter\Router\Router->handle()
#3 /home/efe/Masaüstü/alışveriş/vendor/codeigniter4/framework/system/CodeIgniter.php(368): CodeIgniter\CodeIgniter->tryToRouteIt()
#4 /home/efe/Masaüstü/alışveriş/vendor/codeigniter4/framework/system/CodeIgniter.php(326): CodeIgniter\CodeIgniter->handleRequest()
#5 /home/efe/Masaüstü/alışveriş/public/index.php(37): CodeIgniter\CodeIgniter->run()
#6 /home/efe/Masaüstü/alışveriş/vendor/codeigniter4/framework/system/Commands/Server/rewrite.php(43): require_once('...')
#7 {main}
CRITICAL - 2022-06-11 08:07:02 --> Invalid file: admin/admin/orders/index.php
#0 /home/efe/Masaüstü/alışveriş/vendor/codeigniter4/framework/system/View/View.php(198): CodeIgniter\Exceptions\FrameworkException::forInvalidFile()
#1 /home/efe/Masaüstü/alışveriş/vendor/codeigniter4/framework/system/Common.php(1089): CodeIgniter\View\View->render()
#2 /home/efe/Masaüstü/alışveriş/app/Controllers/Admin/Orders.php(9): view()
#3 /home/efe/Masaüstü/alışveriş/vendor/codeigniter4/framework/system/CodeIgniter.php(832): app\Controllers\Admin\Orders->index()
#4 /home/efe/Masaüstü/alışveriş/vendor/codeigniter4/framework/system/CodeIgniter.php(419): CodeIgniter\CodeIgniter->runController()
#5 /home/efe/Masaüstü/alışveriş/vendor/codeigniter4/framework/system/CodeIgniter.php(326): CodeIgniter\CodeIgniter->handleRequest()
#6 /home/efe/Masaüstü/alışveriş/public/index.php(37): CodeIgniter\CodeIgniter->run()
#7 /home/efe/Masaüstü/alışveriş/vendor/codeigniter4/framework/system/Commands/Server/rewrite.php(43): require_once('...')
#8 {main}
CRITICAL - 2022-06-11 08:07:03 --> Invalid file: admin/admin/orders/index.php
#0 /home/efe/Masaüstü/alışveriş/vendor/codeigniter4/framework/system/View/View.php(198): CodeIgniter\Exceptions\FrameworkException::forInvalidFile()
#1 /home/efe/Masaüstü/alışveriş/vendor/codeigniter4/framework/system/Common.php(1089): CodeIgniter\View\View->render()
#2 /home/efe/Masaüstü/alışveriş/app/Controllers/Admin/Orders.php(9): view()
#3 /home/efe/Masaüstü/alışveriş/vendor/codeigniter4/framework/system/CodeIgniter.php(832): app\Controllers\Admin\Orders->index()
#4 /home/efe/Masaüstü/alışveriş/vendor/codeigniter4/framework/system/CodeIgniter.php(419): CodeIgniter\CodeIgniter->runController()
#5 /home/efe/Masaüstü/alışveriş/vendor/codeigniter4/framework/system/CodeIgniter.php(326): CodeIgniter\CodeIgniter->handleRequest()
#6 /home/efe/Masaüstü/alışveriş/public/index.php(37): CodeIgniter\CodeIgniter->run()
#7 /home/efe/Masaüstü/alışveriş/vendor/codeigniter4/framework/system/Commands/Server/rewrite.php(43): require_once('...')
#8 {main}
