CRITICAL - 2023-01-01 12:12:19 --> Undefined array key "mahalle"
#0 C:\xampp\htdocs\alışveriş\app\Controllers\Account.php(76): CodeIgniter\Debug\Exceptions->errorHandler(2, 'Undefined array...', 'C:\\xampp\\htdocs...', 76)
#1 C:\xampp\htdocs\alışveriş\vendor\codeigniter4\framework\system\CodeIgniter.php(832): App\Controllers\Account->adress()
#2 C:\xampp\htdocs\alışveriş\vendor\codeigniter4\framework\system\CodeIgniter.php(419): CodeIgniter\CodeIgniter->runController(Object(App\Controllers\Account))
#3 C:\xampp\htdocs\alışveriş\vendor\codeigniter4\framework\system\CodeIgniter.php(326): CodeIgniter\CodeIgniter->handleRequest(NULL, Object(Config\Cache), false)
#4 C:\xampp\htdocs\alışveriş\public\index.php(37): CodeIgniter\CodeIgniter->run()
#5 {main}
CRITICAL - 2023-01-01 12:12:51 --> Undefined variable $mahalle
#0 C:\xampp\htdocs\alışveriş\app\Views\account\adress.php(56): CodeIgniter\Debug\Exceptions->errorHandler(2, 'Undefined varia...', 'C:\\xampp\\htdocs...', 56)
#1 C:\xampp\htdocs\alışveriş\vendor\codeigniter4\framework\system\View\View.php(210): include('C:\\xampp\\htdocs...')
#2 C:\xampp\htdocs\alışveriş\vendor\codeigniter4\framework\system\View\View.php(213): CodeIgniter\View\View->CodeIgniter\View\{closure}()
#3 C:\xampp\htdocs\alışveriş\vendor\codeigniter4\framework\system\Common.php(1089): CodeIgniter\View\View->render('account/adress', Array, true)
#4 C:\xampp\htdocs\alışveriş\app\Controllers\Account.php(77): view('account/adress', Array)
#5 C:\xampp\htdocs\alışveriş\vendor\codeigniter4\framework\system\CodeIgniter.php(832): App\Controllers\Account->adress()
#6 C:\xampp\htdocs\alışveriş\vendor\codeigniter4\framework\system\CodeIgniter.php(419): CodeIgniter\CodeIgniter->runController(Object(App\Controllers\Account))
#7 C:\xampp\htdocs\alışveriş\vendor\codeigniter4\framework\system\CodeIgniter.php(326): CodeIgniter\CodeIgniter->handleRequest(NULL, Object(Config\Cache), false)
#8 C:\xampp\htdocs\alışveriş\public\index.php(37): CodeIgniter\CodeIgniter->run()
#9 {main}
CRITICAL - 2023-01-01 12:12:52 --> Undefined variable $mahalle
#0 C:\xampp\htdocs\alışveriş\app\Views\account\adress.php(56): CodeIgniter\Debug\Exceptions->errorHandler(2, 'Undefined varia...', 'C:\\xampp\\htdocs...', 56)
#1 C:\xampp\htdocs\alışveriş\vendor\codeigniter4\framework\system\View\View.php(210): include('C:\\xampp\\htdocs...')
#2 C:\xampp\htdocs\alışveriş\vendor\codeigniter4\framework\system\View\View.php(213): CodeIgniter\View\View->CodeIgniter\View\{closure}()
#3 C:\xampp\htdocs\alışveriş\vendor\codeigniter4\framework\system\Common.php(1089): CodeIgniter\View\View->render('account/adress', Array, true)
#4 C:\xampp\htdocs\alışveriş\app\Controllers\Account.php(77): view('account/adress', Array)
#5 C:\xampp\htdocs\alışveriş\vendor\codeigniter4\framework\system\CodeIgniter.php(832): App\Controllers\Account->adress()
#6 C:\xampp\htdocs\alışveriş\vendor\codeigniter4\framework\system\CodeIgniter.php(419): CodeIgniter\CodeIgniter->runController(Object(App\Controllers\Account))
#7 C:\xampp\htdocs\alışveriş\vendor\codeigniter4\framework\system\CodeIgniter.php(326): CodeIgniter\CodeIgniter->handleRequest(NULL, Object(Config\Cache), false)
#8 C:\xampp\htdocs\alışveriş\public\index.php(37): CodeIgniter\CodeIgniter->run()
#9 {main}
