CRITICAL - 2023-03-14 03:20:57 --> array_push(): Argument #1 ($array) must be of type array, null given
#0 C:\xampp\htdocs\alışveriş\app\Controllers\Cart.php(152): array_push(NULL, '1')
#1 C:\xampp\htdocs\alışveriş\vendor\codeigniter4\framework\system\CodeIgniter.php(832): App\Controllers\Cart->discount()
#2 C:\xampp\htdocs\alışveriş\vendor\codeigniter4\framework\system\CodeIgniter.php(419): CodeIgniter\CodeIgniter->runController(Object(App\Controllers\Cart))
#3 C:\xampp\htdocs\alışveriş\vendor\codeigniter4\framework\system\CodeIgniter.php(326): CodeIgniter\CodeIgniter->handleRequest(NULL, Object(Config\Cache), false)
#4 C:\xampp\htdocs\alışveriş\public\index.php(37): CodeIgniter\CodeIgniter->run()
#5 {main}
CRITICAL - 2023-03-14 06:12:46 --> Division by zero
#0 C:\xampp\htdocs\alışveriş\vendor\codeigniter4\framework\system\CodeIgniter.php(832): App\Controllers\Admin\Admin->index()
#1 C:\xampp\htdocs\alışveriş\vendor\codeigniter4\framework\system\CodeIgniter.php(419): CodeIgniter\CodeIgniter->runController(Object(App\Controllers\Admin\Admin))
#2 C:\xampp\htdocs\alışveriş\vendor\codeigniter4\framework\system\CodeIgniter.php(326): CodeIgniter\CodeIgniter->handleRequest(NULL, Object(Config\Cache), false)
#3 C:\xampp\htdocs\alışveriş\public\index.php(37): CodeIgniter\CodeIgniter->run()
#4 {main}
CRITICAL - 2023-03-14 06:55:34 --> count(): Argument #1 ($value) must be of type Countable|array, int given
#0 C:\xampp\htdocs\alışveriş\app\Controllers\Cart.php(146): count(0)
#1 C:\xampp\htdocs\alışveriş\vendor\codeigniter4\framework\system\CodeIgniter.php(832): App\Controllers\Cart->set_discount()
#2 C:\xampp\htdocs\alışveriş\vendor\codeigniter4\framework\system\CodeIgniter.php(419): CodeIgniter\CodeIgniter->runController(Object(App\Controllers\Cart))
#3 C:\xampp\htdocs\alışveriş\vendor\codeigniter4\framework\system\CodeIgniter.php(326): CodeIgniter\CodeIgniter->handleRequest(NULL, Object(Config\Cache), false)
#4 C:\xampp\htdocs\alışveriş\public\index.php(37): CodeIgniter\CodeIgniter->run()
#5 {main}
CRITICAL - 2023-03-14 06:56:01 --> syntax error, unexpected token "}"
#0 C:\xampp\htdocs\alışveriş\vendor\codeigniter4\framework\system\Autoloader\Autoloader.php(241): CodeIgniter\Autoloader\Autoloader->includeFile('C:\\xampp\\htdocs...')
#1 C:\xampp\htdocs\alışveriş\vendor\codeigniter4\framework\system\Autoloader\Autoloader.php(219): CodeIgniter\Autoloader\Autoloader->loadInNamespace('App\\Controllers...')
#2 [internal function]: CodeIgniter\Autoloader\Autoloader->loadClass('App\\Controllers...')
#3 C:\xampp\htdocs\alışveriş\vendor\codeigniter4\framework\system\CodeIgniter.php(797): class_exists('\\App\\Controller...', true)
#4 C:\xampp\htdocs\alışveriş\vendor\codeigniter4\framework\system\CodeIgniter.php(406): CodeIgniter\CodeIgniter->startController()
#5 C:\xampp\htdocs\alışveriş\vendor\codeigniter4\framework\system\CodeIgniter.php(326): CodeIgniter\CodeIgniter->handleRequest(NULL, Object(Config\Cache), false)
#6 C:\xampp\htdocs\alışveriş\public\index.php(37): CodeIgniter\CodeIgniter->run()
#7 {main}
