CRITICAL - 2022-04-20 03:20:14 --> Undefined array key "phone_number"
#0 C:\Users\YKM Bilişim Agent 5\Desktop\alışveriş\app\Controllers\cart.php(62): CodeIgniter\Debug\Exceptions->errorHandler(2, 'Undefined array...', 'C:\\Users\\YKM Bi...', 62)
#1 C:\Users\YKM Bilişim Agent 5\Desktop\alışveriş\vendor\codeigniter4\framework\system\CodeIgniter.php(832): App\Controllers\cart->payment()
#2 C:\Users\YKM Bilişim Agent 5\Desktop\alışveriş\vendor\codeigniter4\framework\system\CodeIgniter.php(419): CodeIgniter\CodeIgniter->runController(Object(App\Controllers\cart))
#3 C:\Users\YKM Bilişim Agent 5\Desktop\alışveriş\vendor\codeigniter4\framework\system\CodeIgniter.php(326): CodeIgniter\CodeIgniter->handleRequest(NULL, Object(Config\Cache), false)
#4 C:\Users\YKM Bilişim Agent 5\Desktop\alışveriş\public\index.php(37): CodeIgniter\CodeIgniter->run()
#5 C:\Users\YKM Bilişim Agent 5\Desktop\alışveriş\vendor\codeigniter4\framework\system\Commands\Server\rewrite.php(43): require_once('C:\\Users\\YKM Bi...')
#6 {main}
CRITICAL - 2022-04-20 03:20:35 --> Undefined array key "phone_number"
#0 C:\Users\YKM Bilişim Agent 5\Desktop\alışveriş\app\Controllers\cart.php(62): CodeIgniter\Debug\Exceptions->errorHandler(2, 'Undefined array...', 'C:\\Users\\YKM Bi...', 62)
#1 C:\Users\YKM Bilişim Agent 5\Desktop\alışveriş\vendor\codeigniter4\framework\system\CodeIgniter.php(832): App\Controllers\cart->payment()
#2 C:\Users\YKM Bilişim Agent 5\Desktop\alışveriş\vendor\codeigniter4\framework\system\CodeIgniter.php(419): CodeIgniter\CodeIgniter->runController(Object(App\Controllers\cart))
#3 C:\Users\YKM Bilişim Agent 5\Desktop\alışveriş\vendor\codeigniter4\framework\system\CodeIgniter.php(326): CodeIgniter\CodeIgniter->handleRequest(NULL, Object(Config\Cache), false)
#4 C:\Users\YKM Bilişim Agent 5\Desktop\alışveriş\public\index.php(37): CodeIgniter\CodeIgniter->run()
#5 C:\Users\YKM Bilişim Agent 5\Desktop\alışveriş\vendor\codeigniter4\framework\system\Commands\Server\rewrite.php(43): require_once('C:\\Users\\YKM Bi...')
#6 {main}
CRITICAL - 2022-04-20 03:25:05 --> Undefined array key "product_name"
#0 C:\Users\YKM Bilişim Agent 5\Desktop\alışveriş\app\Controllers\cart.php(83): CodeIgniter\Debug\Exceptions->errorHandler(2, 'Undefined array...', 'C:\\Users\\YKM Bi...', 83)
#1 C:\Users\YKM Bilişim Agent 5\Desktop\alışveriş\vendor\codeigniter4\framework\system\CodeIgniter.php(832): App\Controllers\cart->payment()
#2 C:\Users\YKM Bilişim Agent 5\Desktop\alışveriş\vendor\codeigniter4\framework\system\CodeIgniter.php(419): CodeIgniter\CodeIgniter->runController(Object(App\Controllers\cart))
#3 C:\Users\YKM Bilişim Agent 5\Desktop\alışveriş\vendor\codeigniter4\framework\system\CodeIgniter.php(326): CodeIgniter\CodeIgniter->handleRequest(NULL, Object(Config\Cache), false)
#4 C:\Users\YKM Bilişim Agent 5\Desktop\alışveriş\public\index.php(37): CodeIgniter\CodeIgniter->run()
#5 C:\Users\YKM Bilişim Agent 5\Desktop\alışveriş\vendor\codeigniter4\framework\system\Commands\Server\rewrite.php(43): require_once('C:\\Users\\YKM Bi...')
#6 {main}
CRITICAL - 2022-04-20 03:25:47 --> syntax error, unexpected token "}"
#0 C:\Users\YKM Bilişim Agent 5\Desktop\alışveriş\vendor\codeigniter4\framework\system\Autoloader\Autoloader.php(241): CodeIgniter\Autoloader\Autoloader->includeFile('C:\\Users\\YKM Bi...')
#1 C:\Users\YKM Bilişim Agent 5\Desktop\alışveriş\vendor\codeigniter4\framework\system\Autoloader\Autoloader.php(219): CodeIgniter\Autoloader\Autoloader->loadInNamespace('App\\Libraries\\I...')
#2 C:\Users\YKM Bilişim Agent 5\Desktop\alışveriş\app\Controllers\cart.php(93): CodeIgniter\Autoloader\Autoloader->loadClass('App\\Libraries\\I...')
#3 C:\Users\YKM Bilişim Agent 5\Desktop\alışveriş\vendor\codeigniter4\framework\system\CodeIgniter.php(832): App\Controllers\cart->payment()
#4 C:\Users\YKM Bilişim Agent 5\Desktop\alışveriş\vendor\codeigniter4\framework\system\CodeIgniter.php(419): CodeIgniter\CodeIgniter->runController(Object(App\Controllers\cart))
#5 C:\Users\YKM Bilişim Agent 5\Desktop\alışveriş\vendor\codeigniter4\framework\system\CodeIgniter.php(326): CodeIgniter\CodeIgniter->handleRequest(NULL, Object(Config\Cache), false)
#6 C:\Users\YKM Bilişim Agent 5\Desktop\alışveriş\public\index.php(37): CodeIgniter\CodeIgniter->run()
#7 C:\Users\YKM Bilişim Agent 5\Desktop\alışveriş\vendor\codeigniter4\framework\system\Commands\Server\rewrite.php(43): require_once('C:\\Users\\YKM Bi...')
#8 {main}
CRITICAL - 2022-04-20 03:26:46 --> Undefined array key 0
#0 C:\Users\YKM Bilişim Agent 5\Desktop\alışveriş\app\Controllers\cart.php(83): CodeIgniter\Debug\Exceptions->errorHandler(2, 'Undefined array...', 'C:\\Users\\YKM Bi...', 83)
#1 C:\Users\YKM Bilişim Agent 5\Desktop\alışveriş\vendor\codeigniter4\framework\system\CodeIgniter.php(832): App\Controllers\cart->payment()
#2 C:\Users\YKM Bilişim Agent 5\Desktop\alışveriş\vendor\codeigniter4\framework\system\CodeIgniter.php(419): CodeIgniter\CodeIgniter->runController(Object(App\Controllers\cart))
#3 C:\Users\YKM Bilişim Agent 5\Desktop\alışveriş\vendor\codeigniter4\framework\system\CodeIgniter.php(326): CodeIgniter\CodeIgniter->handleRequest(NULL, Object(Config\Cache), false)
#4 C:\Users\YKM Bilişim Agent 5\Desktop\alışveriş\public\index.php(37): CodeIgniter\CodeIgniter->run()
#5 C:\Users\YKM Bilişim Agent 5\Desktop\alışveriş\vendor\codeigniter4\framework\system\Commands\Server\rewrite.php(43): require_once('C:\\Users\\YKM Bi...')
#6 {main}
CRITICAL - 2022-04-20 03:27:43 --> Undefined array key 0
#0 C:\Users\YKM Bilişim Agent 5\Desktop\alışveriş\app\Controllers\cart.php(83): CodeIgniter\Debug\Exceptions->errorHandler(2, 'Undefined array...', 'C:\\Users\\YKM Bi...', 83)
#1 C:\Users\YKM Bilişim Agent 5\Desktop\alışveriş\vendor\codeigniter4\framework\system\CodeIgniter.php(832): App\Controllers\cart->payment()
#2 C:\Users\YKM Bilişim Agent 5\Desktop\alışveriş\vendor\codeigniter4\framework\system\CodeIgniter.php(419): CodeIgniter\CodeIgniter->runController(Object(App\Controllers\cart))
#3 C:\Users\YKM Bilişim Agent 5\Desktop\alışveriş\vendor\codeigniter4\framework\system\CodeIgniter.php(326): CodeIgniter\CodeIgniter->handleRequest(NULL, Object(Config\Cache), false)
#4 C:\Users\YKM Bilişim Agent 5\Desktop\alışveriş\public\index.php(37): CodeIgniter\CodeIgniter->run()
#5 C:\Users\YKM Bilişim Agent 5\Desktop\alışveriş\vendor\codeigniter4\framework\system\Commands\Server\rewrite.php(43): require_once('C:\\Users\\YKM Bi...')
#6 {main}
CRITICAL - 2022-04-20 03:28:00 --> Undefined array key "product_category"
#0 C:\Users\YKM Bilişim Agent 5\Desktop\alışveriş\app\Controllers\cart.php(84): CodeIgniter\Debug\Exceptions->errorHandler(2, 'Undefined array...', 'C:\\Users\\YKM Bi...', 84)
#1 C:\Users\YKM Bilişim Agent 5\Desktop\alışveriş\vendor\codeigniter4\framework\system\CodeIgniter.php(832): App\Controllers\cart->payment()
#2 C:\Users\YKM Bilişim Agent 5\Desktop\alışveriş\vendor\codeigniter4\framework\system\CodeIgniter.php(419): CodeIgniter\CodeIgniter->runController(Object(App\Controllers\cart))
#3 C:\Users\YKM Bilişim Agent 5\Desktop\alışveriş\vendor\codeigniter4\framework\system\CodeIgniter.php(326): CodeIgniter\CodeIgniter->handleRequest(NULL, Object(Config\Cache), false)
#4 C:\Users\YKM Bilişim Agent 5\Desktop\alışveriş\public\index.php(37): CodeIgniter\CodeIgniter->run()
#5 C:\Users\YKM Bilişim Agent 5\Desktop\alışveriş\vendor\codeigniter4\framework\system\Commands\Server\rewrite.php(43): require_once('C:\\Users\\YKM Bi...')
#6 {main}
CRITICAL - 2022-04-20 03:28:45 --> syntax error, unexpected token "}"
#0 C:\Users\YKM Bilişim Agent 5\Desktop\alışveriş\vendor\codeigniter4\framework\system\Autoloader\Autoloader.php(241): CodeIgniter\Autoloader\Autoloader->includeFile('C:\\Users\\YKM Bi...')
#1 C:\Users\YKM Bilişim Agent 5\Desktop\alışveriş\vendor\codeigniter4\framework\system\Autoloader\Autoloader.php(219): CodeIgniter\Autoloader\Autoloader->loadInNamespace('App\\Libraries\\I...')
#2 C:\Users\YKM Bilişim Agent 5\Desktop\alışveriş\app\Controllers\cart.php(93): CodeIgniter\Autoloader\Autoloader->loadClass('App\\Libraries\\I...')
#3 C:\Users\YKM Bilişim Agent 5\Desktop\alışveriş\vendor\codeigniter4\framework\system\CodeIgniter.php(832): App\Controllers\cart->payment()
#4 C:\Users\YKM Bilişim Agent 5\Desktop\alışveriş\vendor\codeigniter4\framework\system\CodeIgniter.php(419): CodeIgniter\CodeIgniter->runController(Object(App\Controllers\cart))
#5 C:\Users\YKM Bilişim Agent 5\Desktop\alışveriş\vendor\codeigniter4\framework\system\CodeIgniter.php(326): CodeIgniter\CodeIgniter->handleRequest(NULL, Object(Config\Cache), false)
#6 C:\Users\YKM Bilişim Agent 5\Desktop\alışveriş\public\index.php(37): CodeIgniter\CodeIgniter->run()
#7 C:\Users\YKM Bilişim Agent 5\Desktop\alışveriş\vendor\codeigniter4\framework\system\Commands\Server\rewrite.php(43): require_once('C:\\Users\\YKM Bi...')
#8 {main}
CRITICAL - 2022-04-20 03:30:52 --> Undefined array key "total"
#0 C:\Users\YKM Bilişim Agent 5\Desktop\alışveriş\app\Controllers\cart.php(88): CodeIgniter\Debug\Exceptions->errorHandler(2, 'Undefined array...', 'C:\\Users\\YKM Bi...', 88)
#1 C:\Users\YKM Bilişim Agent 5\Desktop\alışveriş\vendor\codeigniter4\framework\system\CodeIgniter.php(832): App\Controllers\cart->payment()
#2 C:\Users\YKM Bilişim Agent 5\Desktop\alışveriş\vendor\codeigniter4\framework\system\CodeIgniter.php(419): CodeIgniter\CodeIgniter->runController(Object(App\Controllers\cart))
#3 C:\Users\YKM Bilişim Agent 5\Desktop\alışveriş\vendor\codeigniter4\framework\system\CodeIgniter.php(326): CodeIgniter\CodeIgniter->handleRequest(NULL, Object(Config\Cache), false)
#4 C:\Users\YKM Bilişim Agent 5\Desktop\alışveriş\public\index.php(37): CodeIgniter\CodeIgniter->run()
#5 C:\Users\YKM Bilişim Agent 5\Desktop\alışveriş\vendor\codeigniter4\framework\system\Commands\Server\rewrite.php(43): require_once('C:\\Users\\YKM Bi...')
#6 {main}
CRITICAL - 2022-04-20 03:31:22 --> Undefined array key "total"
#0 C:\Users\YKM Bilişim Agent 5\Desktop\alışveriş\app\Controllers\cart.php(88): CodeIgniter\Debug\Exceptions->errorHandler(2, 'Undefined array...', 'C:\\Users\\YKM Bi...', 88)
#1 C:\Users\YKM Bilişim Agent 5\Desktop\alışveriş\vendor\codeigniter4\framework\system\CodeIgniter.php(832): App\Controllers\cart->payment()
#2 C:\Users\YKM Bilişim Agent 5\Desktop\alışveriş\vendor\codeigniter4\framework\system\CodeIgniter.php(419): CodeIgniter\CodeIgniter->runController(Object(App\Controllers\cart))
#3 C:\Users\YKM Bilişim Agent 5\Desktop\alışveriş\vendor\codeigniter4\framework\system\CodeIgniter.php(326): CodeIgniter\CodeIgniter->handleRequest(NULL, Object(Config\Cache), false)
#4 C:\Users\YKM Bilişim Agent 5\Desktop\alışveriş\public\index.php(37): CodeIgniter\CodeIgniter->run()
#5 C:\Users\YKM Bilişim Agent 5\Desktop\alışveriş\vendor\codeigniter4\framework\system\Commands\Server\rewrite.php(43): require_once('C:\\Users\\YKM Bi...')
#6 {main}
CRITICAL - 2022-04-20 03:31:39 --> Undefined array key "total"
#0 C:\Users\YKM Bilişim Agent 5\Desktop\alışveriş\app\Controllers\cart.php(88): CodeIgniter\Debug\Exceptions->errorHandler(2, 'Undefined array...', 'C:\\Users\\YKM Bi...', 88)
#1 C:\Users\YKM Bilişim Agent 5\Desktop\alışveriş\vendor\codeigniter4\framework\system\CodeIgniter.php(832): App\Controllers\cart->payment()
#2 C:\Users\YKM Bilişim Agent 5\Desktop\alışveriş\vendor\codeigniter4\framework\system\CodeIgniter.php(419): CodeIgniter\CodeIgniter->runController(Object(App\Controllers\cart))
#3 C:\Users\YKM Bilişim Agent 5\Desktop\alışveriş\vendor\codeigniter4\framework\system\CodeIgniter.php(326): CodeIgniter\CodeIgniter->handleRequest(NULL, Object(Config\Cache), false)
#4 C:\Users\YKM Bilişim Agent 5\Desktop\alışveriş\public\index.php(37): CodeIgniter\CodeIgniter->run()
#5 C:\Users\YKM Bilişim Agent 5\Desktop\alışveriş\vendor\codeigniter4\framework\system\Commands\Server\rewrite.php(43): require_once('C:\\Users\\YKM Bi...')
#6 {main}
CRITICAL - 2022-04-20 03:31:40 --> Undefined array key "total"
#0 C:\Users\YKM Bilişim Agent 5\Desktop\alışveriş\app\Controllers\cart.php(88): CodeIgniter\Debug\Exceptions->errorHandler(2, 'Undefined array...', 'C:\\Users\\YKM Bi...', 88)
#1 C:\Users\YKM Bilişim Agent 5\Desktop\alışveriş\vendor\codeigniter4\framework\system\CodeIgniter.php(832): App\Controllers\cart->payment()
#2 C:\Users\YKM Bilişim Agent 5\Desktop\alışveriş\vendor\codeigniter4\framework\system\CodeIgniter.php(419): CodeIgniter\CodeIgniter->runController(Object(App\Controllers\cart))
#3 C:\Users\YKM Bilişim Agent 5\Desktop\alışveriş\vendor\codeigniter4\framework\system\CodeIgniter.php(326): CodeIgniter\CodeIgniter->handleRequest(NULL, Object(Config\Cache), false)
#4 C:\Users\YKM Bilişim Agent 5\Desktop\alışveriş\public\index.php(37): CodeIgniter\CodeIgniter->run()
#5 C:\Users\YKM Bilişim Agent 5\Desktop\alışveriş\vendor\codeigniter4\framework\system\Commands\Server\rewrite.php(43): require_once('C:\\Users\\YKM Bi...')
#6 {main}
CRITICAL - 2022-04-20 03:31:54 --> Undefined array key "total"
#0 C:\Users\YKM Bilişim Agent 5\Desktop\alışveriş\app\Controllers\cart.php(95): CodeIgniter\Debug\Exceptions->errorHandler(2, 'Undefined array...', 'C:\\Users\\YKM Bi...', 95)
#1 C:\Users\YKM Bilişim Agent 5\Desktop\alışveriş\vendor\codeigniter4\framework\system\CodeIgniter.php(832): App\Controllers\cart->payment()
#2 C:\Users\YKM Bilişim Agent 5\Desktop\alışveriş\vendor\codeigniter4\framework\system\CodeIgniter.php(419): CodeIgniter\CodeIgniter->runController(Object(App\Controllers\cart))
#3 C:\Users\YKM Bilişim Agent 5\Desktop\alışveriş\vendor\codeigniter4\framework\system\CodeIgniter.php(326): CodeIgniter\CodeIgniter->handleRequest(NULL, Object(Config\Cache), false)
#4 C:\Users\YKM Bilişim Agent 5\Desktop\alışveriş\public\index.php(37): CodeIgniter\CodeIgniter->run()
#5 C:\Users\YKM Bilişim Agent 5\Desktop\alışveriş\vendor\codeigniter4\framework\system\Commands\Server\rewrite.php(43): require_once('C:\\Users\\YKM Bi...')
#6 {main}
CRITICAL - 2022-04-20 03:32:10 --> Undefined array key "total"
#0 C:\Users\YKM Bilişim Agent 5\Desktop\alışveriş\app\Controllers\cart.php(94): CodeIgniter\Debug\Exceptions->errorHandler(2, 'Undefined array...', 'C:\\Users\\YKM Bi...', 94)
#1 C:\Users\YKM Bilişim Agent 5\Desktop\alışveriş\vendor\codeigniter4\framework\system\CodeIgniter.php(832): App\Controllers\cart->payment()
#2 C:\Users\YKM Bilişim Agent 5\Desktop\alışveriş\vendor\codeigniter4\framework\system\CodeIgniter.php(419): CodeIgniter\CodeIgniter->runController(Object(App\Controllers\cart))
#3 C:\Users\YKM Bilişim Agent 5\Desktop\alışveriş\vendor\codeigniter4\framework\system\CodeIgniter.php(326): CodeIgniter\CodeIgniter->handleRequest(NULL, Object(Config\Cache), false)
#4 C:\Users\YKM Bilişim Agent 5\Desktop\alışveriş\public\index.php(37): CodeIgniter\CodeIgniter->run()
#5 C:\Users\YKM Bilişim Agent 5\Desktop\alışveriş\vendor\codeigniter4\framework\system\Commands\Server\rewrite.php(43): require_once('C:\\Users\\YKM Bi...')
#6 {main}
CRITICAL - 2022-04-20 03:33:55 --> Array to string conversion
#0 C:\Users\YKM Bilişim Agent 5\Desktop\alışveriş\vendor\iyzico\iyzipay-php\src\Iyzipay\RequestStringBuilder.php(96): CodeIgniter\Debug\Exceptions->errorHandler(2, 'Array to string...', 'C:\\Users\\YKM Bi...', 96)
#1 C:\Users\YKM Bilişim Agent 5\Desktop\alışveriş\vendor\iyzico\iyzipay-php\src\Iyzipay\RequestStringBuilder.php(47): Iyzipay\RequestStringBuilder->appendKeyValue('id', Array)
#2 C:\Users\YKM Bilişim Agent 5\Desktop\alışveriş\vendor\iyzico\iyzipay-php\src\Iyzipay\Model\BasketItem.php(117): Iyzipay\RequestStringBuilder->append('id', Array)
#3 C:\Users\YKM Bilişim Agent 5\Desktop\alışveriş\vendor\iyzico\iyzipay-php\src\Iyzipay\RequestStringBuilder.php(77): Iyzipay\Model\BasketItem->toPKIRequestString()
#4 C:\Users\YKM Bilişim Agent 5\Desktop\alışveriş\vendor\iyzico\iyzipay-php\src\Iyzipay\Request\CreatePaymentRequest.php(242): Iyzipay\RequestStringBuilder->appendArray('basketItems', Array)
#5 C:\Users\YKM Bilişim Agent 5\Desktop\alışveriş\vendor\iyzico\iyzipay-php\src\Iyzipay\HashGenerator.php(9): Iyzipay\Request\CreatePaymentRequest->toPKIRequestString()
#6 C:\Users\YKM Bilişim Agent 5\Desktop\alışveriş\vendor\iyzico\iyzipay-php\src\Iyzipay\IyzipayResource.php(46): Iyzipay\HashGenerator::generateHash('sandbox-gEk3pdG...', 'sandbox-ditr7ce...', '625fc573dcc66', Object(Iyzipay\Request\CreatePaymentRequest))
#7 C:\Users\YKM Bilişim Agent 5\Desktop\alışveriş\vendor\iyzico\iyzipay-php\src\Iyzipay\IyzipayResource.php(23): Iyzipay\IyzipayResource::prepareAuthorizationString(Object(Iyzipay\Request\CreatePaymentRequest), Object(Iyzipay\Options), '625fc573dcc66')
#8 C:\Users\YKM Bilişim Agent 5\Desktop\alışveriş\vendor\iyzico\iyzipay-php\src\Iyzipay\Model\Payment.php(14): Iyzipay\IyzipayResource::getHttpHeaders(Object(Iyzipay\Request\CreatePaymentRequest), Object(Iyzipay\Options))
#9 C:\Users\YKM Bilişim Agent 5\Desktop\alışveriş\app\Libraries\Iyzico.php(77): Iyzipay\Model\Payment::create(Object(Iyzipay\Request\CreatePaymentRequest), Object(Iyzipay\Options))
#10 C:\Users\YKM Bilişim Agent 5\Desktop\alışveriş\app\Controllers\cart.php(96): App\Libraries\Iyzico->payment(Array)
#11 C:\Users\YKM Bilişim Agent 5\Desktop\alışveriş\vendor\codeigniter4\framework\system\CodeIgniter.php(832): App\Controllers\cart->payment()
#12 C:\Users\YKM Bilişim Agent 5\Desktop\alışveriş\vendor\codeigniter4\framework\system\CodeIgniter.php(419): CodeIgniter\CodeIgniter->runController(Object(App\Controllers\cart))
#13 C:\Users\YKM Bilişim Agent 5\Desktop\alışveriş\vendor\codeigniter4\framework\system\CodeIgniter.php(326): CodeIgniter\CodeIgniter->handleRequest(NULL, Object(Config\Cache), false)
#14 C:\Users\YKM Bilişim Agent 5\Desktop\alışveriş\public\index.php(37): CodeIgniter\CodeIgniter->run()
#15 C:\Users\YKM Bilişim Agent 5\Desktop\alışveriş\vendor\codeigniter4\framework\system\Commands\Server\rewrite.php(43): require_once('C:\\Users\\YKM Bi...')
#16 {main}
CRITICAL - 2022-04-20 03:34:11 --> Array to string conversion
#0 C:\Users\YKM Bilişim Agent 5\Desktop\alışveriş\vendor\iyzico\iyzipay-php\src\Iyzipay\RequestStringBuilder.php(96): CodeIgniter\Debug\Exceptions->errorHandler(2, 'Array to string...', 'C:\\Users\\YKM Bi...', 96)
#1 C:\Users\YKM Bilişim Agent 5\Desktop\alışveriş\vendor\iyzico\iyzipay-php\src\Iyzipay\RequestStringBuilder.php(47): Iyzipay\RequestStringBuilder->appendKeyValue('id', Array)
#2 C:\Users\YKM Bilişim Agent 5\Desktop\alışveriş\vendor\iyzico\iyzipay-php\src\Iyzipay\Model\BasketItem.php(117): Iyzipay\RequestStringBuilder->append('id', Array)
#3 C:\Users\YKM Bilişim Agent 5\Desktop\alışveriş\vendor\iyzico\iyzipay-php\src\Iyzipay\RequestStringBuilder.php(77): Iyzipay\Model\BasketItem->toPKIRequestString()
#4 C:\Users\YKM Bilişim Agent 5\Desktop\alışveriş\vendor\iyzico\iyzipay-php\src\Iyzipay\Request\CreatePaymentRequest.php(242): Iyzipay\RequestStringBuilder->appendArray('basketItems', Array)
#5 C:\Users\YKM Bilişim Agent 5\Desktop\alışveriş\vendor\iyzico\iyzipay-php\src\Iyzipay\HashGenerator.php(9): Iyzipay\Request\CreatePaymentRequest->toPKIRequestString()
#6 C:\Users\YKM Bilişim Agent 5\Desktop\alışveriş\vendor\iyzico\iyzipay-php\src\Iyzipay\IyzipayResource.php(46): Iyzipay\HashGenerator::generateHash('sandbox-gEk3pdG...', 'sandbox-ditr7ce...', '625fc583848dc', Object(Iyzipay\Request\CreatePaymentRequest))
#7 C:\Users\YKM Bilişim Agent 5\Desktop\alışveriş\vendor\iyzico\iyzipay-php\src\Iyzipay\IyzipayResource.php(23): Iyzipay\IyzipayResource::prepareAuthorizationString(Object(Iyzipay\Request\CreatePaymentRequest), Object(Iyzipay\Options), '625fc583848dc')
#8 C:\Users\YKM Bilişim Agent 5\Desktop\alışveriş\vendor\iyzico\iyzipay-php\src\Iyzipay\Model\Payment.php(14): Iyzipay\IyzipayResource::getHttpHeaders(Object(Iyzipay\Request\CreatePaymentRequest), Object(Iyzipay\Options))
#9 C:\Users\YKM Bilişim Agent 5\Desktop\alışveriş\app\Libraries\Iyzico.php(77): Iyzipay\Model\Payment::create(Object(Iyzipay\Request\CreatePaymentRequest), Object(Iyzipay\Options))
#10 C:\Users\YKM Bilişim Agent 5\Desktop\alışveriş\app\Controllers\cart.php(96): App\Libraries\Iyzico->payment(Array)
#11 C:\Users\YKM Bilişim Agent 5\Desktop\alışveriş\vendor\codeigniter4\framework\system\CodeIgniter.php(832): App\Controllers\cart->payment()
#12 C:\Users\YKM Bilişim Agent 5\Desktop\alışveriş\vendor\codeigniter4\framework\system\CodeIgniter.php(419): CodeIgniter\CodeIgniter->runController(Object(App\Controllers\cart))
#13 C:\Users\YKM Bilişim Agent 5\Desktop\alışveriş\vendor\codeigniter4\framework\system\CodeIgniter.php(326): CodeIgniter\CodeIgniter->handleRequest(NULL, Object(Config\Cache), false)
#14 C:\Users\YKM Bilişim Agent 5\Desktop\alışveriş\public\index.php(37): CodeIgniter\CodeIgniter->run()
#15 C:\Users\YKM Bilişim Agent 5\Desktop\alışveriş\vendor\codeigniter4\framework\system\Commands\Server\rewrite.php(43): require_once('C:\\Users\\YKM Bi...')
#16 {main}
CRITICAL - 2022-04-20 03:34:47 --> Array to string conversion
#0 C:\Users\YKM Bilişim Agent 5\Desktop\alışveriş\vendor\iyzico\iyzipay-php\src\Iyzipay\RequestStringBuilder.php(96): CodeIgniter\Debug\Exceptions->errorHandler(2, 'Array to string...', 'C:\\Users\\YKM Bi...', 96)
#1 C:\Users\YKM Bilişim Agent 5\Desktop\alışveriş\vendor\iyzico\iyzipay-php\src\Iyzipay\RequestStringBuilder.php(47): Iyzipay\RequestStringBuilder->appendKeyValue('id', Array)
#2 C:\Users\YKM Bilişim Agent 5\Desktop\alışveriş\vendor\iyzico\iyzipay-php\src\Iyzipay\Model\BasketItem.php(117): Iyzipay\RequestStringBuilder->append('id', Array)
#3 C:\Users\YKM Bilişim Agent 5\Desktop\alışveriş\vendor\iyzico\iyzipay-php\src\Iyzipay\RequestStringBuilder.php(77): Iyzipay\Model\BasketItem->toPKIRequestString()
#4 C:\Users\YKM Bilişim Agent 5\Desktop\alışveriş\vendor\iyzico\iyzipay-php\src\Iyzipay\Request\CreatePaymentRequest.php(242): Iyzipay\RequestStringBuilder->appendArray('basketItems', Array)
#5 C:\Users\YKM Bilişim Agent 5\Desktop\alışveriş\vendor\iyzico\iyzipay-php\src\Iyzipay\HashGenerator.php(9): Iyzipay\Request\CreatePaymentRequest->toPKIRequestString()
#6 C:\Users\YKM Bilişim Agent 5\Desktop\alışveriş\vendor\iyzico\iyzipay-php\src\Iyzipay\IyzipayResource.php(46): Iyzipay\HashGenerator::generateHash('sandbox-gEk3pdG...', 'sandbox-ditr7ce...', '625fc5a70a248', Object(Iyzipay\Request\CreatePaymentRequest))
#7 C:\Users\YKM Bilişim Agent 5\Desktop\alışveriş\vendor\iyzico\iyzipay-php\src\Iyzipay\IyzipayResource.php(23): Iyzipay\IyzipayResource::prepareAuthorizationString(Object(Iyzipay\Request\CreatePaymentRequest), Object(Iyzipay\Options), '625fc5a70a248')
#8 C:\Users\YKM Bilişim Agent 5\Desktop\alışveriş\vendor\iyzico\iyzipay-php\src\Iyzipay\Model\Payment.php(14): Iyzipay\IyzipayResource::getHttpHeaders(Object(Iyzipay\Request\CreatePaymentRequest), Object(Iyzipay\Options))
#9 C:\Users\YKM Bilişim Agent 5\Desktop\alışveriş\app\Libraries\Iyzico.php(77): Iyzipay\Model\Payment::create(Object(Iyzipay\Request\CreatePaymentRequest), Object(Iyzipay\Options))
#10 C:\Users\YKM Bilişim Agent 5\Desktop\alışveriş\app\Controllers\cart.php(96): App\Libraries\Iyzico->payment(Array)
#11 C:\Users\YKM Bilişim Agent 5\Desktop\alışveriş\vendor\codeigniter4\framework\system\CodeIgniter.php(832): App\Controllers\cart->payment()
#12 C:\Users\YKM Bilişim Agent 5\Desktop\alışveriş\vendor\codeigniter4\framework\system\CodeIgniter.php(419): CodeIgniter\CodeIgniter->runController(Object(App\Controllers\cart))
#13 C:\Users\YKM Bilişim Agent 5\Desktop\alışveriş\vendor\codeigniter4\framework\system\CodeIgniter.php(326): CodeIgniter\CodeIgniter->handleRequest(NULL, Object(Config\Cache), false)
#14 C:\Users\YKM Bilişim Agent 5\Desktop\alışveriş\public\index.php(37): CodeIgniter\CodeIgniter->run()
#15 C:\Users\YKM Bilişim Agent 5\Desktop\alışveriş\vendor\codeigniter4\framework\system\Commands\Server\rewrite.php(43): require_once('C:\\Users\\YKM Bi...')
#16 {main}
CRITICAL - 2022-04-20 03:37:42 --> Array to string conversion
#0 C:\Users\YKM Bilişim Agent 5\Desktop\alışveriş\vendor\iyzico\iyzipay-php\src\Iyzipay\RequestStringBuilder.php(96): CodeIgniter\Debug\Exceptions->errorHandler(2, 'Array to string...', 'C:\\Users\\YKM Bi...', 96)
#1 C:\Users\YKM Bilişim Agent 5\Desktop\alışveriş\vendor\iyzico\iyzipay-php\src\Iyzipay\RequestStringBuilder.php(47): Iyzipay\RequestStringBuilder->appendKeyValue('id', Array)
#2 C:\Users\YKM Bilişim Agent 5\Desktop\alışveriş\vendor\iyzico\iyzipay-php\src\Iyzipay\Model\BasketItem.php(117): Iyzipay\RequestStringBuilder->append('id', Array)
#3 C:\Users\YKM Bilişim Agent 5\Desktop\alışveriş\vendor\iyzico\iyzipay-php\src\Iyzipay\RequestStringBuilder.php(77): Iyzipay\Model\BasketItem->toPKIRequestString()
#4 C:\Users\YKM Bilişim Agent 5\Desktop\alışveriş\vendor\iyzico\iyzipay-php\src\Iyzipay\Request\CreatePaymentRequest.php(242): Iyzipay\RequestStringBuilder->appendArray('basketItems', Array)
#5 C:\Users\YKM Bilişim Agent 5\Desktop\alışveriş\vendor\iyzico\iyzipay-php\src\Iyzipay\HashGenerator.php(9): Iyzipay\Request\CreatePaymentRequest->toPKIRequestString()
#6 C:\Users\YKM Bilişim Agent 5\Desktop\alışveriş\vendor\iyzico\iyzipay-php\src\Iyzipay\IyzipayResource.php(46): Iyzipay\HashGenerator::generateHash('sandbox-gEk3pdG...', 'sandbox-ditr7ce...', '625fc656cfebb', Object(Iyzipay\Request\CreatePaymentRequest))
#7 C:\Users\YKM Bilişim Agent 5\Desktop\alışveriş\vendor\iyzico\iyzipay-php\src\Iyzipay\IyzipayResource.php(23): Iyzipay\IyzipayResource::prepareAuthorizationString(Object(Iyzipay\Request\CreatePaymentRequest), Object(Iyzipay\Options), '625fc656cfebb')
#8 C:\Users\YKM Bilişim Agent 5\Desktop\alışveriş\vendor\iyzico\iyzipay-php\src\Iyzipay\Model\Payment.php(14): Iyzipay\IyzipayResource::getHttpHeaders(Object(Iyzipay\Request\CreatePaymentRequest), Object(Iyzipay\Options))
#9 C:\Users\YKM Bilişim Agent 5\Desktop\alışveriş\app\Libraries\Iyzico.php(77): Iyzipay\Model\Payment::create(Object(Iyzipay\Request\CreatePaymentRequest), Object(Iyzipay\Options))
#10 C:\Users\YKM Bilişim Agent 5\Desktop\alışveriş\app\Controllers\cart.php(96): App\Libraries\Iyzico->payment(Array)
#11 C:\Users\YKM Bilişim Agent 5\Desktop\alışveriş\vendor\codeigniter4\framework\system\CodeIgniter.php(832): App\Controllers\cart->payment()
#12 C:\Users\YKM Bilişim Agent 5\Desktop\alışveriş\vendor\codeigniter4\framework\system\CodeIgniter.php(419): CodeIgniter\CodeIgniter->runController(Object(App\Controllers\cart))
#13 C:\Users\YKM Bilişim Agent 5\Desktop\alışveriş\vendor\codeigniter4\framework\system\CodeIgniter.php(326): CodeIgniter\CodeIgniter->handleRequest(NULL, Object(Config\Cache), false)
#14 C:\Users\YKM Bilişim Agent 5\Desktop\alışveriş\public\index.php(37): CodeIgniter\CodeIgniter->run()
#15 C:\Users\YKM Bilişim Agent 5\Desktop\alışveriş\vendor\codeigniter4\framework\system\Commands\Server\rewrite.php(43): require_once('C:\\Users\\YKM Bi...')
#16 {main}
CRITICAL - 2022-04-20 03:40:21 --> Array to string conversion
#0 C:\Users\YKM Bilişim Agent 5\Desktop\alışveriş\vendor\iyzico\iyzipay-php\src\Iyzipay\RequestStringBuilder.php(96): CodeIgniter\Debug\Exceptions->errorHandler(2, 'Array to string...', 'C:\\Users\\YKM Bi...', 96)
#1 C:\Users\YKM Bilişim Agent 5\Desktop\alışveriş\vendor\iyzico\iyzipay-php\src\Iyzipay\RequestStringBuilder.php(47): Iyzipay\RequestStringBuilder->appendKeyValue('id', Array)
#2 C:\Users\YKM Bilişim Agent 5\Desktop\alışveriş\vendor\iyzico\iyzipay-php\src\Iyzipay\Model\BasketItem.php(117): Iyzipay\RequestStringBuilder->append('id', Array)
#3 C:\Users\YKM Bilişim Agent 5\Desktop\alışveriş\vendor\iyzico\iyzipay-php\src\Iyzipay\RequestStringBuilder.php(77): Iyzipay\Model\BasketItem->toPKIRequestString()
#4 C:\Users\YKM Bilişim Agent 5\Desktop\alışveriş\vendor\iyzico\iyzipay-php\src\Iyzipay\Request\CreatePaymentRequest.php(242): Iyzipay\RequestStringBuilder->appendArray('basketItems', Array)
#5 C:\Users\YKM Bilişim Agent 5\Desktop\alışveriş\vendor\iyzico\iyzipay-php\src\Iyzipay\HashGenerator.php(9): Iyzipay\Request\CreatePaymentRequest->toPKIRequestString()
#6 C:\Users\YKM Bilişim Agent 5\Desktop\alışveriş\vendor\iyzico\iyzipay-php\src\Iyzipay\IyzipayResource.php(46): Iyzipay\HashGenerator::generateHash('sandbox-gEk3pdG...', 'sandbox-ditr7ce...', '625fc6f520c38', Object(Iyzipay\Request\CreatePaymentRequest))
#7 C:\Users\YKM Bilişim Agent 5\Desktop\alışveriş\vendor\iyzico\iyzipay-php\src\Iyzipay\IyzipayResource.php(23): Iyzipay\IyzipayResource::prepareAuthorizationString(Object(Iyzipay\Request\CreatePaymentRequest), Object(Iyzipay\Options), '625fc6f520c38')
#8 C:\Users\YKM Bilişim Agent 5\Desktop\alışveriş\vendor\iyzico\iyzipay-php\src\Iyzipay\Model\Payment.php(14): Iyzipay\IyzipayResource::getHttpHeaders(Object(Iyzipay\Request\CreatePaymentRequest), Object(Iyzipay\Options))
#9 C:\Users\YKM Bilişim Agent 5\Desktop\alışveriş\app\Libraries\Iyzico.php(77): Iyzipay\Model\Payment::create(Object(Iyzipay\Request\CreatePaymentRequest), Object(Iyzipay\Options))
#10 C:\Users\YKM Bilişim Agent 5\Desktop\alışveriş\app\Controllers\cart.php(96): App\Libraries\Iyzico->payment(Array)
#11 C:\Users\YKM Bilişim Agent 5\Desktop\alışveriş\vendor\codeigniter4\framework\system\CodeIgniter.php(832): App\Controllers\cart->payment()
#12 C:\Users\YKM Bilişim Agent 5\Desktop\alışveriş\vendor\codeigniter4\framework\system\CodeIgniter.php(419): CodeIgniter\CodeIgniter->runController(Object(App\Controllers\cart))
#13 C:\Users\YKM Bilişim Agent 5\Desktop\alışveriş\vendor\codeigniter4\framework\system\CodeIgniter.php(326): CodeIgniter\CodeIgniter->handleRequest(NULL, Object(Config\Cache), false)
#14 C:\Users\YKM Bilişim Agent 5\Desktop\alışveriş\public\index.php(37): CodeIgniter\CodeIgniter->run()
#15 C:\Users\YKM Bilişim Agent 5\Desktop\alışveriş\vendor\codeigniter4\framework\system\Commands\Server\rewrite.php(43): require_once('C:\\Users\\YKM Bi...')
#16 {main}
CRITICAL - 2022-04-20 03:40:26 --> Array to string conversion
#0 C:\Users\YKM Bilişim Agent 5\Desktop\alışveriş\vendor\iyzico\iyzipay-php\src\Iyzipay\RequestStringBuilder.php(96): CodeIgniter\Debug\Exceptions->errorHandler(2, 'Array to string...', 'C:\\Users\\YKM Bi...', 96)
#1 C:\Users\YKM Bilişim Agent 5\Desktop\alışveriş\vendor\iyzico\iyzipay-php\src\Iyzipay\RequestStringBuilder.php(47): Iyzipay\RequestStringBuilder->appendKeyValue('id', Array)
#2 C:\Users\YKM Bilişim Agent 5\Desktop\alışveriş\vendor\iyzico\iyzipay-php\src\Iyzipay\Model\BasketItem.php(117): Iyzipay\RequestStringBuilder->append('id', Array)
#3 C:\Users\YKM Bilişim Agent 5\Desktop\alışveriş\vendor\iyzico\iyzipay-php\src\Iyzipay\RequestStringBuilder.php(77): Iyzipay\Model\BasketItem->toPKIRequestString()
#4 C:\Users\YKM Bilişim Agent 5\Desktop\alışveriş\vendor\iyzico\iyzipay-php\src\Iyzipay\Request\CreatePaymentRequest.php(242): Iyzipay\RequestStringBuilder->appendArray('basketItems', Array)
#5 C:\Users\YKM Bilişim Agent 5\Desktop\alışveriş\vendor\iyzico\iyzipay-php\src\Iyzipay\HashGenerator.php(9): Iyzipay\Request\CreatePaymentRequest->toPKIRequestString()
#6 C:\Users\YKM Bilişim Agent 5\Desktop\alışveriş\vendor\iyzico\iyzipay-php\src\Iyzipay\IyzipayResource.php(46): Iyzipay\HashGenerator::generateHash('sandbox-gEk3pdG...', 'sandbox-ditr7ce...', '625fc6fa5c94f', Object(Iyzipay\Request\CreatePaymentRequest))
#7 C:\Users\YKM Bilişim Agent 5\Desktop\alışveriş\vendor\iyzico\iyzipay-php\src\Iyzipay\IyzipayResource.php(23): Iyzipay\IyzipayResource::prepareAuthorizationString(Object(Iyzipay\Request\CreatePaymentRequest), Object(Iyzipay\Options), '625fc6fa5c94f')
#8 C:\Users\YKM Bilişim Agent 5\Desktop\alışveriş\vendor\iyzico\iyzipay-php\src\Iyzipay\Model\Payment.php(14): Iyzipay\IyzipayResource::getHttpHeaders(Object(Iyzipay\Request\CreatePaymentRequest), Object(Iyzipay\Options))
#9 C:\Users\YKM Bilişim Agent 5\Desktop\alışveriş\app\Libraries\Iyzico.php(77): Iyzipay\Model\Payment::create(Object(Iyzipay\Request\CreatePaymentRequest), Object(Iyzipay\Options))
#10 C:\Users\YKM Bilişim Agent 5\Desktop\alışveriş\app\Controllers\cart.php(96): App\Libraries\Iyzico->payment(Array)
#11 C:\Users\YKM Bilişim Agent 5\Desktop\alışveriş\vendor\codeigniter4\framework\system\CodeIgniter.php(832): App\Controllers\cart->payment()
#12 C:\Users\YKM Bilişim Agent 5\Desktop\alışveriş\vendor\codeigniter4\framework\system\CodeIgniter.php(419): CodeIgniter\CodeIgniter->runController(Object(App\Controllers\cart))
#13 C:\Users\YKM Bilişim Agent 5\Desktop\alışveriş\vendor\codeigniter4\framework\system\CodeIgniter.php(326): CodeIgniter\CodeIgniter->handleRequest(NULL, Object(Config\Cache), false)
#14 C:\Users\YKM Bilişim Agent 5\Desktop\alışveriş\public\index.php(37): CodeIgniter\CodeIgniter->run()
#15 C:\Users\YKM Bilişim Agent 5\Desktop\alışveriş\vendor\codeigniter4\framework\system\Commands\Server\rewrite.php(43): require_once('C:\\Users\\YKM Bi...')
#16 {main}
CRITICAL - 2022-04-20 05:14:11 --> Undefined array key "ID"
#0 C:\Users\YKM Bilişim Agent 5\Desktop\alışveriş\app\Controllers\cart.php(46): CodeIgniter\Debug\Exceptions->errorHandler(2, 'Undefined array...', 'C:\\Users\\YKM Bi...', 46)
#1 C:\Users\YKM Bilişim Agent 5\Desktop\alışveriş\vendor\codeigniter4\framework\system\CodeIgniter.php(832): App\Controllers\cart->payment()
#2 C:\Users\YKM Bilişim Agent 5\Desktop\alışveriş\vendor\codeigniter4\framework\system\CodeIgniter.php(419): CodeIgniter\CodeIgniter->runController(Object(App\Controllers\cart))
#3 C:\Users\YKM Bilişim Agent 5\Desktop\alışveriş\vendor\codeigniter4\framework\system\CodeIgniter.php(326): CodeIgniter\CodeIgniter->handleRequest(NULL, Object(Config\Cache), false)
#4 C:\Users\YKM Bilişim Agent 5\Desktop\alışveriş\public\index.php(37): CodeIgniter\CodeIgniter->run()
#5 C:\Users\YKM Bilişim Agent 5\Desktop\alışveriş\vendor\codeigniter4\framework\system\Commands\Server\rewrite.php(43): require_once('C:\\Users\\YKM Bi...')
#6 {main}
CRITICAL - 2022-04-20 05:14:26 --> Object of class CodeIgniter\Database\MySQLi\Result could not be converted to string
#0 C:\Users\YKM Bilişim Agent 5\Desktop\alışveriş\vendor\iyzico\iyzipay-php\src\Iyzipay\RequestStringBuilder.php(47): Iyzipay\RequestStringBuilder->appendKeyValue('category1', Object(CodeIgniter\Database\MySQLi\Result))
#1 C:\Users\YKM Bilişim Agent 5\Desktop\alışveriş\vendor\iyzico\iyzipay-php\src\Iyzipay\Model\BasketItem.php(120): Iyzipay\RequestStringBuilder->append('category1', Object(CodeIgniter\Database\MySQLi\Result))
#2 C:\Users\YKM Bilişim Agent 5\Desktop\alışveriş\vendor\iyzico\iyzipay-php\src\Iyzipay\RequestStringBuilder.php(77): Iyzipay\Model\BasketItem->toPKIRequestString()
#3 C:\Users\YKM Bilişim Agent 5\Desktop\alışveriş\vendor\iyzico\iyzipay-php\src\Iyzipay\Request\CreatePaymentRequest.php(242): Iyzipay\RequestStringBuilder->appendArray('basketItems', Array)
#4 C:\Users\YKM Bilişim Agent 5\Desktop\alışveriş\vendor\iyzico\iyzipay-php\src\Iyzipay\HashGenerator.php(9): Iyzipay\Request\CreatePaymentRequest->toPKIRequestString()
#5 C:\Users\YKM Bilişim Agent 5\Desktop\alışveriş\vendor\iyzico\iyzipay-php\src\Iyzipay\IyzipayResource.php(46): Iyzipay\HashGenerator::generateHash('sandbox-gEk3pdG...', 'sandbox-ditr7ce...', '625fdd02c5782', Object(Iyzipay\Request\CreatePaymentRequest))
#6 C:\Users\YKM Bilişim Agent 5\Desktop\alışveriş\vendor\iyzico\iyzipay-php\src\Iyzipay\IyzipayResource.php(23): Iyzipay\IyzipayResource::prepareAuthorizationString(Object(Iyzipay\Request\CreatePaymentRequest), Object(Iyzipay\Options), '625fdd02c5782')
#7 C:\Users\YKM Bilişim Agent 5\Desktop\alışveriş\vendor\iyzico\iyzipay-php\src\Iyzipay\Model\Payment.php(14): Iyzipay\IyzipayResource::getHttpHeaders(Object(Iyzipay\Request\CreatePaymentRequest), Object(Iyzipay\Options))
#8 C:\Users\YKM Bilişim Agent 5\Desktop\alışveriş\app\Libraries\Iyzico.php(77): Iyzipay\Model\Payment::create(Object(Iyzipay\Request\CreatePaymentRequest), Object(Iyzipay\Options))
#9 C:\Users\YKM Bilişim Agent 5\Desktop\alışveriş\app\Controllers\cart.php(96): App\Libraries\Iyzico->payment(Array)
#10 C:\Users\YKM Bilişim Agent 5\Desktop\alışveriş\vendor\codeigniter4\framework\system\CodeIgniter.php(832): App\Controllers\cart->payment()
#11 C:\Users\YKM Bilişim Agent 5\Desktop\alışveriş\vendor\codeigniter4\framework\system\CodeIgniter.php(419): CodeIgniter\CodeIgniter->runController(Object(App\Controllers\cart))
#12 C:\Users\YKM Bilişim Agent 5\Desktop\alışveriş\vendor\codeigniter4\framework\system\CodeIgniter.php(326): CodeIgniter\CodeIgniter->handleRequest(NULL, Object(Config\Cache), false)
#13 C:\Users\YKM Bilişim Agent 5\Desktop\alışveriş\public\index.php(37): CodeIgniter\CodeIgniter->run()
#14 C:\Users\YKM Bilişim Agent 5\Desktop\alışveriş\vendor\codeigniter4\framework\system\Commands\Server\rewrite.php(43): require_once('C:\\Users\\YKM Bi...')
#15 {main}
CRITICAL - 2022-04-20 05:14:39 --> Object of class CodeIgniter\Database\MySQLi\Result could not be converted to string
#0 C:\Users\YKM Bilişim Agent 5\Desktop\alışveriş\vendor\iyzico\iyzipay-php\src\Iyzipay\RequestStringBuilder.php(47): Iyzipay\RequestStringBuilder->appendKeyValue('category1', Object(CodeIgniter\Database\MySQLi\Result))
#1 C:\Users\YKM Bilişim Agent 5\Desktop\alışveriş\vendor\iyzico\iyzipay-php\src\Iyzipay\Model\BasketItem.php(120): Iyzipay\RequestStringBuilder->append('category1', Object(CodeIgniter\Database\MySQLi\Result))
#2 C:\Users\YKM Bilişim Agent 5\Desktop\alışveriş\vendor\iyzico\iyzipay-php\src\Iyzipay\RequestStringBuilder.php(77): Iyzipay\Model\BasketItem->toPKIRequestString()
#3 C:\Users\YKM Bilişim Agent 5\Desktop\alışveriş\vendor\iyzico\iyzipay-php\src\Iyzipay\Request\CreatePaymentRequest.php(242): Iyzipay\RequestStringBuilder->appendArray('basketItems', Array)
#4 C:\Users\YKM Bilişim Agent 5\Desktop\alışveriş\vendor\iyzico\iyzipay-php\src\Iyzipay\HashGenerator.php(9): Iyzipay\Request\CreatePaymentRequest->toPKIRequestString()
#5 C:\Users\YKM Bilişim Agent 5\Desktop\alışveriş\vendor\iyzico\iyzipay-php\src\Iyzipay\IyzipayResource.php(46): Iyzipay\HashGenerator::generateHash('sandbox-gEk3pdG...', 'sandbox-ditr7ce...', '625fdd0f81c02', Object(Iyzipay\Request\CreatePaymentRequest))
#6 C:\Users\YKM Bilişim Agent 5\Desktop\alışveriş\vendor\iyzico\iyzipay-php\src\Iyzipay\IyzipayResource.php(23): Iyzipay\IyzipayResource::prepareAuthorizationString(Object(Iyzipay\Request\CreatePaymentRequest), Object(Iyzipay\Options), '625fdd0f81c02')
#7 C:\Users\YKM Bilişim Agent 5\Desktop\alışveriş\vendor\iyzico\iyzipay-php\src\Iyzipay\Model\Payment.php(14): Iyzipay\IyzipayResource::getHttpHeaders(Object(Iyzipay\Request\CreatePaymentRequest), Object(Iyzipay\Options))
#8 C:\Users\YKM Bilişim Agent 5\Desktop\alışveriş\app\Libraries\Iyzico.php(77): Iyzipay\Model\Payment::create(Object(Iyzipay\Request\CreatePaymentRequest), Object(Iyzipay\Options))
#9 C:\Users\YKM Bilişim Agent 5\Desktop\alışveriş\app\Controllers\cart.php(96): App\Libraries\Iyzico->payment(Array)
#10 C:\Users\YKM Bilişim Agent 5\Desktop\alışveriş\vendor\codeigniter4\framework\system\CodeIgniter.php(832): App\Controllers\cart->payment()
#11 C:\Users\YKM Bilişim Agent 5\Desktop\alışveriş\vendor\codeigniter4\framework\system\CodeIgniter.php(419): CodeIgniter\CodeIgniter->runController(Object(App\Controllers\cart))
#12 C:\Users\YKM Bilişim Agent 5\Desktop\alışveriş\vendor\codeigniter4\framework\system\CodeIgniter.php(326): CodeIgniter\CodeIgniter->handleRequest(NULL, Object(Config\Cache), false)
#13 C:\Users\YKM Bilişim Agent 5\Desktop\alışveriş\public\index.php(37): CodeIgniter\CodeIgniter->run()
#14 C:\Users\YKM Bilişim Agent 5\Desktop\alışveriş\vendor\codeigniter4\framework\system\Commands\Server\rewrite.php(43): require_once('C:\\Users\\YKM Bi...')
#15 {main}
CRITICAL - 2022-04-20 05:15:19 --> Object of class CodeIgniter\Database\MySQLi\Result could not be converted to string
#0 C:\Users\YKM Bilişim Agent 5\Desktop\alışveriş\vendor\iyzico\iyzipay-php\src\Iyzipay\RequestStringBuilder.php(47): Iyzipay\RequestStringBuilder->appendKeyValue('category1', Object(CodeIgniter\Database\MySQLi\Result))
#1 C:\Users\YKM Bilişim Agent 5\Desktop\alışveriş\vendor\iyzico\iyzipay-php\src\Iyzipay\Model\BasketItem.php(120): Iyzipay\RequestStringBuilder->append('category1', Object(CodeIgniter\Database\MySQLi\Result))
#2 C:\Users\YKM Bilişim Agent 5\Desktop\alışveriş\vendor\iyzico\iyzipay-php\src\Iyzipay\RequestStringBuilder.php(77): Iyzipay\Model\BasketItem->toPKIRequestString()
#3 C:\Users\YKM Bilişim Agent 5\Desktop\alışveriş\vendor\iyzico\iyzipay-php\src\Iyzipay\Request\CreatePaymentRequest.php(242): Iyzipay\RequestStringBuilder->appendArray('basketItems', Array)
#4 C:\Users\YKM Bilişim Agent 5\Desktop\alışveriş\vendor\iyzico\iyzipay-php\src\Iyzipay\HashGenerator.php(9): Iyzipay\Request\CreatePaymentRequest->toPKIRequestString()
#5 C:\Users\YKM Bilişim Agent 5\Desktop\alışveriş\vendor\iyzico\iyzipay-php\src\Iyzipay\IyzipayResource.php(46): Iyzipay\HashGenerator::generateHash('sandbox-gEk3pdG...', 'sandbox-ditr7ce...', '625fdd37c8e14', Object(Iyzipay\Request\CreatePaymentRequest))
#6 C:\Users\YKM Bilişim Agent 5\Desktop\alışveriş\vendor\iyzico\iyzipay-php\src\Iyzipay\IyzipayResource.php(23): Iyzipay\IyzipayResource::prepareAuthorizationString(Object(Iyzipay\Request\CreatePaymentRequest), Object(Iyzipay\Options), '625fdd37c8e14')
#7 C:\Users\YKM Bilişim Agent 5\Desktop\alışveriş\vendor\iyzico\iyzipay-php\src\Iyzipay\Model\Payment.php(14): Iyzipay\IyzipayResource::getHttpHeaders(Object(Iyzipay\Request\CreatePaymentRequest), Object(Iyzipay\Options))
#8 C:\Users\YKM Bilişim Agent 5\Desktop\alışveriş\app\Libraries\Iyzico.php(77): Iyzipay\Model\Payment::create(Object(Iyzipay\Request\CreatePaymentRequest), Object(Iyzipay\Options))
#9 C:\Users\YKM Bilişim Agent 5\Desktop\alışveriş\app\Controllers\cart.php(96): App\Libraries\Iyzico->payment(Array)
#10 C:\Users\YKM Bilişim Agent 5\Desktop\alışveriş\vendor\codeigniter4\framework\system\CodeIgniter.php(832): App\Controllers\cart->payment()
#11 C:\Users\YKM Bilişim Agent 5\Desktop\alışveriş\vendor\codeigniter4\framework\system\CodeIgniter.php(419): CodeIgniter\CodeIgniter->runController(Object(App\Controllers\cart))
#12 C:\Users\YKM Bilişim Agent 5\Desktop\alışveriş\vendor\codeigniter4\framework\system\CodeIgniter.php(326): CodeIgniter\CodeIgniter->handleRequest(NULL, Object(Config\Cache), false)
#13 C:\Users\YKM Bilişim Agent 5\Desktop\alışveriş\public\index.php(37): CodeIgniter\CodeIgniter->run()
#14 C:\Users\YKM Bilişim Agent 5\Desktop\alışveriş\vendor\codeigniter4\framework\system\Commands\Server\rewrite.php(43): require_once('C:\\Users\\YKM Bi...')
#15 {main}
CRITICAL - 2022-04-20 05:15:46 --> Object of class CodeIgniter\Database\MySQLi\Result could not be converted to string
#0 C:\Users\YKM Bilişim Agent 5\Desktop\alışveriş\vendor\iyzico\iyzipay-php\src\Iyzipay\RequestStringBuilder.php(47): Iyzipay\RequestStringBuilder->appendKeyValue('category1', Object(CodeIgniter\Database\MySQLi\Result))
#1 C:\Users\YKM Bilişim Agent 5\Desktop\alışveriş\vendor\iyzico\iyzipay-php\src\Iyzipay\Model\BasketItem.php(120): Iyzipay\RequestStringBuilder->append('category1', Object(CodeIgniter\Database\MySQLi\Result))
#2 C:\Users\YKM Bilişim Agent 5\Desktop\alışveriş\vendor\iyzico\iyzipay-php\src\Iyzipay\RequestStringBuilder.php(77): Iyzipay\Model\BasketItem->toPKIRequestString()
#3 C:\Users\YKM Bilişim Agent 5\Desktop\alışveriş\vendor\iyzico\iyzipay-php\src\Iyzipay\Request\CreatePaymentRequest.php(242): Iyzipay\RequestStringBuilder->appendArray('basketItems', Array)
#4 C:\Users\YKM Bilişim Agent 5\Desktop\alışveriş\vendor\iyzico\iyzipay-php\src\Iyzipay\HashGenerator.php(9): Iyzipay\Request\CreatePaymentRequest->toPKIRequestString()
#5 C:\Users\YKM Bilişim Agent 5\Desktop\alışveriş\vendor\iyzico\iyzipay-php\src\Iyzipay\IyzipayResource.php(46): Iyzipay\HashGenerator::generateHash('sandbox-gEk3pdG...', 'sandbox-ditr7ce...', '625fdd52050bd', Object(Iyzipay\Request\CreatePaymentRequest))
#6 C:\Users\YKM Bilişim Agent 5\Desktop\alışveriş\vendor\iyzico\iyzipay-php\src\Iyzipay\IyzipayResource.php(23): Iyzipay\IyzipayResource::prepareAuthorizationString(Object(Iyzipay\Request\CreatePaymentRequest), Object(Iyzipay\Options), '625fdd52050bd')
#7 C:\Users\YKM Bilişim Agent 5\Desktop\alışveriş\vendor\iyzico\iyzipay-php\src\Iyzipay\Model\Payment.php(14): Iyzipay\IyzipayResource::getHttpHeaders(Object(Iyzipay\Request\CreatePaymentRequest), Object(Iyzipay\Options))
#8 C:\Users\YKM Bilişim Agent 5\Desktop\alışveriş\app\Libraries\Iyzico.php(77): Iyzipay\Model\Payment::create(Object(Iyzipay\Request\CreatePaymentRequest), Object(Iyzipay\Options))
#9 C:\Users\YKM Bilişim Agent 5\Desktop\alışveriş\app\Controllers\cart.php(96): App\Libraries\Iyzico->payment(Array)
#10 C:\Users\YKM Bilişim Agent 5\Desktop\alışveriş\vendor\codeigniter4\framework\system\CodeIgniter.php(832): App\Controllers\cart->payment()
#11 C:\Users\YKM Bilişim Agent 5\Desktop\alışveriş\vendor\codeigniter4\framework\system\CodeIgniter.php(419): CodeIgniter\CodeIgniter->runController(Object(App\Controllers\cart))
#12 C:\Users\YKM Bilişim Agent 5\Desktop\alışveriş\vendor\codeigniter4\framework\system\CodeIgniter.php(326): CodeIgniter\CodeIgniter->handleRequest(NULL, Object(Config\Cache), false)
#13 C:\Users\YKM Bilişim Agent 5\Desktop\alışveriş\public\index.php(37): CodeIgniter\CodeIgniter->run()
#14 C:\Users\YKM Bilişim Agent 5\Desktop\alışveriş\vendor\codeigniter4\framework\system\Commands\Server\rewrite.php(43): require_once('C:\\Users\\YKM Bi...')
#15 {main}
CRITICAL - 2022-04-20 05:16:39 --> Array to string conversion
#0 C:\Users\YKM Bilişim Agent 5\Desktop\alışveriş\vendor\iyzico\iyzipay-php\src\Iyzipay\RequestStringBuilder.php(96): CodeIgniter\Debug\Exceptions->errorHandler(2, 'Array to string...', 'C:\\Users\\YKM Bi...', 96)
#1 C:\Users\YKM Bilişim Agent 5\Desktop\alışveriş\vendor\iyzico\iyzipay-php\src\Iyzipay\RequestStringBuilder.php(47): Iyzipay\RequestStringBuilder->appendKeyValue('category1', Array)
#2 C:\Users\YKM Bilişim Agent 5\Desktop\alışveriş\vendor\iyzico\iyzipay-php\src\Iyzipay\Model\BasketItem.php(120): Iyzipay\RequestStringBuilder->append('category1', Array)
#3 C:\Users\YKM Bilişim Agent 5\Desktop\alışveriş\vendor\iyzico\iyzipay-php\src\Iyzipay\RequestStringBuilder.php(77): Iyzipay\Model\BasketItem->toPKIRequestString()
#4 C:\Users\YKM Bilişim Agent 5\Desktop\alışveriş\vendor\iyzico\iyzipay-php\src\Iyzipay\Request\CreatePaymentRequest.php(242): Iyzipay\RequestStringBuilder->appendArray('basketItems', Array)
#5 C:\Users\YKM Bilişim Agent 5\Desktop\alışveriş\vendor\iyzico\iyzipay-php\src\Iyzipay\HashGenerator.php(9): Iyzipay\Request\CreatePaymentRequest->toPKIRequestString()
#6 C:\Users\YKM Bilişim Agent 5\Desktop\alışveriş\vendor\iyzico\iyzipay-php\src\Iyzipay\IyzipayResource.php(46): Iyzipay\HashGenerator::generateHash('sandbox-gEk3pdG...', 'sandbox-ditr7ce...', '625fdd87a8dcc', Object(Iyzipay\Request\CreatePaymentRequest))
#7 C:\Users\YKM Bilişim Agent 5\Desktop\alışveriş\vendor\iyzico\iyzipay-php\src\Iyzipay\IyzipayResource.php(23): Iyzipay\IyzipayResource::prepareAuthorizationString(Object(Iyzipay\Request\CreatePaymentRequest), Object(Iyzipay\Options), '625fdd87a8dcc')
#8 C:\Users\YKM Bilişim Agent 5\Desktop\alışveriş\vendor\iyzico\iyzipay-php\src\Iyzipay\Model\Payment.php(14): Iyzipay\IyzipayResource::getHttpHeaders(Object(Iyzipay\Request\CreatePaymentRequest), Object(Iyzipay\Options))
#9 C:\Users\YKM Bilişim Agent 5\Desktop\alışveriş\app\Libraries\Iyzico.php(77): Iyzipay\Model\Payment::create(Object(Iyzipay\Request\CreatePaymentRequest), Object(Iyzipay\Options))
#10 C:\Users\YKM Bilişim Agent 5\Desktop\alışveriş\app\Controllers\cart.php(96): App\Libraries\Iyzico->payment(Array)
#11 C:\Users\YKM Bilişim Agent 5\Desktop\alışveriş\vendor\codeigniter4\framework\system\CodeIgniter.php(832): App\Controllers\cart->payment()
#12 C:\Users\YKM Bilişim Agent 5\Desktop\alışveriş\vendor\codeigniter4\framework\system\CodeIgniter.php(419): CodeIgniter\CodeIgniter->runController(Object(App\Controllers\cart))
#13 C:\Users\YKM Bilişim Agent 5\Desktop\alışveriş\vendor\codeigniter4\framework\system\CodeIgniter.php(326): CodeIgniter\CodeIgniter->handleRequest(NULL, Object(Config\Cache), false)
#14 C:\Users\YKM Bilişim Agent 5\Desktop\alışveriş\public\index.php(37): CodeIgniter\CodeIgniter->run()
#15 C:\Users\YKM Bilişim Agent 5\Desktop\alışveriş\vendor\codeigniter4\framework\system\Commands\Server\rewrite.php(43): require_once('C:\\Users\\YKM Bi...')
#16 {main}
CRITICAL - 2022-04-20 05:21:03 --> Array to string conversion
#0 C:\Users\YKM Bilişim Agent 5\Desktop\alışveriş\app\Libraries\Iyzico.php(70): CodeIgniter\Debug\Exceptions->errorHandler(2, 'Array to string...', 'C:\\Users\\YKM Bi...', 70)
#1 C:\Users\YKM Bilişim Agent 5\Desktop\alışveriş\app\Controllers\cart.php(96): App\Libraries\Iyzico->payment(Array)
#2 C:\Users\YKM Bilişim Agent 5\Desktop\alışveriş\vendor\codeigniter4\framework\system\CodeIgniter.php(832): App\Controllers\cart->payment()
#3 C:\Users\YKM Bilişim Agent 5\Desktop\alışveriş\vendor\codeigniter4\framework\system\CodeIgniter.php(419): CodeIgniter\CodeIgniter->runController(Object(App\Controllers\cart))
#4 C:\Users\YKM Bilişim Agent 5\Desktop\alışveriş\vendor\codeigniter4\framework\system\CodeIgniter.php(326): CodeIgniter\CodeIgniter->handleRequest(NULL, Object(Config\Cache), false)
#5 C:\Users\YKM Bilişim Agent 5\Desktop\alışveriş\public\index.php(37): CodeIgniter\CodeIgniter->run()
#6 C:\Users\YKM Bilişim Agent 5\Desktop\alışveriş\vendor\codeigniter4\framework\system\Commands\Server\rewrite.php(43): require_once('C:\\Users\\YKM Bi...')
#7 {main}
CRITICAL - 2022-04-20 05:21:46 --> Array to string conversion
#0 C:\Users\YKM Bilişim Agent 5\Desktop\alışveriş\app\Libraries\Iyzico.php(70): CodeIgniter\Debug\Exceptions->errorHandler(2, 'Array to string...', 'C:\\Users\\YKM Bi...', 70)
#1 C:\Users\YKM Bilişim Agent 5\Desktop\alışveriş\app\Controllers\cart.php(96): App\Libraries\Iyzico->payment(Array)
#2 C:\Users\YKM Bilişim Agent 5\Desktop\alışveriş\vendor\codeigniter4\framework\system\CodeIgniter.php(832): App\Controllers\cart->payment()
#3 C:\Users\YKM Bilişim Agent 5\Desktop\alışveriş\vendor\codeigniter4\framework\system\CodeIgniter.php(419): CodeIgniter\CodeIgniter->runController(Object(App\Controllers\cart))
#4 C:\Users\YKM Bilişim Agent 5\Desktop\alışveriş\vendor\codeigniter4\framework\system\CodeIgniter.php(326): CodeIgniter\CodeIgniter->handleRequest(NULL, Object(Config\Cache), false)
#5 C:\Users\YKM Bilişim Agent 5\Desktop\alışveriş\public\index.php(37): CodeIgniter\CodeIgniter->run()
#6 C:\Users\YKM Bilişim Agent 5\Desktop\alışveriş\vendor\codeigniter4\framework\system\Commands\Server\rewrite.php(43): require_once('C:\\Users\\YKM Bi...')
#7 {main}
CRITICAL - 2022-04-20 05:21:48 --> Array to string conversion
#0 C:\Users\YKM Bilişim Agent 5\Desktop\alışveriş\app\Libraries\Iyzico.php(70): CodeIgniter\Debug\Exceptions->errorHandler(2, 'Array to string...', 'C:\\Users\\YKM Bi...', 70)
#1 C:\Users\YKM Bilişim Agent 5\Desktop\alışveriş\app\Controllers\cart.php(96): App\Libraries\Iyzico->payment(Array)
#2 C:\Users\YKM Bilişim Agent 5\Desktop\alışveriş\vendor\codeigniter4\framework\system\CodeIgniter.php(832): App\Controllers\cart->payment()
#3 C:\Users\YKM Bilişim Agent 5\Desktop\alışveriş\vendor\codeigniter4\framework\system\CodeIgniter.php(419): CodeIgniter\CodeIgniter->runController(Object(App\Controllers\cart))
#4 C:\Users\YKM Bilişim Agent 5\Desktop\alışveriş\vendor\codeigniter4\framework\system\CodeIgniter.php(326): CodeIgniter\CodeIgniter->handleRequest(NULL, Object(Config\Cache), false)
#5 C:\Users\YKM Bilişim Agent 5\Desktop\alışveriş\public\index.php(37): CodeIgniter\CodeIgniter->run()
#6 C:\Users\YKM Bilişim Agent 5\Desktop\alışveriş\vendor\codeigniter4\framework\system\Commands\Server\rewrite.php(43): require_once('C:\\Users\\YKM Bi...')
#7 {main}
CRITICAL - 2022-04-20 05:22:05 --> Undefined array key "category"
#0 C:\Users\YKM Bilişim Agent 5\Desktop\alışveriş\app\Controllers\cart.php(84): CodeIgniter\Debug\Exceptions->errorHandler(2, 'Undefined array...', 'C:\\Users\\YKM Bi...', 84)
#1 C:\Users\YKM Bilişim Agent 5\Desktop\alışveriş\vendor\codeigniter4\framework\system\CodeIgniter.php(832): App\Controllers\cart->payment()
#2 C:\Users\YKM Bilişim Agent 5\Desktop\alışveriş\vendor\codeigniter4\framework\system\CodeIgniter.php(419): CodeIgniter\CodeIgniter->runController(Object(App\Controllers\cart))
#3 C:\Users\YKM Bilişim Agent 5\Desktop\alışveriş\vendor\codeigniter4\framework\system\CodeIgniter.php(326): CodeIgniter\CodeIgniter->handleRequest(NULL, Object(Config\Cache), false)
#4 C:\Users\YKM Bilişim Agent 5\Desktop\alışveriş\public\index.php(37): CodeIgniter\CodeIgniter->run()
#5 C:\Users\YKM Bilişim Agent 5\Desktop\alışveriş\vendor\codeigniter4\framework\system\Commands\Server\rewrite.php(43): require_once('C:\\Users\\YKM Bi...')
#6 {main}
CRITICAL - 2022-04-20 05:22:14 --> Undefined array key "category"
#0 C:\Users\YKM Bilişim Agent 5\Desktop\alışveriş\app\Controllers\cart.php(84): CodeIgniter\Debug\Exceptions->errorHandler(2, 'Undefined array...', 'C:\\Users\\YKM Bi...', 84)
#1 C:\Users\YKM Bilişim Agent 5\Desktop\alışveriş\vendor\codeigniter4\framework\system\CodeIgniter.php(832): App\Controllers\cart->payment()
#2 C:\Users\YKM Bilişim Agent 5\Desktop\alışveriş\vendor\codeigniter4\framework\system\CodeIgniter.php(419): CodeIgniter\CodeIgniter->runController(Object(App\Controllers\cart))
#3 C:\Users\YKM Bilişim Agent 5\Desktop\alışveriş\vendor\codeigniter4\framework\system\CodeIgniter.php(326): CodeIgniter\CodeIgniter->handleRequest(NULL, Object(Config\Cache), false)
#4 C:\Users\YKM Bilişim Agent 5\Desktop\alışveriş\public\index.php(37): CodeIgniter\CodeIgniter->run()
#5 C:\Users\YKM Bilişim Agent 5\Desktop\alışveriş\vendor\codeigniter4\framework\system\Commands\Server\rewrite.php(43): require_once('C:\\Users\\YKM Bi...')
#6 {main}
CRITICAL - 2022-04-20 05:23:10 --> Undefined array key "category"
#0 C:\Users\YKM Bilişim Agent 5\Desktop\alışveriş\app\Controllers\cart.php(86): CodeIgniter\Debug\Exceptions->errorHandler(2, 'Undefined array...', 'C:\\Users\\YKM Bi...', 86)
#1 C:\Users\YKM Bilişim Agent 5\Desktop\alışveriş\vendor\codeigniter4\framework\system\CodeIgniter.php(832): App\Controllers\cart->payment()
#2 C:\Users\YKM Bilişim Agent 5\Desktop\alışveriş\vendor\codeigniter4\framework\system\CodeIgniter.php(419): CodeIgniter\CodeIgniter->runController(Object(App\Controllers\cart))
#3 C:\Users\YKM Bilişim Agent 5\Desktop\alışveriş\vendor\codeigniter4\framework\system\CodeIgniter.php(326): CodeIgniter\CodeIgniter->handleRequest(NULL, Object(Config\Cache), false)
#4 C:\Users\YKM Bilişim Agent 5\Desktop\alışveriş\public\index.php(37): CodeIgniter\CodeIgniter->run()
#5 C:\Users\YKM Bilişim Agent 5\Desktop\alışveriş\vendor\codeigniter4\framework\system\Commands\Server\rewrite.php(43): require_once('C:\\Users\\YKM Bi...')
#6 {main}
CRITICAL - 2022-04-20 05:23:19 --> Undefined array key "category"
#0 C:\Users\YKM Bilişim Agent 5\Desktop\alışveriş\app\Controllers\cart.php(86): CodeIgniter\Debug\Exceptions->errorHandler(2, 'Undefined array...', 'C:\\Users\\YKM Bi...', 86)
#1 C:\Users\YKM Bilişim Agent 5\Desktop\alışveriş\vendor\codeigniter4\framework\system\CodeIgniter.php(832): App\Controllers\cart->payment()
#2 C:\Users\YKM Bilişim Agent 5\Desktop\alışveriş\vendor\codeigniter4\framework\system\CodeIgniter.php(419): CodeIgniter\CodeIgniter->runController(Object(App\Controllers\cart))
#3 C:\Users\YKM Bilişim Agent 5\Desktop\alışveriş\vendor\codeigniter4\framework\system\CodeIgniter.php(326): CodeIgniter\CodeIgniter->handleRequest(NULL, Object(Config\Cache), false)
#4 C:\Users\YKM Bilişim Agent 5\Desktop\alışveriş\public\index.php(37): CodeIgniter\CodeIgniter->run()
#5 C:\Users\YKM Bilişim Agent 5\Desktop\alışveriş\vendor\codeigniter4\framework\system\Commands\Server\rewrite.php(43): require_once('C:\\Users\\YKM Bi...')
#6 {main}
CRITICAL - 2022-04-20 05:23:21 --> Undefined array key "category"
#0 C:\Users\YKM Bilişim Agent 5\Desktop\alışveriş\app\Controllers\cart.php(86): CodeIgniter\Debug\Exceptions->errorHandler(2, 'Undefined array...', 'C:\\Users\\YKM Bi...', 86)
#1 C:\Users\YKM Bilişim Agent 5\Desktop\alışveriş\vendor\codeigniter4\framework\system\CodeIgniter.php(832): App\Controllers\cart->payment()
#2 C:\Users\YKM Bilişim Agent 5\Desktop\alışveriş\vendor\codeigniter4\framework\system\CodeIgniter.php(419): CodeIgniter\CodeIgniter->runController(Object(App\Controllers\cart))
#3 C:\Users\YKM Bilişim Agent 5\Desktop\alışveriş\vendor\codeigniter4\framework\system\CodeIgniter.php(326): CodeIgniter\CodeIgniter->handleRequest(NULL, Object(Config\Cache), false)
#4 C:\Users\YKM Bilişim Agent 5\Desktop\alışveriş\public\index.php(37): CodeIgniter\CodeIgniter->run()
#5 C:\Users\YKM Bilişim Agent 5\Desktop\alışveriş\vendor\codeigniter4\framework\system\Commands\Server\rewrite.php(43): require_once('C:\\Users\\YKM Bi...')
#6 {main}
CRITICAL - 2022-04-20 05:23:43 --> Undefined array key "product_category"
#0 C:\Users\YKM Bilişim Agent 5\Desktop\alışveriş\app\Controllers\cart.php(84): CodeIgniter\Debug\Exceptions->errorHandler(2, 'Undefined array...', 'C:\\Users\\YKM Bi...', 84)
#1 C:\Users\YKM Bilişim Agent 5\Desktop\alışveriş\vendor\codeigniter4\framework\system\CodeIgniter.php(832): App\Controllers\cart->payment()
#2 C:\Users\YKM Bilişim Agent 5\Desktop\alışveriş\vendor\codeigniter4\framework\system\CodeIgniter.php(419): CodeIgniter\CodeIgniter->runController(Object(App\Controllers\cart))
#3 C:\Users\YKM Bilişim Agent 5\Desktop\alışveriş\vendor\codeigniter4\framework\system\CodeIgniter.php(326): CodeIgniter\CodeIgniter->handleRequest(NULL, Object(Config\Cache), false)
#4 C:\Users\YKM Bilişim Agent 5\Desktop\alışveriş\public\index.php(37): CodeIgniter\CodeIgniter->run()
#5 C:\Users\YKM Bilişim Agent 5\Desktop\alışveriş\vendor\codeigniter4\framework\system\Commands\Server\rewrite.php(43): require_once('C:\\Users\\YKM Bi...')
#6 {main}
CRITICAL - 2022-04-20 05:23:54 --> Undefined array key "category"
#0 C:\Users\YKM Bilişim Agent 5\Desktop\alışveriş\app\Controllers\cart.php(86): CodeIgniter\Debug\Exceptions->errorHandler(2, 'Undefined array...', 'C:\\Users\\YKM Bi...', 86)
#1 C:\Users\YKM Bilişim Agent 5\Desktop\alışveriş\vendor\codeigniter4\framework\system\CodeIgniter.php(832): App\Controllers\cart->payment()
#2 C:\Users\YKM Bilişim Agent 5\Desktop\alışveriş\vendor\codeigniter4\framework\system\CodeIgniter.php(419): CodeIgniter\CodeIgniter->runController(Object(App\Controllers\cart))
#3 C:\Users\YKM Bilişim Agent 5\Desktop\alışveriş\vendor\codeigniter4\framework\system\CodeIgniter.php(326): CodeIgniter\CodeIgniter->handleRequest(NULL, Object(Config\Cache), false)
#4 C:\Users\YKM Bilişim Agent 5\Desktop\alışveriş\public\index.php(37): CodeIgniter\CodeIgniter->run()
#5 C:\Users\YKM Bilişim Agent 5\Desktop\alışveriş\vendor\codeigniter4\framework\system\Commands\Server\rewrite.php(43): require_once('C:\\Users\\YKM Bi...')
#6 {main}
CRITICAL - 2022-04-20 05:23:56 --> Undefined array key "category"
#0 C:\Users\YKM Bilişim Agent 5\Desktop\alışveriş\app\Controllers\cart.php(86): CodeIgniter\Debug\Exceptions->errorHandler(2, 'Undefined array...', 'C:\\Users\\YKM Bi...', 86)
#1 C:\Users\YKM Bilişim Agent 5\Desktop\alışveriş\vendor\codeigniter4\framework\system\CodeIgniter.php(832): App\Controllers\cart->payment()
#2 C:\Users\YKM Bilişim Agent 5\Desktop\alışveriş\vendor\codeigniter4\framework\system\CodeIgniter.php(419): CodeIgniter\CodeIgniter->runController(Object(App\Controllers\cart))
#3 C:\Users\YKM Bilişim Agent 5\Desktop\alışveriş\vendor\codeigniter4\framework\system\CodeIgniter.php(326): CodeIgniter\CodeIgniter->handleRequest(NULL, Object(Config\Cache), false)
#4 C:\Users\YKM Bilişim Agent 5\Desktop\alışveriş\public\index.php(37): CodeIgniter\CodeIgniter->run()
#5 C:\Users\YKM Bilişim Agent 5\Desktop\alışveriş\vendor\codeigniter4\framework\system\Commands\Server\rewrite.php(43): require_once('C:\\Users\\YKM Bi...')
#6 {main}
CRITICAL - 2022-04-20 05:24:41 --> Undefined array key "product_category"
#0 C:\Users\YKM Bilişim Agent 5\Desktop\alışveriş\app\Controllers\cart.php(84): CodeIgniter\Debug\Exceptions->errorHandler(2, 'Undefined array...', 'C:\\Users\\YKM Bi...', 84)
#1 C:\Users\YKM Bilişim Agent 5\Desktop\alışveriş\vendor\codeigniter4\framework\system\CodeIgniter.php(832): App\Controllers\cart->payment()
#2 C:\Users\YKM Bilişim Agent 5\Desktop\alışveriş\vendor\codeigniter4\framework\system\CodeIgniter.php(419): CodeIgniter\CodeIgniter->runController(Object(App\Controllers\cart))
#3 C:\Users\YKM Bilişim Agent 5\Desktop\alışveriş\vendor\codeigniter4\framework\system\CodeIgniter.php(326): CodeIgniter\CodeIgniter->handleRequest(NULL, Object(Config\Cache), false)
#4 C:\Users\YKM Bilişim Agent 5\Desktop\alışveriş\public\index.php(37): CodeIgniter\CodeIgniter->run()
#5 C:\Users\YKM Bilişim Agent 5\Desktop\alışveriş\vendor\codeigniter4\framework\system\Commands\Server\rewrite.php(43): require_once('C:\\Users\\YKM Bi...')
#6 {main}
CRITICAL - 2022-04-20 05:24:44 --> Undefined array key "product_category"
#0 C:\Users\YKM Bilişim Agent 5\Desktop\alışveriş\app\Controllers\cart.php(84): CodeIgniter\Debug\Exceptions->errorHandler(2, 'Undefined array...', 'C:\\Users\\YKM Bi...', 84)
#1 C:\Users\YKM Bilişim Agent 5\Desktop\alışveriş\vendor\codeigniter4\framework\system\CodeIgniter.php(832): App\Controllers\cart->payment()
#2 C:\Users\YKM Bilişim Agent 5\Desktop\alışveriş\vendor\codeigniter4\framework\system\CodeIgniter.php(419): CodeIgniter\CodeIgniter->runController(Object(App\Controllers\cart))
#3 C:\Users\YKM Bilişim Agent 5\Desktop\alışveriş\vendor\codeigniter4\framework\system\CodeIgniter.php(326): CodeIgniter\CodeIgniter->handleRequest(NULL, Object(Config\Cache), false)
#4 C:\Users\YKM Bilişim Agent 5\Desktop\alışveriş\public\index.php(37): CodeIgniter\CodeIgniter->run()
#5 C:\Users\YKM Bilişim Agent 5\Desktop\alışveriş\vendor\codeigniter4\framework\system\Commands\Server\rewrite.php(43): require_once('C:\\Users\\YKM Bi...')
#6 {main}
CRITICAL - 2022-04-20 05:43:09 --> Class "Config" not found
#0 C:\Users\YKM Bilişim Agent 5\Desktop\alışveriş\app\Controllers\cart.php(98): App\Libraries\Iyzico->payment(Array)
#1 C:\Users\YKM Bilişim Agent 5\Desktop\alışveriş\vendor\codeigniter4\framework\system\CodeIgniter.php(832): App\Controllers\cart->payment()
#2 C:\Users\YKM Bilişim Agent 5\Desktop\alışveriş\vendor\codeigniter4\framework\system\CodeIgniter.php(419): CodeIgniter\CodeIgniter->runController(Object(App\Controllers\cart))
#3 C:\Users\YKM Bilişim Agent 5\Desktop\alışveriş\vendor\codeigniter4\framework\system\CodeIgniter.php(326): CodeIgniter\CodeIgniter->handleRequest(NULL, Object(Config\Cache), false)
#4 C:\Users\YKM Bilişim Agent 5\Desktop\alışveriş\public\index.php(37): CodeIgniter\CodeIgniter->run()
#5 C:\Users\YKM Bilişim Agent 5\Desktop\alışveriş\vendor\codeigniter4\framework\system\Commands\Server\rewrite.php(43): require_once('C:\\Users\\YKM Bi...')
#6 {main}
CRITICAL - 2022-04-20 06:07:14 --> Iyzipay\Model\Payment::retrieve(): Argument #1 ($request) must be of type Iyzipay\Request\RetrievePaymentRequest, Iyzipay\Request\CreatePaymentRequest given, called in C:\Users\YKM Bilişim Agent 5\Desktop\alışveriş\app\Libraries\Iyzico.php on line 79
#0 C:\Users\YKM Bilişim Agent 5\Desktop\alışveriş\app\Libraries\Iyzico.php(79): Iyzipay\Model\Payment::retrieve(Object(Iyzipay\Request\CreatePaymentRequest), Object(Iyzipay\Options))
#1 C:\Users\YKM Bilişim Agent 5\Desktop\alışveriş\app\Controllers\cart.php(98): App\Libraries\Iyzico->payment(Array)
#2 C:\Users\YKM Bilişim Agent 5\Desktop\alışveriş\vendor\codeigniter4\framework\system\CodeIgniter.php(832): App\Controllers\cart->payment()
#3 C:\Users\YKM Bilişim Agent 5\Desktop\alışveriş\vendor\codeigniter4\framework\system\CodeIgniter.php(419): CodeIgniter\CodeIgniter->runController(Object(App\Controllers\cart))
#4 C:\Users\YKM Bilişim Agent 5\Desktop\alışveriş\vendor\codeigniter4\framework\system\CodeIgniter.php(326): CodeIgniter\CodeIgniter->handleRequest(NULL, Object(Config\Cache), false)
#5 C:\Users\YKM Bilişim Agent 5\Desktop\alışveriş\public\index.php(37): CodeIgniter\CodeIgniter->run()
#6 C:\Users\YKM Bilişim Agent 5\Desktop\alışveriş\vendor\codeigniter4\framework\system\Commands\Server\rewrite.php(43): require_once('C:\\Users\\YKM Bi...')
#7 {main}
CRITICAL - 2022-04-20 06:07:31 --> Iyzipay\Model\Payment::retrieve(): Argument #1 ($request) must be of type Iyzipay\Request\RetrievePaymentRequest, Iyzipay\Request\CreatePaymentRequest given, called in C:\Users\YKM Bilişim Agent 5\Desktop\alışveriş\app\Libraries\Iyzico.php on line 79
#0 C:\Users\YKM Bilişim Agent 5\Desktop\alışveriş\app\Libraries\Iyzico.php(79): Iyzipay\Model\Payment::retrieve(Object(Iyzipay\Request\CreatePaymentRequest), Object(Iyzipay\Options))
#1 C:\Users\YKM Bilişim Agent 5\Desktop\alışveriş\app\Controllers\cart.php(97): App\Libraries\Iyzico->payment(Array)
#2 C:\Users\YKM Bilişim Agent 5\Desktop\alışveriş\vendor\codeigniter4\framework\system\CodeIgniter.php(832): App\Controllers\cart->payment()
#3 C:\Users\YKM Bilişim Agent 5\Desktop\alışveriş\vendor\codeigniter4\framework\system\CodeIgniter.php(419): CodeIgniter\CodeIgniter->runController(Object(App\Controllers\cart))
#4 C:\Users\YKM Bilişim Agent 5\Desktop\alışveriş\vendor\codeigniter4\framework\system\CodeIgniter.php(326): CodeIgniter\CodeIgniter->handleRequest(NULL, Object(Config\Cache), false)
#5 C:\Users\YKM Bilişim Agent 5\Desktop\alışveriş\public\index.php(37): CodeIgniter\CodeIgniter->run()
#6 C:\Users\YKM Bilişim Agent 5\Desktop\alışveriş\vendor\codeigniter4\framework\system\Commands\Server\rewrite.php(43): require_once('C:\\Users\\YKM Bi...')
#7 {main}
CRITICAL - 2022-04-20 06:24:03 --> Undefined property: Iyzipay\Model\Payment::$status
#0 C:\Users\YKM Bilişim Agent 5\Desktop\alışveriş\app\Libraries\Iyzico.php(79): CodeIgniter\Debug\Exceptions->errorHandler(2, 'Undefined prope...', 'C:\\Users\\YKM Bi...', 79)
#1 C:\Users\YKM Bilişim Agent 5\Desktop\alışveriş\app\Controllers\cart.php(98): App\Libraries\Iyzico->payment(Array)
#2 C:\Users\YKM Bilişim Agent 5\Desktop\alışveriş\vendor\codeigniter4\framework\system\CodeIgniter.php(832): App\Controllers\cart->payment()
#3 C:\Users\YKM Bilişim Agent 5\Desktop\alışveriş\vendor\codeigniter4\framework\system\CodeIgniter.php(419): CodeIgniter\CodeIgniter->runController(Object(App\Controllers\cart))
#4 C:\Users\YKM Bilişim Agent 5\Desktop\alışveriş\vendor\codeigniter4\framework\system\CodeIgniter.php(326): CodeIgniter\CodeIgniter->handleRequest(NULL, Object(Config\Cache), false)
#5 C:\Users\YKM Bilişim Agent 5\Desktop\alışveriş\public\index.php(37): CodeIgniter\CodeIgniter->run()
#6 C:\Users\YKM Bilişim Agent 5\Desktop\alışveriş\vendor\codeigniter4\framework\system\Commands\Server\rewrite.php(43): require_once('C:\\Users\\YKM Bi...')
#7 {main}
CRITICAL - 2022-04-20 06:24:12 --> Undefined property: Iyzipay\Model\Payment::$status
#0 C:\Users\YKM Bilişim Agent 5\Desktop\alışveriş\app\Libraries\Iyzico.php(79): CodeIgniter\Debug\Exceptions->errorHandler(2, 'Undefined prope...', 'C:\\Users\\YKM Bi...', 79)
#1 C:\Users\YKM Bilişim Agent 5\Desktop\alışveriş\app\Controllers\cart.php(98): App\Libraries\Iyzico->payment(Array)
#2 C:\Users\YKM Bilişim Agent 5\Desktop\alışveriş\vendor\codeigniter4\framework\system\CodeIgniter.php(832): App\Controllers\cart->payment()
#3 C:\Users\YKM Bilişim Agent 5\Desktop\alışveriş\vendor\codeigniter4\framework\system\CodeIgniter.php(419): CodeIgniter\CodeIgniter->runController(Object(App\Controllers\cart))
#4 C:\Users\YKM Bilişim Agent 5\Desktop\alışveriş\vendor\codeigniter4\framework\system\CodeIgniter.php(326): CodeIgniter\CodeIgniter->handleRequest(NULL, Object(Config\Cache), false)
#5 C:\Users\YKM Bilişim Agent 5\Desktop\alışveriş\public\index.php(37): CodeIgniter\CodeIgniter->run()
#6 C:\Users\YKM Bilişim Agent 5\Desktop\alışveriş\vendor\codeigniter4\framework\system\Commands\Server\rewrite.php(43): require_once('C:\\Users\\YKM Bi...')
#7 {main}
CRITICAL - 2022-04-20 06:24:48 --> Cannot access offset of type string on string
#0 C:\Users\YKM Bilişim Agent 5\Desktop\alışveriş\app\Controllers\cart.php(98): App\Libraries\Iyzico->payment(Array)
#1 C:\Users\YKM Bilişim Agent 5\Desktop\alışveriş\vendor\codeigniter4\framework\system\CodeIgniter.php(832): App\Controllers\cart->payment()
#2 C:\Users\YKM Bilişim Agent 5\Desktop\alışveriş\vendor\codeigniter4\framework\system\CodeIgniter.php(419): CodeIgniter\CodeIgniter->runController(Object(App\Controllers\cart))
#3 C:\Users\YKM Bilişim Agent 5\Desktop\alışveriş\vendor\codeigniter4\framework\system\CodeIgniter.php(326): CodeIgniter\CodeIgniter->handleRequest(NULL, Object(Config\Cache), false)
#4 C:\Users\YKM Bilişim Agent 5\Desktop\alışveriş\public\index.php(37): CodeIgniter\CodeIgniter->run()
#5 C:\Users\YKM Bilişim Agent 5\Desktop\alışveriş\vendor\codeigniter4\framework\system\Commands\Server\rewrite.php(43): require_once('C:\\Users\\YKM Bi...')
#6 {main}
CRITICAL - 2022-04-20 06:29:14 --> Undefined variable $cart_count
#0 C:\Users\YKM Bilişim Agent 5\Desktop\alışveriş\app\Views\includes\header.php(109): CodeIgniter\Debug\Exceptions->errorHandler(2, 'Undefined varia...', 'C:\\Users\\YKM Bi...', 109)
#1 C:\Users\YKM Bilişim Agent 5\Desktop\alışveriş\vendor\codeigniter4\framework\system\View\View.php(210): include('C:\\Users\\YKM Bi...')
#2 C:\Users\YKM Bilişim Agent 5\Desktop\alışveriş\vendor\codeigniter4\framework\system\View\View.php(213): CodeIgniter\View\View->CodeIgniter\View\{closure}()
#3 C:\Users\YKM Bilişim Agent 5\Desktop\alışveriş\vendor\codeigniter4\framework\system\Common.php(1089): CodeIgniter\View\View->render('includes/header', Array, true)
#4 C:\Users\YKM Bilişim Agent 5\Desktop\alışveriş\app\Views\Payment\success.php(6): view('includes/header')
#5 C:\Users\YKM Bilişim Agent 5\Desktop\alışveriş\vendor\codeigniter4\framework\system\View\View.php(210): include('C:\\Users\\YKM Bi...')
#6 C:\Users\YKM Bilişim Agent 5\Desktop\alışveriş\vendor\codeigniter4\framework\system\View\View.php(213): CodeIgniter\View\View->CodeIgniter\View\{closure}()
#7 C:\Users\YKM Bilişim Agent 5\Desktop\alışveriş\vendor\codeigniter4\framework\system\Common.php(1089): CodeIgniter\View\View->render('Payment/success', Array, true)
#8 C:\Users\YKM Bilişim Agent 5\Desktop\alışveriş\app\Controllers\cart.php(44): view('Payment/success')
#9 C:\Users\YKM Bilişim Agent 5\Desktop\alışveriş\vendor\codeigniter4\framework\system\CodeIgniter.php(832): App\Controllers\cart->status()
#10 C:\Users\YKM Bilişim Agent 5\Desktop\alışveriş\vendor\codeigniter4\framework\system\CodeIgniter.php(419): CodeIgniter\CodeIgniter->runController(Object(App\Controllers\cart))
#11 C:\Users\YKM Bilişim Agent 5\Desktop\alışveriş\vendor\codeigniter4\framework\system\CodeIgniter.php(326): CodeIgniter\CodeIgniter->handleRequest(NULL, Object(Config\Cache), false)
#12 C:\Users\YKM Bilişim Agent 5\Desktop\alışveriş\public\index.php(37): CodeIgniter\CodeIgniter->run()
#13 C:\Users\YKM Bilişim Agent 5\Desktop\alışveriş\vendor\codeigniter4\framework\system\Commands\Server\rewrite.php(43): require_once('C:\\Users\\YKM Bi...')
#14 {main}
CRITICAL - 2022-04-20 06:30:16 --> syntax error, unexpected token "public"
#0 C:\Users\YKM Bilişim Agent 5\Desktop\alışveriş\vendor\codeigniter4\framework\system\Router\Router.php(175): CodeIgniter\Router\Router->autoRoute('cart/status')
#1 C:\Users\YKM Bilişim Agent 5\Desktop\alışveriş\vendor\codeigniter4\framework\system\CodeIgniter.php(726): CodeIgniter\Router\Router->handle('cart/status')
#2 C:\Users\YKM Bilişim Agent 5\Desktop\alışveriş\vendor\codeigniter4\framework\system\CodeIgniter.php(368): CodeIgniter\CodeIgniter->tryToRouteIt(Object(CodeIgniter\Router\RouteCollection))
#3 C:\Users\YKM Bilişim Agent 5\Desktop\alışveriş\vendor\codeigniter4\framework\system\CodeIgniter.php(326): CodeIgniter\CodeIgniter->handleRequest(NULL, Object(Config\Cache), false)
#4 C:\Users\YKM Bilişim Agent 5\Desktop\alışveriş\public\index.php(37): CodeIgniter\CodeIgniter->run()
#5 C:\Users\YKM Bilişim Agent 5\Desktop\alışveriş\vendor\codeigniter4\framework\system\Commands\Server\rewrite.php(43): require_once('C:\\Users\\YKM Bi...')
#6 {main}
CRITICAL - 2022-04-20 06:30:38 --> Undefined variable $cart_count
#0 C:\Users\YKM Bilişim Agent 5\Desktop\alışveriş\app\Views\includes\header.php(109): CodeIgniter\Debug\Exceptions->errorHandler(2, 'Undefined varia...', 'C:\\Users\\YKM Bi...', 109)
#1 C:\Users\YKM Bilişim Agent 5\Desktop\alışveriş\vendor\codeigniter4\framework\system\View\View.php(210): include('C:\\Users\\YKM Bi...')
#2 C:\Users\YKM Bilişim Agent 5\Desktop\alışveriş\vendor\codeigniter4\framework\system\View\View.php(213): CodeIgniter\View\View->CodeIgniter\View\{closure}()
#3 C:\Users\YKM Bilişim Agent 5\Desktop\alışveriş\vendor\codeigniter4\framework\system\Common.php(1089): CodeIgniter\View\View->render('includes/header', Array, true)
#4 C:\Users\YKM Bilişim Agent 5\Desktop\alışveriş\app\Views\Payment\success.php(6): view('includes/header')
#5 C:\Users\YKM Bilişim Agent 5\Desktop\alışveriş\vendor\codeigniter4\framework\system\View\View.php(210): include('C:\\Users\\YKM Bi...')
#6 C:\Users\YKM Bilişim Agent 5\Desktop\alışveriş\vendor\codeigniter4\framework\system\View\View.php(213): CodeIgniter\View\View->CodeIgniter\View\{closure}()
#7 C:\Users\YKM Bilişim Agent 5\Desktop\alışveriş\vendor\codeigniter4\framework\system\Common.php(1089): CodeIgniter\View\View->render('Payment/success', Array, true)
#8 C:\Users\YKM Bilişim Agent 5\Desktop\alışveriş\app\Controllers\cart.php(64): view('Payment/success')
#9 C:\Users\YKM Bilişim Agent 5\Desktop\alışveriş\vendor\codeigniter4\framework\system\CodeIgniter.php(832): App\Controllers\cart->status()
#10 C:\Users\YKM Bilişim Agent 5\Desktop\alışveriş\vendor\codeigniter4\framework\system\CodeIgniter.php(419): CodeIgniter\CodeIgniter->runController(Object(App\Controllers\cart))
#11 C:\Users\YKM Bilişim Agent 5\Desktop\alışveriş\vendor\codeigniter4\framework\system\CodeIgniter.php(326): CodeIgniter\CodeIgniter->handleRequest(NULL, Object(Config\Cache), false)
#12 C:\Users\YKM Bilişim Agent 5\Desktop\alışveriş\public\index.php(37): CodeIgniter\CodeIgniter->run()
#13 C:\Users\YKM Bilişim Agent 5\Desktop\alışveriş\vendor\codeigniter4\framework\system\Commands\Server\rewrite.php(43): require_once('C:\\Users\\YKM Bi...')
#14 {main}
