CRITICAL - 2022-04-12 06:16:31 --> Undefined array key "product"
#0 C:\Users\efe20\Desktop\alışveriş\app\Controllers\Shop.php(321): CodeIgniter\Debug\Exceptions->errorHandler(2, 'Undefined array...', 'C:\\Users\\efe20\\...', 321)
#1 C:\Users\efe20\Desktop\alışveriş\vendor\codeigniter4\framework\system\CodeIgniter.php(832): App\Controllers\Shop->addTocart()
#2 C:\Users\efe20\Desktop\alışveriş\vendor\codeigniter4\framework\system\CodeIgniter.php(419): CodeIgniter\CodeIgniter->runController(Object(App\Controllers\Shop))
#3 C:\Users\efe20\Desktop\alışveriş\vendor\codeigniter4\framework\system\CodeIgniter.php(326): CodeIgniter\CodeIgniter->handleRequest(NULL, Object(Config\Cache), false)
#4 C:\Users\efe20\Desktop\alışveriş\public\index.php(37): CodeIgniter\CodeIgniter->run()
#5 C:\Users\efe20\Desktop\alışveriş\vendor\codeigniter4\framework\system\Commands\Server\rewrite.php(43): require_once('C:\\Users\\efe20\\...')
#6 {main}
CRITICAL - 2022-04-12 06:30:46 --> Undefined array key 0
#0 C:\Users\efe20\Desktop\alışveriş\app\Controllers\Home.php(61): CodeIgniter\Debug\Exceptions->errorHandler(2, 'Undefined array...', 'C:\\Users\\efe20\\...', 61)
#1 C:\Users\efe20\Desktop\alışveriş\vendor\codeigniter4\framework\system\CodeIgniter.php(832): App\Controllers\Home->login()
#2 C:\Users\efe20\Desktop\alışveriş\vendor\codeigniter4\framework\system\CodeIgniter.php(419): CodeIgniter\CodeIgniter->runController(Object(App\Controllers\Home))
#3 C:\Users\efe20\Desktop\alışveriş\vendor\codeigniter4\framework\system\CodeIgniter.php(326): CodeIgniter\CodeIgniter->handleRequest(NULL, Object(Config\Cache), false)
#4 C:\Users\efe20\Desktop\alışveriş\public\index.php(37): CodeIgniter\CodeIgniter->run()
#5 C:\Users\efe20\Desktop\alışveriş\vendor\codeigniter4\framework\system\Commands\Server\rewrite.php(43): require_once('C:\\Users\\efe20\\...')
#6 {main}
CRITICAL - 2022-04-12 06:32:13 --> foreach() argument must be of type array|object, string given
#0 C:\Users\efe20\Desktop\alışveriş\app\Controllers\Home.php(63): CodeIgniter\Debug\Exceptions->errorHandler(2, 'foreach() argum...', 'C:\\Users\\efe20\\...', 63)
#1 C:\Users\efe20\Desktop\alışveriş\vendor\codeigniter4\framework\system\CodeIgniter.php(832): App\Controllers\Home->login()
#2 C:\Users\efe20\Desktop\alışveriş\vendor\codeigniter4\framework\system\CodeIgniter.php(419): CodeIgniter\CodeIgniter->runController(Object(App\Controllers\Home))
#3 C:\Users\efe20\Desktop\alışveriş\vendor\codeigniter4\framework\system\CodeIgniter.php(326): CodeIgniter\CodeIgniter->handleRequest(NULL, Object(Config\Cache), false)
#4 C:\Users\efe20\Desktop\alışveriş\public\index.php(37): CodeIgniter\CodeIgniter->run()
#5 C:\Users\efe20\Desktop\alışveriş\vendor\codeigniter4\framework\system\Commands\Server\rewrite.php(43): require_once('C:\\Users\\efe20\\...')
#6 {main}
CRITICAL - 2022-04-12 06:32:14 --> foreach() argument must be of type array|object, string given
#0 C:\Users\efe20\Desktop\alışveriş\app\Controllers\Home.php(63): CodeIgniter\Debug\Exceptions->errorHandler(2, 'foreach() argum...', 'C:\\Users\\efe20\\...', 63)
#1 C:\Users\efe20\Desktop\alışveriş\vendor\codeigniter4\framework\system\CodeIgniter.php(832): App\Controllers\Home->login()
#2 C:\Users\efe20\Desktop\alışveriş\vendor\codeigniter4\framework\system\CodeIgniter.php(419): CodeIgniter\CodeIgniter->runController(Object(App\Controllers\Home))
#3 C:\Users\efe20\Desktop\alışveriş\vendor\codeigniter4\framework\system\CodeIgniter.php(326): CodeIgniter\CodeIgniter->handleRequest(NULL, Object(Config\Cache), false)
#4 C:\Users\efe20\Desktop\alışveriş\public\index.php(37): CodeIgniter\CodeIgniter->run()
#5 C:\Users\efe20\Desktop\alışveriş\vendor\codeigniter4\framework\system\Commands\Server\rewrite.php(43): require_once('C:\\Users\\efe20\\...')
#6 {main}
CRITICAL - 2022-04-12 06:35:49 --> Trying to access array offset on value of type null
#0 C:\Users\efe20\Desktop\alışveriş\app\Controllers\cart.php(44): CodeIgniter\Debug\Exceptions->errorHandler(2, 'Trying to acces...', 'C:\\Users\\efe20\\...', 44)
#1 C:\Users\efe20\Desktop\alışveriş\vendor\codeigniter4\framework\system\CodeIgniter.php(832): App\Controllers\cart->delete_item()
#2 C:\Users\efe20\Desktop\alışveriş\vendor\codeigniter4\framework\system\CodeIgniter.php(419): CodeIgniter\CodeIgniter->runController(Object(App\Controllers\cart))
#3 C:\Users\efe20\Desktop\alışveriş\vendor\codeigniter4\framework\system\CodeIgniter.php(326): CodeIgniter\CodeIgniter->handleRequest(NULL, Object(Config\Cache), false)
#4 C:\Users\efe20\Desktop\alışveriş\public\index.php(37): CodeIgniter\CodeIgniter->run()
#5 C:\Users\efe20\Desktop\alışveriş\vendor\codeigniter4\framework\system\Commands\Server\rewrite.php(43): require_once('C:\\Users\\efe20\\...')
#6 {main}
CRITICAL - 2022-04-12 06:37:10 --> Array to string conversion
#0 C:\Users\efe20\Desktop\alışveriş\app\Views\shop\cart.php(58): CodeIgniter\Debug\Exceptions->errorHandler(2, 'Array to string...', 'C:\\Users\\efe20\\...', 58)
#1 C:\Users\efe20\Desktop\alışveriş\vendor\codeigniter4\framework\system\View\View.php(210): include('C:\\Users\\efe20\\...')
#2 C:\Users\efe20\Desktop\alışveriş\vendor\codeigniter4\framework\system\View\View.php(213): CodeIgniter\View\View->CodeIgniter\View\{closure}()
#3 C:\Users\efe20\Desktop\alışveriş\vendor\codeigniter4\framework\system\Common.php(1089): CodeIgniter\View\View->render('shop/cart', Array, true)
#4 C:\Users\efe20\Desktop\alışveriş\app\Controllers\Home.php(286): view('shop/cart', Array)
#5 C:\Users\efe20\Desktop\alışveriş\vendor\codeigniter4\framework\system\CodeIgniter.php(832): App\Controllers\Home->cart()
#6 C:\Users\efe20\Desktop\alışveriş\vendor\codeigniter4\framework\system\CodeIgniter.php(419): CodeIgniter\CodeIgniter->runController(Object(App\Controllers\Home))
#7 C:\Users\efe20\Desktop\alışveriş\vendor\codeigniter4\framework\system\CodeIgniter.php(326): CodeIgniter\CodeIgniter->handleRequest(NULL, Object(Config\Cache), false)
#8 C:\Users\efe20\Desktop\alışveriş\public\index.php(37): CodeIgniter\CodeIgniter->run()
#9 C:\Users\efe20\Desktop\alışveriş\vendor\codeigniter4\framework\system\Commands\Server\rewrite.php(43): require_once('C:\\Users\\efe20\\...')
#10 {main}
CRITICAL - 2022-04-12 06:37:13 --> Array to string conversion
#0 C:\Users\efe20\Desktop\alışveriş\app\Views\shop\cart.php(58): CodeIgniter\Debug\Exceptions->errorHandler(2, 'Array to string...', 'C:\\Users\\efe20\\...', 58)
#1 C:\Users\efe20\Desktop\alışveriş\vendor\codeigniter4\framework\system\View\View.php(210): include('C:\\Users\\efe20\\...')
#2 C:\Users\efe20\Desktop\alışveriş\vendor\codeigniter4\framework\system\View\View.php(213): CodeIgniter\View\View->CodeIgniter\View\{closure}()
#3 C:\Users\efe20\Desktop\alışveriş\vendor\codeigniter4\framework\system\Common.php(1089): CodeIgniter\View\View->render('shop/cart', Array, true)
#4 C:\Users\efe20\Desktop\alışveriş\app\Controllers\Home.php(286): view('shop/cart', Array)
#5 C:\Users\efe20\Desktop\alışveriş\vendor\codeigniter4\framework\system\CodeIgniter.php(832): App\Controllers\Home->cart()
#6 C:\Users\efe20\Desktop\alışveriş\vendor\codeigniter4\framework\system\CodeIgniter.php(419): CodeIgniter\CodeIgniter->runController(Object(App\Controllers\Home))
#7 C:\Users\efe20\Desktop\alışveriş\vendor\codeigniter4\framework\system\CodeIgniter.php(326): CodeIgniter\CodeIgniter->handleRequest(NULL, Object(Config\Cache), false)
#8 C:\Users\efe20\Desktop\alışveriş\public\index.php(37): CodeIgniter\CodeIgniter->run()
#9 C:\Users\efe20\Desktop\alışveriş\vendor\codeigniter4\framework\system\Commands\Server\rewrite.php(43): require_once('C:\\Users\\efe20\\...')
#10 {main}
CRITICAL - 2022-04-12 07:04:16 --> Undefined array key "ID"
#0 C:\Users\efe20\Desktop\alışveriş\app\Controllers\cart.php(51): CodeIgniter\Debug\Exceptions->errorHandler(2, 'Undefined array...', 'C:\\Users\\efe20\\...', 51)
#1 C:\Users\efe20\Desktop\alışveriş\vendor\codeigniter4\framework\system\CodeIgniter.php(832): App\Controllers\cart->delete_item('4')
#2 C:\Users\efe20\Desktop\alışveriş\vendor\codeigniter4\framework\system\CodeIgniter.php(419): CodeIgniter\CodeIgniter->runController(Object(App\Controllers\cart))
#3 C:\Users\efe20\Desktop\alışveriş\vendor\codeigniter4\framework\system\CodeIgniter.php(326): CodeIgniter\CodeIgniter->handleRequest(NULL, Object(Config\Cache), false)
#4 C:\Users\efe20\Desktop\alışveriş\public\index.php(37): CodeIgniter\CodeIgniter->run()
#5 C:\Users\efe20\Desktop\alışveriş\vendor\codeigniter4\framework\system\Commands\Server\rewrite.php(43): require_once('C:\\Users\\efe20\\...')
#6 {main}
CRITICAL - 2022-04-12 07:15:27 --> Undefined array key "product"
#0 C:\Users\efe20\Desktop\alışveriş\app\Controllers\Shop.php(321): CodeIgniter\Debug\Exceptions->errorHandler(2, 'Undefined array...', 'C:\\Users\\efe20\\...', 321)
#1 C:\Users\efe20\Desktop\alışveriş\vendor\codeigniter4\framework\system\CodeIgniter.php(832): App\Controllers\Shop->addTocart()
#2 C:\Users\efe20\Desktop\alışveriş\vendor\codeigniter4\framework\system\CodeIgniter.php(419): CodeIgniter\CodeIgniter->runController(Object(App\Controllers\Shop))
#3 C:\Users\efe20\Desktop\alışveriş\vendor\codeigniter4\framework\system\CodeIgniter.php(326): CodeIgniter\CodeIgniter->handleRequest(NULL, Object(Config\Cache), false)
#4 C:\Users\efe20\Desktop\alışveriş\public\index.php(37): CodeIgniter\CodeIgniter->run()
#5 C:\Users\efe20\Desktop\alışveriş\vendor\codeigniter4\framework\system\Commands\Server\rewrite.php(43): require_once('C:\\Users\\efe20\\...')
#6 {main}
CRITICAL - 2022-04-12 07:20:28 --> Undefined array key "product"
#0 C:\Users\efe20\Desktop\alışveriş\app\Controllers\Shop.php(321): CodeIgniter\Debug\Exceptions->errorHandler(2, 'Undefined array...', 'C:\\Users\\efe20\\...', 321)
#1 C:\Users\efe20\Desktop\alışveriş\vendor\codeigniter4\framework\system\CodeIgniter.php(832): App\Controllers\Shop->addTocart()
#2 C:\Users\efe20\Desktop\alışveriş\vendor\codeigniter4\framework\system\CodeIgniter.php(419): CodeIgniter\CodeIgniter->runController(Object(App\Controllers\Shop))
#3 C:\Users\efe20\Desktop\alışveriş\vendor\codeigniter4\framework\system\CodeIgniter.php(326): CodeIgniter\CodeIgniter->handleRequest(NULL, Object(Config\Cache), false)
#4 C:\Users\efe20\Desktop\alışveriş\public\index.php(37): CodeIgniter\CodeIgniter->run()
#5 C:\Users\efe20\Desktop\alışveriş\vendor\codeigniter4\framework\system\Commands\Server\rewrite.php(43): require_once('C:\\Users\\efe20\\...')
#6 {main}
CRITICAL - 2022-04-12 07:22:06 --> Undefined array key "product"
#0 C:\Users\efe20\Desktop\alışveriş\app\Controllers\Shop.php(321): CodeIgniter\Debug\Exceptions->errorHandler(2, 'Undefined array...', 'C:\\Users\\efe20\\...', 321)
#1 C:\Users\efe20\Desktop\alışveriş\vendor\codeigniter4\framework\system\CodeIgniter.php(832): App\Controllers\Shop->addTocart()
#2 C:\Users\efe20\Desktop\alışveriş\vendor\codeigniter4\framework\system\CodeIgniter.php(419): CodeIgniter\CodeIgniter->runController(Object(App\Controllers\Shop))
#3 C:\Users\efe20\Desktop\alışveriş\vendor\codeigniter4\framework\system\CodeIgniter.php(326): CodeIgniter\CodeIgniter->handleRequest(NULL, Object(Config\Cache), false)
#4 C:\Users\efe20\Desktop\alışveriş\public\index.php(37): CodeIgniter\CodeIgniter->run()
#5 C:\Users\efe20\Desktop\alışveriş\vendor\codeigniter4\framework\system\Commands\Server\rewrite.php(43): require_once('C:\\Users\\efe20\\...')
#6 {main}
CRITICAL - 2022-04-12 14:09:49 --> Undefined array key "product"
#0 C:\Users\efe20\Desktop\alışveriş\app\Controllers\Shop.php(321): CodeIgniter\Debug\Exceptions->errorHandler(2, 'Undefined array...', 'C:\\Users\\efe20\\...', 321)
#1 C:\Users\efe20\Desktop\alışveriş\vendor\codeigniter4\framework\system\CodeIgniter.php(832): App\Controllers\Shop->addTocart()
#2 C:\Users\efe20\Desktop\alışveriş\vendor\codeigniter4\framework\system\CodeIgniter.php(419): CodeIgniter\CodeIgniter->runController(Object(App\Controllers\Shop))
#3 C:\Users\efe20\Desktop\alışveriş\vendor\codeigniter4\framework\system\CodeIgniter.php(326): CodeIgniter\CodeIgniter->handleRequest(NULL, Object(Config\Cache), false)
#4 C:\Users\efe20\Desktop\alışveriş\public\index.php(37): CodeIgniter\CodeIgniter->run()
#5 C:\Users\efe20\Desktop\alışveriş\vendor\codeigniter4\framework\system\Commands\Server\rewrite.php(43): require_once('C:\\Users\\efe20\\...')
#6 {main}
CRITICAL - 2022-04-12 14:12:44 --> Undefined array key "product"
#0 C:\Users\efe20\Desktop\alışveriş\app\Controllers\Shop.php(321): CodeIgniter\Debug\Exceptions->errorHandler(2, 'Undefined array...', 'C:\\Users\\efe20\\...', 321)
#1 C:\Users\efe20\Desktop\alışveriş\vendor\codeigniter4\framework\system\CodeIgniter.php(832): App\Controllers\Shop->addTocart()
#2 C:\Users\efe20\Desktop\alışveriş\vendor\codeigniter4\framework\system\CodeIgniter.php(419): CodeIgniter\CodeIgniter->runController(Object(App\Controllers\Shop))
#3 C:\Users\efe20\Desktop\alışveriş\vendor\codeigniter4\framework\system\CodeIgniter.php(326): CodeIgniter\CodeIgniter->handleRequest(NULL, Object(Config\Cache), false)
#4 C:\Users\efe20\Desktop\alışveriş\public\index.php(37): CodeIgniter\CodeIgniter->run()
#5 C:\Users\efe20\Desktop\alışveriş\vendor\codeigniter4\framework\system\Commands\Server\rewrite.php(43): require_once('C:\\Users\\efe20\\...')
#6 {main}
CRITICAL - 2022-04-12 14:13:25 --> Undefined array key "ID"
#0 C:\Users\efe20\Desktop\alışveriş\app\Controllers\Home.php(161): CodeIgniter\Debug\Exceptions->errorHandler(2, 'Undefined array...', 'C:\\Users\\efe20\\...', 161)
#1 C:\Users\efe20\Desktop\alışveriş\vendor\codeigniter4\framework\system\CodeIgniter.php(832): App\Controllers\Home->checkout()
#2 C:\Users\efe20\Desktop\alışveriş\vendor\codeigniter4\framework\system\CodeIgniter.php(419): CodeIgniter\CodeIgniter->runController(Object(App\Controllers\Home))
#3 C:\Users\efe20\Desktop\alışveriş\vendor\codeigniter4\framework\system\CodeIgniter.php(326): CodeIgniter\CodeIgniter->handleRequest(NULL, Object(Config\Cache), false)
#4 C:\Users\efe20\Desktop\alışveriş\public\index.php(37): CodeIgniter\CodeIgniter->run()
#5 C:\Users\efe20\Desktop\alışveriş\vendor\codeigniter4\framework\system\Commands\Server\rewrite.php(43): require_once('C:\\Users\\efe20\\...')
#6 {main}
ERROR - 2022-04-12 14:30:18 --> Illegal parameter data types int and row for operation '='
CRITICAL - 2022-04-12 14:30:18 --> Illegal parameter data types int and row for operation '='
#0 C:\Users\efe20\Desktop\alışveriş\vendor\codeigniter4\framework\system\Database\MySQLi\Connection.php(292): mysqli->query('SELECT *\nFROM `...', 0)
#1 C:\Users\efe20\Desktop\alışveriş\vendor\codeigniter4\framework\system\Database\BaseConnection.php(670): CodeIgniter\Database\MySQLi\Connection->execute('SELECT *\nFROM `...')
#2 C:\Users\efe20\Desktop\alışveriş\vendor\codeigniter4\framework\system\Database\BaseConnection.php(598): CodeIgniter\Database\BaseConnection->simpleQuery('SELECT *\nFROM `...')
#3 C:\Users\efe20\Desktop\alışveriş\vendor\codeigniter4\framework\system\Database\BaseBuilder.php(1455): CodeIgniter\Database\BaseConnection->query('SELECT *\nFROM `...', Array, false)
#4 C:\Users\efe20\Desktop\alışveriş\vendor\codeigniter4\framework\system\Model.php(145): CodeIgniter\Database\BaseBuilder->get()
#5 C:\Users\efe20\Desktop\alışveriş\vendor\codeigniter4\framework\system\BaseModel.php(523): CodeIgniter\Model->doFind(false, NULL)
#6 C:\Users\efe20\Desktop\alışveriş\app\Controllers\Home.php(199): CodeIgniter\BaseModel->find()
#7 C:\Users\efe20\Desktop\alışveriş\vendor\codeigniter4\framework\system\CodeIgniter.php(832): App\Controllers\Home->checkout()
#8 C:\Users\efe20\Desktop\alışveriş\vendor\codeigniter4\framework\system\CodeIgniter.php(419): CodeIgniter\CodeIgniter->runController(Object(App\Controllers\Home))
#9 C:\Users\efe20\Desktop\alışveriş\vendor\codeigniter4\framework\system\CodeIgniter.php(326): CodeIgniter\CodeIgniter->handleRequest(NULL, Object(Config\Cache), false)
#10 C:\Users\efe20\Desktop\alışveriş\public\index.php(37): CodeIgniter\CodeIgniter->run()
#11 C:\Users\efe20\Desktop\alışveriş\vendor\codeigniter4\framework\system\Commands\Server\rewrite.php(43): require_once('C:\\Users\\efe20\\...')
#12 {main}
CRITICAL - 2022-04-12 14:30:38 --> Array to string conversion
#0 C:\Users\efe20\Desktop\alışveriş\app\Controllers\Home.php(199): CodeIgniter\Debug\Exceptions->errorHandler(2, 'Array to string...', 'C:\\Users\\efe20\\...', 199)
#1 C:\Users\efe20\Desktop\alışveriş\vendor\codeigniter4\framework\system\CodeIgniter.php(832): App\Controllers\Home->checkout()
#2 C:\Users\efe20\Desktop\alışveriş\vendor\codeigniter4\framework\system\CodeIgniter.php(419): CodeIgniter\CodeIgniter->runController(Object(App\Controllers\Home))
#3 C:\Users\efe20\Desktop\alışveriş\vendor\codeigniter4\framework\system\CodeIgniter.php(326): CodeIgniter\CodeIgniter->handleRequest(NULL, Object(Config\Cache), false)
#4 C:\Users\efe20\Desktop\alışveriş\public\index.php(37): CodeIgniter\CodeIgniter->run()
#5 C:\Users\efe20\Desktop\alışveriş\vendor\codeigniter4\framework\system\Commands\Server\rewrite.php(43): require_once('C:\\Users\\efe20\\...')
#6 {main}
CRITICAL - 2022-04-12 14:30:40 --> Array to string conversion
#0 C:\Users\efe20\Desktop\alışveriş\app\Controllers\Home.php(199): CodeIgniter\Debug\Exceptions->errorHandler(2, 'Array to string...', 'C:\\Users\\efe20\\...', 199)
#1 C:\Users\efe20\Desktop\alışveriş\vendor\codeigniter4\framework\system\CodeIgniter.php(832): App\Controllers\Home->checkout()
#2 C:\Users\efe20\Desktop\alışveriş\vendor\codeigniter4\framework\system\CodeIgniter.php(419): CodeIgniter\CodeIgniter->runController(Object(App\Controllers\Home))
#3 C:\Users\efe20\Desktop\alışveriş\vendor\codeigniter4\framework\system\CodeIgniter.php(326): CodeIgniter\CodeIgniter->handleRequest(NULL, Object(Config\Cache), false)
#4 C:\Users\efe20\Desktop\alışveriş\public\index.php(37): CodeIgniter\CodeIgniter->run()
#5 C:\Users\efe20\Desktop\alışveriş\vendor\codeigniter4\framework\system\Commands\Server\rewrite.php(43): require_once('C:\\Users\\efe20\\...')
#6 {main}
CRITICAL - 2022-04-12 14:32:13 --> Undefined array key "ID"
#0 C:\Users\efe20\Desktop\alışveriş\app\Controllers\Home.php(200): CodeIgniter\Debug\Exceptions->errorHandler(2, 'Undefined array...', 'C:\\Users\\efe20\\...', 200)
#1 C:\Users\efe20\Desktop\alışveriş\vendor\codeigniter4\framework\system\CodeIgniter.php(832): App\Controllers\Home->checkout()
#2 C:\Users\efe20\Desktop\alışveriş\vendor\codeigniter4\framework\system\CodeIgniter.php(419): CodeIgniter\CodeIgniter->runController(Object(App\Controllers\Home))
#3 C:\Users\efe20\Desktop\alışveriş\vendor\codeigniter4\framework\system\CodeIgniter.php(326): CodeIgniter\CodeIgniter->handleRequest(NULL, Object(Config\Cache), false)
#4 C:\Users\efe20\Desktop\alışveriş\public\index.php(37): CodeIgniter\CodeIgniter->run()
#5 C:\Users\efe20\Desktop\alışveriş\vendor\codeigniter4\framework\system\Commands\Server\rewrite.php(43): require_once('C:\\Users\\efe20\\...')
#6 {main}
CRITICAL - 2022-04-12 14:32:44 --> syntax error, unexpected identifier "array_push", expecting "," or ";"
#0 C:\Users\efe20\Desktop\alışveriş\vendor\codeigniter4\framework\system\Autoloader\Autoloader.php(241): CodeIgniter\Autoloader\Autoloader->includeFile('C:\\Users\\efe20\\...')
#1 C:\Users\efe20\Desktop\alışveriş\vendor\codeigniter4\framework\system\Autoloader\Autoloader.php(219): CodeIgniter\Autoloader\Autoloader->loadInNamespace('App\\Controllers...')
#2 [internal function]: CodeIgniter\Autoloader\Autoloader->loadClass('App\\Controllers...')
#3 C:\Users\efe20\Desktop\alışveriş\vendor\codeigniter4\framework\system\CodeIgniter.php(797): class_exists('\\App\\Controller...', true)
#4 C:\Users\efe20\Desktop\alışveriş\vendor\codeigniter4\framework\system\CodeIgniter.php(406): CodeIgniter\CodeIgniter->startController()
#5 C:\Users\efe20\Desktop\alışveriş\vendor\codeigniter4\framework\system\CodeIgniter.php(326): CodeIgniter\CodeIgniter->handleRequest(NULL, Object(Config\Cache), false)
#6 C:\Users\efe20\Desktop\alışveriş\public\index.php(37): CodeIgniter\CodeIgniter->run()
#7 C:\Users\efe20\Desktop\alışveriş\vendor\codeigniter4\framework\system\Commands\Server\rewrite.php(43): require_once('C:\\Users\\efe20\\...')
#8 {main}
CRITICAL - 2022-04-12 14:32:54 --> Undefined array key "ID"
#0 C:\Users\efe20\Desktop\alışveriş\app\Controllers\Home.php(201): CodeIgniter\Debug\Exceptions->errorHandler(2, 'Undefined array...', 'C:\\Users\\efe20\\...', 201)
#1 C:\Users\efe20\Desktop\alışveriş\vendor\codeigniter4\framework\system\CodeIgniter.php(832): App\Controllers\Home->checkout()
#2 C:\Users\efe20\Desktop\alışveriş\vendor\codeigniter4\framework\system\CodeIgniter.php(419): CodeIgniter\CodeIgniter->runController(Object(App\Controllers\Home))
#3 C:\Users\efe20\Desktop\alışveriş\vendor\codeigniter4\framework\system\CodeIgniter.php(326): CodeIgniter\CodeIgniter->handleRequest(NULL, Object(Config\Cache), false)
#4 C:\Users\efe20\Desktop\alışveriş\public\index.php(37): CodeIgniter\CodeIgniter->run()
#5 C:\Users\efe20\Desktop\alışveriş\vendor\codeigniter4\framework\system\Commands\Server\rewrite.php(43): require_once('C:\\Users\\efe20\\...')
#6 {main}
CRITICAL - 2022-04-12 14:33:37 --> Undefined array key "quantity"
#0 C:\Users\efe20\Desktop\alışveriş\app\Controllers\Home.php(211): CodeIgniter\Debug\Exceptions->errorHandler(2, 'Undefined array...', 'C:\\Users\\efe20\\...', 211)
#1 C:\Users\efe20\Desktop\alışveriş\vendor\codeigniter4\framework\system\CodeIgniter.php(832): App\Controllers\Home->checkout()
#2 C:\Users\efe20\Desktop\alışveriş\vendor\codeigniter4\framework\system\CodeIgniter.php(419): CodeIgniter\CodeIgniter->runController(Object(App\Controllers\Home))
#3 C:\Users\efe20\Desktop\alışveriş\vendor\codeigniter4\framework\system\CodeIgniter.php(326): CodeIgniter\CodeIgniter->handleRequest(NULL, Object(Config\Cache), false)
#4 C:\Users\efe20\Desktop\alışveriş\public\index.php(37): CodeIgniter\CodeIgniter->run()
#5 C:\Users\efe20\Desktop\alışveriş\vendor\codeigniter4\framework\system\Commands\Server\rewrite.php(43): require_once('C:\\Users\\efe20\\...')
#6 {main}
CRITICAL - 2022-04-12 14:33:38 --> Undefined array key "quantity"
#0 C:\Users\efe20\Desktop\alışveriş\app\Controllers\Home.php(211): CodeIgniter\Debug\Exceptions->errorHandler(2, 'Undefined array...', 'C:\\Users\\efe20\\...', 211)
#1 C:\Users\efe20\Desktop\alışveriş\vendor\codeigniter4\framework\system\CodeIgniter.php(832): App\Controllers\Home->checkout()
#2 C:\Users\efe20\Desktop\alışveriş\vendor\codeigniter4\framework\system\CodeIgniter.php(419): CodeIgniter\CodeIgniter->runController(Object(App\Controllers\Home))
#3 C:\Users\efe20\Desktop\alışveriş\vendor\codeigniter4\framework\system\CodeIgniter.php(326): CodeIgniter\CodeIgniter->handleRequest(NULL, Object(Config\Cache), false)
#4 C:\Users\efe20\Desktop\alışveriş\public\index.php(37): CodeIgniter\CodeIgniter->run()
#5 C:\Users\efe20\Desktop\alışveriş\vendor\codeigniter4\framework\system\Commands\Server\rewrite.php(43): require_once('C:\\Users\\efe20\\...')
#6 {main}
CRITICAL - 2022-04-12 14:47:42 --> There is no data to update.
#0 C:\Users\efe20\Desktop\alışveriş\vendor\codeigniter4\framework\system\BaseModel.php(1574): CodeIgniter\Database\Exceptions\DataException::forEmptyDataset('update')
#1 C:\Users\efe20\Desktop\alışveriş\vendor\codeigniter4\framework\system\BaseModel.php(832): CodeIgniter\BaseModel->transformDataToArray(NULL, 'update')
#2 C:\Users\efe20\Desktop\alışveriş\vendor\codeigniter4\framework\system\Model.php(651): CodeIgniter\BaseModel->update(Array, NULL)
#3 C:\Users\efe20\Desktop\alışveriş\app\Controllers\cart.php(24): CodeIgniter\Model->update(Array)
#4 C:\Users\efe20\Desktop\alışveriş\vendor\codeigniter4\framework\system\CodeIgniter.php(832): App\Controllers\cart->quantity('1', '2')
#5 C:\Users\efe20\Desktop\alışveriş\vendor\codeigniter4\framework\system\CodeIgniter.php(419): CodeIgniter\CodeIgniter->runController(Object(App\Controllers\cart))
#6 C:\Users\efe20\Desktop\alışveriş\vendor\codeigniter4\framework\system\CodeIgniter.php(326): CodeIgniter\CodeIgniter->handleRequest(NULL, Object(Config\Cache), false)
#7 C:\Users\efe20\Desktop\alışveriş\public\index.php(37): CodeIgniter\CodeIgniter->run()
#8 C:\Users\efe20\Desktop\alışveriş\vendor\codeigniter4\framework\system\Commands\Server\rewrite.php(43): require_once('C:\\Users\\efe20\\...')
#9 {main}
CRITICAL - 2022-04-12 14:49:30 --> There is no data to update.
#0 C:\Users\efe20\Desktop\alışveriş\vendor\codeigniter4\framework\system\BaseModel.php(1574): CodeIgniter\Database\Exceptions\DataException::forEmptyDataset('update')
#1 C:\Users\efe20\Desktop\alışveriş\vendor\codeigniter4\framework\system\BaseModel.php(832): CodeIgniter\BaseModel->transformDataToArray(NULL, 'update')
#2 C:\Users\efe20\Desktop\alışveriş\vendor\codeigniter4\framework\system\Model.php(651): CodeIgniter\BaseModel->update(Array, NULL)
#3 C:\Users\efe20\Desktop\alışveriş\app\Controllers\cart.php(24): CodeIgniter\Model->update(Array)
#4 C:\Users\efe20\Desktop\alışveriş\vendor\codeigniter4\framework\system\CodeIgniter.php(832): App\Controllers\cart->quantity('1', '2')
#5 C:\Users\efe20\Desktop\alışveriş\vendor\codeigniter4\framework\system\CodeIgniter.php(419): CodeIgniter\CodeIgniter->runController(Object(App\Controllers\cart))
#6 C:\Users\efe20\Desktop\alışveriş\vendor\codeigniter4\framework\system\CodeIgniter.php(326): CodeIgniter\CodeIgniter->handleRequest(NULL, Object(Config\Cache), false)
#7 C:\Users\efe20\Desktop\alışveriş\public\index.php(37): CodeIgniter\CodeIgniter->run()
#8 C:\Users\efe20\Desktop\alışveriş\vendor\codeigniter4\framework\system\Commands\Server\rewrite.php(43): require_once('C:\\Users\\efe20\\...')
#9 {main}
CRITICAL - 2022-04-12 14:49:31 --> There is no data to update.
#0 C:\Users\efe20\Desktop\alışveriş\vendor\codeigniter4\framework\system\BaseModel.php(1574): CodeIgniter\Database\Exceptions\DataException::forEmptyDataset('update')
#1 C:\Users\efe20\Desktop\alışveriş\vendor\codeigniter4\framework\system\BaseModel.php(832): CodeIgniter\BaseModel->transformDataToArray(NULL, 'update')
#2 C:\Users\efe20\Desktop\alışveriş\vendor\codeigniter4\framework\system\Model.php(651): CodeIgniter\BaseModel->update(Array, NULL)
#3 C:\Users\efe20\Desktop\alışveriş\app\Controllers\cart.php(24): CodeIgniter\Model->update(Array)
#4 C:\Users\efe20\Desktop\alışveriş\vendor\codeigniter4\framework\system\CodeIgniter.php(832): App\Controllers\cart->quantity('1', '2')
#5 C:\Users\efe20\Desktop\alışveriş\vendor\codeigniter4\framework\system\CodeIgniter.php(419): CodeIgniter\CodeIgniter->runController(Object(App\Controllers\cart))
#6 C:\Users\efe20\Desktop\alışveriş\vendor\codeigniter4\framework\system\CodeIgniter.php(326): CodeIgniter\CodeIgniter->handleRequest(NULL, Object(Config\Cache), false)
#7 C:\Users\efe20\Desktop\alışveriş\public\index.php(37): CodeIgniter\CodeIgniter->run()
#8 C:\Users\efe20\Desktop\alışveriş\vendor\codeigniter4\framework\system\Commands\Server\rewrite.php(43): require_once('C:\\Users\\efe20\\...')
#9 {main}
